16:01:23    16 -->                                                             [tcl] ucliGUI::connect -toolargs -ucligui -toolexe ./simv -pid 17694 -toolin /tmp/vcs_20220418200120_17693_aeega..stdin -toolout /tmp/vcs_20220418200120_17693_aeega..stdout  
16:01:23    17 -->                                                                 [tcl] set ucliGUI::state
16:01:23    18 -->                                                                     [tcl] gui_update_simulator_buttons
16:01:24    19 -->                                                                         [tcl] set ucliGUI::state
16:01:24    20 -->                                                                             [tcl] ucliCore::getToolPID
16:01:24    21 -->                                                                                 [tcl] synopsys::env hasTB
16:01:24    22 -->                                                                                     [tcl] trigger_hier_stack_context_switch 0
16:01:24    23 -->                                                                                         [tcl] synUtils::setDVEInitPhase 1
16:01:24    24 -->                                                                                             [tcl] gui_get_env SIMSETUP::SIMVPD
16:01:24    25 --> ...  [tcl] synopsys::dump -type VPD -file /afs/andrew.cmu.edu/usr13/aeega/private/18743/743_final_proj/SIM/combShifter/inter.vpd -locking
16:01:24    26 --> ...      [tcl] synopsys::dump -autoflush on -fid VPD0
16:01:24    27 --> ...          [tcl] set ::dve_fid VPD0
16:01:24    28 --> ...              [tcl] synUtils::setDVEInitPhase 0
16:01:24    29 --> ...                  [tcl] ucliCore::getToolPID
16:01:24    30 --> ...                      [tcl] synUtils::sendTool -active _icl_setToolSocket /tmp/smlnpc1dA25
16:01:24    31 --> ...                          [tcl] synUtils::sendTool -active {_icl_start_rpc -version "K-2015.09_Full64" -sync_file /tmp/vcs_dve_rpc.aeega.17694}
16:01:24    32 --> ...                              [tcl] synUtils::sendTool -active {_icl_createSharedMemory /tmp/vcs_dve_general.aeega.17694}
16:01:24    33 --> ...                                  [tcl] dveMisc::vbusExpand combShifter_tb
16:01:24    34 --> ...                                      [tcl] config endofsim noexit
16:01:24    35 --> ...                                          [tcl] config onfail enable all
16:01:24    36 --> ...                                              [tcl] config syscaddplainmembers
16:01:24    37 --> ...                                                  [tcl] config syscaddsourcenames
16:01:24    38 --> ...                                                      [tcl] config syscaddstructtypes
16:01:24    39 --> ...                                                          [tcl] synopsys::listing -disable
16:01:28    40 --> ...                                                              [tcl] synopsys::dump -add {combShifter_tb} -scope "." -depth 1 -fid VPD0
16:01:30    41 --> ...                                                                  [tcl] synopsys::run
16:01:30    42 --> ...                                                                      [tcl] set ucliGUI::state
16:01:30    43 --> ...                                                                          [tcl] set ucliGUI::state
16:01:30    44 --> ...                                                                              [tcl] set ucliGUI::state
16:01:30    45 --> ...                                                                                  [tcl] set ucliGUI::state
16:01:30    46 --> ...                                                                                      [tcl] catch {senv activeDomain} dveMisc::result 
16:01:30    47 --> ...                                                                                          [tcl] set dveMisc::result
16:01:30    48 --> ...                                                                                              [tcl] gui_update_simulator_buttons
16:01:37    49 --> ...                                                                                                  [tcl] if [catch {gui_sim_terminate}] {gui_sim_terminate -kill}
16:01:37    50 --> ...  [tcl] synopsys::finish
16:01:37    51 --> ...      [tcl] set ucliGUI::state
16:01:37    52 --> ...          [tcl] set ucliGUI::state
16:01:37    53 --> ...              [tcl] catch {senv activeDomain} dveMisc::result 
16:01:37    54 --> ...                  [tcl] set dveMisc::result
16:01:37    55 --> ...                      [tcl] gui_update_simulator_buttons
16:01:37    56 --> ...                          [tcl] catch {senv activeDomain} dveMisc::result 
16:01:37    57 --> ...                              [tcl] set dveMisc::result
16:01:37    58 --> ...                                  [tcl] ucli_exit
