 
****************************************
Report : area
Design : barrelShifter
Version: P-2019.03
Date   : Mon Apr 25 17:06:44 2022
****************************************

Library(s) Used:

    NangateOpenCellLibrary (File: /afs/andrew.cmu.edu/course/18/743/backend/45nm_Nangate/pdk_v1.3_v2010_12/NangateOpenCellLibrary_PDKv1_3_v2010_12/Front_End/Liberty/NLDM/NangateOpenCellLibrary_typical.db)

Number of ports:                           31
Number of nets:                            53
Number of cells:                           29
Number of combinational cells:             25
Number of sequential cells:                 0
Number of macros/black boxes:               0
Number of buf/inv:                          8
Number of references:                       9

Combinational area:                 28.196000
Buf/Inv area:                        4.522000
Noncombinational area:               0.000000
Macro/Black Box area:                0.000000
Net Interconnect area:      undefined  (Wire load has zero net area)

Total cell area:                    28.196000
Total area:                 undefined

Hierarchical area distribution
------------------------------

                                  Global cell area          Local cell area
                                  ------------------  --------------------------- 
Hierarchical cell                 Absolute   Percent  Combi-    Noncombi-  Black-
                                  Total      Total    national  national   boxes   Design
--------------------------------  ---------  -------  --------  ---------  ------  ----------------------
barrelShifter                       28.1960    100.0   16.2260     0.0000  0.0000  barrelShifter
OneHot_2_binary                      6.3840     22.6    6.3840     0.0000  0.0000  encoder_MAX_SHIFT_MAG2
genblk1_layer_1_0__m1_layer          1.8620      6.6    1.8620     0.0000  0.0000  MUX2_2
genblk1_layer_1_1__m1_layer          1.8620      6.6    1.8620     0.0000  0.0000  MUX2_1
genblk1_layer_1_2__m1_layer          1.8620      6.6    1.8620     0.0000  0.0000  MUX2_0
--------------------------------  ---------  -------  --------  ---------  ------  ----------------------
Total                                                  28.1960     0.0000  0.0000

1
