 
****************************************
Report : area
Design : barrelShifter
Version: P-2019.03
Date   : Mon Apr 25 17:06:26 2022
****************************************

Library(s) Used:

    NangateOpenCellLibrary (File: /afs/andrew.cmu.edu/course/18/743/backend/45nm_Nangate/pdk_v1.3_v2010_12/NangateOpenCellLibrary_PDKv1_3_v2010_12/Front_End/Liberty/NLDM/NangateOpenCellLibrary_typical.db)

Number of ports:                           26
Number of nets:                            36
Number of cells:                           17
Number of combinational cells:             13
Number of sequential cells:                 0
Number of macros/black boxes:               0
Number of buf/inv:                          2
Number of references:                       6

Combinational area:                 19.950000
Buf/Inv area:                        1.330000
Noncombinational area:               0.000000
Macro/Black Box area:                0.000000
Net Interconnect area:      undefined  (Wire load has zero net area)

Total cell area:                    19.950000
Total area:                 undefined

Hierarchical area distribution
------------------------------

                                  Global cell area          Local cell area
                                  ------------------  --------------------------- 
Hierarchical cell                 Absolute   Percent  Combi-    Noncombi-  Black-
                                  Total      Total    national  national   boxes   Design
--------------------------------  ---------  -------  --------  ---------  ------  ----------------------
barrelShifter                       19.9500    100.0   11.9700     0.0000  0.0000  barrelShifter
OneHot_2_binary                      2.3940     12.0    2.3940     0.0000  0.0000  encoder_MAX_SHIFT_MAG1
genblk1_layer_1_0__m1_layer          1.8620      9.3    1.8620     0.0000  0.0000  MUX2_2
genblk1_layer_1_1__m1_layer          1.8620      9.3    1.8620     0.0000  0.0000  MUX2_1
genblk1_layer_1_2__m1_layer          1.8620      9.3    1.8620     0.0000  0.0000  MUX2_0
--------------------------------  ---------  -------  --------  ---------  ------  ----------------------
Total                                                  19.9500     0.0000  0.0000

1
