 
****************************************
Report : area
Design : barrelShifter
Version: P-2019.03
Date   : Tue Apr 26 23:28:11 2022
****************************************

Library(s) Used:

    NangateOpenCellLibrary (File: /afs/andrew.cmu.edu/course/18/743/backend/45nm_Nangate/pdk_v1.3_v2010_12/NangateOpenCellLibrary_PDKv1_3_v2010_12/Front_End/Liberty/NLDM/NangateOpenCellLibrary_typical.db)

Number of ports:                          264
Number of nets:                           898
Number of cells:                          699
Number of combinational cells:            666
Number of sequential cells:                 0
Number of macros/black boxes:               0
Number of buf/inv:                        156
Number of references:                      59

Combinational area:                794.276003
Buf/Inv area:                       84.854001
Noncombinational area:               0.000000
Macro/Black Box area:                0.000000
Net Interconnect area:      undefined  (Wire load has zero net area)

Total cell area:                   794.276003
Total area:                 undefined

Hierarchical area distribution
------------------------------

                                  Global cell area          Local cell area
                                  ------------------  --------------------------- 
Hierarchical cell                 Absolute   Percent  Combi-    Noncombi-  Black-
                                  Total      Total    national  national   boxes   Design
--------------------------------  ---------  -------  --------  ---------  ------  -----------------------
barrelShifter                      794.2760    100.0  665.7980     0.0000  0.0000  barrelShifter
genblk1_OneHot_2_binary             68.8940      8.7   68.8940     0.0000  0.0000  encoder_MAX_SHIFT_MAG16
genblk2_layer_1_0__m1_layer          1.8620      0.2    1.8620     0.0000  0.0000  MUX2_31
genblk2_layer_1_10__m1_layer         1.8620      0.2    1.8620     0.0000  0.0000  MUX2_21
genblk2_layer_1_11__m1_layer         1.8620      0.2    1.8620     0.0000  0.0000  MUX2_20
genblk2_layer_1_12__m1_layer         1.8620      0.2    1.8620     0.0000  0.0000  MUX2_19
genblk2_layer_1_13__m1_layer         1.8620      0.2    1.8620     0.0000  0.0000  MUX2_18
genblk2_layer_1_14__m1_layer         1.8620      0.2    1.8620     0.0000  0.0000  MUX2_17
genblk2_layer_1_15__m1_layer         1.8620      0.2    1.8620     0.0000  0.0000  MUX2_16
genblk2_layer_1_16__m1_layer         1.8620      0.2    1.8620     0.0000  0.0000  MUX2_15
genblk2_layer_1_17__m1_layer         1.8620      0.2    1.8620     0.0000  0.0000  MUX2_14
genblk2_layer_1_18__m1_layer         1.8620      0.2    1.8620     0.0000  0.0000  MUX2_13
genblk2_layer_1_19__m1_layer         1.8620      0.2    1.8620     0.0000  0.0000  MUX2_12
genblk2_layer_1_1__m1_layer          1.8620      0.2    1.8620     0.0000  0.0000  MUX2_30
genblk2_layer_1_20__m1_layer         1.8620      0.2    1.8620     0.0000  0.0000  MUX2_11
genblk2_layer_1_21__m1_layer         1.8620      0.2    1.8620     0.0000  0.0000  MUX2_10
genblk2_layer_1_22__m1_layer         1.8620      0.2    1.8620     0.0000  0.0000  MUX2_9
genblk2_layer_1_23__m1_layer         1.8620      0.2    1.8620     0.0000  0.0000  MUX2_8
genblk2_layer_1_24__m1_layer         1.8620      0.2    1.8620     0.0000  0.0000  MUX2_7
genblk2_layer_1_25__m1_layer         1.8620      0.2    1.8620     0.0000  0.0000  MUX2_6
genblk2_layer_1_26__m1_layer         1.8620      0.2    1.8620     0.0000  0.0000  MUX2_5
genblk2_layer_1_27__m1_layer         1.8620      0.2    1.8620     0.0000  0.0000  MUX2_4
genblk2_layer_1_28__m1_layer         1.8620      0.2    1.8620     0.0000  0.0000  MUX2_3
genblk2_layer_1_29__m1_layer         1.8620      0.2    1.8620     0.0000  0.0000  MUX2_2
genblk2_layer_1_2__m1_layer          1.8620      0.2    1.8620     0.0000  0.0000  MUX2_29
genblk2_layer_1_30__m1_layer         1.8620      0.2    1.8620     0.0000  0.0000  MUX2_1
genblk2_layer_1_31__m1_layer         1.8620      0.2    1.8620     0.0000  0.0000  MUX2_0
genblk2_layer_1_3__m1_layer          1.8620      0.2    1.8620     0.0000  0.0000  MUX2_28
genblk2_layer_1_4__m1_layer          1.8620      0.2    1.8620     0.0000  0.0000  MUX2_27
genblk2_layer_1_5__m1_layer          1.8620      0.2    1.8620     0.0000  0.0000  MUX2_26
genblk2_layer_1_6__m1_layer          1.8620      0.2    1.8620     0.0000  0.0000  MUX2_25
genblk2_layer_1_7__m1_layer          1.8620      0.2    1.8620     0.0000  0.0000  MUX2_24
genblk2_layer_1_8__m1_layer          1.8620      0.2    1.8620     0.0000  0.0000  MUX2_23
genblk2_layer_1_9__m1_layer          1.8620      0.2    1.8620     0.0000  0.0000  MUX2_22
--------------------------------  ---------  -------  --------  ---------  ------  -----------------------
Total                                                 794.2760     0.0000  0.0000

1
