 
****************************************
Report : area
Design : barrelShifter
Version: P-2019.03
Date   : Mon Apr 25 17:07:39 2022
****************************************

Library(s) Used:

    NangateOpenCellLibrary (File: /afs/andrew.cmu.edu/course/18/743/backend/45nm_Nangate/pdk_v1.3_v2010_12/NangateOpenCellLibrary_PDKv1_3_v2010_12/Front_End/Liberty/NLDM/NangateOpenCellLibrary_typical.db)

Number of ports:                           42
Number of nets:                            77
Number of cells:                           45
Number of combinational cells:             39
Number of sequential cells:                 0
Number of macros/black boxes:               0
Number of buf/inv:                         14
Number of references:                      13

Combinational area:                 40.698000
Buf/Inv area:                        7.448000
Noncombinational area:               0.000000
Macro/Black Box area:                0.000000
Net Interconnect area:      undefined  (Wire load has zero net area)

Total cell area:                    40.698000
Total area:                 undefined

Hierarchical area distribution
------------------------------

                                  Global cell area          Local cell area
                                  ------------------  --------------------------- 
Hierarchical cell                 Absolute   Percent  Combi-    Noncombi-  Black-
                                  Total      Total    national  national   boxes   Design
--------------------------------  ---------  -------  --------  ---------  ------  ----------------------
barrelShifter                       40.6980    100.0   22.3440     0.0000  0.0000  barrelShifter
OneHot_2_binary                     10.9060     26.8   10.9060     0.0000  0.0000  encoder_MAX_SHIFT_MAG3
genblk1_layer_1_0__m1_layer          1.8620      4.6    1.8620     0.0000  0.0000  MUX2_3
genblk1_layer_1_1__m1_layer          1.8620      4.6    1.8620     0.0000  0.0000  MUX2_2
genblk1_layer_1_2__m1_layer          1.8620      4.6    1.8620     0.0000  0.0000  MUX2_1
genblk1_layer_1_3__m1_layer          1.8620      4.6    1.8620     0.0000  0.0000  MUX2_0
--------------------------------  ---------  -------  --------  ---------  ------  ----------------------
Total                                                  40.6980     0.0000  0.0000

1
