16:02:00    16 -->                                                             [tcl] ucliGUI::connect -toolargs -ucligui -toolexe ./simv -pid 26504 -toolin /tmp/vcs_20220418200158_26500_aeega..stdin -toolout /tmp/vcs_20220418200158_26500_aeega..stdout  
16:02:00    17 -->                                                                 [tcl] set ucliGUI::state
16:02:00    18 -->                                                                     [tcl] gui_update_simulator_buttons
16:02:01    19 -->                                                                         [tcl] set ucliGUI::state
16:02:01    20 -->                                                                             [tcl] ucliCore::getToolPID
16:02:01    21 -->                                                                                 [tcl] synopsys::env hasTB
16:02:01    22 -->                                                                                     [tcl] trigger_hier_stack_context_switch 0
16:02:01    23 -->                                                                                         [tcl] synUtils::setDVEInitPhase 1
16:02:01    24 -->                                                                                             [tcl] gui_get_env SIMSETUP::SIMVPD
16:02:01    25 --> ...  [tcl] synopsys::dump -type VPD -file /afs/andrew.cmu.edu/usr13/aeega/private/18743/743_final_proj/SIM/tranShifter/inter.vpd -locking
16:02:01    26 --> ...      [tcl] synopsys::dump -autoflush on -fid VPD0
16:02:01    27 --> ...          [tcl] set ::dve_fid VPD0
16:02:01    28 --> ...              [tcl] synUtils::setDVEInitPhase 0
16:02:01    29 --> ...                  [tcl] ucliCore::getToolPID
16:02:01    30 --> ...                      [tcl] synUtils::sendTool -active _icl_setToolSocket /tmp/smlnpoiDGip
16:02:01    31 --> ...                          [tcl] synUtils::sendTool -active {_icl_start_rpc -version "K-2015.09_Full64" -sync_file /tmp/vcs_dve_rpc.aeega.26504}
16:02:01    32 --> ...                              [tcl] synUtils::sendTool -active {_icl_createSharedMemory /tmp/vcs_dve_general.aeega.26504}
16:02:01    33 --> ...                                  [tcl] dveMisc::vbusExpand tranShifter_tb
16:02:02    34 --> ...                                      [tcl] config endofsim noexit
16:02:02    35 --> ...                                          [tcl] config onfail enable all
16:02:02    36 --> ...                                              [tcl] config syscaddplainmembers
16:02:02    37 --> ...                                                  [tcl] config syscaddsourcenames
16:02:02    38 --> ...                                                      [tcl] config syscaddstructtypes
16:02:02    39 --> ...                                                          [tcl] synopsys::listing -disable
16:02:05    40 --> ...                                                              [tcl] synopsys::dump -add {tranShifter_tb} -scope "." -depth 1 -fid VPD0
16:02:06    41 --> ...                                                                  [tcl] synopsys::run
16:02:06    42 --> ...                                                                      [tcl] set ucliGUI::state
16:02:06    43 --> ...                                                                          [tcl] set ucliGUI::state
16:02:06    44 --> ...                                                                              [tcl] set ucliGUI::state
16:02:06    45 --> ...                                                                                  [tcl] set ucliGUI::state
16:02:06    46 --> ...                                                                                      [tcl] catch {senv activeDomain} dveMisc::result 
16:02:06    47 --> ...                                                                                          [tcl] set dveMisc::result
16:02:06    48 --> ...                                                                                              [tcl] gui_update_simulator_buttons
16:02:13    49 --> ...                                                                                                  [tcl] if [catch {gui_sim_terminate}] {gui_sim_terminate -kill}
16:02:13    50 --> ...  [tcl] synopsys::finish
16:02:13    51 --> ...      [tcl] set ucliGUI::state
16:02:13    52 --> ...          [tcl] set ucliGUI::state
16:02:13    53 --> ...              [tcl] catch {senv activeDomain} dveMisc::result 
16:02:13    54 --> ...                  [tcl] set dveMisc::result
16:02:13    55 --> ...                      [tcl] gui_update_simulator_buttons
16:02:13    56 --> ...                          [tcl] catch {senv activeDomain} dveMisc::result 
16:02:13    57 --> ...                              [tcl] set dveMisc::result
16:02:13    58 --> ...                                  [tcl] ucli_exit
