 
****************************************
Report : area
Design : barrelShifter
Version: P-2019.03
Date   : Mon Apr 25 18:11:09 2022
****************************************

Library(s) Used:

    NangateOpenCellLibrary (File: /afs/andrew.cmu.edu/course/18/743/backend/45nm_Nangate/pdk_v1.3_v2010_12/NangateOpenCellLibrary_PDKv1_3_v2010_12/Front_End/Liberty/NLDM/NangateOpenCellLibrary_typical.db)

Number of ports:                           20
Number of nets:                            24
Number of cells:                           10
Number of combinational cells:              7
Number of sequential cells:                 0
Number of macros/black boxes:               0
Number of buf/inv:                          2
Number of references:                       5

Combinational area:                  9.842000
Buf/Inv area:                        1.596000
Noncombinational area:               0.000000
Macro/Black Box area:                0.000000
Net Interconnect area:      undefined  (Wire load has zero net area)

Total cell area:                     9.842000
Total area:                 undefined

Hierarchical area distribution
------------------------------

                                  Global cell area          Local cell area
                                  ------------------  --------------------------- 
Hierarchical cell                 Absolute   Percent  Combi-    Noncombi-  Black-
                                  Total      Total    national  national   boxes   Design
--------------------------------  ---------  -------  --------  ---------  ------  ----------------------------------------
barrelShifter                        9.8420    100.0    4.5220     0.0000  0.0000  barrelShifter
OneHot_2_binary                      1.5960     16.2    1.5960     0.0000  0.0000  encoder_MAX_SHIFT_MAG1_SHIFT_AS_ONE_HOT0
genblk1_layer_1_0__m1_layer          1.8620     18.9    1.8620     0.0000  0.0000  MUX2_1
genblk1_layer_1_1__m1_layer          1.8620     18.9    1.8620     0.0000  0.0000  MUX2_0
--------------------------------  ---------  -------  --------  ---------  ------  ----------------------------------------
Total                                                   9.8420     0.0000  0.0000

1
