 
****************************************
Report : timing
        -path full
        -delay max
        -nworst 100
        -max_paths 100
Design : barrelShifter
Version: P-2019.03
Date   : Mon Apr 25 18:11:09 2022
****************************************

Operating Conditions: typical   Library: NangateOpenCellLibrary
Wire Load Model Mode: top

  Startpoint: shift_mag[2]
              (input port)
  Endpoint: Op[1] (output port)
  Path Group: (none)
  Path Type: max

  Des/Clust/Port     Wire Load Model       Library
  ------------------------------------------------
  barrelShifter      5K_hvratio_1_1        NangateOpenCellLibrary

  Point                                                   Incr       Path
  --------------------------------------------------------------------------
  input external delay                                    0.00       0.00 r
  shift_mag[2] (in)                                       0.00       0.00 r
  OneHot_2_binary/one_hot_shift[2] (encoder_MAX_SHIFT_MAG1_SHIFT_AS_ONE_HOT0)
                                                          0.00       0.00 r
  OneHot_2_binary/U1/Z (BUF_X1)                           0.04       0.04 r
  OneHot_2_binary/binary_shift[0] (encoder_MAX_SHIFT_MAG1_SHIFT_AS_ONE_HOT0)
                                                          0.00       0.04 r
  U9/Z (MUX2_X1)                                          0.08       0.11 f
  genblk1_layer_1_1__m1_layer/B (MUX2_0)                  0.00       0.11 f
  genblk1_layer_1_1__m1_layer/U1/Z (MUX2_X1)              0.06       0.18 f
  genblk1_layer_1_1__m1_layer/Y (MUX2_0)                  0.00       0.18 f
  Op[1] (out)                                             0.00       0.18 f
  data arrival time                                                  0.18
  --------------------------------------------------------------------------
  (Path is unconstrained)


  Startpoint: shift_mag[2]
              (input port)
  Endpoint: Op[1] (output port)
  Path Group: (none)
  Path Type: max

  Des/Clust/Port     Wire Load Model       Library
  ------------------------------------------------
  barrelShifter      5K_hvratio_1_1        NangateOpenCellLibrary

  Point                                                   Incr       Path
  --------------------------------------------------------------------------
  input external delay                                    0.00       0.00 r
  shift_mag[2] (in)                                       0.00       0.00 r
  OneHot_2_binary/one_hot_shift[2] (encoder_MAX_SHIFT_MAG1_SHIFT_AS_ONE_HOT0)
                                                          0.00       0.00 r
  OneHot_2_binary/U1/Z (BUF_X1)                           0.04       0.04 r
  OneHot_2_binary/binary_shift[0] (encoder_MAX_SHIFT_MAG1_SHIFT_AS_ONE_HOT0)
                                                          0.00       0.04 r
  U9/Z (MUX2_X1)                                          0.08       0.11 f
  genblk1_layer_1_1__m1_layer/B (MUX2_0)                  0.00       0.11 f
  genblk1_layer_1_1__m1_layer/U1/Z (MUX2_X1)              0.06       0.18 f
  genblk1_layer_1_1__m1_layer/Y (MUX2_0)                  0.00       0.18 f
  Op[1] (out)                                             0.00       0.18 f
  data arrival time                                                  0.18
  --------------------------------------------------------------------------
  (Path is unconstrained)


  Startpoint: shift_mag[2]
              (input port)
  Endpoint: Op[0] (output port)
  Path Group: (none)
  Path Type: max

  Des/Clust/Port     Wire Load Model       Library
  ------------------------------------------------
  barrelShifter      5K_hvratio_1_1        NangateOpenCellLibrary

  Point                                                   Incr       Path
  --------------------------------------------------------------------------
  input external delay                                    0.00       0.00 r
  shift_mag[2] (in)                                       0.00       0.00 r
  OneHot_2_binary/one_hot_shift[2] (encoder_MAX_SHIFT_MAG1_SHIFT_AS_ONE_HOT0)
                                                          0.00       0.00 r
  OneHot_2_binary/U1/Z (BUF_X1)                           0.04       0.04 r
  OneHot_2_binary/binary_shift[0] (encoder_MAX_SHIFT_MAG1_SHIFT_AS_ONE_HOT0)
                                                          0.00       0.04 r
  U10/Z (MUX2_X1)                                         0.08       0.11 f
  genblk1_layer_1_0__m1_layer/A (MUX2_1)                  0.00       0.11 f
  genblk1_layer_1_0__m1_layer/U1/Z (MUX2_X1)              0.06       0.18 f
  genblk1_layer_1_0__m1_layer/Y (MUX2_1)                  0.00       0.18 f
  Op[0] (out)                                             0.00       0.18 f
  data arrival time                                                  0.18
  --------------------------------------------------------------------------
  (Path is unconstrained)


  Startpoint: shift_mag[2]
              (input port)
  Endpoint: Op[0] (output port)
  Path Group: (none)
  Path Type: max

  Des/Clust/Port     Wire Load Model       Library
  ------------------------------------------------
  barrelShifter      5K_hvratio_1_1        NangateOpenCellLibrary

  Point                                                   Incr       Path
  --------------------------------------------------------------------------
  input external delay                                    0.00       0.00 r
  shift_mag[2] (in)                                       0.00       0.00 r
  OneHot_2_binary/one_hot_shift[2] (encoder_MAX_SHIFT_MAG1_SHIFT_AS_ONE_HOT0)
                                                          0.00       0.00 r
  OneHot_2_binary/U1/Z (BUF_X1)                           0.04       0.04 r
  OneHot_2_binary/binary_shift[0] (encoder_MAX_SHIFT_MAG1_SHIFT_AS_ONE_HOT0)
                                                          0.00       0.04 r
  U10/Z (MUX2_X1)                                         0.08       0.11 f
  genblk1_layer_1_0__m1_layer/A (MUX2_1)                  0.00       0.11 f
  genblk1_layer_1_0__m1_layer/U1/Z (MUX2_X1)              0.06       0.18 f
  genblk1_layer_1_0__m1_layer/Y (MUX2_1)                  0.00       0.18 f
  Op[0] (out)                                             0.00       0.18 f
  data arrival time                                                  0.18
  --------------------------------------------------------------------------
  (Path is unconstrained)


  Startpoint: shift_mag[2]
              (input port)
  Endpoint: Op[0] (output port)
  Path Group: (none)
  Path Type: max

  Des/Clust/Port     Wire Load Model       Library
  ------------------------------------------------
  barrelShifter      5K_hvratio_1_1        NangateOpenCellLibrary

  Point                                                   Incr       Path
  --------------------------------------------------------------------------
  input external delay                                    0.00       0.00 f
  shift_mag[2] (in)                                       0.00       0.00 f
  OneHot_2_binary/one_hot_shift[2] (encoder_MAX_SHIFT_MAG1_SHIFT_AS_ONE_HOT0)
                                                          0.00       0.00 f
  OneHot_2_binary/U1/Z (BUF_X1)                           0.04       0.04 f
  OneHot_2_binary/binary_shift[0] (encoder_MAX_SHIFT_MAG1_SHIFT_AS_ONE_HOT0)
                                                          0.00       0.04 f
  U8/ZN (NOR2_X1)                                         0.06       0.10 r
  genblk1_layer_1_0__m1_layer/sel (MUX2_1)                0.00       0.10 r
  genblk1_layer_1_0__m1_layer/U1/Z (MUX2_X1)              0.07       0.17 f
  genblk1_layer_1_0__m1_layer/Y (MUX2_1)                  0.00       0.17 f
  Op[0] (out)                                             0.00       0.17 f
  data arrival time                                                  0.17
  --------------------------------------------------------------------------
  (Path is unconstrained)


  Startpoint: shift_mag[2]
              (input port)
  Endpoint: Op[1] (output port)
  Path Group: (none)
  Path Type: max

  Des/Clust/Port     Wire Load Model       Library
  ------------------------------------------------
  barrelShifter      5K_hvratio_1_1        NangateOpenCellLibrary

  Point                                                   Incr       Path
  --------------------------------------------------------------------------
  input external delay                                    0.00       0.00 f
  shift_mag[2] (in)                                       0.00       0.00 f
  OneHot_2_binary/one_hot_shift[2] (encoder_MAX_SHIFT_MAG1_SHIFT_AS_ONE_HOT0)
                                                          0.00       0.00 f
  OneHot_2_binary/U1/Z (BUF_X1)                           0.04       0.04 f
  OneHot_2_binary/binary_shift[0] (encoder_MAX_SHIFT_MAG1_SHIFT_AS_ONE_HOT0)
                                                          0.00       0.04 f
  U8/ZN (NOR2_X1)                                         0.06       0.10 r
  genblk1_layer_1_1__m1_layer/sel (MUX2_0)                0.00       0.10 r
  genblk1_layer_1_1__m1_layer/U1/Z (MUX2_X1)              0.07       0.17 f
  genblk1_layer_1_1__m1_layer/Y (MUX2_0)                  0.00       0.17 f
  Op[1] (out)                                             0.00       0.17 f
  data arrival time                                                  0.17
  --------------------------------------------------------------------------
  (Path is unconstrained)


  Startpoint: shift_mag[2]
              (input port)
  Endpoint: Op[1] (output port)
  Path Group: (none)
  Path Type: max

  Des/Clust/Port     Wire Load Model       Library
  ------------------------------------------------
  barrelShifter      5K_hvratio_1_1        NangateOpenCellLibrary

  Point                                                   Incr       Path
  --------------------------------------------------------------------------
  input external delay                                    0.00       0.00 f
  shift_mag[2] (in)                                       0.00       0.00 f
  OneHot_2_binary/one_hot_shift[2] (encoder_MAX_SHIFT_MAG1_SHIFT_AS_ONE_HOT0)
                                                          0.00       0.00 f
  OneHot_2_binary/U1/Z (BUF_X1)                           0.04       0.04 f
  OneHot_2_binary/binary_shift[0] (encoder_MAX_SHIFT_MAG1_SHIFT_AS_ONE_HOT0)
                                                          0.00       0.04 f
  U9/Z (MUX2_X1)                                          0.06       0.10 f
  genblk1_layer_1_1__m1_layer/B (MUX2_0)                  0.00       0.10 f
  genblk1_layer_1_1__m1_layer/U1/Z (MUX2_X1)              0.06       0.16 f
  genblk1_layer_1_1__m1_layer/Y (MUX2_0)                  0.00       0.16 f
  Op[1] (out)                                             0.00       0.16 f
  data arrival time                                                  0.16
  --------------------------------------------------------------------------
  (Path is unconstrained)


  Startpoint: shift_mag[2]
              (input port)
  Endpoint: Op[1] (output port)
  Path Group: (none)
  Path Type: max

  Des/Clust/Port     Wire Load Model       Library
  ------------------------------------------------
  barrelShifter      5K_hvratio_1_1        NangateOpenCellLibrary

  Point                                                   Incr       Path
  --------------------------------------------------------------------------
  input external delay                                    0.00       0.00 f
  shift_mag[2] (in)                                       0.00       0.00 f
  OneHot_2_binary/one_hot_shift[2] (encoder_MAX_SHIFT_MAG1_SHIFT_AS_ONE_HOT0)
                                                          0.00       0.00 f
  OneHot_2_binary/U1/Z (BUF_X1)                           0.04       0.04 f
  OneHot_2_binary/binary_shift[0] (encoder_MAX_SHIFT_MAG1_SHIFT_AS_ONE_HOT0)
                                                          0.00       0.04 f
  U9/Z (MUX2_X1)                                          0.06       0.10 f
  genblk1_layer_1_1__m1_layer/B (MUX2_0)                  0.00       0.10 f
  genblk1_layer_1_1__m1_layer/U1/Z (MUX2_X1)              0.06       0.16 f
  genblk1_layer_1_1__m1_layer/Y (MUX2_0)                  0.00       0.16 f
  Op[1] (out)                                             0.00       0.16 f
  data arrival time                                                  0.16
  --------------------------------------------------------------------------
  (Path is unconstrained)


  Startpoint: shift_mag[2]
              (input port)
  Endpoint: Op[0] (output port)
  Path Group: (none)
  Path Type: max

  Des/Clust/Port     Wire Load Model       Library
  ------------------------------------------------
  barrelShifter      5K_hvratio_1_1        NangateOpenCellLibrary

  Point                                                   Incr       Path
  --------------------------------------------------------------------------
  input external delay                                    0.00       0.00 f
  shift_mag[2] (in)                                       0.00       0.00 f
  OneHot_2_binary/one_hot_shift[2] (encoder_MAX_SHIFT_MAG1_SHIFT_AS_ONE_HOT0)
                                                          0.00       0.00 f
  OneHot_2_binary/U1/Z (BUF_X1)                           0.04       0.04 f
  OneHot_2_binary/binary_shift[0] (encoder_MAX_SHIFT_MAG1_SHIFT_AS_ONE_HOT0)
                                                          0.00       0.04 f
  U10/Z (MUX2_X1)                                         0.06       0.10 f
  genblk1_layer_1_0__m1_layer/A (MUX2_1)                  0.00       0.10 f
  genblk1_layer_1_0__m1_layer/U1/Z (MUX2_X1)              0.06       0.16 f
  genblk1_layer_1_0__m1_layer/Y (MUX2_1)                  0.00       0.16 f
  Op[0] (out)                                             0.00       0.16 f
  data arrival time                                                  0.16
  --------------------------------------------------------------------------
  (Path is unconstrained)


  Startpoint: shift_mag[2]
              (input port)
  Endpoint: Op[0] (output port)
  Path Group: (none)
  Path Type: max

  Des/Clust/Port     Wire Load Model       Library
  ------------------------------------------------
  barrelShifter      5K_hvratio_1_1        NangateOpenCellLibrary

  Point                                                   Incr       Path
  --------------------------------------------------------------------------
  input external delay                                    0.00       0.00 f
  shift_mag[2] (in)                                       0.00       0.00 f
  OneHot_2_binary/one_hot_shift[2] (encoder_MAX_SHIFT_MAG1_SHIFT_AS_ONE_HOT0)
                                                          0.00       0.00 f
  OneHot_2_binary/U1/Z (BUF_X1)                           0.04       0.04 f
  OneHot_2_binary/binary_shift[0] (encoder_MAX_SHIFT_MAG1_SHIFT_AS_ONE_HOT0)
                                                          0.00       0.04 f
  U10/Z (MUX2_X1)                                         0.06       0.10 f
  genblk1_layer_1_0__m1_layer/A (MUX2_1)                  0.00       0.10 f
  genblk1_layer_1_0__m1_layer/U1/Z (MUX2_X1)              0.06       0.16 f
  genblk1_layer_1_0__m1_layer/Y (MUX2_1)                  0.00       0.16 f
  Op[0] (out)                                             0.00       0.16 f
  data arrival time                                                  0.16
  --------------------------------------------------------------------------
  (Path is unconstrained)


  Startpoint: shift_mag[1]
              (input port)
  Endpoint: Op[0] (output port)
  Path Group: (none)
  Path Type: max

  Des/Clust/Port     Wire Load Model       Library
  ------------------------------------------------
  barrelShifter      5K_hvratio_1_1        NangateOpenCellLibrary

  Point                                                   Incr       Path
  --------------------------------------------------------------------------
  input external delay                                    0.00       0.00 f
  shift_mag[1] (in)                                       0.00       0.00 f
  OneHot_2_binary/one_hot_shift[1] (encoder_MAX_SHIFT_MAG1_SHIFT_AS_ONE_HOT0)
                                                          0.00       0.00 f
  OneHot_2_binary/U2/Z (BUF_X1)                           0.03       0.03 f
  OneHot_2_binary/binary_shift[1] (encoder_MAX_SHIFT_MAG1_SHIFT_AS_ONE_HOT0)
                                                          0.00       0.03 f
  U8/ZN (NOR2_X1)                                         0.05       0.08 r
  genblk1_layer_1_0__m1_layer/sel (MUX2_1)                0.00       0.08 r
  genblk1_layer_1_0__m1_layer/U1/Z (MUX2_X1)              0.07       0.15 f
  genblk1_layer_1_0__m1_layer/Y (MUX2_1)                  0.00       0.15 f
  Op[0] (out)                                             0.00       0.15 f
  data arrival time                                                  0.15
  --------------------------------------------------------------------------
  (Path is unconstrained)


  Startpoint: shift_mag[1]
              (input port)
  Endpoint: Op[1] (output port)
  Path Group: (none)
  Path Type: max

  Des/Clust/Port     Wire Load Model       Library
  ------------------------------------------------
  barrelShifter      5K_hvratio_1_1        NangateOpenCellLibrary

  Point                                                   Incr       Path
  --------------------------------------------------------------------------
  input external delay                                    0.00       0.00 f
  shift_mag[1] (in)                                       0.00       0.00 f
  OneHot_2_binary/one_hot_shift[1] (encoder_MAX_SHIFT_MAG1_SHIFT_AS_ONE_HOT0)
                                                          0.00       0.00 f
  OneHot_2_binary/U2/Z (BUF_X1)                           0.03       0.03 f
  OneHot_2_binary/binary_shift[1] (encoder_MAX_SHIFT_MAG1_SHIFT_AS_ONE_HOT0)
                                                          0.00       0.03 f
  U8/ZN (NOR2_X1)                                         0.05       0.08 r
  genblk1_layer_1_1__m1_layer/sel (MUX2_0)                0.00       0.08 r
  genblk1_layer_1_1__m1_layer/U1/Z (MUX2_X1)              0.07       0.15 f
  genblk1_layer_1_1__m1_layer/Y (MUX2_0)                  0.00       0.15 f
  Op[1] (out)                                             0.00       0.15 f
  data arrival time                                                  0.15
  --------------------------------------------------------------------------
  (Path is unconstrained)


  Startpoint: shift_mag[2]
              (input port)
  Endpoint: Op[0] (output port)
  Path Group: (none)
  Path Type: max

  Des/Clust/Port     Wire Load Model       Library
  ------------------------------------------------
  barrelShifter      5K_hvratio_1_1        NangateOpenCellLibrary

  Point                                                   Incr       Path
  --------------------------------------------------------------------------
  input external delay                                    0.00       0.00 f
  shift_mag[2] (in)                                       0.00       0.00 f
  OneHot_2_binary/one_hot_shift[2] (encoder_MAX_SHIFT_MAG1_SHIFT_AS_ONE_HOT0)
                                                          0.00       0.00 f
  OneHot_2_binary/U1/Z (BUF_X1)                           0.04       0.04 f
  OneHot_2_binary/binary_shift[0] (encoder_MAX_SHIFT_MAG1_SHIFT_AS_ONE_HOT0)
                                                          0.00       0.04 f
  U8/ZN (NOR2_X1)                                         0.06       0.10 r
  genblk1_layer_1_0__m1_layer/sel (MUX2_1)                0.00       0.10 r
  genblk1_layer_1_0__m1_layer/U1/Z (MUX2_X1)              0.05       0.15 r
  genblk1_layer_1_0__m1_layer/Y (MUX2_1)                  0.00       0.15 r
  Op[0] (out)                                             0.00       0.15 r
  data arrival time                                                  0.15
  --------------------------------------------------------------------------
  (Path is unconstrained)


  Startpoint: shift_mag[2]
              (input port)
  Endpoint: Op[1] (output port)
  Path Group: (none)
  Path Type: max

  Des/Clust/Port     Wire Load Model       Library
  ------------------------------------------------
  barrelShifter      5K_hvratio_1_1        NangateOpenCellLibrary

  Point                                                   Incr       Path
  --------------------------------------------------------------------------
  input external delay                                    0.00       0.00 f
  shift_mag[2] (in)                                       0.00       0.00 f
  OneHot_2_binary/one_hot_shift[2] (encoder_MAX_SHIFT_MAG1_SHIFT_AS_ONE_HOT0)
                                                          0.00       0.00 f
  OneHot_2_binary/U1/Z (BUF_X1)                           0.04       0.04 f
  OneHot_2_binary/binary_shift[0] (encoder_MAX_SHIFT_MAG1_SHIFT_AS_ONE_HOT0)
                                                          0.00       0.04 f
  U8/ZN (NOR2_X1)                                         0.06       0.10 r
  genblk1_layer_1_1__m1_layer/sel (MUX2_0)                0.00       0.10 r
  genblk1_layer_1_1__m1_layer/U1/Z (MUX2_X1)              0.05       0.15 r
  genblk1_layer_1_1__m1_layer/Y (MUX2_0)                  0.00       0.15 r
  Op[1] (out)                                             0.00       0.15 r
  data arrival time                                                  0.15
  --------------------------------------------------------------------------
  (Path is unconstrained)


  Startpoint: shift_mag[2]
              (input port)
  Endpoint: Op[0] (output port)
  Path Group: (none)
  Path Type: max

  Des/Clust/Port     Wire Load Model       Library
  ------------------------------------------------
  barrelShifter      5K_hvratio_1_1        NangateOpenCellLibrary

  Point                                                   Incr       Path
  --------------------------------------------------------------------------
  input external delay                                    0.00       0.00 f
  shift_mag[2] (in)                                       0.00       0.00 f
  OneHot_2_binary/one_hot_shift[2] (encoder_MAX_SHIFT_MAG1_SHIFT_AS_ONE_HOT0)
                                                          0.00       0.00 f
  OneHot_2_binary/U1/Z (BUF_X1)                           0.04       0.04 f
  OneHot_2_binary/binary_shift[0] (encoder_MAX_SHIFT_MAG1_SHIFT_AS_ONE_HOT0)
                                                          0.00       0.04 f
  U10/Z (MUX2_X1)                                         0.06       0.10 r
  genblk1_layer_1_0__m1_layer/A (MUX2_1)                  0.00       0.10 r
  genblk1_layer_1_0__m1_layer/U1/Z (MUX2_X1)              0.04       0.14 r
  genblk1_layer_1_0__m1_layer/Y (MUX2_1)                  0.00       0.14 r
  Op[0] (out)                                             0.00       0.14 r
  data arrival time                                                  0.14
  --------------------------------------------------------------------------
  (Path is unconstrained)


  Startpoint: shift_mag[2]
              (input port)
  Endpoint: Op[0] (output port)
  Path Group: (none)
  Path Type: max

  Des/Clust/Port     Wire Load Model       Library
  ------------------------------------------------
  barrelShifter      5K_hvratio_1_1        NangateOpenCellLibrary

  Point                                                   Incr       Path
  --------------------------------------------------------------------------
  input external delay                                    0.00       0.00 f
  shift_mag[2] (in)                                       0.00       0.00 f
  OneHot_2_binary/one_hot_shift[2] (encoder_MAX_SHIFT_MAG1_SHIFT_AS_ONE_HOT0)
                                                          0.00       0.00 f
  OneHot_2_binary/U1/Z (BUF_X1)                           0.04       0.04 f
  OneHot_2_binary/binary_shift[0] (encoder_MAX_SHIFT_MAG1_SHIFT_AS_ONE_HOT0)
                                                          0.00       0.04 f
  U10/Z (MUX2_X1)                                         0.06       0.10 r
  genblk1_layer_1_0__m1_layer/A (MUX2_1)                  0.00       0.10 r
  genblk1_layer_1_0__m1_layer/U1/Z (MUX2_X1)              0.04       0.14 r
  genblk1_layer_1_0__m1_layer/Y (MUX2_1)                  0.00       0.14 r
  Op[0] (out)                                             0.00       0.14 r
  data arrival time                                                  0.14
  --------------------------------------------------------------------------
  (Path is unconstrained)


  Startpoint: shift_mag[2]
              (input port)
  Endpoint: Op[1] (output port)
  Path Group: (none)
  Path Type: max

  Des/Clust/Port     Wire Load Model       Library
  ------------------------------------------------
  barrelShifter      5K_hvratio_1_1        NangateOpenCellLibrary

  Point                                                   Incr       Path
  --------------------------------------------------------------------------
  input external delay                                    0.00       0.00 f
  shift_mag[2] (in)                                       0.00       0.00 f
  OneHot_2_binary/one_hot_shift[2] (encoder_MAX_SHIFT_MAG1_SHIFT_AS_ONE_HOT0)
                                                          0.00       0.00 f
  OneHot_2_binary/U1/Z (BUF_X1)                           0.04       0.04 f
  OneHot_2_binary/binary_shift[0] (encoder_MAX_SHIFT_MAG1_SHIFT_AS_ONE_HOT0)
                                                          0.00       0.04 f
  U9/Z (MUX2_X1)                                          0.06       0.10 r
  genblk1_layer_1_1__m1_layer/B (MUX2_0)                  0.00       0.10 r
  genblk1_layer_1_1__m1_layer/U1/Z (MUX2_X1)              0.04       0.14 r
  genblk1_layer_1_1__m1_layer/Y (MUX2_0)                  0.00       0.14 r
  Op[1] (out)                                             0.00       0.14 r
  data arrival time                                                  0.14
  --------------------------------------------------------------------------
  (Path is unconstrained)


  Startpoint: shift_mag[2]
              (input port)
  Endpoint: Op[1] (output port)
  Path Group: (none)
  Path Type: max

  Des/Clust/Port     Wire Load Model       Library
  ------------------------------------------------
  barrelShifter      5K_hvratio_1_1        NangateOpenCellLibrary

  Point                                                   Incr       Path
  --------------------------------------------------------------------------
  input external delay                                    0.00       0.00 f
  shift_mag[2] (in)                                       0.00       0.00 f
  OneHot_2_binary/one_hot_shift[2] (encoder_MAX_SHIFT_MAG1_SHIFT_AS_ONE_HOT0)
                                                          0.00       0.00 f
  OneHot_2_binary/U1/Z (BUF_X1)                           0.04       0.04 f
  OneHot_2_binary/binary_shift[0] (encoder_MAX_SHIFT_MAG1_SHIFT_AS_ONE_HOT0)
                                                          0.00       0.04 f
  U9/Z (MUX2_X1)                                          0.06       0.10 r
  genblk1_layer_1_1__m1_layer/B (MUX2_0)                  0.00       0.10 r
  genblk1_layer_1_1__m1_layer/U1/Z (MUX2_X1)              0.04       0.14 r
  genblk1_layer_1_1__m1_layer/Y (MUX2_0)                  0.00       0.14 r
  Op[1] (out)                                             0.00       0.14 r
  data arrival time                                                  0.14
  --------------------------------------------------------------------------
  (Path is unconstrained)


  Startpoint: shift_mag[2]
              (input port)
  Endpoint: Op[0] (output port)
  Path Group: (none)
  Path Type: max

  Des/Clust/Port     Wire Load Model       Library
  ------------------------------------------------
  barrelShifter      5K_hvratio_1_1        NangateOpenCellLibrary

  Point                                                   Incr       Path
  --------------------------------------------------------------------------
  input external delay                                    0.00       0.00 r
  shift_mag[2] (in)                                       0.00       0.00 r
  OneHot_2_binary/one_hot_shift[2] (encoder_MAX_SHIFT_MAG1_SHIFT_AS_ONE_HOT0)
                                                          0.00       0.00 r
  OneHot_2_binary/U1/Z (BUF_X1)                           0.04       0.04 r
  OneHot_2_binary/binary_shift[0] (encoder_MAX_SHIFT_MAG1_SHIFT_AS_ONE_HOT0)
                                                          0.00       0.04 r
  U8/ZN (NOR2_X1)                                         0.03       0.07 f
  genblk1_layer_1_0__m1_layer/sel (MUX2_1)                0.00       0.07 f
  genblk1_layer_1_0__m1_layer/U1/Z (MUX2_X1)              0.06       0.13 r
  genblk1_layer_1_0__m1_layer/Y (MUX2_1)                  0.00       0.13 r
  Op[0] (out)                                             0.00       0.13 r
  data arrival time                                                  0.13
  --------------------------------------------------------------------------
  (Path is unconstrained)


  Startpoint: shift_mag[2]
              (input port)
  Endpoint: Op[1] (output port)
  Path Group: (none)
  Path Type: max

  Des/Clust/Port     Wire Load Model       Library
  ------------------------------------------------
  barrelShifter      5K_hvratio_1_1        NangateOpenCellLibrary

  Point                                                   Incr       Path
  --------------------------------------------------------------------------
  input external delay                                    0.00       0.00 r
  shift_mag[2] (in)                                       0.00       0.00 r
  OneHot_2_binary/one_hot_shift[2] (encoder_MAX_SHIFT_MAG1_SHIFT_AS_ONE_HOT0)
                                                          0.00       0.00 r
  OneHot_2_binary/U1/Z (BUF_X1)                           0.04       0.04 r
  OneHot_2_binary/binary_shift[0] (encoder_MAX_SHIFT_MAG1_SHIFT_AS_ONE_HOT0)
                                                          0.00       0.04 r
  U8/ZN (NOR2_X1)                                         0.03       0.07 f
  genblk1_layer_1_1__m1_layer/sel (MUX2_0)                0.00       0.07 f
  genblk1_layer_1_1__m1_layer/U1/Z (MUX2_X1)              0.06       0.13 r
  genblk1_layer_1_1__m1_layer/Y (MUX2_0)                  0.00       0.13 r
  Op[1] (out)                                             0.00       0.13 r
  data arrival time                                                  0.13
  --------------------------------------------------------------------------
  (Path is unconstrained)


  Startpoint: shift_mag[2]
              (input port)
  Endpoint: Op[0] (output port)
  Path Group: (none)
  Path Type: max

  Des/Clust/Port     Wire Load Model       Library
  ------------------------------------------------
  barrelShifter      5K_hvratio_1_1        NangateOpenCellLibrary

  Point                                                   Incr       Path
  --------------------------------------------------------------------------
  input external delay                                    0.00       0.00 r
  shift_mag[2] (in)                                       0.00       0.00 r
  OneHot_2_binary/one_hot_shift[2] (encoder_MAX_SHIFT_MAG1_SHIFT_AS_ONE_HOT0)
                                                          0.00       0.00 r
  OneHot_2_binary/U1/Z (BUF_X1)                           0.04       0.04 r
  OneHot_2_binary/binary_shift[0] (encoder_MAX_SHIFT_MAG1_SHIFT_AS_ONE_HOT0)
                                                          0.00       0.04 r
  U8/ZN (NOR2_X1)                                         0.03       0.07 f
  genblk1_layer_1_0__m1_layer/sel (MUX2_1)                0.00       0.07 f
  genblk1_layer_1_0__m1_layer/U1/Z (MUX2_X1)              0.06       0.13 f
  genblk1_layer_1_0__m1_layer/Y (MUX2_1)                  0.00       0.13 f
  Op[0] (out)                                             0.00       0.13 f
  data arrival time                                                  0.13
  --------------------------------------------------------------------------
  (Path is unconstrained)


  Startpoint: shift_mag[2]
              (input port)
  Endpoint: Op[1] (output port)
  Path Group: (none)
  Path Type: max

  Des/Clust/Port     Wire Load Model       Library
  ------------------------------------------------
  barrelShifter      5K_hvratio_1_1        NangateOpenCellLibrary

  Point                                                   Incr       Path
  --------------------------------------------------------------------------
  input external delay                                    0.00       0.00 r
  shift_mag[2] (in)                                       0.00       0.00 r
  OneHot_2_binary/one_hot_shift[2] (encoder_MAX_SHIFT_MAG1_SHIFT_AS_ONE_HOT0)
                                                          0.00       0.00 r
  OneHot_2_binary/U1/Z (BUF_X1)                           0.04       0.04 r
  OneHot_2_binary/binary_shift[0] (encoder_MAX_SHIFT_MAG1_SHIFT_AS_ONE_HOT0)
                                                          0.00       0.04 r
  U8/ZN (NOR2_X1)                                         0.03       0.07 f
  genblk1_layer_1_1__m1_layer/sel (MUX2_0)                0.00       0.07 f
  genblk1_layer_1_1__m1_layer/U1/Z (MUX2_X1)              0.06       0.13 f
  genblk1_layer_1_1__m1_layer/Y (MUX2_0)                  0.00       0.13 f
  Op[1] (out)                                             0.00       0.13 f
  data arrival time                                                  0.13
  --------------------------------------------------------------------------
  (Path is unconstrained)


  Startpoint: shift_mag[2]
              (input port)
  Endpoint: Op[0] (output port)
  Path Group: (none)
  Path Type: max

  Des/Clust/Port     Wire Load Model       Library
  ------------------------------------------------
  barrelShifter      5K_hvratio_1_1        NangateOpenCellLibrary

  Point                                                   Incr       Path
  --------------------------------------------------------------------------
  input external delay                                    0.00       0.00 r
  shift_mag[2] (in)                                       0.00       0.00 r
  OneHot_2_binary/one_hot_shift[2] (encoder_MAX_SHIFT_MAG1_SHIFT_AS_ONE_HOT0)
                                                          0.00       0.00 r
  OneHot_2_binary/U1/Z (BUF_X1)                           0.04       0.04 r
  OneHot_2_binary/binary_shift[0] (encoder_MAX_SHIFT_MAG1_SHIFT_AS_ONE_HOT0)
                                                          0.00       0.04 r
  U10/Z (MUX2_X1)                                         0.05       0.09 r
  genblk1_layer_1_0__m1_layer/A (MUX2_1)                  0.00       0.09 r
  genblk1_layer_1_0__m1_layer/U1/Z (MUX2_X1)              0.04       0.13 r
  genblk1_layer_1_0__m1_layer/Y (MUX2_1)                  0.00       0.13 r
  Op[0] (out)                                             0.00       0.13 r
  data arrival time                                                  0.13
  --------------------------------------------------------------------------
  (Path is unconstrained)


  Startpoint: shift_mag[2]
              (input port)
  Endpoint: Op[0] (output port)
  Path Group: (none)
  Path Type: max

  Des/Clust/Port     Wire Load Model       Library
  ------------------------------------------------
  barrelShifter      5K_hvratio_1_1        NangateOpenCellLibrary

  Point                                                   Incr       Path
  --------------------------------------------------------------------------
  input external delay                                    0.00       0.00 r
  shift_mag[2] (in)                                       0.00       0.00 r
  OneHot_2_binary/one_hot_shift[2] (encoder_MAX_SHIFT_MAG1_SHIFT_AS_ONE_HOT0)
                                                          0.00       0.00 r
  OneHot_2_binary/U1/Z (BUF_X1)                           0.04       0.04 r
  OneHot_2_binary/binary_shift[0] (encoder_MAX_SHIFT_MAG1_SHIFT_AS_ONE_HOT0)
                                                          0.00       0.04 r
  U10/Z (MUX2_X1)                                         0.05       0.09 r
  genblk1_layer_1_0__m1_layer/A (MUX2_1)                  0.00       0.09 r
  genblk1_layer_1_0__m1_layer/U1/Z (MUX2_X1)              0.04       0.13 r
  genblk1_layer_1_0__m1_layer/Y (MUX2_1)                  0.00       0.13 r
  Op[0] (out)                                             0.00       0.13 r
  data arrival time                                                  0.13
  --------------------------------------------------------------------------
  (Path is unconstrained)


  Startpoint: shift_mag[2]
              (input port)
  Endpoint: Op[1] (output port)
  Path Group: (none)
  Path Type: max

  Des/Clust/Port     Wire Load Model       Library
  ------------------------------------------------
  barrelShifter      5K_hvratio_1_1        NangateOpenCellLibrary

  Point                                                   Incr       Path
  --------------------------------------------------------------------------
  input external delay                                    0.00       0.00 r
  shift_mag[2] (in)                                       0.00       0.00 r
  OneHot_2_binary/one_hot_shift[2] (encoder_MAX_SHIFT_MAG1_SHIFT_AS_ONE_HOT0)
                                                          0.00       0.00 r
  OneHot_2_binary/U1/Z (BUF_X1)                           0.04       0.04 r
  OneHot_2_binary/binary_shift[0] (encoder_MAX_SHIFT_MAG1_SHIFT_AS_ONE_HOT0)
                                                          0.00       0.04 r
  U9/Z (MUX2_X1)                                          0.05       0.09 r
  genblk1_layer_1_1__m1_layer/B (MUX2_0)                  0.00       0.09 r
  genblk1_layer_1_1__m1_layer/U1/Z (MUX2_X1)              0.04       0.13 r
  genblk1_layer_1_1__m1_layer/Y (MUX2_0)                  0.00       0.13 r
  Op[1] (out)                                             0.00       0.13 r
  data arrival time                                                  0.13
  --------------------------------------------------------------------------
  (Path is unconstrained)


  Startpoint: shift_mag[2]
              (input port)
  Endpoint: Op[1] (output port)
  Path Group: (none)
  Path Type: max

  Des/Clust/Port     Wire Load Model       Library
  ------------------------------------------------
  barrelShifter      5K_hvratio_1_1        NangateOpenCellLibrary

  Point                                                   Incr       Path
  --------------------------------------------------------------------------
  input external delay                                    0.00       0.00 r
  shift_mag[2] (in)                                       0.00       0.00 r
  OneHot_2_binary/one_hot_shift[2] (encoder_MAX_SHIFT_MAG1_SHIFT_AS_ONE_HOT0)
                                                          0.00       0.00 r
  OneHot_2_binary/U1/Z (BUF_X1)                           0.04       0.04 r
  OneHot_2_binary/binary_shift[0] (encoder_MAX_SHIFT_MAG1_SHIFT_AS_ONE_HOT0)
                                                          0.00       0.04 r
  U9/Z (MUX2_X1)                                          0.05       0.09 r
  genblk1_layer_1_1__m1_layer/B (MUX2_0)                  0.00       0.09 r
  genblk1_layer_1_1__m1_layer/U1/Z (MUX2_X1)              0.04       0.13 r
  genblk1_layer_1_1__m1_layer/Y (MUX2_0)                  0.00       0.13 r
  Op[1] (out)                                             0.00       0.13 r
  data arrival time                                                  0.13
  --------------------------------------------------------------------------
  (Path is unconstrained)


  Startpoint: shift_mag[1]
              (input port)
  Endpoint: Op[0] (output port)
  Path Group: (none)
  Path Type: max

  Des/Clust/Port     Wire Load Model       Library
  ------------------------------------------------
  barrelShifter      5K_hvratio_1_1        NangateOpenCellLibrary

  Point                                                   Incr       Path
  --------------------------------------------------------------------------
  input external delay                                    0.00       0.00 f
  shift_mag[1] (in)                                       0.00       0.00 f
  OneHot_2_binary/one_hot_shift[1] (encoder_MAX_SHIFT_MAG1_SHIFT_AS_ONE_HOT0)
                                                          0.00       0.00 f
  OneHot_2_binary/U2/Z (BUF_X1)                           0.03       0.03 f
  OneHot_2_binary/binary_shift[1] (encoder_MAX_SHIFT_MAG1_SHIFT_AS_ONE_HOT0)
                                                          0.00       0.03 f
  U8/ZN (NOR2_X1)                                         0.05       0.08 r
  genblk1_layer_1_0__m1_layer/sel (MUX2_1)                0.00       0.08 r
  genblk1_layer_1_0__m1_layer/U1/Z (MUX2_X1)              0.05       0.13 r
  genblk1_layer_1_0__m1_layer/Y (MUX2_1)                  0.00       0.13 r
  Op[0] (out)                                             0.00       0.13 r
  data arrival time                                                  0.13
  --------------------------------------------------------------------------
  (Path is unconstrained)


  Startpoint: shift_mag[1]
              (input port)
  Endpoint: Op[1] (output port)
  Path Group: (none)
  Path Type: max

  Des/Clust/Port     Wire Load Model       Library
  ------------------------------------------------
  barrelShifter      5K_hvratio_1_1        NangateOpenCellLibrary

  Point                                                   Incr       Path
  --------------------------------------------------------------------------
  input external delay                                    0.00       0.00 f
  shift_mag[1] (in)                                       0.00       0.00 f
  OneHot_2_binary/one_hot_shift[1] (encoder_MAX_SHIFT_MAG1_SHIFT_AS_ONE_HOT0)
                                                          0.00       0.00 f
  OneHot_2_binary/U2/Z (BUF_X1)                           0.03       0.03 f
  OneHot_2_binary/binary_shift[1] (encoder_MAX_SHIFT_MAG1_SHIFT_AS_ONE_HOT0)
                                                          0.00       0.03 f
  U8/ZN (NOR2_X1)                                         0.05       0.08 r
  genblk1_layer_1_1__m1_layer/sel (MUX2_0)                0.00       0.08 r
  genblk1_layer_1_1__m1_layer/U1/Z (MUX2_X1)              0.05       0.13 r
  genblk1_layer_1_1__m1_layer/Y (MUX2_0)                  0.00       0.13 r
  Op[1] (out)                                             0.00       0.13 r
  data arrival time                                                  0.13
  --------------------------------------------------------------------------
  (Path is unconstrained)


  Startpoint: Ip[1] (input port)
  Endpoint: Op[1] (output port)
  Path Group: (none)
  Path Type: max

  Des/Clust/Port     Wire Load Model       Library
  ------------------------------------------------
  barrelShifter      5K_hvratio_1_1        NangateOpenCellLibrary

  Point                                                   Incr       Path
  --------------------------------------------------------------------------
  input external delay                                    0.00       0.00 f
  Ip[1] (in)                                              0.00       0.00 f
  U9/Z (MUX2_X1)                                          0.06       0.06 f
  genblk1_layer_1_1__m1_layer/B (MUX2_0)                  0.00       0.06 f
  genblk1_layer_1_1__m1_layer/U1/Z (MUX2_X1)              0.06       0.12 f
  genblk1_layer_1_1__m1_layer/Y (MUX2_0)                  0.00       0.12 f
  Op[1] (out)                                             0.00       0.13 f
  data arrival time                                                  0.13
  --------------------------------------------------------------------------
  (Path is unconstrained)


  Startpoint: Ip[1] (input port)
  Endpoint: Op[1] (output port)
  Path Group: (none)
  Path Type: max

  Des/Clust/Port     Wire Load Model       Library
  ------------------------------------------------
  barrelShifter      5K_hvratio_1_1        NangateOpenCellLibrary

  Point                                                   Incr       Path
  --------------------------------------------------------------------------
  input external delay                                    0.00       0.00 f
  Ip[1] (in)                                              0.00       0.00 f
  U9/Z (MUX2_X1)                                          0.06       0.06 f
  genblk1_layer_1_1__m1_layer/B (MUX2_0)                  0.00       0.06 f
  genblk1_layer_1_1__m1_layer/U1/Z (MUX2_X1)              0.06       0.12 f
  genblk1_layer_1_1__m1_layer/Y (MUX2_0)                  0.00       0.12 f
  Op[1] (out)                                             0.00       0.13 f
  data arrival time                                                  0.13
  --------------------------------------------------------------------------
  (Path is unconstrained)


  Startpoint: Ip[1] (input port)
  Endpoint: Op[1] (output port)
  Path Group: (none)
  Path Type: max

  Des/Clust/Port     Wire Load Model       Library
  ------------------------------------------------
  barrelShifter      5K_hvratio_1_1        NangateOpenCellLibrary

  Point                                                   Incr       Path
  --------------------------------------------------------------------------
  input external delay                                    0.00       0.00 f
  Ip[1] (in)                                              0.00       0.00 f
  U9/Z (MUX2_X1)                                          0.06       0.06 f
  genblk1_layer_1_1__m1_layer/B (MUX2_0)                  0.00       0.06 f
  genblk1_layer_1_1__m1_layer/U1/Z (MUX2_X1)              0.06       0.12 f
  genblk1_layer_1_1__m1_layer/Y (MUX2_0)                  0.00       0.12 f
  Op[1] (out)                                             0.00       0.13 f
  data arrival time                                                  0.13
  --------------------------------------------------------------------------
  (Path is unconstrained)


  Startpoint: Ip[1] (input port)
  Endpoint: Op[1] (output port)
  Path Group: (none)
  Path Type: max

  Des/Clust/Port     Wire Load Model       Library
  ------------------------------------------------
  barrelShifter      5K_hvratio_1_1        NangateOpenCellLibrary

  Point                                                   Incr       Path
  --------------------------------------------------------------------------
  input external delay                                    0.00       0.00 f
  Ip[1] (in)                                              0.00       0.00 f
  U9/Z (MUX2_X1)                                          0.06       0.06 f
  genblk1_layer_1_1__m1_layer/B (MUX2_0)                  0.00       0.06 f
  genblk1_layer_1_1__m1_layer/U1/Z (MUX2_X1)              0.06       0.12 f
  genblk1_layer_1_1__m1_layer/Y (MUX2_0)                  0.00       0.12 f
  Op[1] (out)                                             0.00       0.13 f
  data arrival time                                                  0.13
  --------------------------------------------------------------------------
  (Path is unconstrained)


  Startpoint: Ip[0] (input port)
  Endpoint: Op[0] (output port)
  Path Group: (none)
  Path Type: max

  Des/Clust/Port     Wire Load Model       Library
  ------------------------------------------------
  barrelShifter      5K_hvratio_1_1        NangateOpenCellLibrary

  Point                                                   Incr       Path
  --------------------------------------------------------------------------
  input external delay                                    0.00       0.00 f
  Ip[0] (in)                                              0.00       0.00 f
  U10/Z (MUX2_X1)                                         0.06       0.06 f
  genblk1_layer_1_0__m1_layer/A (MUX2_1)                  0.00       0.06 f
  genblk1_layer_1_0__m1_layer/U1/Z (MUX2_X1)              0.06       0.12 f
  genblk1_layer_1_0__m1_layer/Y (MUX2_1)                  0.00       0.12 f
  Op[0] (out)                                             0.00       0.13 f
  data arrival time                                                  0.13
  --------------------------------------------------------------------------
  (Path is unconstrained)


  Startpoint: Ip[0] (input port)
  Endpoint: Op[0] (output port)
  Path Group: (none)
  Path Type: max

  Des/Clust/Port     Wire Load Model       Library
  ------------------------------------------------
  barrelShifter      5K_hvratio_1_1        NangateOpenCellLibrary

  Point                                                   Incr       Path
  --------------------------------------------------------------------------
  input external delay                                    0.00       0.00 f
  Ip[0] (in)                                              0.00       0.00 f
  U10/Z (MUX2_X1)                                         0.06       0.06 f
  genblk1_layer_1_0__m1_layer/A (MUX2_1)                  0.00       0.06 f
  genblk1_layer_1_0__m1_layer/U1/Z (MUX2_X1)              0.06       0.12 f
  genblk1_layer_1_0__m1_layer/Y (MUX2_1)                  0.00       0.12 f
  Op[0] (out)                                             0.00       0.13 f
  data arrival time                                                  0.13
  --------------------------------------------------------------------------
  (Path is unconstrained)


  Startpoint: Ip[0] (input port)
  Endpoint: Op[0] (output port)
  Path Group: (none)
  Path Type: max

  Des/Clust/Port     Wire Load Model       Library
  ------------------------------------------------
  barrelShifter      5K_hvratio_1_1        NangateOpenCellLibrary

  Point                                                   Incr       Path
  --------------------------------------------------------------------------
  input external delay                                    0.00       0.00 f
  Ip[0] (in)                                              0.00       0.00 f
  U10/Z (MUX2_X1)                                         0.06       0.06 f
  genblk1_layer_1_0__m1_layer/A (MUX2_1)                  0.00       0.06 f
  genblk1_layer_1_0__m1_layer/U1/Z (MUX2_X1)              0.06       0.12 f
  genblk1_layer_1_0__m1_layer/Y (MUX2_1)                  0.00       0.12 f
  Op[0] (out)                                             0.00       0.13 f
  data arrival time                                                  0.13
  --------------------------------------------------------------------------
  (Path is unconstrained)


  Startpoint: Ip[0] (input port)
  Endpoint: Op[0] (output port)
  Path Group: (none)
  Path Type: max

  Des/Clust/Port     Wire Load Model       Library
  ------------------------------------------------
  barrelShifter      5K_hvratio_1_1        NangateOpenCellLibrary

  Point                                                   Incr       Path
  --------------------------------------------------------------------------
  input external delay                                    0.00       0.00 f
  Ip[0] (in)                                              0.00       0.00 f
  U10/Z (MUX2_X1)                                         0.06       0.06 f
  genblk1_layer_1_0__m1_layer/A (MUX2_1)                  0.00       0.06 f
  genblk1_layer_1_0__m1_layer/U1/Z (MUX2_X1)              0.06       0.12 f
  genblk1_layer_1_0__m1_layer/Y (MUX2_1)                  0.00       0.12 f
  Op[0] (out)                                             0.00       0.13 f
  data arrival time                                                  0.13
  --------------------------------------------------------------------------
  (Path is unconstrained)


  Startpoint: Ip[0] (input port)
  Endpoint: Op[1] (output port)
  Path Group: (none)
  Path Type: max

  Des/Clust/Port     Wire Load Model       Library
  ------------------------------------------------
  barrelShifter      5K_hvratio_1_1        NangateOpenCellLibrary

  Point                                                   Incr       Path
  --------------------------------------------------------------------------
  input external delay                                    0.00       0.00 f
  Ip[0] (in)                                              0.00       0.00 f
  U9/Z (MUX2_X1)                                          0.06       0.06 f
  genblk1_layer_1_1__m1_layer/B (MUX2_0)                  0.00       0.06 f
  genblk1_layer_1_1__m1_layer/U1/Z (MUX2_X1)              0.06       0.12 f
  genblk1_layer_1_1__m1_layer/Y (MUX2_0)                  0.00       0.12 f
  Op[1] (out)                                             0.00       0.13 f
  data arrival time                                                  0.13
  --------------------------------------------------------------------------
  (Path is unconstrained)


  Startpoint: Ip[0] (input port)
  Endpoint: Op[1] (output port)
  Path Group: (none)
  Path Type: max

  Des/Clust/Port     Wire Load Model       Library
  ------------------------------------------------
  barrelShifter      5K_hvratio_1_1        NangateOpenCellLibrary

  Point                                                   Incr       Path
  --------------------------------------------------------------------------
  input external delay                                    0.00       0.00 f
  Ip[0] (in)                                              0.00       0.00 f
  U9/Z (MUX2_X1)                                          0.06       0.06 f
  genblk1_layer_1_1__m1_layer/B (MUX2_0)                  0.00       0.06 f
  genblk1_layer_1_1__m1_layer/U1/Z (MUX2_X1)              0.06       0.12 f
  genblk1_layer_1_1__m1_layer/Y (MUX2_0)                  0.00       0.12 f
  Op[1] (out)                                             0.00       0.13 f
  data arrival time                                                  0.13
  --------------------------------------------------------------------------
  (Path is unconstrained)


  Startpoint: Ip[0] (input port)
  Endpoint: Op[1] (output port)
  Path Group: (none)
  Path Type: max

  Des/Clust/Port     Wire Load Model       Library
  ------------------------------------------------
  barrelShifter      5K_hvratio_1_1        NangateOpenCellLibrary

  Point                                                   Incr       Path
  --------------------------------------------------------------------------
  input external delay                                    0.00       0.00 f
  Ip[0] (in)                                              0.00       0.00 f
  U9/Z (MUX2_X1)                                          0.06       0.06 f
  genblk1_layer_1_1__m1_layer/B (MUX2_0)                  0.00       0.06 f
  genblk1_layer_1_1__m1_layer/U1/Z (MUX2_X1)              0.06       0.12 f
  genblk1_layer_1_1__m1_layer/Y (MUX2_0)                  0.00       0.12 f
  Op[1] (out)                                             0.00       0.13 f
  data arrival time                                                  0.13
  --------------------------------------------------------------------------
  (Path is unconstrained)


  Startpoint: Ip[0] (input port)
  Endpoint: Op[1] (output port)
  Path Group: (none)
  Path Type: max

  Des/Clust/Port     Wire Load Model       Library
  ------------------------------------------------
  barrelShifter      5K_hvratio_1_1        NangateOpenCellLibrary

  Point                                                   Incr       Path
  --------------------------------------------------------------------------
  input external delay                                    0.00       0.00 f
  Ip[0] (in)                                              0.00       0.00 f
  U9/Z (MUX2_X1)                                          0.06       0.06 f
  genblk1_layer_1_1__m1_layer/B (MUX2_0)                  0.00       0.06 f
  genblk1_layer_1_1__m1_layer/U1/Z (MUX2_X1)              0.06       0.12 f
  genblk1_layer_1_1__m1_layer/Y (MUX2_0)                  0.00       0.12 f
  Op[1] (out)                                             0.00       0.13 f
  data arrival time                                                  0.13
  --------------------------------------------------------------------------
  (Path is unconstrained)


  Startpoint: Ip[1] (input port)
  Endpoint: Op[0] (output port)
  Path Group: (none)
  Path Type: max

  Des/Clust/Port     Wire Load Model       Library
  ------------------------------------------------
  barrelShifter      5K_hvratio_1_1        NangateOpenCellLibrary

  Point                                                   Incr       Path
  --------------------------------------------------------------------------
  input external delay                                    0.00       0.00 f
  Ip[1] (in)                                              0.00       0.00 f
  U10/Z (MUX2_X1)                                         0.06       0.06 f
  genblk1_layer_1_0__m1_layer/A (MUX2_1)                  0.00       0.06 f
  genblk1_layer_1_0__m1_layer/U1/Z (MUX2_X1)              0.06       0.12 f
  genblk1_layer_1_0__m1_layer/Y (MUX2_1)                  0.00       0.12 f
  Op[0] (out)                                             0.00       0.13 f
  data arrival time                                                  0.13
  --------------------------------------------------------------------------
  (Path is unconstrained)


  Startpoint: Ip[1] (input port)
  Endpoint: Op[0] (output port)
  Path Group: (none)
  Path Type: max

  Des/Clust/Port     Wire Load Model       Library
  ------------------------------------------------
  barrelShifter      5K_hvratio_1_1        NangateOpenCellLibrary

  Point                                                   Incr       Path
  --------------------------------------------------------------------------
  input external delay                                    0.00       0.00 f
  Ip[1] (in)                                              0.00       0.00 f
  U10/Z (MUX2_X1)                                         0.06       0.06 f
  genblk1_layer_1_0__m1_layer/A (MUX2_1)                  0.00       0.06 f
  genblk1_layer_1_0__m1_layer/U1/Z (MUX2_X1)              0.06       0.12 f
  genblk1_layer_1_0__m1_layer/Y (MUX2_1)                  0.00       0.12 f
  Op[0] (out)                                             0.00       0.13 f
  data arrival time                                                  0.13
  --------------------------------------------------------------------------
  (Path is unconstrained)


  Startpoint: Ip[1] (input port)
  Endpoint: Op[0] (output port)
  Path Group: (none)
  Path Type: max

  Des/Clust/Port     Wire Load Model       Library
  ------------------------------------------------
  barrelShifter      5K_hvratio_1_1        NangateOpenCellLibrary

  Point                                                   Incr       Path
  --------------------------------------------------------------------------
  input external delay                                    0.00       0.00 f
  Ip[1] (in)                                              0.00       0.00 f
  U10/Z (MUX2_X1)                                         0.06       0.06 f
  genblk1_layer_1_0__m1_layer/A (MUX2_1)                  0.00       0.06 f
  genblk1_layer_1_0__m1_layer/U1/Z (MUX2_X1)              0.06       0.12 f
  genblk1_layer_1_0__m1_layer/Y (MUX2_1)                  0.00       0.12 f
  Op[0] (out)                                             0.00       0.13 f
  data arrival time                                                  0.13
  --------------------------------------------------------------------------
  (Path is unconstrained)


  Startpoint: Ip[1] (input port)
  Endpoint: Op[0] (output port)
  Path Group: (none)
  Path Type: max

  Des/Clust/Port     Wire Load Model       Library
  ------------------------------------------------
  barrelShifter      5K_hvratio_1_1        NangateOpenCellLibrary

  Point                                                   Incr       Path
  --------------------------------------------------------------------------
  input external delay                                    0.00       0.00 f
  Ip[1] (in)                                              0.00       0.00 f
  U10/Z (MUX2_X1)                                         0.06       0.06 f
  genblk1_layer_1_0__m1_layer/A (MUX2_1)                  0.00       0.06 f
  genblk1_layer_1_0__m1_layer/U1/Z (MUX2_X1)              0.06       0.12 f
  genblk1_layer_1_0__m1_layer/Y (MUX2_1)                  0.00       0.12 f
  Op[0] (out)                                             0.00       0.13 f
  data arrival time                                                  0.13
  --------------------------------------------------------------------------
  (Path is unconstrained)


  Startpoint: shift_mag[1]
              (input port)
  Endpoint: Op[0] (output port)
  Path Group: (none)
  Path Type: max

  Des/Clust/Port     Wire Load Model       Library
  ------------------------------------------------
  barrelShifter      5K_hvratio_1_1        NangateOpenCellLibrary

  Point                                                   Incr       Path
  --------------------------------------------------------------------------
  input external delay                                    0.00       0.00 r
  shift_mag[1] (in)                                       0.00       0.00 r
  OneHot_2_binary/one_hot_shift[1] (encoder_MAX_SHIFT_MAG1_SHIFT_AS_ONE_HOT0)
                                                          0.00       0.00 r
  OneHot_2_binary/U2/Z (BUF_X1)                           0.03       0.03 r
  OneHot_2_binary/binary_shift[1] (encoder_MAX_SHIFT_MAG1_SHIFT_AS_ONE_HOT0)
                                                          0.00       0.03 r
  U8/ZN (NOR2_X1)                                         0.02       0.05 f
  genblk1_layer_1_0__m1_layer/sel (MUX2_1)                0.00       0.05 f
  genblk1_layer_1_0__m1_layer/U1/Z (MUX2_X1)              0.06       0.11 r
  genblk1_layer_1_0__m1_layer/Y (MUX2_1)                  0.00       0.11 r
  Op[0] (out)                                             0.00       0.11 r
  data arrival time                                                  0.11
  --------------------------------------------------------------------------
  (Path is unconstrained)


  Startpoint: shift_mag[1]
              (input port)
  Endpoint: Op[1] (output port)
  Path Group: (none)
  Path Type: max

  Des/Clust/Port     Wire Load Model       Library
  ------------------------------------------------
  barrelShifter      5K_hvratio_1_1        NangateOpenCellLibrary

  Point                                                   Incr       Path
  --------------------------------------------------------------------------
  input external delay                                    0.00       0.00 r
  shift_mag[1] (in)                                       0.00       0.00 r
  OneHot_2_binary/one_hot_shift[1] (encoder_MAX_SHIFT_MAG1_SHIFT_AS_ONE_HOT0)
                                                          0.00       0.00 r
  OneHot_2_binary/U2/Z (BUF_X1)                           0.03       0.03 r
  OneHot_2_binary/binary_shift[1] (encoder_MAX_SHIFT_MAG1_SHIFT_AS_ONE_HOT0)
                                                          0.00       0.03 r
  U8/ZN (NOR2_X1)                                         0.02       0.05 f
  genblk1_layer_1_1__m1_layer/sel (MUX2_0)                0.00       0.05 f
  genblk1_layer_1_1__m1_layer/U1/Z (MUX2_X1)              0.06       0.11 r
  genblk1_layer_1_1__m1_layer/Y (MUX2_0)                  0.00       0.11 r
  Op[1] (out)                                             0.00       0.11 r
  data arrival time                                                  0.11
  --------------------------------------------------------------------------
  (Path is unconstrained)


  Startpoint: shift_mag[1]
              (input port)
  Endpoint: Op[0] (output port)
  Path Group: (none)
  Path Type: max

  Des/Clust/Port     Wire Load Model       Library
  ------------------------------------------------
  barrelShifter      5K_hvratio_1_1        NangateOpenCellLibrary

  Point                                                   Incr       Path
  --------------------------------------------------------------------------
  input external delay                                    0.00       0.00 r
  shift_mag[1] (in)                                       0.00       0.00 r
  OneHot_2_binary/one_hot_shift[1] (encoder_MAX_SHIFT_MAG1_SHIFT_AS_ONE_HOT0)
                                                          0.00       0.00 r
  OneHot_2_binary/U2/Z (BUF_X1)                           0.03       0.03 r
  OneHot_2_binary/binary_shift[1] (encoder_MAX_SHIFT_MAG1_SHIFT_AS_ONE_HOT0)
                                                          0.00       0.03 r
  U8/ZN (NOR2_X1)                                         0.02       0.05 f
  genblk1_layer_1_0__m1_layer/sel (MUX2_1)                0.00       0.05 f
  genblk1_layer_1_0__m1_layer/U1/Z (MUX2_X1)              0.06       0.11 f
  genblk1_layer_1_0__m1_layer/Y (MUX2_1)                  0.00       0.11 f
  Op[0] (out)                                             0.00       0.11 f
  data arrival time                                                  0.11
  --------------------------------------------------------------------------
  (Path is unconstrained)


  Startpoint: shift_mag[1]
              (input port)
  Endpoint: Op[1] (output port)
  Path Group: (none)
  Path Type: max

  Des/Clust/Port     Wire Load Model       Library
  ------------------------------------------------
  barrelShifter      5K_hvratio_1_1        NangateOpenCellLibrary

  Point                                                   Incr       Path
  --------------------------------------------------------------------------
  input external delay                                    0.00       0.00 r
  shift_mag[1] (in)                                       0.00       0.00 r
  OneHot_2_binary/one_hot_shift[1] (encoder_MAX_SHIFT_MAG1_SHIFT_AS_ONE_HOT0)
                                                          0.00       0.00 r
  OneHot_2_binary/U2/Z (BUF_X1)                           0.03       0.03 r
  OneHot_2_binary/binary_shift[1] (encoder_MAX_SHIFT_MAG1_SHIFT_AS_ONE_HOT0)
                                                          0.00       0.03 r
  U8/ZN (NOR2_X1)                                         0.02       0.05 f
  genblk1_layer_1_1__m1_layer/sel (MUX2_0)                0.00       0.05 f
  genblk1_layer_1_1__m1_layer/U1/Z (MUX2_X1)              0.06       0.11 f
  genblk1_layer_1_1__m1_layer/Y (MUX2_0)                  0.00       0.11 f
  Op[1] (out)                                             0.00       0.11 f
  data arrival time                                                  0.11
  --------------------------------------------------------------------------
  (Path is unconstrained)


  Startpoint: Ip[1] (input port)
  Endpoint: Op[0] (output port)
  Path Group: (none)
  Path Type: max

  Des/Clust/Port     Wire Load Model       Library
  ------------------------------------------------
  barrelShifter      5K_hvratio_1_1        NangateOpenCellLibrary

  Point                                                   Incr       Path
  --------------------------------------------------------------------------
  input external delay                                    0.00       0.00 r
  Ip[1] (in)                                              0.00       0.00 r
  U10/Z (MUX2_X1)                                         0.04       0.04 r
  genblk1_layer_1_0__m1_layer/A (MUX2_1)                  0.00       0.04 r
  genblk1_layer_1_0__m1_layer/U1/Z (MUX2_X1)              0.04       0.08 r
  genblk1_layer_1_0__m1_layer/Y (MUX2_1)                  0.00       0.08 r
  Op[0] (out)                                             0.00       0.08 r
  data arrival time                                                  0.08
  --------------------------------------------------------------------------
  (Path is unconstrained)


  Startpoint: Ip[1] (input port)
  Endpoint: Op[0] (output port)
  Path Group: (none)
  Path Type: max

  Des/Clust/Port     Wire Load Model       Library
  ------------------------------------------------
  barrelShifter      5K_hvratio_1_1        NangateOpenCellLibrary

  Point                                                   Incr       Path
  --------------------------------------------------------------------------
  input external delay                                    0.00       0.00 r
  Ip[1] (in)                                              0.00       0.00 r
  U10/Z (MUX2_X1)                                         0.04       0.04 r
  genblk1_layer_1_0__m1_layer/A (MUX2_1)                  0.00       0.04 r
  genblk1_layer_1_0__m1_layer/U1/Z (MUX2_X1)              0.04       0.08 r
  genblk1_layer_1_0__m1_layer/Y (MUX2_1)                  0.00       0.08 r
  Op[0] (out)                                             0.00       0.08 r
  data arrival time                                                  0.08
  --------------------------------------------------------------------------
  (Path is unconstrained)


  Startpoint: Ip[1] (input port)
  Endpoint: Op[0] (output port)
  Path Group: (none)
  Path Type: max

  Des/Clust/Port     Wire Load Model       Library
  ------------------------------------------------
  barrelShifter      5K_hvratio_1_1        NangateOpenCellLibrary

  Point                                                   Incr       Path
  --------------------------------------------------------------------------
  input external delay                                    0.00       0.00 r
  Ip[1] (in)                                              0.00       0.00 r
  U10/Z (MUX2_X1)                                         0.04       0.04 r
  genblk1_layer_1_0__m1_layer/A (MUX2_1)                  0.00       0.04 r
  genblk1_layer_1_0__m1_layer/U1/Z (MUX2_X1)              0.04       0.08 r
  genblk1_layer_1_0__m1_layer/Y (MUX2_1)                  0.00       0.08 r
  Op[0] (out)                                             0.00       0.08 r
  data arrival time                                                  0.08
  --------------------------------------------------------------------------
  (Path is unconstrained)


  Startpoint: Ip[1] (input port)
  Endpoint: Op[0] (output port)
  Path Group: (none)
  Path Type: max

  Des/Clust/Port     Wire Load Model       Library
  ------------------------------------------------
  barrelShifter      5K_hvratio_1_1        NangateOpenCellLibrary

  Point                                                   Incr       Path
  --------------------------------------------------------------------------
  input external delay                                    0.00       0.00 r
  Ip[1] (in)                                              0.00       0.00 r
  U10/Z (MUX2_X1)                                         0.04       0.04 r
  genblk1_layer_1_0__m1_layer/A (MUX2_1)                  0.00       0.04 r
  genblk1_layer_1_0__m1_layer/U1/Z (MUX2_X1)              0.04       0.08 r
  genblk1_layer_1_0__m1_layer/Y (MUX2_1)                  0.00       0.08 r
  Op[0] (out)                                             0.00       0.08 r
  data arrival time                                                  0.08
  --------------------------------------------------------------------------
  (Path is unconstrained)


  Startpoint: Ip[0] (input port)
  Endpoint: Op[1] (output port)
  Path Group: (none)
  Path Type: max

  Des/Clust/Port     Wire Load Model       Library
  ------------------------------------------------
  barrelShifter      5K_hvratio_1_1        NangateOpenCellLibrary

  Point                                                   Incr       Path
  --------------------------------------------------------------------------
  input external delay                                    0.00       0.00 r
  Ip[0] (in)                                              0.00       0.00 r
  U9/Z (MUX2_X1)                                          0.04       0.04 r
  genblk1_layer_1_1__m1_layer/B (MUX2_0)                  0.00       0.04 r
  genblk1_layer_1_1__m1_layer/U1/Z (MUX2_X1)              0.04       0.08 r
  genblk1_layer_1_1__m1_layer/Y (MUX2_0)                  0.00       0.08 r
  Op[1] (out)                                             0.00       0.08 r
  data arrival time                                                  0.08
  --------------------------------------------------------------------------
  (Path is unconstrained)


  Startpoint: Ip[0] (input port)
  Endpoint: Op[1] (output port)
  Path Group: (none)
  Path Type: max

  Des/Clust/Port     Wire Load Model       Library
  ------------------------------------------------
  barrelShifter      5K_hvratio_1_1        NangateOpenCellLibrary

  Point                                                   Incr       Path
  --------------------------------------------------------------------------
  input external delay                                    0.00       0.00 r
  Ip[0] (in)                                              0.00       0.00 r
  U9/Z (MUX2_X1)                                          0.04       0.04 r
  genblk1_layer_1_1__m1_layer/B (MUX2_0)                  0.00       0.04 r
  genblk1_layer_1_1__m1_layer/U1/Z (MUX2_X1)              0.04       0.08 r
  genblk1_layer_1_1__m1_layer/Y (MUX2_0)                  0.00       0.08 r
  Op[1] (out)                                             0.00       0.08 r
  data arrival time                                                  0.08
  --------------------------------------------------------------------------
  (Path is unconstrained)


  Startpoint: Ip[0] (input port)
  Endpoint: Op[1] (output port)
  Path Group: (none)
  Path Type: max

  Des/Clust/Port     Wire Load Model       Library
  ------------------------------------------------
  barrelShifter      5K_hvratio_1_1        NangateOpenCellLibrary

  Point                                                   Incr       Path
  --------------------------------------------------------------------------
  input external delay                                    0.00       0.00 r
  Ip[0] (in)                                              0.00       0.00 r
  U9/Z (MUX2_X1)                                          0.04       0.04 r
  genblk1_layer_1_1__m1_layer/B (MUX2_0)                  0.00       0.04 r
  genblk1_layer_1_1__m1_layer/U1/Z (MUX2_X1)              0.04       0.08 r
  genblk1_layer_1_1__m1_layer/Y (MUX2_0)                  0.00       0.08 r
  Op[1] (out)                                             0.00       0.08 r
  data arrival time                                                  0.08
  --------------------------------------------------------------------------
  (Path is unconstrained)


  Startpoint: Ip[0] (input port)
  Endpoint: Op[1] (output port)
  Path Group: (none)
  Path Type: max

  Des/Clust/Port     Wire Load Model       Library
  ------------------------------------------------
  barrelShifter      5K_hvratio_1_1        NangateOpenCellLibrary

  Point                                                   Incr       Path
  --------------------------------------------------------------------------
  input external delay                                    0.00       0.00 r
  Ip[0] (in)                                              0.00       0.00 r
  U9/Z (MUX2_X1)                                          0.04       0.04 r
  genblk1_layer_1_1__m1_layer/B (MUX2_0)                  0.00       0.04 r
  genblk1_layer_1_1__m1_layer/U1/Z (MUX2_X1)              0.04       0.08 r
  genblk1_layer_1_1__m1_layer/Y (MUX2_0)                  0.00       0.08 r
  Op[1] (out)                                             0.00       0.08 r
  data arrival time                                                  0.08
  --------------------------------------------------------------------------
  (Path is unconstrained)


  Startpoint: Ip[0] (input port)
  Endpoint: Op[0] (output port)
  Path Group: (none)
  Path Type: max

  Des/Clust/Port     Wire Load Model       Library
  ------------------------------------------------
  barrelShifter      5K_hvratio_1_1        NangateOpenCellLibrary

  Point                                                   Incr       Path
  --------------------------------------------------------------------------
  input external delay                                    0.00       0.00 r
  Ip[0] (in)                                              0.00       0.00 r
  U10/Z (MUX2_X1)                                         0.04       0.04 r
  genblk1_layer_1_0__m1_layer/A (MUX2_1)                  0.00       0.04 r
  genblk1_layer_1_0__m1_layer/U1/Z (MUX2_X1)              0.04       0.08 r
  genblk1_layer_1_0__m1_layer/Y (MUX2_1)                  0.00       0.08 r
  Op[0] (out)                                             0.00       0.08 r
  data arrival time                                                  0.08
  --------------------------------------------------------------------------
  (Path is unconstrained)


  Startpoint: Ip[0] (input port)
  Endpoint: Op[0] (output port)
  Path Group: (none)
  Path Type: max

  Des/Clust/Port     Wire Load Model       Library
  ------------------------------------------------
  barrelShifter      5K_hvratio_1_1        NangateOpenCellLibrary

  Point                                                   Incr       Path
  --------------------------------------------------------------------------
  input external delay                                    0.00       0.00 r
  Ip[0] (in)                                              0.00       0.00 r
  U10/Z (MUX2_X1)                                         0.04       0.04 r
  genblk1_layer_1_0__m1_layer/A (MUX2_1)                  0.00       0.04 r
  genblk1_layer_1_0__m1_layer/U1/Z (MUX2_X1)              0.04       0.08 r
  genblk1_layer_1_0__m1_layer/Y (MUX2_1)                  0.00       0.08 r
  Op[0] (out)                                             0.00       0.08 r
  data arrival time                                                  0.08
  --------------------------------------------------------------------------
  (Path is unconstrained)


  Startpoint: Ip[0] (input port)
  Endpoint: Op[0] (output port)
  Path Group: (none)
  Path Type: max

  Des/Clust/Port     Wire Load Model       Library
  ------------------------------------------------
  barrelShifter      5K_hvratio_1_1        NangateOpenCellLibrary

  Point                                                   Incr       Path
  --------------------------------------------------------------------------
  input external delay                                    0.00       0.00 r
  Ip[0] (in)                                              0.00       0.00 r
  U10/Z (MUX2_X1)                                         0.04       0.04 r
  genblk1_layer_1_0__m1_layer/A (MUX2_1)                  0.00       0.04 r
  genblk1_layer_1_0__m1_layer/U1/Z (MUX2_X1)              0.04       0.08 r
  genblk1_layer_1_0__m1_layer/Y (MUX2_1)                  0.00       0.08 r
  Op[0] (out)                                             0.00       0.08 r
  data arrival time                                                  0.08
  --------------------------------------------------------------------------
  (Path is unconstrained)


  Startpoint: Ip[0] (input port)
  Endpoint: Op[0] (output port)
  Path Group: (none)
  Path Type: max

  Des/Clust/Port     Wire Load Model       Library
  ------------------------------------------------
  barrelShifter      5K_hvratio_1_1        NangateOpenCellLibrary

  Point                                                   Incr       Path
  --------------------------------------------------------------------------
  input external delay                                    0.00       0.00 r
  Ip[0] (in)                                              0.00       0.00 r
  U10/Z (MUX2_X1)                                         0.04       0.04 r
  genblk1_layer_1_0__m1_layer/A (MUX2_1)                  0.00       0.04 r
  genblk1_layer_1_0__m1_layer/U1/Z (MUX2_X1)              0.04       0.08 r
  genblk1_layer_1_0__m1_layer/Y (MUX2_1)                  0.00       0.08 r
  Op[0] (out)                                             0.00       0.08 r
  data arrival time                                                  0.08
  --------------------------------------------------------------------------
  (Path is unconstrained)


  Startpoint: Ip[1] (input port)
  Endpoint: Op[1] (output port)
  Path Group: (none)
  Path Type: max

  Des/Clust/Port     Wire Load Model       Library
  ------------------------------------------------
  barrelShifter      5K_hvratio_1_1        NangateOpenCellLibrary

  Point                                                   Incr       Path
  --------------------------------------------------------------------------
  input external delay                                    0.00       0.00 r
  Ip[1] (in)                                              0.00       0.00 r
  U9/Z (MUX2_X1)                                          0.04       0.04 r
  genblk1_layer_1_1__m1_layer/B (MUX2_0)                  0.00       0.04 r
  genblk1_layer_1_1__m1_layer/U1/Z (MUX2_X1)              0.04       0.08 r
  genblk1_layer_1_1__m1_layer/Y (MUX2_0)                  0.00       0.08 r
  Op[1] (out)                                             0.00       0.08 r
  data arrival time                                                  0.08
  --------------------------------------------------------------------------
  (Path is unconstrained)


  Startpoint: Ip[1] (input port)
  Endpoint: Op[1] (output port)
  Path Group: (none)
  Path Type: max

  Des/Clust/Port     Wire Load Model       Library
  ------------------------------------------------
  barrelShifter      5K_hvratio_1_1        NangateOpenCellLibrary

  Point                                                   Incr       Path
  --------------------------------------------------------------------------
  input external delay                                    0.00       0.00 r
  Ip[1] (in)                                              0.00       0.00 r
  U9/Z (MUX2_X1)                                          0.04       0.04 r
  genblk1_layer_1_1__m1_layer/B (MUX2_0)                  0.00       0.04 r
  genblk1_layer_1_1__m1_layer/U1/Z (MUX2_X1)              0.04       0.08 r
  genblk1_layer_1_1__m1_layer/Y (MUX2_0)                  0.00       0.08 r
  Op[1] (out)                                             0.00       0.08 r
  data arrival time                                                  0.08
  --------------------------------------------------------------------------
  (Path is unconstrained)


  Startpoint: Ip[1] (input port)
  Endpoint: Op[1] (output port)
  Path Group: (none)
  Path Type: max

  Des/Clust/Port     Wire Load Model       Library
  ------------------------------------------------
  barrelShifter      5K_hvratio_1_1        NangateOpenCellLibrary

  Point                                                   Incr       Path
  --------------------------------------------------------------------------
  input external delay                                    0.00       0.00 r
  Ip[1] (in)                                              0.00       0.00 r
  U9/Z (MUX2_X1)                                          0.04       0.04 r
  genblk1_layer_1_1__m1_layer/B (MUX2_0)                  0.00       0.04 r
  genblk1_layer_1_1__m1_layer/U1/Z (MUX2_X1)              0.04       0.08 r
  genblk1_layer_1_1__m1_layer/Y (MUX2_0)                  0.00       0.08 r
  Op[1] (out)                                             0.00       0.08 r
  data arrival time                                                  0.08
  --------------------------------------------------------------------------
  (Path is unconstrained)


  Startpoint: Ip[1] (input port)
  Endpoint: Op[1] (output port)
  Path Group: (none)
  Path Type: max

  Des/Clust/Port     Wire Load Model       Library
  ------------------------------------------------
  barrelShifter      5K_hvratio_1_1        NangateOpenCellLibrary

  Point                                                   Incr       Path
  --------------------------------------------------------------------------
  input external delay                                    0.00       0.00 r
  Ip[1] (in)                                              0.00       0.00 r
  U9/Z (MUX2_X1)                                          0.04       0.04 r
  genblk1_layer_1_1__m1_layer/B (MUX2_0)                  0.00       0.04 r
  genblk1_layer_1_1__m1_layer/U1/Z (MUX2_X1)              0.04       0.08 r
  genblk1_layer_1_1__m1_layer/Y (MUX2_0)                  0.00       0.08 r
  Op[1] (out)                                             0.00       0.08 r
  data arrival time                                                  0.08
  --------------------------------------------------------------------------
  (Path is unconstrained)


  Startpoint: Ip[0] (input port)
  Endpoint: Op[0] (output port)
  Path Group: (none)
  Path Type: max

  Des/Clust/Port     Wire Load Model       Library
  ------------------------------------------------
  barrelShifter      5K_hvratio_1_1        NangateOpenCellLibrary

  Point                                                   Incr       Path
  --------------------------------------------------------------------------
  input external delay                                    0.00       0.00 f
  Ip[0] (in)                                              0.00       0.00 f
  genblk1_layer_1_0__m1_layer/B (MUX2_1)                  0.00       0.00 f
  genblk1_layer_1_0__m1_layer/U1/Z (MUX2_X1)              0.06       0.06 f
  genblk1_layer_1_0__m1_layer/Y (MUX2_1)                  0.00       0.06 f
  Op[0] (out)                                             0.00       0.06 f
  data arrival time                                                  0.06
  --------------------------------------------------------------------------
  (Path is unconstrained)


  Startpoint: Ip[0] (input port)
  Endpoint: Op[0] (output port)
  Path Group: (none)
  Path Type: max

  Des/Clust/Port     Wire Load Model       Library
  ------------------------------------------------
  barrelShifter      5K_hvratio_1_1        NangateOpenCellLibrary

  Point                                                   Incr       Path
  --------------------------------------------------------------------------
  input external delay                                    0.00       0.00 f
  Ip[0] (in)                                              0.00       0.00 f
  genblk1_layer_1_0__m1_layer/B (MUX2_1)                  0.00       0.00 f
  genblk1_layer_1_0__m1_layer/U1/Z (MUX2_X1)              0.06       0.06 f
  genblk1_layer_1_0__m1_layer/Y (MUX2_1)                  0.00       0.06 f
  Op[0] (out)                                             0.00       0.06 f
  data arrival time                                                  0.06
  --------------------------------------------------------------------------
  (Path is unconstrained)


  Startpoint: Ip[1] (input port)
  Endpoint: Op[1] (output port)
  Path Group: (none)
  Path Type: max

  Des/Clust/Port     Wire Load Model       Library
  ------------------------------------------------
  barrelShifter      5K_hvratio_1_1        NangateOpenCellLibrary

  Point                                                   Incr       Path
  --------------------------------------------------------------------------
  input external delay                                    0.00       0.00 f
  Ip[1] (in)                                              0.00       0.00 f
  genblk1_layer_1_1__m1_layer/A (MUX2_0)                  0.00       0.00 f
  genblk1_layer_1_1__m1_layer/U1/Z (MUX2_X1)              0.06       0.06 f
  genblk1_layer_1_1__m1_layer/Y (MUX2_0)                  0.00       0.06 f
  Op[1] (out)                                             0.00       0.06 f
  data arrival time                                                  0.06
  --------------------------------------------------------------------------
  (Path is unconstrained)


  Startpoint: Ip[1] (input port)
  Endpoint: Op[1] (output port)
  Path Group: (none)
  Path Type: max

  Des/Clust/Port     Wire Load Model       Library
  ------------------------------------------------
  barrelShifter      5K_hvratio_1_1        NangateOpenCellLibrary

  Point                                                   Incr       Path
  --------------------------------------------------------------------------
  input external delay                                    0.00       0.00 f
  Ip[1] (in)                                              0.00       0.00 f
  genblk1_layer_1_1__m1_layer/A (MUX2_0)                  0.00       0.00 f
  genblk1_layer_1_1__m1_layer/U1/Z (MUX2_X1)              0.06       0.06 f
  genblk1_layer_1_1__m1_layer/Y (MUX2_0)                  0.00       0.06 f
  Op[1] (out)                                             0.00       0.06 f
  data arrival time                                                  0.06
  --------------------------------------------------------------------------
  (Path is unconstrained)


  Startpoint: Ip[1] (input port)
  Endpoint: Op[1] (output port)
  Path Group: (none)
  Path Type: max

  Des/Clust/Port     Wire Load Model       Library
  ------------------------------------------------
  barrelShifter      5K_hvratio_1_1        NangateOpenCellLibrary

  Point                                                   Incr       Path
  --------------------------------------------------------------------------
  input external delay                                    0.00       0.00 r
  Ip[1] (in)                                              0.00       0.00 r
  genblk1_layer_1_1__m1_layer/A (MUX2_0)                  0.00       0.00 r
  genblk1_layer_1_1__m1_layer/U1/Z (MUX2_X1)              0.04       0.04 r
  genblk1_layer_1_1__m1_layer/Y (MUX2_0)                  0.00       0.04 r
  Op[1] (out)                                             0.00       0.04 r
  data arrival time                                                  0.04
  --------------------------------------------------------------------------
  (Path is unconstrained)


  Startpoint: Ip[1] (input port)
  Endpoint: Op[1] (output port)
  Path Group: (none)
  Path Type: max

  Des/Clust/Port     Wire Load Model       Library
  ------------------------------------------------
  barrelShifter      5K_hvratio_1_1        NangateOpenCellLibrary

  Point                                                   Incr       Path
  --------------------------------------------------------------------------
  input external delay                                    0.00       0.00 r
  Ip[1] (in)                                              0.00       0.00 r
  genblk1_layer_1_1__m1_layer/A (MUX2_0)                  0.00       0.00 r
  genblk1_layer_1_1__m1_layer/U1/Z (MUX2_X1)              0.04       0.04 r
  genblk1_layer_1_1__m1_layer/Y (MUX2_0)                  0.00       0.04 r
  Op[1] (out)                                             0.00       0.04 r
  data arrival time                                                  0.04
  --------------------------------------------------------------------------
  (Path is unconstrained)


  Startpoint: Ip[0] (input port)
  Endpoint: Op[0] (output port)
  Path Group: (none)
  Path Type: max

  Des/Clust/Port     Wire Load Model       Library
  ------------------------------------------------
  barrelShifter      5K_hvratio_1_1        NangateOpenCellLibrary

  Point                                                   Incr       Path
  --------------------------------------------------------------------------
  input external delay                                    0.00       0.00 r
  Ip[0] (in)                                              0.00       0.00 r
  genblk1_layer_1_0__m1_layer/B (MUX2_1)                  0.00       0.00 r
  genblk1_layer_1_0__m1_layer/U1/Z (MUX2_X1)              0.04       0.04 r
  genblk1_layer_1_0__m1_layer/Y (MUX2_1)                  0.00       0.04 r
  Op[0] (out)                                             0.00       0.04 r
  data arrival time                                                  0.04
  --------------------------------------------------------------------------
  (Path is unconstrained)


  Startpoint: Ip[0] (input port)
  Endpoint: Op[0] (output port)
  Path Group: (none)
  Path Type: max

  Des/Clust/Port     Wire Load Model       Library
  ------------------------------------------------
  barrelShifter      5K_hvratio_1_1        NangateOpenCellLibrary

  Point                                                   Incr       Path
  --------------------------------------------------------------------------
  input external delay                                    0.00       0.00 r
  Ip[0] (in)                                              0.00       0.00 r
  genblk1_layer_1_0__m1_layer/B (MUX2_1)                  0.00       0.00 r
  genblk1_layer_1_0__m1_layer/U1/Z (MUX2_X1)              0.04       0.04 r
  genblk1_layer_1_0__m1_layer/Y (MUX2_1)                  0.00       0.04 r
  Op[0] (out)                                             0.00       0.04 r
  data arrival time                                                  0.04
  --------------------------------------------------------------------------
  (Path is unconstrained)


1
