Chronologic VCS simulator copyright 1991-2015
Contains Synopsys proprietary information.
Compiler version K-2015.09_Full64; Runtime version K-2015.09_Full64;  Apr 11 16:07 2022
VCD+ Writer K-2015.09_Full64 Copyright (c) 1991-2015 by Synopsys Inc.
The file '/afs/andrew.cmu.edu/usr13/aeega/private/18743/743_final_proj/inter.vpd' was opened successfully.
---------------------------------------------

The tool has just detected a severe internal error:

SEGV exception handled in internal functions.


Release = 'K-2015.09_Full64'  Architecture = 'amd64'  Program = 'DVE'

'33100218 33137770 33139822 139637076255744'

---------------------------------------------
=======================DVE Context and Call Stack=========================

An unexpected termination has occurred in /afs/ece/support/synopsys/synopsys.release/vcs-mx_vK-2015.09/gui/dve/linux64/bin/dve.exeHostname ece012.ece.local.cmu.edu

VPD API Function hfGetReadObj Handle1="combShifter_tb.Op" 
Function="fieldViewGroupItem::doDrop, View: wave view, Operation: drop on group, Parameters: group name: combShifter_tb" 
Tcl="gui_list_add -id Wave.1 -from Source.1  combShifter_tb  -insertionbar " 
Tcl="gui_eval_and_log_cmd gui_list_add -id Wave.1 -from Source.1  combShifter_tb  -insertionbar " 
Command line: /afs/ece/support/synopsys/synopsys.release/vcs-mx_vK-2015.09/gui/dve/linux64/bin/dve.exe -full64 -ucliplatform=amd64 -toolargs "-ucligui -toolexe ./simv  -pid 17459" -toolin /tmp/vcs_20220411200733_17458_aeega..stdin -toolout /tmp/vcs_20220411200733_17458_aeega..stdout

--- Stack trace follows:
[New LWP 18558]
[New LWP 18057]
[Thread debugging using libthread_db enabled]
Using host libthread_db library "/lib64/libthread_db.so.1".

warning: Cannot parse .gnu_debugdata section; LZMA support was disabled at compile time

warning: Cannot parse .gnu_debugdata section; LZMA support was disabled at compile time

warning: Cannot parse .gnu_debugdata section; LZMA support was disabled at compile time

warning: Cannot parse .gnu_debugdata section; LZMA support was disabled at compile time

warning: Cannot parse .gnu_debugdata section; LZMA support was disabled at compile time

warning: Cannot parse .gnu_debugdata section; LZMA support was disabled at compile time

warning: Cannot parse .gnu_debugdata section; LZMA support was disabled at compile time

warning: Cannot parse .gnu_debugdata section; LZMA support was disabled at compile time

warning: Cannot parse .gnu_debugdata section; LZMA support was disabled at compile time

warning: Cannot parse .gnu_debugdata section; LZMA support was disabled at compile time

warning: Cannot parse .gnu_debugdata section; LZMA support was disabled at compile time

warning: Cannot parse .gnu_debugdata section; LZMA support was disabled at compile time

warning: Cannot parse .gnu_debugdata section; LZMA support was disabled at compile time
0x00007effca5cd659 in waitpid () from /lib64/libc.so.6

Thread 3 (Thread 0x7effc85e8700 (LWP 18057)):
#0  0x00007effcc23dde2 in pthread_cond_timedwait@@GLIBC_2.3.2 () from /lib64/libpthread.so.0
#1  0x00000000028b36fb in ?? ()
#2  0x00000000028b3b8e in QThread::msleep(unsigned long) ()
#3  0x00000000010dcf16 in ag::dveXThread::run() ()
#4  0x00000000028b388a in QThreadInstance::start(void*) ()
#5  0x00007effcc239ea5 in start_thread () from /lib64/libpthread.so.0
#6  0x00007effca606b0d in clone () from /lib64/libc.so.6

Thread 2 (Thread 0x7effc7de7700 (LWP 18558)):
#0  0x00007effca5f7b5d in read () from /lib64/libc.so.6
#1  0x00007effca583d54 in __GI__IO_file_underflow () from /lib64/libc.so.6
#2  0x00007effca584f22 in __GI__IO_default_uflow () from /lib64/libc.so.6
#3  0x00007effca577cd4 in __GI__IO_getline_info () from /lib64/libc.so.6
#4  0x00007effca576ad6 in fgets () from /lib64/libc.so.6
#5  0x00000000011f55f3 in ag::dveSmlSocket::run() ()
#6  0x00000000028b388a in QThreadInstance::start(void*) ()
#7  0x00007effcc239ea5 in start_thread () from /lib64/libpthread.so.0
#8  0x00007effca606b0d in clone () from /lib64/libc.so.6

Thread 1 (Thread 0x7effce05a840 (LWP 17493)):
#0  0x00007effca5cd659 in waitpid () from /lib64/libc.so.6
#1  0x00007effca54af62 in do_system () from /lib64/libc.so.6
#2  0x00007effca54b311 in system () from /lib64/libc.so.6
#3  0x00007effcd663df8 in SNPSle_10ee25eff68cd8461c9146fa1d0b35e87067f3c8015b313e639d2928478c79b3f673f99203bcf8be64600612100082236bffb2007f1e0ef9 () from /afs/ece/support/synopsys/synopsys.release/vcs-mx_vK-2015.09/linux64/lib/liberrorinf.so
#4  0x00007effcd66438d in SNPSle_10ee25eff68cd8461c9146fa1d0b35e87067f3c8015b313e81c34e9ac4c8988ef4a6e067b3aa9271e9f15440f9e8f69ebc77e2fd65860faa () from /afs/ece/support/synopsys/synopsys.release/vcs-mx_vK-2015.09/linux64/lib/liberrorinf.so
#5  0x00007effcd66569b in SNPSle_10ee25eff68cd8461c9146fa1d0b35e87067f3c8015b313efba706aab251478fa49e66610e453774633a6c152e7ef778f2202cda681f3d4e () from /afs/ece/support/synopsys/synopsys.release/vcs-mx_vK-2015.09/linux64/lib/liberrorinf.so
#6  0x00007effcd65e465 in SNPSle_d35ca1ff70d465c2b9b1a72eee90a506fdd009d3de3db1de () from /afs/ece/support/synopsys/synopsys.release/vcs-mx_vK-2015.09/linux64/lib/liberrorinf.so
#7  0x0000000001f9a415 in ag::logErrorMessage(ag::errorType, QString const&, bool) ()
#8  0x0000000001f9ac6e in ?? ()
#9  <signal handler called>
#10 0x00007effcd9af849 in SNPSle_b89b497d8343401309b8cebf36056851cae5ac21169b137fc5a7f1e45c2e6b66ae1d331a00434fd1 () from /afs/ece/support/synopsys/synopsys.release/vcs-mx_vK-2015.09/linux64/lib/libhflib.so
#11 0x00007effcd9a0c88 in SNPSle_2d2fd458016b4009887782aa2ac3125c467adb1a0b551520bf4a419543412efe1e6bf772929c511d () from /afs/ece/support/synopsys/synopsys.release/vcs-mx_vK-2015.09/linux64/lib/libhflib.so
#12 0x00007effcd9a0d77 in SNPSle_2d2fd458016b4009887782aa2ac3125c467adb1a0b5515204dbcbfd7308fb9a4d85294d52c508622 () from /afs/ece/support/synopsys/synopsys.release/vcs-mx_vK-2015.09/linux64/lib/libhflib.so
#13 0x00007effcd9a0e43 in SNPSle_2d2fd458016b4009887782aa2ac3125c91b3bb9aaaa98c98fe719724e5ba9fe917fa2a87b7028b7af5b943387214f8c7 () from /afs/ece/support/synopsys/synopsys.release/vcs-mx_vK-2015.09/linux64/lib/libhflib.so
#14 0x00007effcd9a0aee in SNPSle_2d2fd458016b4009887782aa2ac3125cbed362d38072b61159066ca48e3e3c56904508659a6cea1a () from /afs/ece/support/synopsys/synopsys.release/vcs-mx_vK-2015.09/linux64/lib/libhflib.so
#15 0x00007effcd9a0b22 in SNPSle_2d2fd458016b4009887782aa2ac3125c28ff0fcc0a51a795edd36e59944a9ef09842fdbc7a93c297 () from /afs/ece/support/synopsys/synopsys.release/vcs-mx_vK-2015.09/linux64/lib/libhflib.so
#16 0x00007effcd9a16e0 in SNPSle_b89b497d8343401393562a66a6b4b81d6916be828fe1a67d93b33788480935c3695aba22b97d4f59f6791f2587523d92af251b2a6ce6c864 () from /afs/ece/support/synopsys/synopsys.release/vcs-mx_vK-2015.09/linux64/lib/libhflib.so
#17 0x00007effcd9a0b5c in SNPSle_2d2fd458016b4009887782aa2ac3125c28ff0fcc0a51a795edd36e59944a9ef09842fdbc7a93c297 () from /afs/ece/support/synopsys/synopsys.release/vcs-mx_vK-2015.09/linux64/lib/libhflib.so
#18 0x00007effcd9a3103 in SNPSle_2d2fd458016b400966c2e096b7d99632e81ce868b8563cff0e7b859cd452dd5b () from /afs/ece/support/synopsys/synopsys.release/vcs-mx_vK-2015.09/linux64/lib/libhflib.so
#19 0x00007effcd9a515f in SNPSle_2d2fd458016b400966c2e096b7d996320f855740db5897c614709d191ac90091 () from /afs/ece/support/synopsys/synopsys.release/vcs-mx_vK-2015.09/linux64/lib/libhflib.so
#20 0x00007effcd9a62d6 in SNPSle_2d2fd458016b4009011b4e28906103fefb0bf8c59f9eac834996d42718c27a54d5ebc908cf7b368293a865f5346f8a37 () from /afs/ece/support/synopsys/synopsys.release/vcs-mx_vK-2015.09/linux64/lib/libhflib.so
#21 0x00007effcd9b0a56 in SNPSle_2d2fd458016b40099785151571af20b780ffff57c9799ba7ee549fbcfdc4ed1d71d6bc32d23d6b5a63480ca588d9b1a966556c00677c4c7f () from /afs/ece/support/synopsys/synopsys.release/vcs-mx_vK-2015.09/linux64/lib/libhflib.so
#22 0x00007effcd9b0be4 in SNPSle_2d2fd458016b40099785151571af20b775c9ec91e07a500853e2d261e37e8e2a7dd29bf1bee984be99022b417b44c31abc7f8531c83f9b42fb494e25dd01d16137ea46da33c459a8 () from /afs/ece/support/synopsys/synopsys.release/vcs-mx_vK-2015.09/linux64/lib/libhflib.so
#23 0x00007effcd9aa377 in SNPSle_2d2fd458016b40091440d223d498268aa254c09b6b8ebd2cf912400b1132a79bb90a4be0cb7daa3853985190f978f29643a67e40e24fcb4e0721764f705ee38a () from /afs/ece/support/synopsys/synopsys.release/vcs-mx_vK-2015.09/linux64/lib/libhflib.so
#24 0x00007effcd9ad6b0 in SNPSle_2d2fd458016b40091440d223d498268aa254c09b6b8ebd2c85f663914c00ec949387b982aa59f5ddeee03769aa003a27 () from /afs/ece/support/synopsys/synopsys.release/vcs-mx_vK-2015.09/linux64/lib/libhflib.so
#25 0x00007effcd9a759a in SNPSle_2d2fd458016b4009011b4e28906103fefb0bf8c59f9eac831695bab6bbd4fc7469a06e026c65e15b67d93fbade7d40ad () from /afs/ece/support/synopsys/synopsys.release/vcs-mx_vK-2015.09/linux64/lib/libhflib.so
#26 0x00007effcd99623b in SNPSle_2d2fd458016b4009cc77f49b0e43bc98da027ad471f98d879130cc234e82f2e2a790519a38a3163a () from /afs/ece/support/synopsys/synopsys.release/vcs-mx_vK-2015.09/linux64/lib/libhflib.so
#27 0x00007effcd9bc03a in SNPSle_8d1b2179acedd1750d9ea76e91c880e6697d0235e2188a318e4307e320e143a0 () from /afs/ece/support/synopsys/synopsys.release/vcs-mx_vK-2015.09/linux64/lib/libhflib.so
#28 0x00007effcd9d3334 in SNPSle_e67072563947ded775fb6688f9bb34d7 () from /afs/ece/support/synopsys/synopsys.release/vcs-mx_vK-2015.09/linux64/lib/libhflib.so
#29 0x0000000001b85f25 in ag::valLoaderList::getLoaderID(ag::metaParentObj const&, ag::infLoader*&, bool&) const ()
#30 0x0000000001bf9420 in ag::metaDbObj::traceSignal(char const*, bool) ()
#31 0x0000000001bf897b in ag::metaDbObj::setIsLoadAllChildValues(bool, bool) ()
#32 0x00000000019344dd in ag::fieldViewWaveItem::initializeItem() ()
#33 0x0000000001920fe3 in ag::fieldViewGroupItem::populateData(ag::metaBaseObj*, QListViewItem*) ()
#34 0x0000000001921b21 in ag::fieldViewGroupItem::populateDataFromScopeDrop(ag::metaBaseObj*, QListViewItem*) ()
#35 0x0000000001924eba in ag::fieldViewGroupItem::doDrop(QMimeSource*, QWidget*, bool, QDropEvent::Action, bool) ()
#36 0x0000000001916a1c in ag::fieldViewBlankItem::doDrop(QMimeSource*, QWidget*, bool, QDropEvent::Action, bool) ()
#37 0x00000000018ded93 in ag::dataView::addItemInsert(QListViewItem*, ag::metaBaseObjDrag&) ()
#38 0x00000000019a8b69 in ag::waveListView::addItem(QListViewItem*, ll_list_s*) ()
#39 0x00000000018dd30f in ag::dataView::tclAdd(QString const&, ll_list_s*, bool, char const*) ()
#40 0x000000000191368c in ag::gui_list_add_cmd(void*, cci_interp_s*, ll_list_s*) ()
#41 0x000000000267cf8e in cci_check_command ()
#42 0x00000000027ec26f in TclInvokeStringCommand ()
#43 0x00000000027ed892 in TclEvalObjvInternal ()
#44 0x00000000027edbdf in Tcl_EvalEx ()
#45 0x00000000027ee863 in Tcl_EvalObjEx ()
#46 0x00000000027f492e in Tcl_EvalObjCmd ()
#47 0x00000000027ed892 in TclEvalObjvInternal ()
#48 0x0000000002812319 in ?? ()
#49 0x0000000002816d76 in TclCompEvalObj ()
#50 0x000000000283afa0 in TclObjInterpProc ()
#51 0x00000000027ed892 in TclEvalObjvInternal ()
#52 0x00000000027ee6db in Tcl_EvalObjv ()
#53 0x00000000027ee83e in Tcl_EvalObjEx ()
#54 0x000000000283b597 in Tcl_UplevelObjCmd ()
#55 0x00000000027ed892 in TclEvalObjvInternal ()
#56 0x0000000002812319 in ?? ()
#57 0x0000000002816d76 in TclCompEvalObj ()
#58 0x00000000027ee894 in Tcl_EvalObjEx ()
#59 0x00000000027f4e2b in Tcl_CatchObjCmd ()
#60 0x00000000027ed892 in TclEvalObjvInternal ()
#61 0x0000000002812319 in ?? ()
#62 0x0000000002816d76 in TclCompEvalObj ()
#63 0x000000000283afa0 in TclObjInterpProc ()
#64 0x00000000027ed892 in TclEvalObjvInternal ()
#65 0x00000000027ee6db in Tcl_EvalObjv ()
#66 0x000000000282a8f9 in ?? ()
#67 0x00000000027ed892 in TclEvalObjvInternal ()
#68 0x0000000002812319 in ?? ()
#69 0x0000000002816d76 in TclCompEvalObj ()
#70 0x000000000283afa0 in TclObjInterpProc ()
#71 0x00000000027ed892 in TclEvalObjvInternal ()
#72 0x00000000027ee6db in Tcl_EvalObjv ()
#73 0x00000000027ee83e in Tcl_EvalObjEx ()
#74 0x000000000283b597 in Tcl_UplevelObjCmd ()
#75 0x00000000027ed892 in TclEvalObjvInternal ()
#76 0x0000000002812319 in ?? ()
#77 0x0000000002816d76 in TclCompEvalObj ()
#78 0x00000000027ee894 in Tcl_EvalObjEx ()
#79 0x00000000027f4e2b in Tcl_CatchObjCmd ()
#80 0x00000000027ed892 in TclEvalObjvInternal ()
#81 0x0000000002812319 in ?? ()
#82 0x0000000002816d76 in TclCompEvalObj ()
#83 0x000000000283afa0 in TclObjInterpProc ()
#84 0x00000000027ed892 in TclEvalObjvInternal ()
#85 0x00000000027ee6db in Tcl_EvalObjv ()
#86 0x000000000282a8f9 in ?? ()
#87 0x00000000027ed892 in TclEvalObjvInternal ()
#88 0x0000000002812319 in ?? ()
#89 0x0000000002816d76 in TclCompEvalObj ()
#90 0x00000000027ee894 in Tcl_EvalObjEx ()
#91 0x00000000027fbd99 in Tcl_SwitchObjCmd ()
#92 0x00000000027ed892 in TclEvalObjvInternal ()
#93 0x0000000002812319 in ?? ()
#94 0x0000000002816d76 in TclCompEvalObj ()
#95 0x000000000283afa0 in TclObjInterpProc ()
#96 0x00000000027ed892 in TclEvalObjvInternal ()
#97 0x00000000027ee6db in Tcl_EvalObjv ()
#98 0x00000000027ee83e in Tcl_EvalObjEx ()
#99 0x000000000283b597 in Tcl_UplevelObjCmd ()
#100 0x00000000027ed892 in TclEvalObjvInternal ()
#101 0x0000000002812319 in ?? ()
#102 0x0000000002816d76 in TclCompEvalObj ()
#103 0x00000000027ee894 in Tcl_EvalObjEx ()
#104 0x00000000027f4e2b in Tcl_CatchObjCmd ()
#105 0x00000000027ed892 in TclEvalObjvInternal ()
#106 0x0000000002812319 in ?? ()
#107 0x0000000002816d76 in TclCompEvalObj ()
#108 0x000000000283afa0 in TclObjInterpProc ()
#109 0x00000000027ed892 in TclEvalObjvInternal ()
#110 0x00000000027ee6db in Tcl_EvalObjv ()
#111 0x000000000282a8f9 in ?? ()
#112 0x00000000027ed892 in TclEvalObjvInternal ()
#113 0x00000000027edbdf in Tcl_EvalEx ()
#114 0x000000000267a00c in ?? ()
#115 0x000000000222fdc9 in ek_exec_cci_command_2(EkTclObjHandle&, cci_interp_s*, char const*, int, int, int, int, int, int, int) ()
#116 0x000000000222a060 in EkTclShellExecImpl::TExecCommandIF::runCommand(QString&) ()
#117 0x0000000002233550 in EkShellExecutionImpl::TExecCommand::run() ()
#118 0x0000000002232ead in EkShellExecutionImpl::startRun(EkShellExecutionImpl::TExecCommand*, EkTriState, EkTriState) ()
#119 0x0000000002233000 in EkShellExecutionImpl::executeSync(QString const&, bool, bool, bool, QString*, EkShellDefs::TCmdSrc, bool, EkTriState, EkTriState, bool) ()
#120 0x0000000001f9dc00 in utilEkShellImpl::executeSync(QString const&, bool, bool, bool, QString*, EkShellDefs::TCmdSrc, bool, EkTriState, EkTriState, bool) ()
#121 0x00000000021c958d in EkTclAction::slotExecTcl() ()
#122 0x00000000021de57d in EkTclAction::qt_invoke(int, QUObject*) ()
#123 0x00000000029074e2 in QObject::activate_signal(QConnectionList*, QUObject*) ()
#124 0x00000000029075a2 in QObject::activate_signal(int) ()
#125 0x00000000021d7aaf in EkAction::emitActivatedSignal() ()
#126 0x00000000021b4f8f in TToolBtnWithBuddyArrow::onClicked() ()
#127 0x00000000021dcc66 in TToolBtnWithBuddyArrow::qt_invoke(int, QUObject*) ()
#128 0x00000000029074e2 in QObject::activate_signal(QConnectionList*, QUObject*) ()
#129 0x00000000029075a2 in QObject::activate_signal(int) ()
#130 0x0000000002931900 in QWidget::event(QEvent*) ()
#131 0x00000000028b9e45 in QApplication::internalNotify(QObject*, QEvent*) ()
#132 0x00000000028ba1d5 in QApplication::notify(QObject*, QEvent*) ()
#133 0x000000000200df06 in EkExtQtApp::notify(QObject*, QEvent*) ()
#134 0x0000000001fe056d in ag::baseQtApp::notify(QObject*, QEvent*) ()
#135 0x000000000286f9f6 in QETWidget::translateMouseEvent(_XEvent const*) ()
#136 0x000000000286e540 in QApplication::x11ProcessEvent(_XEvent*) ()
#137 0x000000000287c6ca in QEventLoop::processEvents(unsigned int) ()
#138 0x000000000111e651 in ag::ovaEventLoop::processEvents(unsigned int) ()
#139 0x00000000028ca039 in QEventLoop::enterLoop() ()
#140 0x00000000028c9f9a in QEventLoop::exec() ()
#141 0x000000000111dfbf in run_cci_event_loop ()
#142 0x00000000010ddae4 in ag::ovaAppInst::enterEventLoop(int, char**) ()
#143 0x0000000000de2c2f in main ()
Completed context dump data 'VPD API Function'
==========================================================================
---------------------------------------------

The tool has just detected a severe internal error:

SEGV exception handled in internal functions.


Release = 'K-2015.09_Full64'  Architecture = 'amd64'  Program = 'DVE'

'33100218 33137770 33139822 139637076255744'

---------------------------------------------
=======================DVE Context and Call Stack=========================

VPD API Function hfGetReadObj Handle1="combShifter_tb.Op" 
VPD API Function hfGetReadObj Handle1="combShifter_tb.Op" 
Function="fieldViewGroupItem::doDrop, View: wave view, Operation: drop on group, Parameters: group name: combShifter_tb" 
Tcl="gui_list_add -id Wave.1 -from Source.1  combShifter_tb  -insertionbar " 
Tcl="gui_eval_and_log_cmd gui_list_add -id Wave.1 -from Source.1  combShifter_tb  -insertionbar " 
Command line: /afs/ece/support/synopsys/synopsys.release/vcs-mx_vK-2015.09/gui/dve/linux64/bin/dve.exe -full64 -ucliplatform=amd64 -toolargs "-ucligui -toolexe ./simv  -pid 17459" -toolin /tmp/vcs_20220411200733_17458_aeega..stdin -toolout /tmp/vcs_20220411200733_17458_aeega..stdout

--- Stack trace follows:
[New LWP 18558]
[New LWP 18057]
[Thread debugging using libthread_db enabled]
Using host libthread_db library "/lib64/libthread_db.so.1".

warning: Cannot parse .gnu_debugdata section; LZMA support was disabled at compile time

warning: Cannot parse .gnu_debugdata section; LZMA support was disabled at compile time

warning: Cannot parse .gnu_debugdata section; LZMA support was disabled at compile time

warning: Cannot parse .gnu_debugdata section; LZMA support was disabled at compile time

warning: Cannot parse .gnu_debugdata section; LZMA support was disabled at compile time

warning: Cannot parse .gnu_debugdata section; LZMA support was disabled at compile time

warning: Cannot parse .gnu_debugdata section; LZMA support was disabled at compile time

warning: Cannot parse .gnu_debugdata section; LZMA support was disabled at compile time

warning: Cannot parse .gnu_debugdata section; LZMA support was disabled at compile time

warning: Cannot parse .gnu_debugdata section; LZMA support was disabled at compile time

warning: Cannot parse .gnu_debugdata section; LZMA support was disabled at compile time

warning: Cannot parse .gnu_debugdata section; LZMA support was disabled at compile time

warning: Cannot parse .gnu_debugdata section; LZMA support was disabled at compile time
0x00007effca5cd659 in waitpid () from /lib64/libc.so.6

Thread 3 (Thread 0x7effc85e8700 (LWP 18057)):
#0  0x00007effcc23dde2 in pthread_cond_timedwait@@GLIBC_2.3.2 () from /lib64/libpthread.so.0
#1  0x00000000028b36fb in ?? ()
#2  0x00000000028b3b8e in QThread::msleep(unsigned long) ()
#3  0x00000000010dcf16 in ag::dveXThread::run() ()
#4  0x00000000028b388a in QThreadInstance::start(void*) ()
#5  0x00007effcc239ea5 in start_thread () from /lib64/libpthread.so.0
#6  0x00007effca606b0d in clone () from /lib64/libc.so.6

Thread 2 (Thread 0x7effc7de7700 (LWP 18558)):
#0  0x00007effca5f7b5d in read () from /lib64/libc.so.6
#1  0x00007effca583d54 in __GI__IO_file_underflow () from /lib64/libc.so.6
#2  0x00007effca584f22 in __GI__IO_default_uflow () from /lib64/libc.so.6
#3  0x00007effca577cd4 in __GI__IO_getline_info () from /lib64/libc.so.6
#4  0x00007effca576ad6 in fgets () from /lib64/libc.so.6
#5  0x00000000011f55f3 in ag::dveSmlSocket::run() ()
#6  0x00000000028b388a in QThreadInstance::start(void*) ()
#7  0x00007effcc239ea5 in start_thread () from /lib64/libpthread.so.0
#8  0x00007effca606b0d in clone () from /lib64/libc.so.6

Thread 1 (Thread 0x7effce05a840 (LWP 17493)):
#0  0x00007effca5cd659 in waitpid () from /lib64/libc.so.6
#1  0x00007effca54af62 in do_system () from /lib64/libc.so.6
#2  0x00007effca54b311 in system () from /lib64/libc.so.6
#3  0x00007effcd663df8 in SNPSle_10ee25eff68cd8461c9146fa1d0b35e87067f3c8015b313e639d2928478c79b3f673f99203bcf8be64600612100082236bffb2007f1e0ef9 () from /afs/ece/support/synopsys/synopsys.release/vcs-mx_vK-2015.09/linux64/lib/liberrorinf.so
#4  0x00007effcd66438d in SNPSle_10ee25eff68cd8461c9146fa1d0b35e87067f3c8015b313e81c34e9ac4c8988ef4a6e067b3aa9271e9f15440f9e8f69ebc77e2fd65860faa () from /afs/ece/support/synopsys/synopsys.release/vcs-mx_vK-2015.09/linux64/lib/liberrorinf.so
#5  0x00007effcd66569b in SNPSle_10ee25eff68cd8461c9146fa1d0b35e87067f3c8015b313efba706aab251478fa49e66610e453774633a6c152e7ef778f2202cda681f3d4e () from /afs/ece/support/synopsys/synopsys.release/vcs-mx_vK-2015.09/linux64/lib/liberrorinf.so
#6  0x00007effcd65e465 in SNPSle_d35ca1ff70d465c2b9b1a72eee90a506fdd009d3de3db1de () from /afs/ece/support/synopsys/synopsys.release/vcs-mx_vK-2015.09/linux64/lib/liberrorinf.so
#7  0x0000000001f9a415 in ag::logErrorMessage(ag::errorType, QString const&, bool) ()
#8  0x0000000001f9ac6e in ?? ()
#9  <signal handler called>
#10 0x00007effcd9ae708 in SNPSle_2d2fd458016b40097d0688eee77b7402178a6ba9744a41493c9afd8a78f4a4d152b6e1a6ec18d33e652faadf2b1ec82418a4e12ed335a47ea0c3d0d965a5f0e9e573a3886a4c0e943e2eb226ea2fbaf5 () from /afs/ece/support/synopsys/synopsys.release/vcs-mx_vK-2015.09/linux64/lib/libhflib.so
#11 0x00007effcd9abc43 in SNPSle_2d2fd458016b400992fd9ab2a0fdb32ce4260519f2267c0d75f1fd6ba959e1cfb909613bd638ab7454046259df32282dba17b966373529eb8c60bafa79304086d6d3c5102adcc02c () from /afs/ece/support/synopsys/synopsys.release/vcs-mx_vK-2015.09/linux64/lib/libhflib.so
#12 0x00007effcd9ad541 in SNPSle_2d2fd458016b400992fd9ab2a0fdb32c6f2b844c48b17d83df25b9e183b1601bee55d6829cbd16f320fdd5ef41ed8b40507b3cd523561a430ea48b1012386f73ade201d47d2de403c79c27cf7a97e1669573370d35e1857d () from /afs/ece/support/synopsys/synopsys.release/vcs-mx_vK-2015.09/linux64/lib/libhflib.so
#13 0x00007effcd9ad652 in SNPSle_2d2fd458016b40091440d223d498268aa254c09b6b8ebd2c85f663914c00ec949387b982aa59f5ddeee03769aa003a27 () from /afs/ece/support/synopsys/synopsys.release/vcs-mx_vK-2015.09/linux64/lib/libhflib.so
#14 0x00007effcd9a759a in SNPSle_2d2fd458016b4009011b4e28906103fefb0bf8c59f9eac831695bab6bbd4fc7469a06e026c65e15b67d93fbade7d40ad () from /afs/ece/support/synopsys/synopsys.release/vcs-mx_vK-2015.09/linux64/lib/libhflib.so
#15 0x00007effcd99623b in SNPSle_2d2fd458016b4009cc77f49b0e43bc98da027ad471f98d879130cc234e82f2e2a790519a38a3163a () from /afs/ece/support/synopsys/synopsys.release/vcs-mx_vK-2015.09/linux64/lib/libhflib.so
#16 0x00007effcd9bc03a in SNPSle_8d1b2179acedd1750d9ea76e91c880e6697d0235e2188a318e4307e320e143a0 () from /afs/ece/support/synopsys/synopsys.release/vcs-mx_vK-2015.09/linux64/lib/libhflib.so
#17 0x00007effcd9d3334 in SNPSle_e67072563947ded775fb6688f9bb34d7 () from /afs/ece/support/synopsys/synopsys.release/vcs-mx_vK-2015.09/linux64/lib/libhflib.so
#18 0x0000000001b85f25 in ag::valLoaderList::getLoaderID(ag::metaParentObj const&, ag::infLoader*&, bool&) const ()
#19 0x0000000001b86161 in ag::valLoaderList::getLoader(ag::metaParentObj const&) const ()
#20 0x0000000001bf8f15 in ag::metaDbObj::createLoader(ag::infLoaderList&) const ()
#21 0x0000000001c468f0 in ag::metaParentObj::createLoader() const ()
#22 0x00000000019343b9 in ag::fieldViewWaveItem::initializeItem() ()
#23 0x000000000199ec29 in ag::waveListView::evaluateVisibleItems() ()
#24 0x00000000019951df in ag::waveListView::processViewportChanged() ()
#25 0x00000000019a9524 in ag::waveListView::drawContentsOffset(QPainter*, int, int, int, int, int, int) ()
#26 0x00000000029e2939 in QScrollView::viewportPaintEvent(QPaintEvent*) ()
#27 0x00000000029e6ce6 in QScrollView::eventFilter(QObject*, QEvent*) ()
#28 0x00000000029c6636 in QListView::eventFilter(QObject*, QEvent*) ()
#29 0x00000000018b1782 in ag::baseListView::eventFilter(QObject*, QEvent*) ()
#30 0x00000000019a5e5b in ag::waveListView::eventFilter(QObject*, QEvent*) ()
#31 0x0000000002905670 in QObject::activate_filters(QEvent*) ()
#32 0x00000000029056f9 in QObject::event(QEvent*) ()
#33 0x000000000293152a in QWidget::event(QEvent*) ()
#34 0x00000000028b9e45 in QApplication::internalNotify(QObject*, QEvent*) ()
#35 0x00000000028ba04f in QApplication::notify(QObject*, QEvent*) ()
#36 0x000000000200df06 in EkExtQtApp::notify(QObject*, QEvent*) ()
#37 0x0000000001fe056d in ag::baseQtApp::notify(QObject*, QEvent*) ()
#38 0x0000000002897b85 in QWidget::repaint(int, int, int, int, bool) ()
#39 0x00000000029b6c86 in QListView::updateContents() ()
#40 0x0000000002b8632d in QListView::qt_invoke(int, QUObject*) ()
#41 0x00000000025146c7 in QIvgListView::qt_invoke(int, QUObject*) ()
#42 0x0000000001a76562 in ag::baseListView::qt_invoke(int, QUObject*) ()
#43 0x0000000001a7df74 in ag::metaListView::qt_invoke(int, QUObject*) ()
#44 0x0000000001a78b51 in ag::dataView::qt_invoke(int, QUObject*) ()
#45 0x0000000001a804fc in ag::waveListView::qt_invoke(int, QUObject*) ()
#46 0x00000000029074e2 in QObject::activate_signal(QConnectionList*, QUObject*) ()
#47 0x00000000029075a2 in QObject::activate_signal(int) ()
#48 0x000000000291dd9e in QTimer::event(QEvent*) ()
#49 0x00000000028b9e45 in QApplication::internalNotify(QObject*, QEvent*) ()
#50 0x00000000028ba04f in QApplication::notify(QObject*, QEvent*) ()
#51 0x000000000200df06 in EkExtQtApp::notify(QObject*, QEvent*) ()
#52 0x0000000001fe056d in ag::baseQtApp::notify(QObject*, QEvent*) ()
#53 0x00000000028b0284 in QEventLoop::activateTimers() ()
#54 0x000000000287c9be in QEventLoop::processEvents(unsigned int) ()
#55 0x000000000111e651 in ag::ovaEventLoop::processEvents(unsigned int) ()
#56 0x00000000028ca039 in QEventLoop::enterLoop() ()
#57 0x00000000028c9f9a in QEventLoop::exec() ()
#58 0x000000000111dfbf in run_cci_event_loop ()
#59 0x00000000010ddae4 in ag::ovaAppInst::enterEventLoop(int, char**) ()
#60 0x0000000000de2c2f in main ()
Completed context dump data 'VPD API Function' 'VPD API Function'
==========================================================================
