 
****************************************
Report : area
Design : regShifter
Version: P-2019.03
Date   : Tue Apr 26 23:07:43 2022
****************************************

Library(s) Used:

    NangateOpenCellLibrary (File: /afs/andrew.cmu.edu/course/18/743/backend/45nm_Nangate/pdk_v1.3_v2010_12/NangateOpenCellLibrary_PDKv1_3_v2010_12/Front_End/Liberty/NLDM/NangateOpenCellLibrary_typical.db)

Number of ports:                          421
Number of nets:                          2143
Number of cells:                         1784
Number of combinational cells:           1717
Number of sequential cells:                64
Number of macros/black boxes:               0
Number of buf/inv:                        494
Number of references:                      23

Combinational area:               1902.698012
Buf/Inv area:                      290.206000
Noncombinational area:             391.552002
Macro/Black Box area:                0.000000
Net Interconnect area:      undefined  (Wire load has zero net area)

Total cell area:                  2294.250014
Total area:                 undefined

Hierarchical area distribution
------------------------------

                                  Global cell area          Local cell area
                                  ------------------  ---------------------------- 
Hierarchical cell                 Absolute   Percent  Combi-     Noncombi-  Black-
                                  Total      Total    national   national   boxes   Design
--------------------------------  ---------  -------  ---------  ---------  ------  -----------------------
regShifter                        2294.2500    100.0  1565.9420   391.5520  0.0000  regShifter
genblk1_OneHot_2_binary            299.7820     13.1   299.7820     0.0000  0.0000  encoder_MAX_SHIFT_MAG64
r311                                36.9740      1.6    36.9740     0.0000  0.0000  regShifter_DW01_sub_0
--------------------------------  ---------  -------  ---------  ---------  ------  -----------------------
Total                                                 1902.6980   391.5520  0.0000

1
