 
****************************************
Report : area
Design : regShifter
Version: P-2019.03
Date   : Tue Apr 26 23:02:44 2022
****************************************

Library(s) Used:

    NangateOpenCellLibrary (File: /afs/andrew.cmu.edu/course/18/743/backend/45nm_Nangate/pdk_v1.3_v2010_12/NangateOpenCellLibrary_PDKv1_3_v2010_12/Front_End/Liberty/NLDM/NangateOpenCellLibrary_typical.db)

Number of ports:                           18
Number of nets:                            34
Number of cells:                           19
Number of combinational cells:             16
Number of sequential cells:                 2
Number of macros/black boxes:               0
Number of buf/inv:                          6
Number of references:                       7

Combinational area:                 14.896000
Buf/Inv area:                        3.458000
Noncombinational area:               9.044000
Macro/Black Box area:                0.000000
Net Interconnect area:      undefined  (Wire load has zero net area)

Total cell area:                    23.940000
Total area:                 undefined

Hierarchical area distribution
------------------------------

                                  Global cell area          Local cell area
                                  ------------------  --------------------------- 
Hierarchical cell                 Absolute   Percent  Combi-    Noncombi-  Black-
                                  Total      Total    national  national   boxes   Design
--------------------------------  ---------  -------  --------  ---------  ------  ----------------------
regShifter                          23.9400    100.0    8.5120     9.0440  0.0000  regShifter
genblk1_OneHot_2_binary              6.3840     26.7    6.3840     0.0000  0.0000  encoder_MAX_SHIFT_MAG2
--------------------------------  ---------  -------  --------  ---------  ------  ----------------------
Total                                                  14.8960     9.0440  0.0000

1
