 
****************************************
Report : area
Design : regShifter
Version: P-2019.03
Date   : Tue Apr 26 23:06:58 2022
****************************************

Library(s) Used:

    NangateOpenCellLibrary (File: /afs/andrew.cmu.edu/course/18/743/backend/45nm_Nangate/pdk_v1.3_v2010_12/NangateOpenCellLibrary_PDKv1_3_v2010_12/Front_End/Liberty/NLDM/NangateOpenCellLibrary_typical.db)

Number of ports:                          137
Number of nets:                           379
Number of cells:                          307
Number of combinational cells:            242
Number of sequential cells:                64
Number of macros/black boxes:               0
Number of buf/inv:                        110
Number of references:                       9

Combinational area:                345.534002
Buf/Inv area:                       69.425999
Noncombinational area:             391.552002
Macro/Black Box area:                0.000000
Net Interconnect area:      undefined  (Wire load has zero net area)

Total cell area:                   737.086004
Total area:                 undefined

Hierarchical area distribution
------------------------------

                                  Global cell area          Local cell area
                                  ------------------  --------------------------- 
Hierarchical cell                 Absolute   Percent  Combi-    Noncombi-  Black-
                                  Total      Total    national  national   boxes   Design
--------------------------------  ---------  -------  --------  ---------  ------  ----------------------
regShifter                         737.0860    100.0  342.8740   391.5520  0.0000  regShifter
genblk1_OneHot_2_binary              2.6600      0.4    2.6600     0.0000  0.0000  encoder_MAX_SHIFT_MAG1
--------------------------------  ---------  -------  --------  ---------  ------  ----------------------
Total                                                 345.5340   391.5520  0.0000

1
