 
****************************************
Report : area
Design : regShifter
Version: P-2019.03
Date   : Tue Apr 26 23:04:00 2022
****************************************

Library(s) Used:

    NangateOpenCellLibrary (File: /afs/andrew.cmu.edu/course/18/743/backend/45nm_Nangate/pdk_v1.3_v2010_12/NangateOpenCellLibrary_PDKv1_3_v2010_12/Front_End/Liberty/NLDM/NangateOpenCellLibrary_typical.db)

Number of ports:                           25
Number of nets:                            55
Number of cells:                           39
Number of combinational cells:             30
Number of sequential cells:                 8
Number of macros/black boxes:               0
Number of buf/inv:                         10
Number of references:                       6

Combinational area:                 43.890000
Buf/Inv area:                        5.586000
Noncombinational area:              48.944000
Macro/Black Box area:                0.000000
Net Interconnect area:      undefined  (Wire load has zero net area)

Total cell area:                    92.834001
Total area:                 undefined

Hierarchical area distribution
------------------------------

                                  Global cell area          Local cell area
                                  ------------------  --------------------------- 
Hierarchical cell                 Absolute   Percent  Combi-    Noncombi-  Black-
                                  Total      Total    national  national   boxes   Design
--------------------------------  ---------  -------  --------  ---------  ------  ----------------------
regShifter                          92.8340    100.0   40.6980    48.9440  0.0000  regShifter
genblk1_OneHot_2_binary              3.1920      3.4    3.1920     0.0000  0.0000  encoder_MAX_SHIFT_MAG1
--------------------------------  ---------  -------  --------  ---------  ------  ----------------------
Total                                                  43.8900    48.9440  0.0000

1
