 
****************************************
Report : area
Design : regShifter
Version: P-2019.03
Date   : Tue Apr 26 23:04:39 2022
****************************************

Library(s) Used:

    NangateOpenCellLibrary (File: /afs/andrew.cmu.edu/course/18/743/backend/45nm_Nangate/pdk_v1.3_v2010_12/NangateOpenCellLibrary_PDKv1_3_v2010_12/Front_End/Liberty/NLDM/NangateOpenCellLibrary_typical.db)

Number of ports:                           56
Number of nets:                           194
Number of cells:                          147
Number of combinational cells:            138
Number of sequential cells:                 8
Number of macros/black boxes:               0
Number of buf/inv:                         30
Number of references:                      16

Combinational area:                148.428000
Buf/Inv area:                       16.226000
Noncombinational area:              48.944000
Macro/Black Box area:                0.000000
Net Interconnect area:      undefined  (Wire load has zero net area)

Total cell area:                   197.372000
Total area:                 undefined

Hierarchical area distribution
------------------------------

                                  Global cell area          Local cell area
                                  ------------------  --------------------------- 
Hierarchical cell                 Absolute   Percent  Combi-    Noncombi-  Black-
                                  Total      Total    national  national   boxes   Design
--------------------------------  ---------  -------  --------  ---------  ------  ----------------------
regShifter                         197.3720    100.0  115.9760    48.9440  0.0000  regShifter
genblk1_OneHot_2_binary             32.4520     16.4   32.4520     0.0000  0.0000  encoder_MAX_SHIFT_MAG8
--------------------------------  ---------  -------  --------  ---------  ------  ----------------------
Total                                                 148.4280    48.9440  0.0000

1
