 
****************************************
Report : area
Design : regShifter
Version: P-2019.03
Date   : Tue Apr 26 23:09:02 2022
****************************************

Library(s) Used:

    NangateOpenCellLibrary (File: /afs/andrew.cmu.edu/course/18/743/backend/45nm_Nangate/pdk_v1.3_v2010_12/NangateOpenCellLibrary_PDKv1_3_v2010_12/Front_End/Liberty/NLDM/NangateOpenCellLibrary_typical.db)

Number of ports:                          809
Number of nets:                          4890
Number of cells:                         4206
Number of combinational cells:           4075
Number of sequential cells:               128
Number of macros/black boxes:               0
Number of buf/inv:                       1371
Number of references:                      24

Combinational area:               4405.492004
Buf/Inv area:                      824.865997
Noncombinational area:             783.104004
Macro/Black Box area:                0.000000
Net Interconnect area:      undefined  (Wire load has zero net area)

Total cell area:                  5188.596008
Total area:                 undefined

Hierarchical area distribution
------------------------------

                                  Global cell area          Local cell area
                                  ------------------  ---------------------------- 
Hierarchical cell                 Absolute   Percent  Combi-     Noncombi-  Black-
                                  Total      Total    national   national   boxes   Design
--------------------------------  ---------  -------  ---------  ---------  ------  ------------------------
regShifter                        5188.5960    100.0  3760.4420   783.1040  0.0000  regShifter
genblk1_OneHot_2_binary            603.2880     11.6   603.2880     0.0000  0.0000  encoder_MAX_SHIFT_MAG128
r311                                41.7620      0.8    41.7620     0.0000  0.0000  regShifter_DW01_sub_0
--------------------------------  ---------  -------  ---------  ---------  ------  ------------------------
Total                                                 4405.4920   783.1040  0.0000

1
