 
****************************************
Report : area
Design : regShifter
Version: P-2019.03
Date   : Tue Apr 26 23:08:33 2022
****************************************

Library(s) Used:

    NangateOpenCellLibrary (File: /afs/andrew.cmu.edu/course/18/743/backend/45nm_Nangate/pdk_v1.3_v2010_12/NangateOpenCellLibrary_PDKv1_3_v2010_12/Front_End/Liberty/NLDM/NangateOpenCellLibrary_typical.db)

Number of ports:                          549
Number of nets:                          3839
Number of cells:                         3416
Number of combinational cells:           3285
Number of sequential cells:               128
Number of macros/black boxes:               0
Number of buf/inv:                       1014
Number of references:                      25

Combinational area:               3913.392007
Buf/Inv area:                      593.446000
Noncombinational area:             783.104004
Macro/Black Box area:                0.000000
Net Interconnect area:      undefined  (Wire load has zero net area)

Total cell area:                  4696.496011
Total area:                 undefined

Hierarchical area distribution
------------------------------

                                  Global cell area          Local cell area
                                  ------------------  ---------------------------- 
Hierarchical cell                 Absolute   Percent  Combi-     Noncombi-  Black-
                                  Total      Total    national   national   boxes   Design
--------------------------------  ---------  -------  ---------  ---------  ------  -----------------------
regShifter                        4696.4960    100.0  3573.1780   783.1040  0.0000  regShifter
genblk1_OneHot_2_binary            299.7820      6.4   299.7820     0.0000  0.0000  encoder_MAX_SHIFT_MAG64
r311                                40.4320      0.9    40.4320     0.0000  0.0000  regShifter_DW01_sub_0
--------------------------------  ---------  -------  ---------  ---------  ------  -----------------------
Total                                                 3913.3920   783.1040  0.0000

1
