 
****************************************
Report : area
Design : regShifter
Version: P-2019.03
Date   : Tue Apr 26 23:06:18 2022
****************************************

Library(s) Used:

    NangateOpenCellLibrary (File: /afs/andrew.cmu.edu/course/18/743/backend/45nm_Nangate/pdk_v1.3_v2010_12/NangateOpenCellLibrary_PDKv1_3_v2010_12/Front_End/Liberty/NLDM/NangateOpenCellLibrary_typical.db)

Number of ports:                          157
Number of nets:                           810
Number of cells:                          685
Number of combinational cells:            650
Number of sequential cells:                32
Number of macros/black boxes:               0
Number of buf/inv:                        182
Number of references:                      20

Combinational area:                788.424003
Buf/Inv area:                      101.080001
Noncombinational area:             195.776001
Macro/Black Box area:                0.000000
Net Interconnect area:      undefined  (Wire load has zero net area)

Total cell area:                   984.200004
Total area:                 undefined

Hierarchical area distribution
------------------------------

                                  Global cell area          Local cell area
                                  ------------------  --------------------------- 
Hierarchical cell                 Absolute   Percent  Combi-    Noncombi-  Black-
                                  Total      Total    national  national   boxes   Design
--------------------------------  ---------  -------  --------  ---------  ------  -----------------------
regShifter                         984.2000    100.0  692.1320   195.7760  0.0000  regShifter
genblk1_OneHot_2_binary             68.8940      7.0   68.8940     0.0000  0.0000  encoder_MAX_SHIFT_MAG16
r311                                27.3980      2.8   27.3980     0.0000  0.0000  regShifter_DW01_sub_0
--------------------------------  ---------  -------  --------  ---------  ------  -----------------------
Total                                                 788.4240   195.7760  0.0000

1
