 
****************************************
Report : area
Design : regShifter
Version: P-2019.03
Date   : Tue Apr 26 23:06:38 2022
****************************************

Library(s) Used:

    NangateOpenCellLibrary (File: /afs/andrew.cmu.edu/course/18/743/backend/45nm_Nangate/pdk_v1.3_v2010_12/NangateOpenCellLibrary_PDKv1_3_v2010_12/Front_End/Liberty/NLDM/NangateOpenCellLibrary_typical.db)

Number of ports:                          225
Number of nets:                          1000
Number of cells:                          806
Number of combinational cells:            771
Number of sequential cells:                32
Number of macros/black boxes:               0
Number of buf/inv:                        207
Number of references:                      20

Combinational area:                847.742002
Buf/Inv area:                      114.646001
Noncombinational area:             195.776001
Macro/Black Box area:                0.000000
Net Interconnect area:      undefined  (Wire load has zero net area)

Total cell area:                  1043.518003
Total area:                 undefined

Hierarchical area distribution
------------------------------

                                  Global cell area          Local cell area
                                  ------------------  --------------------------- 
Hierarchical cell                 Absolute   Percent  Combi-    Noncombi-  Black-
                                  Total      Total    national  national   boxes   Design
--------------------------------  ---------  -------  --------  ---------  ------  -----------------------
regShifter                        1043.5180    100.0  672.9800   195.7760  0.0000  regShifter
genblk1_OneHot_2_binary            142.5760     13.7  142.5760     0.0000  0.0000  encoder_MAX_SHIFT_MAG32
r311                                32.1860      3.1   32.1860     0.0000  0.0000  regShifter_DW01_sub_0
--------------------------------  ---------  -------  --------  ---------  ------  -----------------------
Total                                                 847.7420   195.7760  0.0000

1
