 
****************************************
Report : area
Design : regShifter
Version: P-2019.03
Date   : Tue Apr 26 23:03:03 2022
****************************************

Library(s) Used:

    NangateOpenCellLibrary (File: /afs/andrew.cmu.edu/course/18/743/backend/45nm_Nangate/pdk_v1.3_v2010_12/NangateOpenCellLibrary_PDKv1_3_v2010_12/Front_End/Liberty/NLDM/NangateOpenCellLibrary_typical.db)

Number of ports:                           17
Number of nets:                            34
Number of cells:                           22
Number of combinational cells:             17
Number of sequential cells:                 4
Number of macros/black boxes:               0
Number of buf/inv:                          2
Number of references:                       5

Combinational area:                 26.600000
Buf/Inv area:                        1.330000
Noncombinational area:              24.472000
Macro/Black Box area:                0.000000
Net Interconnect area:      undefined  (Wire load has zero net area)

Total cell area:                    51.072000
Total area:                 undefined

Hierarchical area distribution
------------------------------

                                  Global cell area          Local cell area
                                  ------------------  --------------------------- 
Hierarchical cell                 Absolute   Percent  Combi-    Noncombi-  Black-
                                  Total      Total    national  national   boxes   Design
--------------------------------  ---------  -------  --------  ---------  ------  ----------------------
regShifter                          51.0720    100.0   24.2060    24.4720  0.0000  regShifter
genblk1_OneHot_2_binary              2.3940      4.7    2.3940     0.0000  0.0000  encoder_MAX_SHIFT_MAG1
--------------------------------  ---------  -------  --------  ---------  ------  ----------------------
Total                                                  26.6000    24.4720  0.0000

1
