 
****************************************
Report : timing
        -path full
        -delay max
        -nworst 100
        -max_paths 100
Design : combShifter
Version: P-2019.03
Date   : Tue Apr 26 22:38:53 2022
****************************************

Operating Conditions: typical   Library: NangateOpenCellLibrary
Wire Load Model Mode: top

  Startpoint: shift_mag[0]
              (input port)
  Endpoint: Op[0] (output port)
  Path Group: (none)
  Path Type: max

  Des/Clust/Port     Wire Load Model       Library
  ------------------------------------------------
  combShifter        5K_hvratio_1_1        NangateOpenCellLibrary

  Point                                    Incr       Path
  -----------------------------------------------------------
  input external delay                     0.00       0.00 f
  shift_mag[0] (in)                        0.00       0.00 f
  U32/ZN (NOR2_X1)                         0.07       0.07 r
  U27/ZN (OAI221_X1)                       0.05       0.12 f
  Op[0] (out)                              0.00       0.12 f
  data arrival time                                   0.12
  -----------------------------------------------------------
  (Path is unconstrained)


  Startpoint: shift_mag[0]
              (input port)
  Endpoint: Op[1] (output port)
  Path Group: (none)
  Path Type: max

  Des/Clust/Port     Wire Load Model       Library
  ------------------------------------------------
  combShifter        5K_hvratio_1_1        NangateOpenCellLibrary

  Point                                    Incr       Path
  -----------------------------------------------------------
  input external delay                     0.00       0.00 f
  shift_mag[0] (in)                        0.00       0.00 f
  U32/ZN (NOR2_X1)                         0.07       0.07 r
  U23/ZN (OAI221_X1)                       0.05       0.12 f
  Op[1] (out)                              0.00       0.12 f
  data arrival time                                   0.12
  -----------------------------------------------------------
  (Path is unconstrained)


  Startpoint: shift_mag[0]
              (input port)
  Endpoint: Op[2] (output port)
  Path Group: (none)
  Path Type: max

  Des/Clust/Port     Wire Load Model       Library
  ------------------------------------------------
  combShifter        5K_hvratio_1_1        NangateOpenCellLibrary

  Point                                    Incr       Path
  -----------------------------------------------------------
  input external delay                     0.00       0.00 f
  shift_mag[0] (in)                        0.00       0.00 f
  U32/ZN (NOR2_X1)                         0.07       0.07 r
  U20/ZN (OAI221_X1)                       0.05       0.12 f
  Op[2] (out)                              0.00       0.12 f
  data arrival time                                   0.12
  -----------------------------------------------------------
  (Path is unconstrained)


  Startpoint: shift_mag[0]
              (input port)
  Endpoint: Op[3] (output port)
  Path Group: (none)
  Path Type: max

  Des/Clust/Port     Wire Load Model       Library
  ------------------------------------------------
  combShifter        5K_hvratio_1_1        NangateOpenCellLibrary

  Point                                    Incr       Path
  -----------------------------------------------------------
  input external delay                     0.00       0.00 f
  shift_mag[0] (in)                        0.00       0.00 f
  U32/ZN (NOR2_X1)                         0.07       0.07 r
  U17/ZN (OAI221_X1)                       0.05       0.12 f
  Op[3] (out)                              0.00       0.12 f
  data arrival time                                   0.12
  -----------------------------------------------------------
  (Path is unconstrained)


  Startpoint: shift_mag[4]
              (input port)
  Endpoint: Op[0] (output port)
  Path Group: (none)
  Path Type: max

  Des/Clust/Port     Wire Load Model       Library
  ------------------------------------------------
  combShifter        5K_hvratio_1_1        NangateOpenCellLibrary

  Point                                    Incr       Path
  -----------------------------------------------------------
  input external delay                     0.00       0.00 f
  shift_mag[4] (in)                        0.00       0.00 f
  U32/ZN (NOR2_X1)                         0.06       0.06 r
  U27/ZN (OAI221_X1)                       0.05       0.11 f
  Op[0] (out)                              0.00       0.11 f
  data arrival time                                   0.11
  -----------------------------------------------------------
  (Path is unconstrained)


  Startpoint: shift_mag[4]
              (input port)
  Endpoint: Op[1] (output port)
  Path Group: (none)
  Path Type: max

  Des/Clust/Port     Wire Load Model       Library
  ------------------------------------------------
  combShifter        5K_hvratio_1_1        NangateOpenCellLibrary

  Point                                    Incr       Path
  -----------------------------------------------------------
  input external delay                     0.00       0.00 f
  shift_mag[4] (in)                        0.00       0.00 f
  U32/ZN (NOR2_X1)                         0.06       0.06 r
  U23/ZN (OAI221_X1)                       0.05       0.11 f
  Op[1] (out)                              0.00       0.11 f
  data arrival time                                   0.11
  -----------------------------------------------------------
  (Path is unconstrained)


  Startpoint: shift_mag[4]
              (input port)
  Endpoint: Op[2] (output port)
  Path Group: (none)
  Path Type: max

  Des/Clust/Port     Wire Load Model       Library
  ------------------------------------------------
  combShifter        5K_hvratio_1_1        NangateOpenCellLibrary

  Point                                    Incr       Path
  -----------------------------------------------------------
  input external delay                     0.00       0.00 f
  shift_mag[4] (in)                        0.00       0.00 f
  U32/ZN (NOR2_X1)                         0.06       0.06 r
  U20/ZN (OAI221_X1)                       0.05       0.11 f
  Op[2] (out)                              0.00       0.11 f
  data arrival time                                   0.11
  -----------------------------------------------------------
  (Path is unconstrained)


  Startpoint: shift_mag[4]
              (input port)
  Endpoint: Op[3] (output port)
  Path Group: (none)
  Path Type: max

  Des/Clust/Port     Wire Load Model       Library
  ------------------------------------------------
  combShifter        5K_hvratio_1_1        NangateOpenCellLibrary

  Point                                    Incr       Path
  -----------------------------------------------------------
  input external delay                     0.00       0.00 f
  shift_mag[4] (in)                        0.00       0.00 f
  U32/ZN (NOR2_X1)                         0.06       0.06 r
  U17/ZN (OAI221_X1)                       0.05       0.11 f
  Op[3] (out)                              0.00       0.11 f
  data arrival time                                   0.11
  -----------------------------------------------------------
  (Path is unconstrained)


  Startpoint: shift_mag[0]
              (input port)
  Endpoint: Op[0] (output port)
  Path Group: (none)
  Path Type: max

  Des/Clust/Port     Wire Load Model       Library
  ------------------------------------------------
  combShifter        5K_hvratio_1_1        NangateOpenCellLibrary

  Point                                    Incr       Path
  -----------------------------------------------------------
  input external delay                     0.00       0.00 f
  shift_mag[0] (in)                        0.00       0.00 f
  U32/ZN (NOR2_X1)                         0.07       0.07 r
  U27/ZN (OAI221_X1)                       0.04       0.11 f
  Op[0] (out)                              0.00       0.11 f
  data arrival time                                   0.11
  -----------------------------------------------------------
  (Path is unconstrained)


  Startpoint: shift_mag[0]
              (input port)
  Endpoint: Op[1] (output port)
  Path Group: (none)
  Path Type: max

  Des/Clust/Port     Wire Load Model       Library
  ------------------------------------------------
  combShifter        5K_hvratio_1_1        NangateOpenCellLibrary

  Point                                    Incr       Path
  -----------------------------------------------------------
  input external delay                     0.00       0.00 f
  shift_mag[0] (in)                        0.00       0.00 f
  U32/ZN (NOR2_X1)                         0.07       0.07 r
  U23/ZN (OAI221_X1)                       0.04       0.11 f
  Op[1] (out)                              0.00       0.11 f
  data arrival time                                   0.11
  -----------------------------------------------------------
  (Path is unconstrained)


  Startpoint: shift_mag[0]
              (input port)
  Endpoint: Op[2] (output port)
  Path Group: (none)
  Path Type: max

  Des/Clust/Port     Wire Load Model       Library
  ------------------------------------------------
  combShifter        5K_hvratio_1_1        NangateOpenCellLibrary

  Point                                    Incr       Path
  -----------------------------------------------------------
  input external delay                     0.00       0.00 f
  shift_mag[0] (in)                        0.00       0.00 f
  U32/ZN (NOR2_X1)                         0.07       0.07 r
  U20/ZN (OAI221_X1)                       0.04       0.11 f
  Op[2] (out)                              0.00       0.11 f
  data arrival time                                   0.11
  -----------------------------------------------------------
  (Path is unconstrained)


  Startpoint: shift_mag[0]
              (input port)
  Endpoint: Op[3] (output port)
  Path Group: (none)
  Path Type: max

  Des/Clust/Port     Wire Load Model       Library
  ------------------------------------------------
  combShifter        5K_hvratio_1_1        NangateOpenCellLibrary

  Point                                    Incr       Path
  -----------------------------------------------------------
  input external delay                     0.00       0.00 f
  shift_mag[0] (in)                        0.00       0.00 f
  U32/ZN (NOR2_X1)                         0.07       0.07 r
  U17/ZN (OAI221_X1)                       0.04       0.11 f
  Op[3] (out)                              0.00       0.11 f
  data arrival time                                   0.11
  -----------------------------------------------------------
  (Path is unconstrained)


  Startpoint: shift_mag[0]
              (input port)
  Endpoint: Op[0] (output port)
  Path Group: (none)
  Path Type: max

  Des/Clust/Port     Wire Load Model       Library
  ------------------------------------------------
  combShifter        5K_hvratio_1_1        NangateOpenCellLibrary

  Point                                    Incr       Path
  -----------------------------------------------------------
  input external delay                     0.00       0.00 f
  shift_mag[0] (in)                        0.00       0.00 f
  U32/ZN (NOR2_X1)                         0.07       0.07 r
  U27/ZN (OAI221_X1)                       0.04       0.11 f
  Op[0] (out)                              0.00       0.11 f
  data arrival time                                   0.11
  -----------------------------------------------------------
  (Path is unconstrained)


  Startpoint: shift_mag[0]
              (input port)
  Endpoint: Op[1] (output port)
  Path Group: (none)
  Path Type: max

  Des/Clust/Port     Wire Load Model       Library
  ------------------------------------------------
  combShifter        5K_hvratio_1_1        NangateOpenCellLibrary

  Point                                    Incr       Path
  -----------------------------------------------------------
  input external delay                     0.00       0.00 f
  shift_mag[0] (in)                        0.00       0.00 f
  U32/ZN (NOR2_X1)                         0.07       0.07 r
  U23/ZN (OAI221_X1)                       0.04       0.11 f
  Op[1] (out)                              0.00       0.11 f
  data arrival time                                   0.11
  -----------------------------------------------------------
  (Path is unconstrained)


  Startpoint: shift_mag[0]
              (input port)
  Endpoint: Op[2] (output port)
  Path Group: (none)
  Path Type: max

  Des/Clust/Port     Wire Load Model       Library
  ------------------------------------------------
  combShifter        5K_hvratio_1_1        NangateOpenCellLibrary

  Point                                    Incr       Path
  -----------------------------------------------------------
  input external delay                     0.00       0.00 f
  shift_mag[0] (in)                        0.00       0.00 f
  U32/ZN (NOR2_X1)                         0.07       0.07 r
  U20/ZN (OAI221_X1)                       0.04       0.11 f
  Op[2] (out)                              0.00       0.11 f
  data arrival time                                   0.11
  -----------------------------------------------------------
  (Path is unconstrained)


  Startpoint: shift_mag[0]
              (input port)
  Endpoint: Op[3] (output port)
  Path Group: (none)
  Path Type: max

  Des/Clust/Port     Wire Load Model       Library
  ------------------------------------------------
  combShifter        5K_hvratio_1_1        NangateOpenCellLibrary

  Point                                    Incr       Path
  -----------------------------------------------------------
  input external delay                     0.00       0.00 f
  shift_mag[0] (in)                        0.00       0.00 f
  U32/ZN (NOR2_X1)                         0.07       0.07 r
  U17/ZN (OAI221_X1)                       0.04       0.11 f
  Op[3] (out)                              0.00       0.11 f
  data arrival time                                   0.11
  -----------------------------------------------------------
  (Path is unconstrained)


  Startpoint: shift_mag[4]
              (input port)
  Endpoint: Op[0] (output port)
  Path Group: (none)
  Path Type: max

  Des/Clust/Port     Wire Load Model       Library
  ------------------------------------------------
  combShifter        5K_hvratio_1_1        NangateOpenCellLibrary

  Point                                    Incr       Path
  -----------------------------------------------------------
  input external delay                     0.00       0.00 f
  shift_mag[4] (in)                        0.00       0.00 f
  U32/ZN (NOR2_X1)                         0.06       0.06 r
  U27/ZN (OAI221_X1)                       0.04       0.11 f
  Op[0] (out)                              0.00       0.11 f
  data arrival time                                   0.11
  -----------------------------------------------------------
  (Path is unconstrained)


  Startpoint: shift_mag[4]
              (input port)
  Endpoint: Op[1] (output port)
  Path Group: (none)
  Path Type: max

  Des/Clust/Port     Wire Load Model       Library
  ------------------------------------------------
  combShifter        5K_hvratio_1_1        NangateOpenCellLibrary

  Point                                    Incr       Path
  -----------------------------------------------------------
  input external delay                     0.00       0.00 f
  shift_mag[4] (in)                        0.00       0.00 f
  U32/ZN (NOR2_X1)                         0.06       0.06 r
  U23/ZN (OAI221_X1)                       0.04       0.11 f
  Op[1] (out)                              0.00       0.11 f
  data arrival time                                   0.11
  -----------------------------------------------------------
  (Path is unconstrained)


  Startpoint: shift_mag[4]
              (input port)
  Endpoint: Op[2] (output port)
  Path Group: (none)
  Path Type: max

  Des/Clust/Port     Wire Load Model       Library
  ------------------------------------------------
  combShifter        5K_hvratio_1_1        NangateOpenCellLibrary

  Point                                    Incr       Path
  -----------------------------------------------------------
  input external delay                     0.00       0.00 f
  shift_mag[4] (in)                        0.00       0.00 f
  U32/ZN (NOR2_X1)                         0.06       0.06 r
  U20/ZN (OAI221_X1)                       0.04       0.11 f
  Op[2] (out)                              0.00       0.11 f
  data arrival time                                   0.11
  -----------------------------------------------------------
  (Path is unconstrained)


  Startpoint: shift_mag[4]
              (input port)
  Endpoint: Op[3] (output port)
  Path Group: (none)
  Path Type: max

  Des/Clust/Port     Wire Load Model       Library
  ------------------------------------------------
  combShifter        5K_hvratio_1_1        NangateOpenCellLibrary

  Point                                    Incr       Path
  -----------------------------------------------------------
  input external delay                     0.00       0.00 f
  shift_mag[4] (in)                        0.00       0.00 f
  U32/ZN (NOR2_X1)                         0.06       0.06 r
  U17/ZN (OAI221_X1)                       0.04       0.11 f
  Op[3] (out)                              0.00       0.11 f
  data arrival time                                   0.11
  -----------------------------------------------------------
  (Path is unconstrained)


  Startpoint: shift_mag[4]
              (input port)
  Endpoint: Op[0] (output port)
  Path Group: (none)
  Path Type: max

  Des/Clust/Port     Wire Load Model       Library
  ------------------------------------------------
  combShifter        5K_hvratio_1_1        NangateOpenCellLibrary

  Point                                    Incr       Path
  -----------------------------------------------------------
  input external delay                     0.00       0.00 f
  shift_mag[4] (in)                        0.00       0.00 f
  U32/ZN (NOR2_X1)                         0.06       0.06 r
  U27/ZN (OAI221_X1)                       0.04       0.11 f
  Op[0] (out)                              0.00       0.11 f
  data arrival time                                   0.11
  -----------------------------------------------------------
  (Path is unconstrained)


  Startpoint: shift_mag[4]
              (input port)
  Endpoint: Op[1] (output port)
  Path Group: (none)
  Path Type: max

  Des/Clust/Port     Wire Load Model       Library
  ------------------------------------------------
  combShifter        5K_hvratio_1_1        NangateOpenCellLibrary

  Point                                    Incr       Path
  -----------------------------------------------------------
  input external delay                     0.00       0.00 f
  shift_mag[4] (in)                        0.00       0.00 f
  U32/ZN (NOR2_X1)                         0.06       0.06 r
  U23/ZN (OAI221_X1)                       0.04       0.11 f
  Op[1] (out)                              0.00       0.11 f
  data arrival time                                   0.11
  -----------------------------------------------------------
  (Path is unconstrained)


  Startpoint: shift_mag[4]
              (input port)
  Endpoint: Op[2] (output port)
  Path Group: (none)
  Path Type: max

  Des/Clust/Port     Wire Load Model       Library
  ------------------------------------------------
  combShifter        5K_hvratio_1_1        NangateOpenCellLibrary

  Point                                    Incr       Path
  -----------------------------------------------------------
  input external delay                     0.00       0.00 f
  shift_mag[4] (in)                        0.00       0.00 f
  U32/ZN (NOR2_X1)                         0.06       0.06 r
  U20/ZN (OAI221_X1)                       0.04       0.11 f
  Op[2] (out)                              0.00       0.11 f
  data arrival time                                   0.11
  -----------------------------------------------------------
  (Path is unconstrained)


  Startpoint: shift_mag[4]
              (input port)
  Endpoint: Op[3] (output port)
  Path Group: (none)
  Path Type: max

  Des/Clust/Port     Wire Load Model       Library
  ------------------------------------------------
  combShifter        5K_hvratio_1_1        NangateOpenCellLibrary

  Point                                    Incr       Path
  -----------------------------------------------------------
  input external delay                     0.00       0.00 f
  shift_mag[4] (in)                        0.00       0.00 f
  U32/ZN (NOR2_X1)                         0.06       0.06 r
  U17/ZN (OAI221_X1)                       0.04       0.11 f
  Op[3] (out)                              0.00       0.11 f
  data arrival time                                   0.11
  -----------------------------------------------------------
  (Path is unconstrained)


  Startpoint: shift_mag[3]
              (input port)
  Endpoint: Op[1] (output port)
  Path Group: (none)
  Path Type: max

  Des/Clust/Port     Wire Load Model       Library
  ------------------------------------------------
  combShifter        5K_hvratio_1_1        NangateOpenCellLibrary

  Point                                    Incr       Path
  -----------------------------------------------------------
  input external delay                     0.00       0.00 f
  shift_mag[3] (in)                        0.00       0.00 f
  U24/ZN (AOI22_X1)                        0.06       0.06 r
  U23/ZN (OAI221_X1)                       0.04       0.10 f
  Op[1] (out)                              0.00       0.10 f
  data arrival time                                   0.10
  -----------------------------------------------------------
  (Path is unconstrained)


  Startpoint: shift_mag[3]
              (input port)
  Endpoint: Op[2] (output port)
  Path Group: (none)
  Path Type: max

  Des/Clust/Port     Wire Load Model       Library
  ------------------------------------------------
  combShifter        5K_hvratio_1_1        NangateOpenCellLibrary

  Point                                    Incr       Path
  -----------------------------------------------------------
  input external delay                     0.00       0.00 f
  shift_mag[3] (in)                        0.00       0.00 f
  U21/ZN (AOI22_X1)                        0.06       0.06 r
  U20/ZN (OAI221_X1)                       0.04       0.10 f
  Op[2] (out)                              0.00       0.10 f
  data arrival time                                   0.10
  -----------------------------------------------------------
  (Path is unconstrained)


  Startpoint: Ip[3] (input port)
  Endpoint: Op[3] (output port)
  Path Group: (none)
  Path Type: max

  Des/Clust/Port     Wire Load Model       Library
  ------------------------------------------------
  combShifter        5K_hvratio_1_1        NangateOpenCellLibrary

  Point                                    Incr       Path
  -----------------------------------------------------------
  input external delay                     0.00       0.00 f
  Ip[3] (in)                               0.00       0.00 f
  U18/ZN (AOI22_X1)                        0.06       0.06 r
  U17/ZN (OAI221_X1)                       0.04       0.10 f
  Op[3] (out)                              0.00       0.10 f
  data arrival time                                   0.10
  -----------------------------------------------------------
  (Path is unconstrained)


  Startpoint: shift_mag[1]
              (input port)
  Endpoint: Op[0] (output port)
  Path Group: (none)
  Path Type: max

  Des/Clust/Port     Wire Load Model       Library
  ------------------------------------------------
  combShifter        5K_hvratio_1_1        NangateOpenCellLibrary

  Point                                    Incr       Path
  -----------------------------------------------------------
  input external delay                     0.00       0.00 f
  shift_mag[1] (in)                        0.00       0.00 f
  U28/ZN (AOI22_X1)                        0.06       0.06 r
  U27/ZN (OAI221_X1)                       0.04       0.10 f
  Op[0] (out)                              0.00       0.10 f
  data arrival time                                   0.10
  -----------------------------------------------------------
  (Path is unconstrained)


  Startpoint: Ip[3] (input port)
  Endpoint: Op[0] (output port)
  Path Group: (none)
  Path Type: max

  Des/Clust/Port     Wire Load Model       Library
  ------------------------------------------------
  combShifter        5K_hvratio_1_1        NangateOpenCellLibrary

  Point                                    Incr       Path
  -----------------------------------------------------------
  input external delay                     0.00       0.00 f
  Ip[3] (in)                               0.00       0.00 f
  U28/ZN (AOI22_X1)                        0.05       0.05 r
  U27/ZN (OAI221_X1)                       0.04       0.10 f
  Op[0] (out)                              0.00       0.10 f
  data arrival time                                   0.10
  -----------------------------------------------------------
  (Path is unconstrained)


  Startpoint: Ip[2] (input port)
  Endpoint: Op[1] (output port)
  Path Group: (none)
  Path Type: max

  Des/Clust/Port     Wire Load Model       Library
  ------------------------------------------------
  combShifter        5K_hvratio_1_1        NangateOpenCellLibrary

  Point                                    Incr       Path
  -----------------------------------------------------------
  input external delay                     0.00       0.00 f
  Ip[2] (in)                               0.00       0.00 f
  U24/ZN (AOI22_X1)                        0.05       0.05 r
  U23/ZN (OAI221_X1)                       0.04       0.10 f
  Op[1] (out)                              0.00       0.10 f
  data arrival time                                   0.10
  -----------------------------------------------------------
  (Path is unconstrained)


  Startpoint: Ip[3] (input port)
  Endpoint: Op[2] (output port)
  Path Group: (none)
  Path Type: max

  Des/Clust/Port     Wire Load Model       Library
  ------------------------------------------------
  combShifter        5K_hvratio_1_1        NangateOpenCellLibrary

  Point                                    Incr       Path
  -----------------------------------------------------------
  input external delay                     0.00       0.00 f
  Ip[3] (in)                               0.00       0.00 f
  U21/ZN (AOI22_X1)                        0.05       0.05 r
  U20/ZN (OAI221_X1)                       0.04       0.10 f
  Op[2] (out)                              0.00       0.10 f
  data arrival time                                   0.10
  -----------------------------------------------------------
  (Path is unconstrained)


  Startpoint: shift_mag[2]
              (input port)
  Endpoint: Op[3] (output port)
  Path Group: (none)
  Path Type: max

  Des/Clust/Port     Wire Load Model       Library
  ------------------------------------------------
  combShifter        5K_hvratio_1_1        NangateOpenCellLibrary

  Point                                    Incr       Path
  -----------------------------------------------------------
  input external delay                     0.00       0.00 f
  shift_mag[2] (in)                        0.00       0.00 f
  U18/ZN (AOI22_X1)                        0.05       0.05 r
  U17/ZN (OAI221_X1)                       0.04       0.10 f
  Op[3] (out)                              0.00       0.10 f
  data arrival time                                   0.10
  -----------------------------------------------------------
  (Path is unconstrained)


  Startpoint: shift_mag[3]
              (input port)
  Endpoint: Op[1] (output port)
  Path Group: (none)
  Path Type: max

  Des/Clust/Port     Wire Load Model       Library
  ------------------------------------------------
  combShifter        5K_hvratio_1_1        NangateOpenCellLibrary

  Point                                    Incr       Path
  -----------------------------------------------------------
  input external delay                     0.00       0.00 f
  shift_mag[3] (in)                        0.00       0.00 f
  U24/ZN (AOI22_X1)                        0.06       0.06 r
  U23/ZN (OAI221_X1)                       0.04       0.10 f
  Op[1] (out)                              0.00       0.10 f
  data arrival time                                   0.10
  -----------------------------------------------------------
  (Path is unconstrained)


  Startpoint: shift_mag[3]
              (input port)
  Endpoint: Op[2] (output port)
  Path Group: (none)
  Path Type: max

  Des/Clust/Port     Wire Load Model       Library
  ------------------------------------------------
  combShifter        5K_hvratio_1_1        NangateOpenCellLibrary

  Point                                    Incr       Path
  -----------------------------------------------------------
  input external delay                     0.00       0.00 f
  shift_mag[3] (in)                        0.00       0.00 f
  U21/ZN (AOI22_X1)                        0.06       0.06 r
  U20/ZN (OAI221_X1)                       0.04       0.10 f
  Op[2] (out)                              0.00       0.10 f
  data arrival time                                   0.10
  -----------------------------------------------------------
  (Path is unconstrained)


  Startpoint: Ip[3] (input port)
  Endpoint: Op[3] (output port)
  Path Group: (none)
  Path Type: max

  Des/Clust/Port     Wire Load Model       Library
  ------------------------------------------------
  combShifter        5K_hvratio_1_1        NangateOpenCellLibrary

  Point                                    Incr       Path
  -----------------------------------------------------------
  input external delay                     0.00       0.00 f
  Ip[3] (in)                               0.00       0.00 f
  U18/ZN (AOI22_X1)                        0.06       0.06 r
  U17/ZN (OAI221_X1)                       0.04       0.10 f
  Op[3] (out)                              0.00       0.10 f
  data arrival time                                   0.10
  -----------------------------------------------------------
  (Path is unconstrained)


  Startpoint: shift_mag[3]
              (input port)
  Endpoint: Op[1] (output port)
  Path Group: (none)
  Path Type: max

  Des/Clust/Port     Wire Load Model       Library
  ------------------------------------------------
  combShifter        5K_hvratio_1_1        NangateOpenCellLibrary

  Point                                    Incr       Path
  -----------------------------------------------------------
  input external delay                     0.00       0.00 f
  shift_mag[3] (in)                        0.00       0.00 f
  U24/ZN (AOI22_X1)                        0.05       0.05 r
  U23/ZN (OAI221_X1)                       0.04       0.10 f
  Op[1] (out)                              0.00       0.10 f
  data arrival time                                   0.10
  -----------------------------------------------------------
  (Path is unconstrained)


  Startpoint: shift_mag[3]
              (input port)
  Endpoint: Op[2] (output port)
  Path Group: (none)
  Path Type: max

  Des/Clust/Port     Wire Load Model       Library
  ------------------------------------------------
  combShifter        5K_hvratio_1_1        NangateOpenCellLibrary

  Point                                    Incr       Path
  -----------------------------------------------------------
  input external delay                     0.00       0.00 f
  shift_mag[3] (in)                        0.00       0.00 f
  U21/ZN (AOI22_X1)                        0.05       0.05 r
  U20/ZN (OAI221_X1)                       0.04       0.10 f
  Op[2] (out)                              0.00       0.10 f
  data arrival time                                   0.10
  -----------------------------------------------------------
  (Path is unconstrained)


  Startpoint: Ip[3] (input port)
  Endpoint: Op[3] (output port)
  Path Group: (none)
  Path Type: max

  Des/Clust/Port     Wire Load Model       Library
  ------------------------------------------------
  combShifter        5K_hvratio_1_1        NangateOpenCellLibrary

  Point                                    Incr       Path
  -----------------------------------------------------------
  input external delay                     0.00       0.00 f
  Ip[3] (in)                               0.00       0.00 f
  U18/ZN (AOI22_X1)                        0.05       0.05 r
  U17/ZN (OAI221_X1)                       0.04       0.10 f
  Op[3] (out)                              0.00       0.10 f
  data arrival time                                   0.10
  -----------------------------------------------------------
  (Path is unconstrained)


  Startpoint: shift_mag[3]
              (input port)
  Endpoint: Op[1] (output port)
  Path Group: (none)
  Path Type: max

  Des/Clust/Port     Wire Load Model       Library
  ------------------------------------------------
  combShifter        5K_hvratio_1_1        NangateOpenCellLibrary

  Point                                    Incr       Path
  -----------------------------------------------------------
  input external delay                     0.00       0.00 f
  shift_mag[3] (in)                        0.00       0.00 f
  U24/ZN (AOI22_X1)                        0.06       0.06 r
  U23/ZN (OAI221_X1)                       0.04       0.10 f
  Op[1] (out)                              0.00       0.10 f
  data arrival time                                   0.10
  -----------------------------------------------------------
  (Path is unconstrained)


  Startpoint: shift_mag[3]
              (input port)
  Endpoint: Op[2] (output port)
  Path Group: (none)
  Path Type: max

  Des/Clust/Port     Wire Load Model       Library
  ------------------------------------------------
  combShifter        5K_hvratio_1_1        NangateOpenCellLibrary

  Point                                    Incr       Path
  -----------------------------------------------------------
  input external delay                     0.00       0.00 f
  shift_mag[3] (in)                        0.00       0.00 f
  U21/ZN (AOI22_X1)                        0.06       0.06 r
  U20/ZN (OAI221_X1)                       0.04       0.10 f
  Op[2] (out)                              0.00       0.10 f
  data arrival time                                   0.10
  -----------------------------------------------------------
  (Path is unconstrained)


  Startpoint: Ip[3] (input port)
  Endpoint: Op[3] (output port)
  Path Group: (none)
  Path Type: max

  Des/Clust/Port     Wire Load Model       Library
  ------------------------------------------------
  combShifter        5K_hvratio_1_1        NangateOpenCellLibrary

  Point                                    Incr       Path
  -----------------------------------------------------------
  input external delay                     0.00       0.00 f
  Ip[3] (in)                               0.00       0.00 f
  U18/ZN (AOI22_X1)                        0.06       0.06 r
  U17/ZN (OAI221_X1)                       0.04       0.10 f
  Op[3] (out)                              0.00       0.10 f
  data arrival time                                   0.10
  -----------------------------------------------------------
  (Path is unconstrained)


  Startpoint: shift_mag[1]
              (input port)
  Endpoint: Op[0] (output port)
  Path Group: (none)
  Path Type: max

  Des/Clust/Port     Wire Load Model       Library
  ------------------------------------------------
  combShifter        5K_hvratio_1_1        NangateOpenCellLibrary

  Point                                    Incr       Path
  -----------------------------------------------------------
  input external delay                     0.00       0.00 f
  shift_mag[1] (in)                        0.00       0.00 f
  U28/ZN (AOI22_X1)                        0.06       0.06 r
  U27/ZN (OAI221_X1)                       0.04       0.10 f
  Op[0] (out)                              0.00       0.10 f
  data arrival time                                   0.10
  -----------------------------------------------------------
  (Path is unconstrained)


  Startpoint: shift_mag[1]
              (input port)
  Endpoint: Op[0] (output port)
  Path Group: (none)
  Path Type: max

  Des/Clust/Port     Wire Load Model       Library
  ------------------------------------------------
  combShifter        5K_hvratio_1_1        NangateOpenCellLibrary

  Point                                    Incr       Path
  -----------------------------------------------------------
  input external delay                     0.00       0.00 f
  shift_mag[1] (in)                        0.00       0.00 f
  U28/ZN (AOI22_X1)                        0.05       0.05 r
  U27/ZN (OAI221_X1)                       0.04       0.09 f
  Op[0] (out)                              0.00       0.10 f
  data arrival time                                   0.10
  -----------------------------------------------------------
  (Path is unconstrained)


  Startpoint: shift_mag[1]
              (input port)
  Endpoint: Op[0] (output port)
  Path Group: (none)
  Path Type: max

  Des/Clust/Port     Wire Load Model       Library
  ------------------------------------------------
  combShifter        5K_hvratio_1_1        NangateOpenCellLibrary

  Point                                    Incr       Path
  -----------------------------------------------------------
  input external delay                     0.00       0.00 f
  shift_mag[1] (in)                        0.00       0.00 f
  U28/ZN (AOI22_X1)                        0.06       0.06 r
  U27/ZN (OAI221_X1)                       0.04       0.09 f
  Op[0] (out)                              0.00       0.10 f
  data arrival time                                   0.10
  -----------------------------------------------------------
  (Path is unconstrained)


  Startpoint: shift_mag[3]
              (input port)
  Endpoint: Op[1] (output port)
  Path Group: (none)
  Path Type: max

  Des/Clust/Port     Wire Load Model       Library
  ------------------------------------------------
  combShifter        5K_hvratio_1_1        NangateOpenCellLibrary

  Point                                    Incr       Path
  -----------------------------------------------------------
  input external delay                     0.00       0.00 f
  shift_mag[3] (in)                        0.00       0.00 f
  U24/ZN (AOI22_X1)                        0.06       0.06 r
  U23/ZN (OAI221_X1)                       0.04       0.09 f
  Op[1] (out)                              0.00       0.10 f
  data arrival time                                   0.10
  -----------------------------------------------------------
  (Path is unconstrained)


  Startpoint: shift_mag[3]
              (input port)
  Endpoint: Op[2] (output port)
  Path Group: (none)
  Path Type: max

  Des/Clust/Port     Wire Load Model       Library
  ------------------------------------------------
  combShifter        5K_hvratio_1_1        NangateOpenCellLibrary

  Point                                    Incr       Path
  -----------------------------------------------------------
  input external delay                     0.00       0.00 f
  shift_mag[3] (in)                        0.00       0.00 f
  U21/ZN (AOI22_X1)                        0.06       0.06 r
  U20/ZN (OAI221_X1)                       0.04       0.09 f
  Op[2] (out)                              0.00       0.10 f
  data arrival time                                   0.10
  -----------------------------------------------------------
  (Path is unconstrained)


  Startpoint: Ip[3] (input port)
  Endpoint: Op[3] (output port)
  Path Group: (none)
  Path Type: max

  Des/Clust/Port     Wire Load Model       Library
  ------------------------------------------------
  combShifter        5K_hvratio_1_1        NangateOpenCellLibrary

  Point                                    Incr       Path
  -----------------------------------------------------------
  input external delay                     0.00       0.00 f
  Ip[3] (in)                               0.00       0.00 f
  U18/ZN (AOI22_X1)                        0.06       0.06 r
  U17/ZN (OAI221_X1)                       0.04       0.09 f
  Op[3] (out)                              0.00       0.10 f
  data arrival time                                   0.10
  -----------------------------------------------------------
  (Path is unconstrained)


  Startpoint: Ip[3] (input port)
  Endpoint: Op[0] (output port)
  Path Group: (none)
  Path Type: max

  Des/Clust/Port     Wire Load Model       Library
  ------------------------------------------------
  combShifter        5K_hvratio_1_1        NangateOpenCellLibrary

  Point                                    Incr       Path
  -----------------------------------------------------------
  input external delay                     0.00       0.00 f
  Ip[3] (in)                               0.00       0.00 f
  U28/ZN (AOI22_X1)                        0.05       0.05 r
  U27/ZN (OAI221_X1)                       0.04       0.09 f
  Op[0] (out)                              0.00       0.09 f
  data arrival time                                   0.09
  -----------------------------------------------------------
  (Path is unconstrained)


  Startpoint: Ip[2] (input port)
  Endpoint: Op[1] (output port)
  Path Group: (none)
  Path Type: max

  Des/Clust/Port     Wire Load Model       Library
  ------------------------------------------------
  combShifter        5K_hvratio_1_1        NangateOpenCellLibrary

  Point                                    Incr       Path
  -----------------------------------------------------------
  input external delay                     0.00       0.00 f
  Ip[2] (in)                               0.00       0.00 f
  U24/ZN (AOI22_X1)                        0.05       0.05 r
  U23/ZN (OAI221_X1)                       0.04       0.09 f
  Op[1] (out)                              0.00       0.09 f
  data arrival time                                   0.09
  -----------------------------------------------------------
  (Path is unconstrained)


  Startpoint: Ip[3] (input port)
  Endpoint: Op[2] (output port)
  Path Group: (none)
  Path Type: max

  Des/Clust/Port     Wire Load Model       Library
  ------------------------------------------------
  combShifter        5K_hvratio_1_1        NangateOpenCellLibrary

  Point                                    Incr       Path
  -----------------------------------------------------------
  input external delay                     0.00       0.00 f
  Ip[3] (in)                               0.00       0.00 f
  U21/ZN (AOI22_X1)                        0.05       0.05 r
  U20/ZN (OAI221_X1)                       0.04       0.09 f
  Op[2] (out)                              0.00       0.09 f
  data arrival time                                   0.09
  -----------------------------------------------------------
  (Path is unconstrained)


  Startpoint: shift_mag[2]
              (input port)
  Endpoint: Op[3] (output port)
  Path Group: (none)
  Path Type: max

  Des/Clust/Port     Wire Load Model       Library
  ------------------------------------------------
  combShifter        5K_hvratio_1_1        NangateOpenCellLibrary

  Point                                    Incr       Path
  -----------------------------------------------------------
  input external delay                     0.00       0.00 f
  shift_mag[2] (in)                        0.00       0.00 f
  U18/ZN (AOI22_X1)                        0.05       0.05 r
  U17/ZN (OAI221_X1)                       0.04       0.09 f
  Op[3] (out)                              0.00       0.09 f
  data arrival time                                   0.09
  -----------------------------------------------------------
  (Path is unconstrained)


  Startpoint: shift_mag[1]
              (input port)
  Endpoint: Op[0] (output port)
  Path Group: (none)
  Path Type: max

  Des/Clust/Port     Wire Load Model       Library
  ------------------------------------------------
  combShifter        5K_hvratio_1_1        NangateOpenCellLibrary

  Point                                    Incr       Path
  -----------------------------------------------------------
  input external delay                     0.00       0.00 f
  shift_mag[1] (in)                        0.00       0.00 f
  U28/ZN (AOI22_X1)                        0.06       0.06 r
  U27/ZN (OAI221_X1)                       0.04       0.09 f
  Op[0] (out)                              0.00       0.09 f
  data arrival time                                   0.09
  -----------------------------------------------------------
  (Path is unconstrained)


  Startpoint: shift_mag[3]
              (input port)
  Endpoint: Op[1] (output port)
  Path Group: (none)
  Path Type: max

  Des/Clust/Port     Wire Load Model       Library
  ------------------------------------------------
  combShifter        5K_hvratio_1_1        NangateOpenCellLibrary

  Point                                    Incr       Path
  -----------------------------------------------------------
  input external delay                     0.00       0.00 f
  shift_mag[3] (in)                        0.00       0.00 f
  U24/ZN (AOI22_X1)                        0.06       0.06 r
  U23/ZN (OAI221_X1)                       0.03       0.09 f
  Op[1] (out)                              0.00       0.09 f
  data arrival time                                   0.09
  -----------------------------------------------------------
  (Path is unconstrained)


  Startpoint: shift_mag[3]
              (input port)
  Endpoint: Op[2] (output port)
  Path Group: (none)
  Path Type: max

  Des/Clust/Port     Wire Load Model       Library
  ------------------------------------------------
  combShifter        5K_hvratio_1_1        NangateOpenCellLibrary

  Point                                    Incr       Path
  -----------------------------------------------------------
  input external delay                     0.00       0.00 f
  shift_mag[3] (in)                        0.00       0.00 f
  U21/ZN (AOI22_X1)                        0.06       0.06 r
  U20/ZN (OAI221_X1)                       0.03       0.09 f
  Op[2] (out)                              0.00       0.09 f
  data arrival time                                   0.09
  -----------------------------------------------------------
  (Path is unconstrained)


  Startpoint: Ip[3] (input port)
  Endpoint: Op[3] (output port)
  Path Group: (none)
  Path Type: max

  Des/Clust/Port     Wire Load Model       Library
  ------------------------------------------------
  combShifter        5K_hvratio_1_1        NangateOpenCellLibrary

  Point                                    Incr       Path
  -----------------------------------------------------------
  input external delay                     0.00       0.00 f
  Ip[3] (in)                               0.00       0.00 f
  U18/ZN (AOI22_X1)                        0.06       0.06 r
  U17/ZN (OAI221_X1)                       0.03       0.09 f
  Op[3] (out)                              0.00       0.09 f
  data arrival time                                   0.09
  -----------------------------------------------------------
  (Path is unconstrained)


  Startpoint: Ip[2] (input port)
  Endpoint: Op[2] (output port)
  Path Group: (none)
  Path Type: max

  Des/Clust/Port     Wire Load Model       Library
  ------------------------------------------------
  combShifter        5K_hvratio_1_1        NangateOpenCellLibrary

  Point                                    Incr       Path
  -----------------------------------------------------------
  input external delay                     0.00       0.00 f
  Ip[2] (in)                               0.00       0.00 f
  U21/ZN (AOI22_X1)                        0.05       0.05 r
  U20/ZN (OAI221_X1)                       0.04       0.09 f
  Op[2] (out)                              0.00       0.09 f
  data arrival time                                   0.09
  -----------------------------------------------------------
  (Path is unconstrained)


  Startpoint: Ip[2] (input port)
  Endpoint: Op[3] (output port)
  Path Group: (none)
  Path Type: max

  Des/Clust/Port     Wire Load Model       Library
  ------------------------------------------------
  combShifter        5K_hvratio_1_1        NangateOpenCellLibrary

  Point                                    Incr       Path
  -----------------------------------------------------------
  input external delay                     0.00       0.00 f
  Ip[2] (in)                               0.00       0.00 f
  U18/ZN (AOI22_X1)                        0.05       0.05 r
  U17/ZN (OAI221_X1)                       0.04       0.09 f
  Op[3] (out)                              0.00       0.09 f
  data arrival time                                   0.09
  -----------------------------------------------------------
  (Path is unconstrained)


  Startpoint: Ip[3] (input port)
  Endpoint: Op[0] (output port)
  Path Group: (none)
  Path Type: max

  Des/Clust/Port     Wire Load Model       Library
  ------------------------------------------------
  combShifter        5K_hvratio_1_1        NangateOpenCellLibrary

  Point                                    Incr       Path
  -----------------------------------------------------------
  input external delay                     0.00       0.00 f
  Ip[3] (in)                               0.00       0.00 f
  U28/ZN (AOI22_X1)                        0.05       0.05 r
  U27/ZN (OAI221_X1)                       0.04       0.09 f
  Op[0] (out)                              0.00       0.09 f
  data arrival time                                   0.09
  -----------------------------------------------------------
  (Path is unconstrained)


  Startpoint: Ip[2] (input port)
  Endpoint: Op[1] (output port)
  Path Group: (none)
  Path Type: max

  Des/Clust/Port     Wire Load Model       Library
  ------------------------------------------------
  combShifter        5K_hvratio_1_1        NangateOpenCellLibrary

  Point                                    Incr       Path
  -----------------------------------------------------------
  input external delay                     0.00       0.00 f
  Ip[2] (in)                               0.00       0.00 f
  U24/ZN (AOI22_X1)                        0.05       0.05 r
  U23/ZN (OAI221_X1)                       0.04       0.09 f
  Op[1] (out)                              0.00       0.09 f
  data arrival time                                   0.09
  -----------------------------------------------------------
  (Path is unconstrained)


  Startpoint: Ip[3] (input port)
  Endpoint: Op[2] (output port)
  Path Group: (none)
  Path Type: max

  Des/Clust/Port     Wire Load Model       Library
  ------------------------------------------------
  combShifter        5K_hvratio_1_1        NangateOpenCellLibrary

  Point                                    Incr       Path
  -----------------------------------------------------------
  input external delay                     0.00       0.00 f
  Ip[3] (in)                               0.00       0.00 f
  U21/ZN (AOI22_X1)                        0.05       0.05 r
  U20/ZN (OAI221_X1)                       0.04       0.09 f
  Op[2] (out)                              0.00       0.09 f
  data arrival time                                   0.09
  -----------------------------------------------------------
  (Path is unconstrained)


  Startpoint: shift_mag[2]
              (input port)
  Endpoint: Op[3] (output port)
  Path Group: (none)
  Path Type: max

  Des/Clust/Port     Wire Load Model       Library
  ------------------------------------------------
  combShifter        5K_hvratio_1_1        NangateOpenCellLibrary

  Point                                    Incr       Path
  -----------------------------------------------------------
  input external delay                     0.00       0.00 f
  shift_mag[2] (in)                        0.00       0.00 f
  U18/ZN (AOI22_X1)                        0.05       0.05 r
  U17/ZN (OAI221_X1)                       0.04       0.09 f
  Op[3] (out)                              0.00       0.09 f
  data arrival time                                   0.09
  -----------------------------------------------------------
  (Path is unconstrained)


  Startpoint: shift_mag[3]
              (input port)
  Endpoint: Op[1] (output port)
  Path Group: (none)
  Path Type: max

  Des/Clust/Port     Wire Load Model       Library
  ------------------------------------------------
  combShifter        5K_hvratio_1_1        NangateOpenCellLibrary

  Point                                    Incr       Path
  -----------------------------------------------------------
  input external delay                     0.00       0.00 f
  shift_mag[3] (in)                        0.00       0.00 f
  U24/ZN (AOI22_X1)                        0.06       0.06 r
  U23/ZN (OAI221_X1)                       0.03       0.09 f
  Op[1] (out)                              0.00       0.09 f
  data arrival time                                   0.09
  -----------------------------------------------------------
  (Path is unconstrained)


  Startpoint: shift_mag[3]
              (input port)
  Endpoint: Op[2] (output port)
  Path Group: (none)
  Path Type: max

  Des/Clust/Port     Wire Load Model       Library
  ------------------------------------------------
  combShifter        5K_hvratio_1_1        NangateOpenCellLibrary

  Point                                    Incr       Path
  -----------------------------------------------------------
  input external delay                     0.00       0.00 f
  shift_mag[3] (in)                        0.00       0.00 f
  U21/ZN (AOI22_X1)                        0.06       0.06 r
  U20/ZN (OAI221_X1)                       0.03       0.09 f
  Op[2] (out)                              0.00       0.09 f
  data arrival time                                   0.09
  -----------------------------------------------------------
  (Path is unconstrained)


  Startpoint: Ip[3] (input port)
  Endpoint: Op[3] (output port)
  Path Group: (none)
  Path Type: max

  Des/Clust/Port     Wire Load Model       Library
  ------------------------------------------------
  combShifter        5K_hvratio_1_1        NangateOpenCellLibrary

  Point                                    Incr       Path
  -----------------------------------------------------------
  input external delay                     0.00       0.00 f
  Ip[3] (in)                               0.00       0.00 f
  U18/ZN (AOI22_X1)                        0.06       0.06 r
  U17/ZN (OAI221_X1)                       0.03       0.09 f
  Op[3] (out)                              0.00       0.09 f
  data arrival time                                   0.09
  -----------------------------------------------------------
  (Path is unconstrained)


  Startpoint: shift_mag[3]
              (input port)
  Endpoint: Op[1] (output port)
  Path Group: (none)
  Path Type: max

  Des/Clust/Port     Wire Load Model       Library
  ------------------------------------------------
  combShifter        5K_hvratio_1_1        NangateOpenCellLibrary

  Point                                    Incr       Path
  -----------------------------------------------------------
  input external delay                     0.00       0.00 f
  shift_mag[3] (in)                        0.00       0.00 f
  U24/ZN (AOI22_X1)                        0.05       0.05 r
  U23/ZN (OAI221_X1)                       0.04       0.09 f
  Op[1] (out)                              0.00       0.09 f
  data arrival time                                   0.09
  -----------------------------------------------------------
  (Path is unconstrained)


  Startpoint: shift_mag[3]
              (input port)
  Endpoint: Op[2] (output port)
  Path Group: (none)
  Path Type: max

  Des/Clust/Port     Wire Load Model       Library
  ------------------------------------------------
  combShifter        5K_hvratio_1_1        NangateOpenCellLibrary

  Point                                    Incr       Path
  -----------------------------------------------------------
  input external delay                     0.00       0.00 f
  shift_mag[3] (in)                        0.00       0.00 f
  U21/ZN (AOI22_X1)                        0.05       0.05 r
  U20/ZN (OAI221_X1)                       0.04       0.09 f
  Op[2] (out)                              0.00       0.09 f
  data arrival time                                   0.09
  -----------------------------------------------------------
  (Path is unconstrained)


  Startpoint: Ip[3] (input port)
  Endpoint: Op[3] (output port)
  Path Group: (none)
  Path Type: max

  Des/Clust/Port     Wire Load Model       Library
  ------------------------------------------------
  combShifter        5K_hvratio_1_1        NangateOpenCellLibrary

  Point                                    Incr       Path
  -----------------------------------------------------------
  input external delay                     0.00       0.00 f
  Ip[3] (in)                               0.00       0.00 f
  U18/ZN (AOI22_X1)                        0.05       0.05 r
  U17/ZN (OAI221_X1)                       0.04       0.09 f
  Op[3] (out)                              0.00       0.09 f
  data arrival time                                   0.09
  -----------------------------------------------------------
  (Path is unconstrained)


  Startpoint: Ip[3] (input port)
  Endpoint: Op[0] (output port)
  Path Group: (none)
  Path Type: max

  Des/Clust/Port     Wire Load Model       Library
  ------------------------------------------------
  combShifter        5K_hvratio_1_1        NangateOpenCellLibrary

  Point                                    Incr       Path
  -----------------------------------------------------------
  input external delay                     0.00       0.00 f
  Ip[3] (in)                               0.00       0.00 f
  U28/ZN (AOI22_X1)                        0.05       0.05 r
  U27/ZN (OAI221_X1)                       0.04       0.09 f
  Op[0] (out)                              0.00       0.09 f
  data arrival time                                   0.09
  -----------------------------------------------------------
  (Path is unconstrained)


  Startpoint: Ip[2] (input port)
  Endpoint: Op[1] (output port)
  Path Group: (none)
  Path Type: max

  Des/Clust/Port     Wire Load Model       Library
  ------------------------------------------------
  combShifter        5K_hvratio_1_1        NangateOpenCellLibrary

  Point                                    Incr       Path
  -----------------------------------------------------------
  input external delay                     0.00       0.00 f
  Ip[2] (in)                               0.00       0.00 f
  U24/ZN (AOI22_X1)                        0.05       0.05 r
  U23/ZN (OAI221_X1)                       0.04       0.09 f
  Op[1] (out)                              0.00       0.09 f
  data arrival time                                   0.09
  -----------------------------------------------------------
  (Path is unconstrained)


  Startpoint: Ip[3] (input port)
  Endpoint: Op[2] (output port)
  Path Group: (none)
  Path Type: max

  Des/Clust/Port     Wire Load Model       Library
  ------------------------------------------------
  combShifter        5K_hvratio_1_1        NangateOpenCellLibrary

  Point                                    Incr       Path
  -----------------------------------------------------------
  input external delay                     0.00       0.00 f
  Ip[3] (in)                               0.00       0.00 f
  U21/ZN (AOI22_X1)                        0.05       0.05 r
  U20/ZN (OAI221_X1)                       0.04       0.09 f
  Op[2] (out)                              0.00       0.09 f
  data arrival time                                   0.09
  -----------------------------------------------------------
  (Path is unconstrained)


  Startpoint: shift_mag[2]
              (input port)
  Endpoint: Op[3] (output port)
  Path Group: (none)
  Path Type: max

  Des/Clust/Port     Wire Load Model       Library
  ------------------------------------------------
  combShifter        5K_hvratio_1_1        NangateOpenCellLibrary

  Point                                    Incr       Path
  -----------------------------------------------------------
  input external delay                     0.00       0.00 f
  shift_mag[2] (in)                        0.00       0.00 f
  U18/ZN (AOI22_X1)                        0.05       0.05 r
  U17/ZN (OAI221_X1)                       0.04       0.09 f
  Op[3] (out)                              0.00       0.09 f
  data arrival time                                   0.09
  -----------------------------------------------------------
  (Path is unconstrained)


  Startpoint: shift_mag[1]
              (input port)
  Endpoint: Op[0] (output port)
  Path Group: (none)
  Path Type: max

  Des/Clust/Port     Wire Load Model       Library
  ------------------------------------------------
  combShifter        5K_hvratio_1_1        NangateOpenCellLibrary

  Point                                    Incr       Path
  -----------------------------------------------------------
  input external delay                     0.00       0.00 f
  shift_mag[1] (in)                        0.00       0.00 f
  U28/ZN (AOI22_X1)                        0.06       0.06 r
  U27/ZN (OAI221_X1)                       0.03       0.09 f
  Op[0] (out)                              0.00       0.09 f
  data arrival time                                   0.09
  -----------------------------------------------------------
  (Path is unconstrained)


  Startpoint: Ip[1] (input port)
  Endpoint: Op[0] (output port)
  Path Group: (none)
  Path Type: max

  Des/Clust/Port     Wire Load Model       Library
  ------------------------------------------------
  combShifter        5K_hvratio_1_1        NangateOpenCellLibrary

  Point                                    Incr       Path
  -----------------------------------------------------------
  input external delay                     0.00       0.00 f
  Ip[1] (in)                               0.00       0.00 f
  U28/ZN (AOI22_X1)                        0.05       0.05 r
  U27/ZN (OAI221_X1)                       0.04       0.09 f
  Op[0] (out)                              0.00       0.09 f
  data arrival time                                   0.09
  -----------------------------------------------------------
  (Path is unconstrained)


  Startpoint: Ip[1] (input port)
  Endpoint: Op[1] (output port)
  Path Group: (none)
  Path Type: max

  Des/Clust/Port     Wire Load Model       Library
  ------------------------------------------------
  combShifter        5K_hvratio_1_1        NangateOpenCellLibrary

  Point                                    Incr       Path
  -----------------------------------------------------------
  input external delay                     0.00       0.00 f
  Ip[1] (in)                               0.00       0.00 f
  U24/ZN (AOI22_X1)                        0.05       0.05 r
  U23/ZN (OAI221_X1)                       0.04       0.09 f
  Op[1] (out)                              0.00       0.09 f
  data arrival time                                   0.09
  -----------------------------------------------------------
  (Path is unconstrained)


  Startpoint: shift_mag[3]
              (input port)
  Endpoint: Op[1] (output port)
  Path Group: (none)
  Path Type: max

  Des/Clust/Port     Wire Load Model       Library
  ------------------------------------------------
  combShifter        5K_hvratio_1_1        NangateOpenCellLibrary

  Point                                    Incr       Path
  -----------------------------------------------------------
  input external delay                     0.00       0.00 f
  shift_mag[3] (in)                        0.00       0.00 f
  U24/ZN (AOI22_X1)                        0.05       0.05 r
  U23/ZN (OAI221_X1)                       0.04       0.09 f
  Op[1] (out)                              0.00       0.09 f
  data arrival time                                   0.09
  -----------------------------------------------------------
  (Path is unconstrained)


  Startpoint: shift_mag[3]
              (input port)
  Endpoint: Op[2] (output port)
  Path Group: (none)
  Path Type: max

  Des/Clust/Port     Wire Load Model       Library
  ------------------------------------------------
  combShifter        5K_hvratio_1_1        NangateOpenCellLibrary

  Point                                    Incr       Path
  -----------------------------------------------------------
  input external delay                     0.00       0.00 f
  shift_mag[3] (in)                        0.00       0.00 f
  U21/ZN (AOI22_X1)                        0.05       0.05 r
  U20/ZN (OAI221_X1)                       0.04       0.09 f
  Op[2] (out)                              0.00       0.09 f
  data arrival time                                   0.09
  -----------------------------------------------------------
  (Path is unconstrained)


  Startpoint: Ip[3] (input port)
  Endpoint: Op[3] (output port)
  Path Group: (none)
  Path Type: max

  Des/Clust/Port     Wire Load Model       Library
  ------------------------------------------------
  combShifter        5K_hvratio_1_1        NangateOpenCellLibrary

  Point                                    Incr       Path
  -----------------------------------------------------------
  input external delay                     0.00       0.00 f
  Ip[3] (in)                               0.00       0.00 f
  U18/ZN (AOI22_X1)                        0.05       0.05 r
  U17/ZN (OAI221_X1)                       0.04       0.09 f
  Op[3] (out)                              0.00       0.09 f
  data arrival time                                   0.09
  -----------------------------------------------------------
  (Path is unconstrained)


  Startpoint: shift_mag[1]
              (input port)
  Endpoint: Op[0] (output port)
  Path Group: (none)
  Path Type: max

  Des/Clust/Port     Wire Load Model       Library
  ------------------------------------------------
  combShifter        5K_hvratio_1_1        NangateOpenCellLibrary

  Point                                    Incr       Path
  -----------------------------------------------------------
  input external delay                     0.00       0.00 f
  shift_mag[1] (in)                        0.00       0.00 f
  U28/ZN (AOI22_X1)                        0.06       0.06 r
  U27/ZN (OAI221_X1)                       0.03       0.09 f
  Op[0] (out)                              0.00       0.09 f
  data arrival time                                   0.09
  -----------------------------------------------------------
  (Path is unconstrained)


  Startpoint: shift_mag[1]
              (input port)
  Endpoint: Op[0] (output port)
  Path Group: (none)
  Path Type: max

  Des/Clust/Port     Wire Load Model       Library
  ------------------------------------------------
  combShifter        5K_hvratio_1_1        NangateOpenCellLibrary

  Point                                    Incr       Path
  -----------------------------------------------------------
  input external delay                     0.00       0.00 f
  shift_mag[1] (in)                        0.00       0.00 f
  U28/ZN (AOI22_X1)                        0.05       0.05 r
  U27/ZN (OAI221_X1)                       0.04       0.09 f
  Op[0] (out)                              0.00       0.09 f
  data arrival time                                   0.09
  -----------------------------------------------------------
  (Path is unconstrained)


  Startpoint: shift_mag[3]
              (input port)
  Endpoint: Op[1] (output port)
  Path Group: (none)
  Path Type: max

  Des/Clust/Port     Wire Load Model       Library
  ------------------------------------------------
  combShifter        5K_hvratio_1_1        NangateOpenCellLibrary

  Point                                    Incr       Path
  -----------------------------------------------------------
  input external delay                     0.00       0.00 f
  shift_mag[3] (in)                        0.00       0.00 f
  U24/ZN (AOI22_X1)                        0.05       0.05 r
  U23/ZN (OAI221_X1)                       0.04       0.09 f
  Op[1] (out)                              0.00       0.09 f
  data arrival time                                   0.09
  -----------------------------------------------------------
  (Path is unconstrained)


  Startpoint: shift_mag[3]
              (input port)
  Endpoint: Op[2] (output port)
  Path Group: (none)
  Path Type: max

  Des/Clust/Port     Wire Load Model       Library
  ------------------------------------------------
  combShifter        5K_hvratio_1_1        NangateOpenCellLibrary

  Point                                    Incr       Path
  -----------------------------------------------------------
  input external delay                     0.00       0.00 f
  shift_mag[3] (in)                        0.00       0.00 f
  U21/ZN (AOI22_X1)                        0.05       0.05 r
  U20/ZN (OAI221_X1)                       0.04       0.09 f
  Op[2] (out)                              0.00       0.09 f
  data arrival time                                   0.09
  -----------------------------------------------------------
  (Path is unconstrained)


  Startpoint: Ip[3] (input port)
  Endpoint: Op[3] (output port)
  Path Group: (none)
  Path Type: max

  Des/Clust/Port     Wire Load Model       Library
  ------------------------------------------------
  combShifter        5K_hvratio_1_1        NangateOpenCellLibrary

  Point                                    Incr       Path
  -----------------------------------------------------------
  input external delay                     0.00       0.00 f
  Ip[3] (in)                               0.00       0.00 f
  U18/ZN (AOI22_X1)                        0.05       0.05 r
  U17/ZN (OAI221_X1)                       0.04       0.09 f
  Op[3] (out)                              0.00       0.09 f
  data arrival time                                   0.09
  -----------------------------------------------------------
  (Path is unconstrained)


  Startpoint: shift_mag[3]
              (input port)
  Endpoint: Op[1] (output port)
  Path Group: (none)
  Path Type: max

  Des/Clust/Port     Wire Load Model       Library
  ------------------------------------------------
  combShifter        5K_hvratio_1_1        NangateOpenCellLibrary

  Point                                    Incr       Path
  -----------------------------------------------------------
  input external delay                     0.00       0.00 f
  shift_mag[3] (in)                        0.00       0.00 f
  U24/ZN (AOI22_X1)                        0.06       0.06 r
  U23/ZN (OAI221_X1)                       0.03       0.09 f
  Op[1] (out)                              0.00       0.09 f
  data arrival time                                   0.09
  -----------------------------------------------------------
  (Path is unconstrained)


  Startpoint: shift_mag[3]
              (input port)
  Endpoint: Op[2] (output port)
  Path Group: (none)
  Path Type: max

  Des/Clust/Port     Wire Load Model       Library
  ------------------------------------------------
  combShifter        5K_hvratio_1_1        NangateOpenCellLibrary

  Point                                    Incr       Path
  -----------------------------------------------------------
  input external delay                     0.00       0.00 f
  shift_mag[3] (in)                        0.00       0.00 f
  U21/ZN (AOI22_X1)                        0.06       0.06 r
  U20/ZN (OAI221_X1)                       0.03       0.09 f
  Op[2] (out)                              0.00       0.09 f
  data arrival time                                   0.09
  -----------------------------------------------------------
  (Path is unconstrained)


  Startpoint: Ip[3] (input port)
  Endpoint: Op[3] (output port)
  Path Group: (none)
  Path Type: max

  Des/Clust/Port     Wire Load Model       Library
  ------------------------------------------------
  combShifter        5K_hvratio_1_1        NangateOpenCellLibrary

  Point                                    Incr       Path
  -----------------------------------------------------------
  input external delay                     0.00       0.00 f
  Ip[3] (in)                               0.00       0.00 f
  U18/ZN (AOI22_X1)                        0.06       0.06 r
  U17/ZN (OAI221_X1)                       0.03       0.09 f
  Op[3] (out)                              0.00       0.09 f
  data arrival time                                   0.09
  -----------------------------------------------------------
  (Path is unconstrained)


  Startpoint: Ip[3] (input port)
  Endpoint: Op[0] (output port)
  Path Group: (none)
  Path Type: max

  Des/Clust/Port     Wire Load Model       Library
  ------------------------------------------------
  combShifter        5K_hvratio_1_1        NangateOpenCellLibrary

  Point                                    Incr       Path
  -----------------------------------------------------------
  input external delay                     0.00       0.00 f
  Ip[3] (in)                               0.00       0.00 f
  U28/ZN (AOI22_X1)                        0.05       0.05 r
  U27/ZN (OAI221_X1)                       0.04       0.09 f
  Op[0] (out)                              0.00       0.09 f
  data arrival time                                   0.09
  -----------------------------------------------------------
  (Path is unconstrained)


  Startpoint: Ip[2] (input port)
  Endpoint: Op[1] (output port)
  Path Group: (none)
  Path Type: max

  Des/Clust/Port     Wire Load Model       Library
  ------------------------------------------------
  combShifter        5K_hvratio_1_1        NangateOpenCellLibrary

  Point                                    Incr       Path
  -----------------------------------------------------------
  input external delay                     0.00       0.00 f
  Ip[2] (in)                               0.00       0.00 f
  U24/ZN (AOI22_X1)                        0.05       0.05 r
  U23/ZN (OAI221_X1)                       0.04       0.09 f
  Op[1] (out)                              0.00       0.09 f
  data arrival time                                   0.09
  -----------------------------------------------------------
  (Path is unconstrained)


  Startpoint: Ip[3] (input port)
  Endpoint: Op[2] (output port)
  Path Group: (none)
  Path Type: max

  Des/Clust/Port     Wire Load Model       Library
  ------------------------------------------------
  combShifter        5K_hvratio_1_1        NangateOpenCellLibrary

  Point                                    Incr       Path
  -----------------------------------------------------------
  input external delay                     0.00       0.00 f
  Ip[3] (in)                               0.00       0.00 f
  U21/ZN (AOI22_X1)                        0.05       0.05 r
  U20/ZN (OAI221_X1)                       0.04       0.09 f
  Op[2] (out)                              0.00       0.09 f
  data arrival time                                   0.09
  -----------------------------------------------------------
  (Path is unconstrained)


  Startpoint: shift_mag[2]
              (input port)
  Endpoint: Op[3] (output port)
  Path Group: (none)
  Path Type: max

  Des/Clust/Port     Wire Load Model       Library
  ------------------------------------------------
  combShifter        5K_hvratio_1_1        NangateOpenCellLibrary

  Point                                    Incr       Path
  -----------------------------------------------------------
  input external delay                     0.00       0.00 f
  shift_mag[2] (in)                        0.00       0.00 f
  U18/ZN (AOI22_X1)                        0.05       0.05 r
  U17/ZN (OAI221_X1)                       0.04       0.09 f
  Op[3] (out)                              0.00       0.09 f
  data arrival time                                   0.09
  -----------------------------------------------------------
  (Path is unconstrained)


  Startpoint: shift_mag[1]
              (input port)
  Endpoint: Op[0] (output port)
  Path Group: (none)
  Path Type: max

  Des/Clust/Port     Wire Load Model       Library
  ------------------------------------------------
  combShifter        5K_hvratio_1_1        NangateOpenCellLibrary

  Point                                    Incr       Path
  -----------------------------------------------------------
  input external delay                     0.00       0.00 f
  shift_mag[1] (in)                        0.00       0.00 f
  U28/ZN (AOI22_X1)                        0.05       0.05 r
  U27/ZN (OAI221_X1)                       0.04       0.09 f
  Op[0] (out)                              0.00       0.09 f
  data arrival time                                   0.09
  -----------------------------------------------------------
  (Path is unconstrained)


  Startpoint: shift_mag[3]
              (input port)
  Endpoint: Op[1] (output port)
  Path Group: (none)
  Path Type: max

  Des/Clust/Port     Wire Load Model       Library
  ------------------------------------------------
  combShifter        5K_hvratio_1_1        NangateOpenCellLibrary

  Point                                    Incr       Path
  -----------------------------------------------------------
  input external delay                     0.00       0.00 f
  shift_mag[3] (in)                        0.00       0.00 f
  U24/ZN (AOI22_X1)                        0.06       0.06 r
  U23/ZN (OAI221_X1)                       0.03       0.09 f
  Op[1] (out)                              0.00       0.09 f
  data arrival time                                   0.09
  -----------------------------------------------------------
  (Path is unconstrained)


  Startpoint: shift_mag[3]
              (input port)
  Endpoint: Op[2] (output port)
  Path Group: (none)
  Path Type: max

  Des/Clust/Port     Wire Load Model       Library
  ------------------------------------------------
  combShifter        5K_hvratio_1_1        NangateOpenCellLibrary

  Point                                    Incr       Path
  -----------------------------------------------------------
  input external delay                     0.00       0.00 f
  shift_mag[3] (in)                        0.00       0.00 f
  U21/ZN (AOI22_X1)                        0.06       0.06 r
  U20/ZN (OAI221_X1)                       0.03       0.09 f
  Op[2] (out)                              0.00       0.09 f
  data arrival time                                   0.09
  -----------------------------------------------------------
  (Path is unconstrained)


  Startpoint: Ip[3] (input port)
  Endpoint: Op[3] (output port)
  Path Group: (none)
  Path Type: max

  Des/Clust/Port     Wire Load Model       Library
  ------------------------------------------------
  combShifter        5K_hvratio_1_1        NangateOpenCellLibrary

  Point                                    Incr       Path
  -----------------------------------------------------------
  input external delay                     0.00       0.00 f
  Ip[3] (in)                               0.00       0.00 f
  U18/ZN (AOI22_X1)                        0.06       0.06 r
  U17/ZN (OAI221_X1)                       0.03       0.09 f
  Op[3] (out)                              0.00       0.09 f
  data arrival time                                   0.09
  -----------------------------------------------------------
  (Path is unconstrained)


  Startpoint: shift_mag[1]
              (input port)
  Endpoint: Op[0] (output port)
  Path Group: (none)
  Path Type: max

  Des/Clust/Port     Wire Load Model       Library
  ------------------------------------------------
  combShifter        5K_hvratio_1_1        NangateOpenCellLibrary

  Point                                    Incr       Path
  -----------------------------------------------------------
  input external delay                     0.00       0.00 f
  shift_mag[1] (in)                        0.00       0.00 f
  U28/ZN (AOI22_X1)                        0.05       0.05 r
  U27/ZN (OAI221_X1)                       0.04       0.09 f
  Op[0] (out)                              0.00       0.09 f
  data arrival time                                   0.09
  -----------------------------------------------------------
  (Path is unconstrained)


  Startpoint: shift_mag[1]
              (input port)
  Endpoint: Op[0] (output port)
  Path Group: (none)
  Path Type: max

  Des/Clust/Port     Wire Load Model       Library
  ------------------------------------------------
  combShifter        5K_hvratio_1_1        NangateOpenCellLibrary

  Point                                    Incr       Path
  -----------------------------------------------------------
  input external delay                     0.00       0.00 f
  shift_mag[1] (in)                        0.00       0.00 f
  U28/ZN (AOI22_X1)                        0.06       0.06 r
  U27/ZN (OAI221_X1)                       0.03       0.09 f
  Op[0] (out)                              0.00       0.09 f
  data arrival time                                   0.09
  -----------------------------------------------------------
  (Path is unconstrained)


  Startpoint: shift_mag[3]
              (input port)
  Endpoint: Op[1] (output port)
  Path Group: (none)
  Path Type: max

  Des/Clust/Port     Wire Load Model       Library
  ------------------------------------------------
  combShifter        5K_hvratio_1_1        NangateOpenCellLibrary

  Point                                    Incr       Path
  -----------------------------------------------------------
  input external delay                     0.00       0.00 f
  shift_mag[3] (in)                        0.00       0.00 f
  U24/ZN (AOI22_X1)                        0.05       0.05 r
  U23/ZN (OAI221_X1)                       0.04       0.09 f
  Op[1] (out)                              0.00       0.09 f
  data arrival time                                   0.09
  -----------------------------------------------------------
  (Path is unconstrained)


  Startpoint: shift_mag[3]
              (input port)
  Endpoint: Op[2] (output port)
  Path Group: (none)
  Path Type: max

  Des/Clust/Port     Wire Load Model       Library
  ------------------------------------------------
  combShifter        5K_hvratio_1_1        NangateOpenCellLibrary

  Point                                    Incr       Path
  -----------------------------------------------------------
  input external delay                     0.00       0.00 f
  shift_mag[3] (in)                        0.00       0.00 f
  U21/ZN (AOI22_X1)                        0.05       0.05 r
  U20/ZN (OAI221_X1)                       0.04       0.09 f
  Op[2] (out)                              0.00       0.09 f
  data arrival time                                   0.09
  -----------------------------------------------------------
  (Path is unconstrained)


  Startpoint: Ip[3] (input port)
  Endpoint: Op[3] (output port)
  Path Group: (none)
  Path Type: max

  Des/Clust/Port     Wire Load Model       Library
  ------------------------------------------------
  combShifter        5K_hvratio_1_1        NangateOpenCellLibrary

  Point                                    Incr       Path
  -----------------------------------------------------------
  input external delay                     0.00       0.00 f
  Ip[3] (in)                               0.00       0.00 f
  U18/ZN (AOI22_X1)                        0.05       0.05 r
  U17/ZN (OAI221_X1)                       0.04       0.09 f
  Op[3] (out)                              0.00       0.09 f
  data arrival time                                   0.09
  -----------------------------------------------------------
  (Path is unconstrained)


  Startpoint: shift_mag[2]
              (input port)
  Endpoint: Op[1] (output port)
  Path Group: (none)
  Path Type: max

  Des/Clust/Port     Wire Load Model       Library
  ------------------------------------------------
  combShifter        5K_hvratio_1_1        NangateOpenCellLibrary

  Point                                    Incr       Path
  -----------------------------------------------------------
  input external delay                     0.00       0.00 f
  shift_mag[2] (in)                        0.00       0.00 f
  U24/ZN (AOI22_X1)                        0.05       0.05 r
  U23/ZN (OAI221_X1)                       0.04       0.09 f
  Op[1] (out)                              0.00       0.09 f
  data arrival time                                   0.09
  -----------------------------------------------------------
  (Path is unconstrained)


  Startpoint: shift_mag[2]
              (input port)
  Endpoint: Op[2] (output port)
  Path Group: (none)
  Path Type: max

  Des/Clust/Port     Wire Load Model       Library
  ------------------------------------------------
  combShifter        5K_hvratio_1_1        NangateOpenCellLibrary

  Point                                    Incr       Path
  -----------------------------------------------------------
  input external delay                     0.00       0.00 f
  shift_mag[2] (in)                        0.00       0.00 f
  U21/ZN (AOI22_X1)                        0.05       0.05 r
  U20/ZN (OAI221_X1)                       0.04       0.09 f
  Op[2] (out)                              0.00       0.09 f
  data arrival time                                   0.09
  -----------------------------------------------------------
  (Path is unconstrained)


1
