 
****************************************
Report : timing
        -path full
        -delay max
        -nworst 100
        -max_paths 100
Design : combShifter
Version: P-2019.03
Date   : Tue Apr 26 22:39:12 2022
****************************************

Operating Conditions: typical   Library: NangateOpenCellLibrary
Wire Load Model Mode: top

  Startpoint: shift_mag[5]
              (input port)
  Endpoint: Op[0] (output port)
  Path Group: (none)
  Path Type: max

  Des/Clust/Port     Wire Load Model       Library
  ------------------------------------------------
  combShifter        5K_hvratio_1_1        NangateOpenCellLibrary

  Point                                    Incr       Path
  -----------------------------------------------------------
  input external delay                     0.00       0.00 f
  shift_mag[5] (in)                        0.00       0.00 f
  U27/ZN (OR2_X1)                          0.07       0.07 f
  U26/ZN (AOI22_X1)                        0.07       0.13 r
  U25/ZN (OAI221_X1)                       0.04       0.17 f
  Op[0] (out)                              0.00       0.18 f
  data arrival time                                   0.18
  -----------------------------------------------------------
  (Path is unconstrained)


  Startpoint: shift_mag[5]
              (input port)
  Endpoint: Op[1] (output port)
  Path Group: (none)
  Path Type: max

  Des/Clust/Port     Wire Load Model       Library
  ------------------------------------------------
  combShifter        5K_hvratio_1_1        NangateOpenCellLibrary

  Point                                    Incr       Path
  -----------------------------------------------------------
  input external delay                     0.00       0.00 f
  shift_mag[5] (in)                        0.00       0.00 f
  U27/ZN (OR2_X1)                          0.07       0.07 f
  U23/ZN (AOI22_X1)                        0.07       0.13 r
  U22/ZN (OAI221_X1)                       0.04       0.17 f
  Op[1] (out)                              0.00       0.18 f
  data arrival time                                   0.18
  -----------------------------------------------------------
  (Path is unconstrained)


  Startpoint: shift_mag[5]
              (input port)
  Endpoint: Op[2] (output port)
  Path Group: (none)
  Path Type: max

  Des/Clust/Port     Wire Load Model       Library
  ------------------------------------------------
  combShifter        5K_hvratio_1_1        NangateOpenCellLibrary

  Point                                    Incr       Path
  -----------------------------------------------------------
  input external delay                     0.00       0.00 f
  shift_mag[5] (in)                        0.00       0.00 f
  U27/ZN (OR2_X1)                          0.07       0.07 f
  U20/ZN (AOI22_X1)                        0.07       0.13 r
  U19/ZN (OAI221_X1)                       0.04       0.17 f
  Op[2] (out)                              0.00       0.18 f
  data arrival time                                   0.18
  -----------------------------------------------------------
  (Path is unconstrained)


  Startpoint: shift_mag[5]
              (input port)
  Endpoint: Op[3] (output port)
  Path Group: (none)
  Path Type: max

  Des/Clust/Port     Wire Load Model       Library
  ------------------------------------------------
  combShifter        5K_hvratio_1_1        NangateOpenCellLibrary

  Point                                    Incr       Path
  -----------------------------------------------------------
  input external delay                     0.00       0.00 f
  shift_mag[5] (in)                        0.00       0.00 f
  U27/ZN (OR2_X1)                          0.07       0.07 f
  U18/ZN (AOI22_X1)                        0.07       0.13 r
  U17/ZN (OAI221_X1)                       0.04       0.17 f
  Op[3] (out)                              0.00       0.18 f
  data arrival time                                   0.18
  -----------------------------------------------------------
  (Path is unconstrained)


  Startpoint: shift_mag[1]
              (input port)
  Endpoint: Op[0] (output port)
  Path Group: (none)
  Path Type: max

  Des/Clust/Port     Wire Load Model       Library
  ------------------------------------------------
  combShifter        5K_hvratio_1_1        NangateOpenCellLibrary

  Point                                    Incr       Path
  -----------------------------------------------------------
  input external delay                     0.00       0.00 f
  shift_mag[1] (in)                        0.00       0.00 f
  U27/ZN (OR2_X1)                          0.06       0.06 f
  U26/ZN (AOI22_X1)                        0.07       0.13 r
  U25/ZN (OAI221_X1)                       0.04       0.17 f
  Op[0] (out)                              0.00       0.17 f
  data arrival time                                   0.17
  -----------------------------------------------------------
  (Path is unconstrained)


  Startpoint: shift_mag[1]
              (input port)
  Endpoint: Op[1] (output port)
  Path Group: (none)
  Path Type: max

  Des/Clust/Port     Wire Load Model       Library
  ------------------------------------------------
  combShifter        5K_hvratio_1_1        NangateOpenCellLibrary

  Point                                    Incr       Path
  -----------------------------------------------------------
  input external delay                     0.00       0.00 f
  shift_mag[1] (in)                        0.00       0.00 f
  U27/ZN (OR2_X1)                          0.06       0.06 f
  U23/ZN (AOI22_X1)                        0.07       0.13 r
  U22/ZN (OAI221_X1)                       0.04       0.17 f
  Op[1] (out)                              0.00       0.17 f
  data arrival time                                   0.17
  -----------------------------------------------------------
  (Path is unconstrained)


  Startpoint: shift_mag[1]
              (input port)
  Endpoint: Op[2] (output port)
  Path Group: (none)
  Path Type: max

  Des/Clust/Port     Wire Load Model       Library
  ------------------------------------------------
  combShifter        5K_hvratio_1_1        NangateOpenCellLibrary

  Point                                    Incr       Path
  -----------------------------------------------------------
  input external delay                     0.00       0.00 f
  shift_mag[1] (in)                        0.00       0.00 f
  U27/ZN (OR2_X1)                          0.06       0.06 f
  U20/ZN (AOI22_X1)                        0.07       0.13 r
  U19/ZN (OAI221_X1)                       0.04       0.17 f
  Op[2] (out)                              0.00       0.17 f
  data arrival time                                   0.17
  -----------------------------------------------------------
  (Path is unconstrained)


  Startpoint: shift_mag[1]
              (input port)
  Endpoint: Op[3] (output port)
  Path Group: (none)
  Path Type: max

  Des/Clust/Port     Wire Load Model       Library
  ------------------------------------------------
  combShifter        5K_hvratio_1_1        NangateOpenCellLibrary

  Point                                    Incr       Path
  -----------------------------------------------------------
  input external delay                     0.00       0.00 f
  shift_mag[1] (in)                        0.00       0.00 f
  U27/ZN (OR2_X1)                          0.06       0.06 f
  U18/ZN (AOI22_X1)                        0.07       0.13 r
  U17/ZN (OAI221_X1)                       0.04       0.17 f
  Op[3] (out)                              0.00       0.17 f
  data arrival time                                   0.17
  -----------------------------------------------------------
  (Path is unconstrained)


  Startpoint: shift_mag[5]
              (input port)
  Endpoint: Op[0] (output port)
  Path Group: (none)
  Path Type: max

  Des/Clust/Port     Wire Load Model       Library
  ------------------------------------------------
  combShifter        5K_hvratio_1_1        NangateOpenCellLibrary

  Point                                    Incr       Path
  -----------------------------------------------------------
  input external delay                     0.00       0.00 f
  shift_mag[5] (in)                        0.00       0.00 f
  U27/ZN (OR2_X1)                          0.07       0.07 f
  U26/ZN (AOI22_X1)                        0.07       0.13 r
  U25/ZN (OAI221_X1)                       0.04       0.17 f
  Op[0] (out)                              0.00       0.17 f
  data arrival time                                   0.17
  -----------------------------------------------------------
  (Path is unconstrained)


  Startpoint: shift_mag[5]
              (input port)
  Endpoint: Op[1] (output port)
  Path Group: (none)
  Path Type: max

  Des/Clust/Port     Wire Load Model       Library
  ------------------------------------------------
  combShifter        5K_hvratio_1_1        NangateOpenCellLibrary

  Point                                    Incr       Path
  -----------------------------------------------------------
  input external delay                     0.00       0.00 f
  shift_mag[5] (in)                        0.00       0.00 f
  U27/ZN (OR2_X1)                          0.07       0.07 f
  U23/ZN (AOI22_X1)                        0.07       0.13 r
  U22/ZN (OAI221_X1)                       0.04       0.17 f
  Op[1] (out)                              0.00       0.17 f
  data arrival time                                   0.17
  -----------------------------------------------------------
  (Path is unconstrained)


  Startpoint: shift_mag[5]
              (input port)
  Endpoint: Op[2] (output port)
  Path Group: (none)
  Path Type: max

  Des/Clust/Port     Wire Load Model       Library
  ------------------------------------------------
  combShifter        5K_hvratio_1_1        NangateOpenCellLibrary

  Point                                    Incr       Path
  -----------------------------------------------------------
  input external delay                     0.00       0.00 f
  shift_mag[5] (in)                        0.00       0.00 f
  U27/ZN (OR2_X1)                          0.07       0.07 f
  U20/ZN (AOI22_X1)                        0.07       0.13 r
  U19/ZN (OAI221_X1)                       0.04       0.17 f
  Op[2] (out)                              0.00       0.17 f
  data arrival time                                   0.17
  -----------------------------------------------------------
  (Path is unconstrained)


  Startpoint: shift_mag[5]
              (input port)
  Endpoint: Op[3] (output port)
  Path Group: (none)
  Path Type: max

  Des/Clust/Port     Wire Load Model       Library
  ------------------------------------------------
  combShifter        5K_hvratio_1_1        NangateOpenCellLibrary

  Point                                    Incr       Path
  -----------------------------------------------------------
  input external delay                     0.00       0.00 f
  shift_mag[5] (in)                        0.00       0.00 f
  U27/ZN (OR2_X1)                          0.07       0.07 f
  U18/ZN (AOI22_X1)                        0.07       0.13 r
  U17/ZN (OAI221_X1)                       0.04       0.17 f
  Op[3] (out)                              0.00       0.17 f
  data arrival time                                   0.17
  -----------------------------------------------------------
  (Path is unconstrained)


  Startpoint: shift_mag[5]
              (input port)
  Endpoint: Op[0] (output port)
  Path Group: (none)
  Path Type: max

  Des/Clust/Port     Wire Load Model       Library
  ------------------------------------------------
  combShifter        5K_hvratio_1_1        NangateOpenCellLibrary

  Point                                    Incr       Path
  -----------------------------------------------------------
  input external delay                     0.00       0.00 f
  shift_mag[5] (in)                        0.00       0.00 f
  U27/ZN (OR2_X1)                          0.07       0.07 f
  U26/ZN (AOI22_X1)                        0.06       0.13 r
  U25/ZN (OAI221_X1)                       0.04       0.17 f
  Op[0] (out)                              0.00       0.17 f
  data arrival time                                   0.17
  -----------------------------------------------------------
  (Path is unconstrained)


  Startpoint: shift_mag[5]
              (input port)
  Endpoint: Op[1] (output port)
  Path Group: (none)
  Path Type: max

  Des/Clust/Port     Wire Load Model       Library
  ------------------------------------------------
  combShifter        5K_hvratio_1_1        NangateOpenCellLibrary

  Point                                    Incr       Path
  -----------------------------------------------------------
  input external delay                     0.00       0.00 f
  shift_mag[5] (in)                        0.00       0.00 f
  U27/ZN (OR2_X1)                          0.07       0.07 f
  U23/ZN (AOI22_X1)                        0.06       0.13 r
  U22/ZN (OAI221_X1)                       0.04       0.17 f
  Op[1] (out)                              0.00       0.17 f
  data arrival time                                   0.17
  -----------------------------------------------------------
  (Path is unconstrained)


  Startpoint: shift_mag[5]
              (input port)
  Endpoint: Op[2] (output port)
  Path Group: (none)
  Path Type: max

  Des/Clust/Port     Wire Load Model       Library
  ------------------------------------------------
  combShifter        5K_hvratio_1_1        NangateOpenCellLibrary

  Point                                    Incr       Path
  -----------------------------------------------------------
  input external delay                     0.00       0.00 f
  shift_mag[5] (in)                        0.00       0.00 f
  U27/ZN (OR2_X1)                          0.07       0.07 f
  U20/ZN (AOI22_X1)                        0.06       0.13 r
  U19/ZN (OAI221_X1)                       0.04       0.17 f
  Op[2] (out)                              0.00       0.17 f
  data arrival time                                   0.17
  -----------------------------------------------------------
  (Path is unconstrained)


  Startpoint: shift_mag[5]
              (input port)
  Endpoint: Op[3] (output port)
  Path Group: (none)
  Path Type: max

  Des/Clust/Port     Wire Load Model       Library
  ------------------------------------------------
  combShifter        5K_hvratio_1_1        NangateOpenCellLibrary

  Point                                    Incr       Path
  -----------------------------------------------------------
  input external delay                     0.00       0.00 f
  shift_mag[5] (in)                        0.00       0.00 f
  U27/ZN (OR2_X1)                          0.07       0.07 f
  U18/ZN (AOI22_X1)                        0.06       0.13 r
  U17/ZN (OAI221_X1)                       0.04       0.17 f
  Op[3] (out)                              0.00       0.17 f
  data arrival time                                   0.17
  -----------------------------------------------------------
  (Path is unconstrained)


  Startpoint: shift_mag[5]
              (input port)
  Endpoint: Op[0] (output port)
  Path Group: (none)
  Path Type: max

  Des/Clust/Port     Wire Load Model       Library
  ------------------------------------------------
  combShifter        5K_hvratio_1_1        NangateOpenCellLibrary

  Point                                    Incr       Path
  -----------------------------------------------------------
  input external delay                     0.00       0.00 f
  shift_mag[5] (in)                        0.00       0.00 f
  U27/ZN (OR2_X1)                          0.07       0.07 f
  U26/ZN (AOI22_X1)                        0.07       0.13 r
  U25/ZN (OAI221_X1)                       0.04       0.17 f
  Op[0] (out)                              0.00       0.17 f
  data arrival time                                   0.17
  -----------------------------------------------------------
  (Path is unconstrained)


  Startpoint: shift_mag[5]
              (input port)
  Endpoint: Op[1] (output port)
  Path Group: (none)
  Path Type: max

  Des/Clust/Port     Wire Load Model       Library
  ------------------------------------------------
  combShifter        5K_hvratio_1_1        NangateOpenCellLibrary

  Point                                    Incr       Path
  -----------------------------------------------------------
  input external delay                     0.00       0.00 f
  shift_mag[5] (in)                        0.00       0.00 f
  U27/ZN (OR2_X1)                          0.07       0.07 f
  U23/ZN (AOI22_X1)                        0.07       0.13 r
  U22/ZN (OAI221_X1)                       0.04       0.17 f
  Op[1] (out)                              0.00       0.17 f
  data arrival time                                   0.17
  -----------------------------------------------------------
  (Path is unconstrained)


  Startpoint: shift_mag[5]
              (input port)
  Endpoint: Op[2] (output port)
  Path Group: (none)
  Path Type: max

  Des/Clust/Port     Wire Load Model       Library
  ------------------------------------------------
  combShifter        5K_hvratio_1_1        NangateOpenCellLibrary

  Point                                    Incr       Path
  -----------------------------------------------------------
  input external delay                     0.00       0.00 f
  shift_mag[5] (in)                        0.00       0.00 f
  U27/ZN (OR2_X1)                          0.07       0.07 f
  U20/ZN (AOI22_X1)                        0.07       0.13 r
  U19/ZN (OAI221_X1)                       0.04       0.17 f
  Op[2] (out)                              0.00       0.17 f
  data arrival time                                   0.17
  -----------------------------------------------------------
  (Path is unconstrained)


  Startpoint: shift_mag[5]
              (input port)
  Endpoint: Op[3] (output port)
  Path Group: (none)
  Path Type: max

  Des/Clust/Port     Wire Load Model       Library
  ------------------------------------------------
  combShifter        5K_hvratio_1_1        NangateOpenCellLibrary

  Point                                    Incr       Path
  -----------------------------------------------------------
  input external delay                     0.00       0.00 f
  shift_mag[5] (in)                        0.00       0.00 f
  U27/ZN (OR2_X1)                          0.07       0.07 f
  U18/ZN (AOI22_X1)                        0.07       0.13 r
  U17/ZN (OAI221_X1)                       0.04       0.17 f
  Op[3] (out)                              0.00       0.17 f
  data arrival time                                   0.17
  -----------------------------------------------------------
  (Path is unconstrained)


  Startpoint: shift_mag[5]
              (input port)
  Endpoint: Op[0] (output port)
  Path Group: (none)
  Path Type: max

  Des/Clust/Port     Wire Load Model       Library
  ------------------------------------------------
  combShifter        5K_hvratio_1_1        NangateOpenCellLibrary

  Point                                    Incr       Path
  -----------------------------------------------------------
  input external delay                     0.00       0.00 f
  shift_mag[5] (in)                        0.00       0.00 f
  U27/ZN (OR2_X1)                          0.07       0.07 f
  U26/ZN (AOI22_X1)                        0.07       0.13 r
  U25/ZN (OAI221_X1)                       0.04       0.17 f
  Op[0] (out)                              0.00       0.17 f
  data arrival time                                   0.17
  -----------------------------------------------------------
  (Path is unconstrained)


  Startpoint: shift_mag[5]
              (input port)
  Endpoint: Op[1] (output port)
  Path Group: (none)
  Path Type: max

  Des/Clust/Port     Wire Load Model       Library
  ------------------------------------------------
  combShifter        5K_hvratio_1_1        NangateOpenCellLibrary

  Point                                    Incr       Path
  -----------------------------------------------------------
  input external delay                     0.00       0.00 f
  shift_mag[5] (in)                        0.00       0.00 f
  U27/ZN (OR2_X1)                          0.07       0.07 f
  U23/ZN (AOI22_X1)                        0.07       0.13 r
  U22/ZN (OAI221_X1)                       0.04       0.17 f
  Op[1] (out)                              0.00       0.17 f
  data arrival time                                   0.17
  -----------------------------------------------------------
  (Path is unconstrained)


  Startpoint: shift_mag[5]
              (input port)
  Endpoint: Op[2] (output port)
  Path Group: (none)
  Path Type: max

  Des/Clust/Port     Wire Load Model       Library
  ------------------------------------------------
  combShifter        5K_hvratio_1_1        NangateOpenCellLibrary

  Point                                    Incr       Path
  -----------------------------------------------------------
  input external delay                     0.00       0.00 f
  shift_mag[5] (in)                        0.00       0.00 f
  U27/ZN (OR2_X1)                          0.07       0.07 f
  U20/ZN (AOI22_X1)                        0.07       0.13 r
  U19/ZN (OAI221_X1)                       0.04       0.17 f
  Op[2] (out)                              0.00       0.17 f
  data arrival time                                   0.17
  -----------------------------------------------------------
  (Path is unconstrained)


  Startpoint: shift_mag[5]
              (input port)
  Endpoint: Op[3] (output port)
  Path Group: (none)
  Path Type: max

  Des/Clust/Port     Wire Load Model       Library
  ------------------------------------------------
  combShifter        5K_hvratio_1_1        NangateOpenCellLibrary

  Point                                    Incr       Path
  -----------------------------------------------------------
  input external delay                     0.00       0.00 f
  shift_mag[5] (in)                        0.00       0.00 f
  U27/ZN (OR2_X1)                          0.07       0.07 f
  U18/ZN (AOI22_X1)                        0.07       0.13 r
  U17/ZN (OAI221_X1)                       0.04       0.17 f
  Op[3] (out)                              0.00       0.17 f
  data arrival time                                   0.17
  -----------------------------------------------------------
  (Path is unconstrained)


  Startpoint: shift_mag[1]
              (input port)
  Endpoint: Op[0] (output port)
  Path Group: (none)
  Path Type: max

  Des/Clust/Port     Wire Load Model       Library
  ------------------------------------------------
  combShifter        5K_hvratio_1_1        NangateOpenCellLibrary

  Point                                    Incr       Path
  -----------------------------------------------------------
  input external delay                     0.00       0.00 f
  shift_mag[1] (in)                        0.00       0.00 f
  U27/ZN (OR2_X1)                          0.06       0.06 f
  U26/ZN (AOI22_X1)                        0.07       0.13 r
  U25/ZN (OAI221_X1)                       0.04       0.17 f
  Op[0] (out)                              0.00       0.17 f
  data arrival time                                   0.17
  -----------------------------------------------------------
  (Path is unconstrained)


  Startpoint: shift_mag[1]
              (input port)
  Endpoint: Op[1] (output port)
  Path Group: (none)
  Path Type: max

  Des/Clust/Port     Wire Load Model       Library
  ------------------------------------------------
  combShifter        5K_hvratio_1_1        NangateOpenCellLibrary

  Point                                    Incr       Path
  -----------------------------------------------------------
  input external delay                     0.00       0.00 f
  shift_mag[1] (in)                        0.00       0.00 f
  U27/ZN (OR2_X1)                          0.06       0.06 f
  U23/ZN (AOI22_X1)                        0.07       0.13 r
  U22/ZN (OAI221_X1)                       0.04       0.17 f
  Op[1] (out)                              0.00       0.17 f
  data arrival time                                   0.17
  -----------------------------------------------------------
  (Path is unconstrained)


  Startpoint: shift_mag[1]
              (input port)
  Endpoint: Op[2] (output port)
  Path Group: (none)
  Path Type: max

  Des/Clust/Port     Wire Load Model       Library
  ------------------------------------------------
  combShifter        5K_hvratio_1_1        NangateOpenCellLibrary

  Point                                    Incr       Path
  -----------------------------------------------------------
  input external delay                     0.00       0.00 f
  shift_mag[1] (in)                        0.00       0.00 f
  U27/ZN (OR2_X1)                          0.06       0.06 f
  U20/ZN (AOI22_X1)                        0.07       0.13 r
  U19/ZN (OAI221_X1)                       0.04       0.17 f
  Op[2] (out)                              0.00       0.17 f
  data arrival time                                   0.17
  -----------------------------------------------------------
  (Path is unconstrained)


  Startpoint: shift_mag[1]
              (input port)
  Endpoint: Op[3] (output port)
  Path Group: (none)
  Path Type: max

  Des/Clust/Port     Wire Load Model       Library
  ------------------------------------------------
  combShifter        5K_hvratio_1_1        NangateOpenCellLibrary

  Point                                    Incr       Path
  -----------------------------------------------------------
  input external delay                     0.00       0.00 f
  shift_mag[1] (in)                        0.00       0.00 f
  U27/ZN (OR2_X1)                          0.06       0.06 f
  U18/ZN (AOI22_X1)                        0.07       0.13 r
  U17/ZN (OAI221_X1)                       0.04       0.17 f
  Op[3] (out)                              0.00       0.17 f
  data arrival time                                   0.17
  -----------------------------------------------------------
  (Path is unconstrained)


  Startpoint: shift_mag[5]
              (input port)
  Endpoint: Op[0] (output port)
  Path Group: (none)
  Path Type: max

  Des/Clust/Port     Wire Load Model       Library
  ------------------------------------------------
  combShifter        5K_hvratio_1_1        NangateOpenCellLibrary

  Point                                    Incr       Path
  -----------------------------------------------------------
  input external delay                     0.00       0.00 f
  shift_mag[5] (in)                        0.00       0.00 f
  U27/ZN (OR2_X1)                          0.07       0.07 f
  U26/ZN (AOI22_X1)                        0.07       0.13 r
  U25/ZN (OAI221_X1)                       0.03       0.17 f
  Op[0] (out)                              0.00       0.17 f
  data arrival time                                   0.17
  -----------------------------------------------------------
  (Path is unconstrained)


  Startpoint: shift_mag[5]
              (input port)
  Endpoint: Op[1] (output port)
  Path Group: (none)
  Path Type: max

  Des/Clust/Port     Wire Load Model       Library
  ------------------------------------------------
  combShifter        5K_hvratio_1_1        NangateOpenCellLibrary

  Point                                    Incr       Path
  -----------------------------------------------------------
  input external delay                     0.00       0.00 f
  shift_mag[5] (in)                        0.00       0.00 f
  U27/ZN (OR2_X1)                          0.07       0.07 f
  U23/ZN (AOI22_X1)                        0.07       0.13 r
  U22/ZN (OAI221_X1)                       0.03       0.17 f
  Op[1] (out)                              0.00       0.17 f
  data arrival time                                   0.17
  -----------------------------------------------------------
  (Path is unconstrained)


  Startpoint: shift_mag[5]
              (input port)
  Endpoint: Op[2] (output port)
  Path Group: (none)
  Path Type: max

  Des/Clust/Port     Wire Load Model       Library
  ------------------------------------------------
  combShifter        5K_hvratio_1_1        NangateOpenCellLibrary

  Point                                    Incr       Path
  -----------------------------------------------------------
  input external delay                     0.00       0.00 f
  shift_mag[5] (in)                        0.00       0.00 f
  U27/ZN (OR2_X1)                          0.07       0.07 f
  U20/ZN (AOI22_X1)                        0.07       0.13 r
  U19/ZN (OAI221_X1)                       0.03       0.17 f
  Op[2] (out)                              0.00       0.17 f
  data arrival time                                   0.17
  -----------------------------------------------------------
  (Path is unconstrained)


  Startpoint: shift_mag[5]
              (input port)
  Endpoint: Op[3] (output port)
  Path Group: (none)
  Path Type: max

  Des/Clust/Port     Wire Load Model       Library
  ------------------------------------------------
  combShifter        5K_hvratio_1_1        NangateOpenCellLibrary

  Point                                    Incr       Path
  -----------------------------------------------------------
  input external delay                     0.00       0.00 f
  shift_mag[5] (in)                        0.00       0.00 f
  U27/ZN (OR2_X1)                          0.07       0.07 f
  U18/ZN (AOI22_X1)                        0.07       0.13 r
  U17/ZN (OAI221_X1)                       0.03       0.17 f
  Op[3] (out)                              0.00       0.17 f
  data arrival time                                   0.17
  -----------------------------------------------------------
  (Path is unconstrained)


  Startpoint: shift_mag[5]
              (input port)
  Endpoint: Op[0] (output port)
  Path Group: (none)
  Path Type: max

  Des/Clust/Port     Wire Load Model       Library
  ------------------------------------------------
  combShifter        5K_hvratio_1_1        NangateOpenCellLibrary

  Point                                    Incr       Path
  -----------------------------------------------------------
  input external delay                     0.00       0.00 f
  shift_mag[5] (in)                        0.00       0.00 f
  U27/ZN (OR2_X1)                          0.07       0.07 f
  U26/ZN (AOI22_X1)                        0.07       0.13 r
  U25/ZN (OAI221_X1)                       0.03       0.16 f
  Op[0] (out)                              0.00       0.17 f
  data arrival time                                   0.17
  -----------------------------------------------------------
  (Path is unconstrained)


  Startpoint: shift_mag[5]
              (input port)
  Endpoint: Op[1] (output port)
  Path Group: (none)
  Path Type: max

  Des/Clust/Port     Wire Load Model       Library
  ------------------------------------------------
  combShifter        5K_hvratio_1_1        NangateOpenCellLibrary

  Point                                    Incr       Path
  -----------------------------------------------------------
  input external delay                     0.00       0.00 f
  shift_mag[5] (in)                        0.00       0.00 f
  U27/ZN (OR2_X1)                          0.07       0.07 f
  U23/ZN (AOI22_X1)                        0.07       0.13 r
  U22/ZN (OAI221_X1)                       0.03       0.16 f
  Op[1] (out)                              0.00       0.17 f
  data arrival time                                   0.17
  -----------------------------------------------------------
  (Path is unconstrained)


  Startpoint: shift_mag[5]
              (input port)
  Endpoint: Op[2] (output port)
  Path Group: (none)
  Path Type: max

  Des/Clust/Port     Wire Load Model       Library
  ------------------------------------------------
  combShifter        5K_hvratio_1_1        NangateOpenCellLibrary

  Point                                    Incr       Path
  -----------------------------------------------------------
  input external delay                     0.00       0.00 f
  shift_mag[5] (in)                        0.00       0.00 f
  U27/ZN (OR2_X1)                          0.07       0.07 f
  U20/ZN (AOI22_X1)                        0.07       0.13 r
  U19/ZN (OAI221_X1)                       0.03       0.16 f
  Op[2] (out)                              0.00       0.17 f
  data arrival time                                   0.17
  -----------------------------------------------------------
  (Path is unconstrained)


  Startpoint: shift_mag[5]
              (input port)
  Endpoint: Op[3] (output port)
  Path Group: (none)
  Path Type: max

  Des/Clust/Port     Wire Load Model       Library
  ------------------------------------------------
  combShifter        5K_hvratio_1_1        NangateOpenCellLibrary

  Point                                    Incr       Path
  -----------------------------------------------------------
  input external delay                     0.00       0.00 f
  shift_mag[5] (in)                        0.00       0.00 f
  U27/ZN (OR2_X1)                          0.07       0.07 f
  U18/ZN (AOI22_X1)                        0.07       0.13 r
  U17/ZN (OAI221_X1)                       0.03       0.16 f
  Op[3] (out)                              0.00       0.17 f
  data arrival time                                   0.17
  -----------------------------------------------------------
  (Path is unconstrained)


  Startpoint: shift_mag[1]
              (input port)
  Endpoint: Op[0] (output port)
  Path Group: (none)
  Path Type: max

  Des/Clust/Port     Wire Load Model       Library
  ------------------------------------------------
  combShifter        5K_hvratio_1_1        NangateOpenCellLibrary

  Point                                    Incr       Path
  -----------------------------------------------------------
  input external delay                     0.00       0.00 f
  shift_mag[1] (in)                        0.00       0.00 f
  U27/ZN (OR2_X1)                          0.06       0.06 f
  U26/ZN (AOI22_X1)                        0.06       0.12 r
  U25/ZN (OAI221_X1)                       0.04       0.16 f
  Op[0] (out)                              0.00       0.17 f
  data arrival time                                   0.17
  -----------------------------------------------------------
  (Path is unconstrained)


  Startpoint: shift_mag[1]
              (input port)
  Endpoint: Op[1] (output port)
  Path Group: (none)
  Path Type: max

  Des/Clust/Port     Wire Load Model       Library
  ------------------------------------------------
  combShifter        5K_hvratio_1_1        NangateOpenCellLibrary

  Point                                    Incr       Path
  -----------------------------------------------------------
  input external delay                     0.00       0.00 f
  shift_mag[1] (in)                        0.00       0.00 f
  U27/ZN (OR2_X1)                          0.06       0.06 f
  U23/ZN (AOI22_X1)                        0.06       0.12 r
  U22/ZN (OAI221_X1)                       0.04       0.16 f
  Op[1] (out)                              0.00       0.17 f
  data arrival time                                   0.17
  -----------------------------------------------------------
  (Path is unconstrained)


  Startpoint: shift_mag[1]
              (input port)
  Endpoint: Op[2] (output port)
  Path Group: (none)
  Path Type: max

  Des/Clust/Port     Wire Load Model       Library
  ------------------------------------------------
  combShifter        5K_hvratio_1_1        NangateOpenCellLibrary

  Point                                    Incr       Path
  -----------------------------------------------------------
  input external delay                     0.00       0.00 f
  shift_mag[1] (in)                        0.00       0.00 f
  U27/ZN (OR2_X1)                          0.06       0.06 f
  U20/ZN (AOI22_X1)                        0.06       0.12 r
  U19/ZN (OAI221_X1)                       0.04       0.16 f
  Op[2] (out)                              0.00       0.17 f
  data arrival time                                   0.17
  -----------------------------------------------------------
  (Path is unconstrained)


  Startpoint: shift_mag[1]
              (input port)
  Endpoint: Op[3] (output port)
  Path Group: (none)
  Path Type: max

  Des/Clust/Port     Wire Load Model       Library
  ------------------------------------------------
  combShifter        5K_hvratio_1_1        NangateOpenCellLibrary

  Point                                    Incr       Path
  -----------------------------------------------------------
  input external delay                     0.00       0.00 f
  shift_mag[1] (in)                        0.00       0.00 f
  U27/ZN (OR2_X1)                          0.06       0.06 f
  U18/ZN (AOI22_X1)                        0.06       0.12 r
  U17/ZN (OAI221_X1)                       0.04       0.16 f
  Op[3] (out)                              0.00       0.17 f
  data arrival time                                   0.17
  -----------------------------------------------------------
  (Path is unconstrained)


  Startpoint: shift_mag[5]
              (input port)
  Endpoint: Op[0] (output port)
  Path Group: (none)
  Path Type: max

  Des/Clust/Port     Wire Load Model       Library
  ------------------------------------------------
  combShifter        5K_hvratio_1_1        NangateOpenCellLibrary

  Point                                    Incr       Path
  -----------------------------------------------------------
  input external delay                     0.00       0.00 f
  shift_mag[5] (in)                        0.00       0.00 f
  U27/ZN (OR2_X1)                          0.07       0.07 f
  U26/ZN (AOI22_X1)                        0.06       0.13 r
  U25/ZN (OAI221_X1)                       0.04       0.16 f
  Op[0] (out)                              0.00       0.17 f
  data arrival time                                   0.17
  -----------------------------------------------------------
  (Path is unconstrained)


  Startpoint: shift_mag[5]
              (input port)
  Endpoint: Op[1] (output port)
  Path Group: (none)
  Path Type: max

  Des/Clust/Port     Wire Load Model       Library
  ------------------------------------------------
  combShifter        5K_hvratio_1_1        NangateOpenCellLibrary

  Point                                    Incr       Path
  -----------------------------------------------------------
  input external delay                     0.00       0.00 f
  shift_mag[5] (in)                        0.00       0.00 f
  U27/ZN (OR2_X1)                          0.07       0.07 f
  U23/ZN (AOI22_X1)                        0.06       0.13 r
  U22/ZN (OAI221_X1)                       0.04       0.16 f
  Op[1] (out)                              0.00       0.17 f
  data arrival time                                   0.17
  -----------------------------------------------------------
  (Path is unconstrained)


  Startpoint: shift_mag[5]
              (input port)
  Endpoint: Op[2] (output port)
  Path Group: (none)
  Path Type: max

  Des/Clust/Port     Wire Load Model       Library
  ------------------------------------------------
  combShifter        5K_hvratio_1_1        NangateOpenCellLibrary

  Point                                    Incr       Path
  -----------------------------------------------------------
  input external delay                     0.00       0.00 f
  shift_mag[5] (in)                        0.00       0.00 f
  U27/ZN (OR2_X1)                          0.07       0.07 f
  U20/ZN (AOI22_X1)                        0.06       0.13 r
  U19/ZN (OAI221_X1)                       0.04       0.16 f
  Op[2] (out)                              0.00       0.17 f
  data arrival time                                   0.17
  -----------------------------------------------------------
  (Path is unconstrained)


  Startpoint: shift_mag[5]
              (input port)
  Endpoint: Op[3] (output port)
  Path Group: (none)
  Path Type: max

  Des/Clust/Port     Wire Load Model       Library
  ------------------------------------------------
  combShifter        5K_hvratio_1_1        NangateOpenCellLibrary

  Point                                    Incr       Path
  -----------------------------------------------------------
  input external delay                     0.00       0.00 f
  shift_mag[5] (in)                        0.00       0.00 f
  U27/ZN (OR2_X1)                          0.07       0.07 f
  U18/ZN (AOI22_X1)                        0.06       0.13 r
  U17/ZN (OAI221_X1)                       0.04       0.16 f
  Op[3] (out)                              0.00       0.17 f
  data arrival time                                   0.17
  -----------------------------------------------------------
  (Path is unconstrained)


  Startpoint: shift_mag[1]
              (input port)
  Endpoint: Op[0] (output port)
  Path Group: (none)
  Path Type: max

  Des/Clust/Port     Wire Load Model       Library
  ------------------------------------------------
  combShifter        5K_hvratio_1_1        NangateOpenCellLibrary

  Point                                    Incr       Path
  -----------------------------------------------------------
  input external delay                     0.00       0.00 f
  shift_mag[1] (in)                        0.00       0.00 f
  U27/ZN (OR2_X1)                          0.06       0.06 f
  U26/ZN (AOI22_X1)                        0.07       0.13 r
  U25/ZN (OAI221_X1)                       0.04       0.16 f
  Op[0] (out)                              0.00       0.17 f
  data arrival time                                   0.17
  -----------------------------------------------------------
  (Path is unconstrained)


  Startpoint: shift_mag[1]
              (input port)
  Endpoint: Op[1] (output port)
  Path Group: (none)
  Path Type: max

  Des/Clust/Port     Wire Load Model       Library
  ------------------------------------------------
  combShifter        5K_hvratio_1_1        NangateOpenCellLibrary

  Point                                    Incr       Path
  -----------------------------------------------------------
  input external delay                     0.00       0.00 f
  shift_mag[1] (in)                        0.00       0.00 f
  U27/ZN (OR2_X1)                          0.06       0.06 f
  U23/ZN (AOI22_X1)                        0.07       0.13 r
  U22/ZN (OAI221_X1)                       0.04       0.16 f
  Op[1] (out)                              0.00       0.17 f
  data arrival time                                   0.17
  -----------------------------------------------------------
  (Path is unconstrained)


  Startpoint: shift_mag[1]
              (input port)
  Endpoint: Op[2] (output port)
  Path Group: (none)
  Path Type: max

  Des/Clust/Port     Wire Load Model       Library
  ------------------------------------------------
  combShifter        5K_hvratio_1_1        NangateOpenCellLibrary

  Point                                    Incr       Path
  -----------------------------------------------------------
  input external delay                     0.00       0.00 f
  shift_mag[1] (in)                        0.00       0.00 f
  U27/ZN (OR2_X1)                          0.06       0.06 f
  U20/ZN (AOI22_X1)                        0.07       0.13 r
  U19/ZN (OAI221_X1)                       0.04       0.16 f
  Op[2] (out)                              0.00       0.17 f
  data arrival time                                   0.17
  -----------------------------------------------------------
  (Path is unconstrained)


  Startpoint: shift_mag[1]
              (input port)
  Endpoint: Op[3] (output port)
  Path Group: (none)
  Path Type: max

  Des/Clust/Port     Wire Load Model       Library
  ------------------------------------------------
  combShifter        5K_hvratio_1_1        NangateOpenCellLibrary

  Point                                    Incr       Path
  -----------------------------------------------------------
  input external delay                     0.00       0.00 f
  shift_mag[1] (in)                        0.00       0.00 f
  U27/ZN (OR2_X1)                          0.06       0.06 f
  U18/ZN (AOI22_X1)                        0.07       0.13 r
  U17/ZN (OAI221_X1)                       0.04       0.16 f
  Op[3] (out)                              0.00       0.17 f
  data arrival time                                   0.17
  -----------------------------------------------------------
  (Path is unconstrained)


  Startpoint: shift_mag[5]
              (input port)
  Endpoint: Op[0] (output port)
  Path Group: (none)
  Path Type: max

  Des/Clust/Port     Wire Load Model       Library
  ------------------------------------------------
  combShifter        5K_hvratio_1_1        NangateOpenCellLibrary

  Point                                    Incr       Path
  -----------------------------------------------------------
  input external delay                     0.00       0.00 f
  shift_mag[5] (in)                        0.00       0.00 f
  U27/ZN (OR2_X1)                          0.07       0.07 f
  U26/ZN (AOI22_X1)                        0.06       0.13 r
  U25/ZN (OAI221_X1)                       0.04       0.16 f
  Op[0] (out)                              0.00       0.17 f
  data arrival time                                   0.17
  -----------------------------------------------------------
  (Path is unconstrained)


  Startpoint: shift_mag[5]
              (input port)
  Endpoint: Op[1] (output port)
  Path Group: (none)
  Path Type: max

  Des/Clust/Port     Wire Load Model       Library
  ------------------------------------------------
  combShifter        5K_hvratio_1_1        NangateOpenCellLibrary

  Point                                    Incr       Path
  -----------------------------------------------------------
  input external delay                     0.00       0.00 f
  shift_mag[5] (in)                        0.00       0.00 f
  U27/ZN (OR2_X1)                          0.07       0.07 f
  U23/ZN (AOI22_X1)                        0.06       0.13 r
  U22/ZN (OAI221_X1)                       0.04       0.16 f
  Op[1] (out)                              0.00       0.17 f
  data arrival time                                   0.17
  -----------------------------------------------------------
  (Path is unconstrained)


  Startpoint: shift_mag[5]
              (input port)
  Endpoint: Op[2] (output port)
  Path Group: (none)
  Path Type: max

  Des/Clust/Port     Wire Load Model       Library
  ------------------------------------------------
  combShifter        5K_hvratio_1_1        NangateOpenCellLibrary

  Point                                    Incr       Path
  -----------------------------------------------------------
  input external delay                     0.00       0.00 f
  shift_mag[5] (in)                        0.00       0.00 f
  U27/ZN (OR2_X1)                          0.07       0.07 f
  U20/ZN (AOI22_X1)                        0.06       0.13 r
  U19/ZN (OAI221_X1)                       0.04       0.16 f
  Op[2] (out)                              0.00       0.17 f
  data arrival time                                   0.17
  -----------------------------------------------------------
  (Path is unconstrained)


  Startpoint: shift_mag[5]
              (input port)
  Endpoint: Op[3] (output port)
  Path Group: (none)
  Path Type: max

  Des/Clust/Port     Wire Load Model       Library
  ------------------------------------------------
  combShifter        5K_hvratio_1_1        NangateOpenCellLibrary

  Point                                    Incr       Path
  -----------------------------------------------------------
  input external delay                     0.00       0.00 f
  shift_mag[5] (in)                        0.00       0.00 f
  U27/ZN (OR2_X1)                          0.07       0.07 f
  U18/ZN (AOI22_X1)                        0.06       0.13 r
  U17/ZN (OAI221_X1)                       0.04       0.16 f
  Op[3] (out)                              0.00       0.17 f
  data arrival time                                   0.17
  -----------------------------------------------------------
  (Path is unconstrained)


  Startpoint: shift_mag[5]
              (input port)
  Endpoint: Op[0] (output port)
  Path Group: (none)
  Path Type: max

  Des/Clust/Port     Wire Load Model       Library
  ------------------------------------------------
  combShifter        5K_hvratio_1_1        NangateOpenCellLibrary

  Point                                    Incr       Path
  -----------------------------------------------------------
  input external delay                     0.00       0.00 f
  shift_mag[5] (in)                        0.00       0.00 f
  U27/ZN (OR2_X1)                          0.07       0.07 f
  U26/ZN (AOI22_X1)                        0.05       0.12 r
  U25/ZN (OAI221_X1)                       0.04       0.16 f
  Op[0] (out)                              0.00       0.17 f
  data arrival time                                   0.17
  -----------------------------------------------------------
  (Path is unconstrained)


  Startpoint: shift_mag[5]
              (input port)
  Endpoint: Op[1] (output port)
  Path Group: (none)
  Path Type: max

  Des/Clust/Port     Wire Load Model       Library
  ------------------------------------------------
  combShifter        5K_hvratio_1_1        NangateOpenCellLibrary

  Point                                    Incr       Path
  -----------------------------------------------------------
  input external delay                     0.00       0.00 f
  shift_mag[5] (in)                        0.00       0.00 f
  U27/ZN (OR2_X1)                          0.07       0.07 f
  U23/ZN (AOI22_X1)                        0.05       0.12 r
  U22/ZN (OAI221_X1)                       0.04       0.16 f
  Op[1] (out)                              0.00       0.17 f
  data arrival time                                   0.17
  -----------------------------------------------------------
  (Path is unconstrained)


  Startpoint: shift_mag[5]
              (input port)
  Endpoint: Op[2] (output port)
  Path Group: (none)
  Path Type: max

  Des/Clust/Port     Wire Load Model       Library
  ------------------------------------------------
  combShifter        5K_hvratio_1_1        NangateOpenCellLibrary

  Point                                    Incr       Path
  -----------------------------------------------------------
  input external delay                     0.00       0.00 f
  shift_mag[5] (in)                        0.00       0.00 f
  U27/ZN (OR2_X1)                          0.07       0.07 f
  U20/ZN (AOI22_X1)                        0.05       0.12 r
  U19/ZN (OAI221_X1)                       0.04       0.16 f
  Op[2] (out)                              0.00       0.17 f
  data arrival time                                   0.17
  -----------------------------------------------------------
  (Path is unconstrained)


  Startpoint: shift_mag[5]
              (input port)
  Endpoint: Op[3] (output port)
  Path Group: (none)
  Path Type: max

  Des/Clust/Port     Wire Load Model       Library
  ------------------------------------------------
  combShifter        5K_hvratio_1_1        NangateOpenCellLibrary

  Point                                    Incr       Path
  -----------------------------------------------------------
  input external delay                     0.00       0.00 f
  shift_mag[5] (in)                        0.00       0.00 f
  U27/ZN (OR2_X1)                          0.07       0.07 f
  U18/ZN (AOI22_X1)                        0.05       0.12 r
  U17/ZN (OAI221_X1)                       0.04       0.16 f
  Op[3] (out)                              0.00       0.17 f
  data arrival time                                   0.17
  -----------------------------------------------------------
  (Path is unconstrained)


  Startpoint: shift_mag[6]
              (input port)
  Endpoint: Op[0] (output port)
  Path Group: (none)
  Path Type: max

  Des/Clust/Port     Wire Load Model       Library
  ------------------------------------------------
  combShifter        5K_hvratio_1_1        NangateOpenCellLibrary

  Point                                    Incr       Path
  -----------------------------------------------------------
  input external delay                     0.00       0.00 f
  shift_mag[6] (in)                        0.00       0.00 f
  U28/ZN (OR2_X1)                          0.07       0.07 f
  U26/ZN (AOI22_X1)                        0.05       0.12 r
  U25/ZN (OAI221_X1)                       0.04       0.16 f
  Op[0] (out)                              0.00       0.16 f
  data arrival time                                   0.16
  -----------------------------------------------------------
  (Path is unconstrained)


  Startpoint: shift_mag[6]
              (input port)
  Endpoint: Op[1] (output port)
  Path Group: (none)
  Path Type: max

  Des/Clust/Port     Wire Load Model       Library
  ------------------------------------------------
  combShifter        5K_hvratio_1_1        NangateOpenCellLibrary

  Point                                    Incr       Path
  -----------------------------------------------------------
  input external delay                     0.00       0.00 f
  shift_mag[6] (in)                        0.00       0.00 f
  U28/ZN (OR2_X1)                          0.07       0.07 f
  U23/ZN (AOI22_X1)                        0.05       0.12 r
  U22/ZN (OAI221_X1)                       0.04       0.16 f
  Op[1] (out)                              0.00       0.16 f
  data arrival time                                   0.16
  -----------------------------------------------------------
  (Path is unconstrained)


  Startpoint: shift_mag[6]
              (input port)
  Endpoint: Op[2] (output port)
  Path Group: (none)
  Path Type: max

  Des/Clust/Port     Wire Load Model       Library
  ------------------------------------------------
  combShifter        5K_hvratio_1_1        NangateOpenCellLibrary

  Point                                    Incr       Path
  -----------------------------------------------------------
  input external delay                     0.00       0.00 f
  shift_mag[6] (in)                        0.00       0.00 f
  U28/ZN (OR2_X1)                          0.07       0.07 f
  U20/ZN (AOI22_X1)                        0.05       0.12 r
  U19/ZN (OAI221_X1)                       0.04       0.16 f
  Op[2] (out)                              0.00       0.16 f
  data arrival time                                   0.16
  -----------------------------------------------------------
  (Path is unconstrained)


  Startpoint: shift_mag[6]
              (input port)
  Endpoint: Op[3] (output port)
  Path Group: (none)
  Path Type: max

  Des/Clust/Port     Wire Load Model       Library
  ------------------------------------------------
  combShifter        5K_hvratio_1_1        NangateOpenCellLibrary

  Point                                    Incr       Path
  -----------------------------------------------------------
  input external delay                     0.00       0.00 f
  shift_mag[6] (in)                        0.00       0.00 f
  U28/ZN (OR2_X1)                          0.07       0.07 f
  U18/ZN (AOI22_X1)                        0.05       0.12 r
  U17/ZN (OAI221_X1)                       0.04       0.16 f
  Op[3] (out)                              0.00       0.16 f
  data arrival time                                   0.16
  -----------------------------------------------------------
  (Path is unconstrained)


  Startpoint: shift_mag[5]
              (input port)
  Endpoint: Op[0] (output port)
  Path Group: (none)
  Path Type: max

  Des/Clust/Port     Wire Load Model       Library
  ------------------------------------------------
  combShifter        5K_hvratio_1_1        NangateOpenCellLibrary

  Point                                    Incr       Path
  -----------------------------------------------------------
  input external delay                     0.00       0.00 f
  shift_mag[5] (in)                        0.00       0.00 f
  U27/ZN (OR2_X1)                          0.07       0.07 f
  U26/ZN (AOI22_X1)                        0.07       0.13 r
  U25/ZN (OAI221_X1)                       0.03       0.16 f
  Op[0] (out)                              0.00       0.16 f
  data arrival time                                   0.16
  -----------------------------------------------------------
  (Path is unconstrained)


  Startpoint: shift_mag[5]
              (input port)
  Endpoint: Op[1] (output port)
  Path Group: (none)
  Path Type: max

  Des/Clust/Port     Wire Load Model       Library
  ------------------------------------------------
  combShifter        5K_hvratio_1_1        NangateOpenCellLibrary

  Point                                    Incr       Path
  -----------------------------------------------------------
  input external delay                     0.00       0.00 f
  shift_mag[5] (in)                        0.00       0.00 f
  U27/ZN (OR2_X1)                          0.07       0.07 f
  U23/ZN (AOI22_X1)                        0.07       0.13 r
  U22/ZN (OAI221_X1)                       0.03       0.16 f
  Op[1] (out)                              0.00       0.16 f
  data arrival time                                   0.16
  -----------------------------------------------------------
  (Path is unconstrained)


  Startpoint: shift_mag[5]
              (input port)
  Endpoint: Op[2] (output port)
  Path Group: (none)
  Path Type: max

  Des/Clust/Port     Wire Load Model       Library
  ------------------------------------------------
  combShifter        5K_hvratio_1_1        NangateOpenCellLibrary

  Point                                    Incr       Path
  -----------------------------------------------------------
  input external delay                     0.00       0.00 f
  shift_mag[5] (in)                        0.00       0.00 f
  U27/ZN (OR2_X1)                          0.07       0.07 f
  U20/ZN (AOI22_X1)                        0.07       0.13 r
  U19/ZN (OAI221_X1)                       0.03       0.16 f
  Op[2] (out)                              0.00       0.16 f
  data arrival time                                   0.16
  -----------------------------------------------------------
  (Path is unconstrained)


  Startpoint: shift_mag[5]
              (input port)
  Endpoint: Op[3] (output port)
  Path Group: (none)
  Path Type: max

  Des/Clust/Port     Wire Load Model       Library
  ------------------------------------------------
  combShifter        5K_hvratio_1_1        NangateOpenCellLibrary

  Point                                    Incr       Path
  -----------------------------------------------------------
  input external delay                     0.00       0.00 f
  shift_mag[5] (in)                        0.00       0.00 f
  U27/ZN (OR2_X1)                          0.07       0.07 f
  U18/ZN (AOI22_X1)                        0.07       0.13 r
  U17/ZN (OAI221_X1)                       0.03       0.16 f
  Op[3] (out)                              0.00       0.16 f
  data arrival time                                   0.16
  -----------------------------------------------------------
  (Path is unconstrained)


  Startpoint: shift_mag[1]
              (input port)
  Endpoint: Op[0] (output port)
  Path Group: (none)
  Path Type: max

  Des/Clust/Port     Wire Load Model       Library
  ------------------------------------------------
  combShifter        5K_hvratio_1_1        NangateOpenCellLibrary

  Point                                    Incr       Path
  -----------------------------------------------------------
  input external delay                     0.00       0.00 f
  shift_mag[1] (in)                        0.00       0.00 f
  U27/ZN (OR2_X1)                          0.06       0.06 f
  U26/ZN (AOI22_X1)                        0.07       0.13 r
  U25/ZN (OAI221_X1)                       0.04       0.16 f
  Op[0] (out)                              0.00       0.16 f
  data arrival time                                   0.16
  -----------------------------------------------------------
  (Path is unconstrained)


  Startpoint: shift_mag[1]
              (input port)
  Endpoint: Op[1] (output port)
  Path Group: (none)
  Path Type: max

  Des/Clust/Port     Wire Load Model       Library
  ------------------------------------------------
  combShifter        5K_hvratio_1_1        NangateOpenCellLibrary

  Point                                    Incr       Path
  -----------------------------------------------------------
  input external delay                     0.00       0.00 f
  shift_mag[1] (in)                        0.00       0.00 f
  U27/ZN (OR2_X1)                          0.06       0.06 f
  U23/ZN (AOI22_X1)                        0.07       0.13 r
  U22/ZN (OAI221_X1)                       0.04       0.16 f
  Op[1] (out)                              0.00       0.16 f
  data arrival time                                   0.16
  -----------------------------------------------------------
  (Path is unconstrained)


  Startpoint: shift_mag[1]
              (input port)
  Endpoint: Op[2] (output port)
  Path Group: (none)
  Path Type: max

  Des/Clust/Port     Wire Load Model       Library
  ------------------------------------------------
  combShifter        5K_hvratio_1_1        NangateOpenCellLibrary

  Point                                    Incr       Path
  -----------------------------------------------------------
  input external delay                     0.00       0.00 f
  shift_mag[1] (in)                        0.00       0.00 f
  U27/ZN (OR2_X1)                          0.06       0.06 f
  U20/ZN (AOI22_X1)                        0.07       0.13 r
  U19/ZN (OAI221_X1)                       0.04       0.16 f
  Op[2] (out)                              0.00       0.16 f
  data arrival time                                   0.16
  -----------------------------------------------------------
  (Path is unconstrained)


  Startpoint: shift_mag[1]
              (input port)
  Endpoint: Op[3] (output port)
  Path Group: (none)
  Path Type: max

  Des/Clust/Port     Wire Load Model       Library
  ------------------------------------------------
  combShifter        5K_hvratio_1_1        NangateOpenCellLibrary

  Point                                    Incr       Path
  -----------------------------------------------------------
  input external delay                     0.00       0.00 f
  shift_mag[1] (in)                        0.00       0.00 f
  U27/ZN (OR2_X1)                          0.06       0.06 f
  U18/ZN (AOI22_X1)                        0.07       0.13 r
  U17/ZN (OAI221_X1)                       0.04       0.16 f
  Op[3] (out)                              0.00       0.16 f
  data arrival time                                   0.16
  -----------------------------------------------------------
  (Path is unconstrained)


  Startpoint: shift_mag[5]
              (input port)
  Endpoint: Op[0] (output port)
  Path Group: (none)
  Path Type: max

  Des/Clust/Port     Wire Load Model       Library
  ------------------------------------------------
  combShifter        5K_hvratio_1_1        NangateOpenCellLibrary

  Point                                    Incr       Path
  -----------------------------------------------------------
  input external delay                     0.00       0.00 f
  shift_mag[5] (in)                        0.00       0.00 f
  U27/ZN (OR2_X1)                          0.07       0.07 f
  U26/ZN (AOI22_X1)                        0.07       0.13 r
  U25/ZN (OAI221_X1)                       0.03       0.16 f
  Op[0] (out)                              0.00       0.16 f
  data arrival time                                   0.16
  -----------------------------------------------------------
  (Path is unconstrained)


  Startpoint: shift_mag[5]
              (input port)
  Endpoint: Op[1] (output port)
  Path Group: (none)
  Path Type: max

  Des/Clust/Port     Wire Load Model       Library
  ------------------------------------------------
  combShifter        5K_hvratio_1_1        NangateOpenCellLibrary

  Point                                    Incr       Path
  -----------------------------------------------------------
  input external delay                     0.00       0.00 f
  shift_mag[5] (in)                        0.00       0.00 f
  U27/ZN (OR2_X1)                          0.07       0.07 f
  U23/ZN (AOI22_X1)                        0.07       0.13 r
  U22/ZN (OAI221_X1)                       0.03       0.16 f
  Op[1] (out)                              0.00       0.16 f
  data arrival time                                   0.16
  -----------------------------------------------------------
  (Path is unconstrained)


  Startpoint: shift_mag[5]
              (input port)
  Endpoint: Op[2] (output port)
  Path Group: (none)
  Path Type: max

  Des/Clust/Port     Wire Load Model       Library
  ------------------------------------------------
  combShifter        5K_hvratio_1_1        NangateOpenCellLibrary

  Point                                    Incr       Path
  -----------------------------------------------------------
  input external delay                     0.00       0.00 f
  shift_mag[5] (in)                        0.00       0.00 f
  U27/ZN (OR2_X1)                          0.07       0.07 f
  U20/ZN (AOI22_X1)                        0.07       0.13 r
  U19/ZN (OAI221_X1)                       0.03       0.16 f
  Op[2] (out)                              0.00       0.16 f
  data arrival time                                   0.16
  -----------------------------------------------------------
  (Path is unconstrained)


  Startpoint: shift_mag[5]
              (input port)
  Endpoint: Op[3] (output port)
  Path Group: (none)
  Path Type: max

  Des/Clust/Port     Wire Load Model       Library
  ------------------------------------------------
  combShifter        5K_hvratio_1_1        NangateOpenCellLibrary

  Point                                    Incr       Path
  -----------------------------------------------------------
  input external delay                     0.00       0.00 f
  shift_mag[5] (in)                        0.00       0.00 f
  U27/ZN (OR2_X1)                          0.07       0.07 f
  U18/ZN (AOI22_X1)                        0.07       0.13 r
  U17/ZN (OAI221_X1)                       0.03       0.16 f
  Op[3] (out)                              0.00       0.16 f
  data arrival time                                   0.16
  -----------------------------------------------------------
  (Path is unconstrained)


  Startpoint: shift_mag[5]
              (input port)
  Endpoint: Op[0] (output port)
  Path Group: (none)
  Path Type: max

  Des/Clust/Port     Wire Load Model       Library
  ------------------------------------------------
  combShifter        5K_hvratio_1_1        NangateOpenCellLibrary

  Point                                    Incr       Path
  -----------------------------------------------------------
  input external delay                     0.00       0.00 f
  shift_mag[5] (in)                        0.00       0.00 f
  U27/ZN (OR2_X1)                          0.07       0.07 f
  U26/ZN (AOI22_X1)                        0.06       0.13 r
  U25/ZN (OAI221_X1)                       0.04       0.16 f
  Op[0] (out)                              0.00       0.16 f
  data arrival time                                   0.16
  -----------------------------------------------------------
  (Path is unconstrained)


  Startpoint: shift_mag[5]
              (input port)
  Endpoint: Op[1] (output port)
  Path Group: (none)
  Path Type: max

  Des/Clust/Port     Wire Load Model       Library
  ------------------------------------------------
  combShifter        5K_hvratio_1_1        NangateOpenCellLibrary

  Point                                    Incr       Path
  -----------------------------------------------------------
  input external delay                     0.00       0.00 f
  shift_mag[5] (in)                        0.00       0.00 f
  U27/ZN (OR2_X1)                          0.07       0.07 f
  U23/ZN (AOI22_X1)                        0.06       0.13 r
  U22/ZN (OAI221_X1)                       0.04       0.16 f
  Op[1] (out)                              0.00       0.16 f
  data arrival time                                   0.16
  -----------------------------------------------------------
  (Path is unconstrained)


  Startpoint: shift_mag[5]
              (input port)
  Endpoint: Op[2] (output port)
  Path Group: (none)
  Path Type: max

  Des/Clust/Port     Wire Load Model       Library
  ------------------------------------------------
  combShifter        5K_hvratio_1_1        NangateOpenCellLibrary

  Point                                    Incr       Path
  -----------------------------------------------------------
  input external delay                     0.00       0.00 f
  shift_mag[5] (in)                        0.00       0.00 f
  U27/ZN (OR2_X1)                          0.07       0.07 f
  U20/ZN (AOI22_X1)                        0.06       0.13 r
  U19/ZN (OAI221_X1)                       0.04       0.16 f
  Op[2] (out)                              0.00       0.16 f
  data arrival time                                   0.16
  -----------------------------------------------------------
  (Path is unconstrained)


  Startpoint: shift_mag[5]
              (input port)
  Endpoint: Op[3] (output port)
  Path Group: (none)
  Path Type: max

  Des/Clust/Port     Wire Load Model       Library
  ------------------------------------------------
  combShifter        5K_hvratio_1_1        NangateOpenCellLibrary

  Point                                    Incr       Path
  -----------------------------------------------------------
  input external delay                     0.00       0.00 f
  shift_mag[5] (in)                        0.00       0.00 f
  U27/ZN (OR2_X1)                          0.07       0.07 f
  U18/ZN (AOI22_X1)                        0.06       0.13 r
  U17/ZN (OAI221_X1)                       0.04       0.16 f
  Op[3] (out)                              0.00       0.16 f
  data arrival time                                   0.16
  -----------------------------------------------------------
  (Path is unconstrained)


  Startpoint: shift_mag[1]
              (input port)
  Endpoint: Op[0] (output port)
  Path Group: (none)
  Path Type: max

  Des/Clust/Port     Wire Load Model       Library
  ------------------------------------------------
  combShifter        5K_hvratio_1_1        NangateOpenCellLibrary

  Point                                    Incr       Path
  -----------------------------------------------------------
  input external delay                     0.00       0.00 f
  shift_mag[1] (in)                        0.00       0.00 f
  U27/ZN (OR2_X1)                          0.06       0.06 f
  U26/ZN (AOI22_X1)                        0.07       0.13 r
  U25/ZN (OAI221_X1)                       0.03       0.16 f
  Op[0] (out)                              0.00       0.16 f
  data arrival time                                   0.16
  -----------------------------------------------------------
  (Path is unconstrained)


  Startpoint: shift_mag[1]
              (input port)
  Endpoint: Op[1] (output port)
  Path Group: (none)
  Path Type: max

  Des/Clust/Port     Wire Load Model       Library
  ------------------------------------------------
  combShifter        5K_hvratio_1_1        NangateOpenCellLibrary

  Point                                    Incr       Path
  -----------------------------------------------------------
  input external delay                     0.00       0.00 f
  shift_mag[1] (in)                        0.00       0.00 f
  U27/ZN (OR2_X1)                          0.06       0.06 f
  U23/ZN (AOI22_X1)                        0.07       0.13 r
  U22/ZN (OAI221_X1)                       0.03       0.16 f
  Op[1] (out)                              0.00       0.16 f
  data arrival time                                   0.16
  -----------------------------------------------------------
  (Path is unconstrained)


  Startpoint: shift_mag[1]
              (input port)
  Endpoint: Op[2] (output port)
  Path Group: (none)
  Path Type: max

  Des/Clust/Port     Wire Load Model       Library
  ------------------------------------------------
  combShifter        5K_hvratio_1_1        NangateOpenCellLibrary

  Point                                    Incr       Path
  -----------------------------------------------------------
  input external delay                     0.00       0.00 f
  shift_mag[1] (in)                        0.00       0.00 f
  U27/ZN (OR2_X1)                          0.06       0.06 f
  U20/ZN (AOI22_X1)                        0.07       0.13 r
  U19/ZN (OAI221_X1)                       0.03       0.16 f
  Op[2] (out)                              0.00       0.16 f
  data arrival time                                   0.16
  -----------------------------------------------------------
  (Path is unconstrained)


  Startpoint: shift_mag[1]
              (input port)
  Endpoint: Op[3] (output port)
  Path Group: (none)
  Path Type: max

  Des/Clust/Port     Wire Load Model       Library
  ------------------------------------------------
  combShifter        5K_hvratio_1_1        NangateOpenCellLibrary

  Point                                    Incr       Path
  -----------------------------------------------------------
  input external delay                     0.00       0.00 f
  shift_mag[1] (in)                        0.00       0.00 f
  U27/ZN (OR2_X1)                          0.06       0.06 f
  U18/ZN (AOI22_X1)                        0.07       0.13 r
  U17/ZN (OAI221_X1)                       0.03       0.16 f
  Op[3] (out)                              0.00       0.16 f
  data arrival time                                   0.16
  -----------------------------------------------------------
  (Path is unconstrained)


  Startpoint: shift_mag[1]
              (input port)
  Endpoint: Op[0] (output port)
  Path Group: (none)
  Path Type: max

  Des/Clust/Port     Wire Load Model       Library
  ------------------------------------------------
  combShifter        5K_hvratio_1_1        NangateOpenCellLibrary

  Point                                    Incr       Path
  -----------------------------------------------------------
  input external delay                     0.00       0.00 f
  shift_mag[1] (in)                        0.00       0.00 f
  U27/ZN (OR2_X1)                          0.06       0.06 f
  U26/ZN (AOI22_X1)                        0.07       0.13 r
  U25/ZN (OAI221_X1)                       0.03       0.16 f
  Op[0] (out)                              0.00       0.16 f
  data arrival time                                   0.16
  -----------------------------------------------------------
  (Path is unconstrained)


  Startpoint: shift_mag[1]
              (input port)
  Endpoint: Op[1] (output port)
  Path Group: (none)
  Path Type: max

  Des/Clust/Port     Wire Load Model       Library
  ------------------------------------------------
  combShifter        5K_hvratio_1_1        NangateOpenCellLibrary

  Point                                    Incr       Path
  -----------------------------------------------------------
  input external delay                     0.00       0.00 f
  shift_mag[1] (in)                        0.00       0.00 f
  U27/ZN (OR2_X1)                          0.06       0.06 f
  U23/ZN (AOI22_X1)                        0.07       0.13 r
  U22/ZN (OAI221_X1)                       0.03       0.16 f
  Op[1] (out)                              0.00       0.16 f
  data arrival time                                   0.16
  -----------------------------------------------------------
  (Path is unconstrained)


  Startpoint: shift_mag[1]
              (input port)
  Endpoint: Op[2] (output port)
  Path Group: (none)
  Path Type: max

  Des/Clust/Port     Wire Load Model       Library
  ------------------------------------------------
  combShifter        5K_hvratio_1_1        NangateOpenCellLibrary

  Point                                    Incr       Path
  -----------------------------------------------------------
  input external delay                     0.00       0.00 f
  shift_mag[1] (in)                        0.00       0.00 f
  U27/ZN (OR2_X1)                          0.06       0.06 f
  U20/ZN (AOI22_X1)                        0.07       0.13 r
  U19/ZN (OAI221_X1)                       0.03       0.16 f
  Op[2] (out)                              0.00       0.16 f
  data arrival time                                   0.16
  -----------------------------------------------------------
  (Path is unconstrained)


  Startpoint: shift_mag[1]
              (input port)
  Endpoint: Op[3] (output port)
  Path Group: (none)
  Path Type: max

  Des/Clust/Port     Wire Load Model       Library
  ------------------------------------------------
  combShifter        5K_hvratio_1_1        NangateOpenCellLibrary

  Point                                    Incr       Path
  -----------------------------------------------------------
  input external delay                     0.00       0.00 f
  shift_mag[1] (in)                        0.00       0.00 f
  U27/ZN (OR2_X1)                          0.06       0.06 f
  U18/ZN (AOI22_X1)                        0.07       0.13 r
  U17/ZN (OAI221_X1)                       0.03       0.16 f
  Op[3] (out)                              0.00       0.16 f
  data arrival time                                   0.16
  -----------------------------------------------------------
  (Path is unconstrained)


  Startpoint: shift_mag[1]
              (input port)
  Endpoint: Op[0] (output port)
  Path Group: (none)
  Path Type: max

  Des/Clust/Port     Wire Load Model       Library
  ------------------------------------------------
  combShifter        5K_hvratio_1_1        NangateOpenCellLibrary

  Point                                    Incr       Path
  -----------------------------------------------------------
  input external delay                     0.00       0.00 f
  shift_mag[1] (in)                        0.00       0.00 f
  U27/ZN (OR2_X1)                          0.06       0.06 f
  U26/ZN (AOI22_X1)                        0.06       0.12 r
  U25/ZN (OAI221_X1)                       0.04       0.16 f
  Op[0] (out)                              0.00       0.16 f
  data arrival time                                   0.16
  -----------------------------------------------------------
  (Path is unconstrained)


  Startpoint: shift_mag[1]
              (input port)
  Endpoint: Op[1] (output port)
  Path Group: (none)
  Path Type: max

  Des/Clust/Port     Wire Load Model       Library
  ------------------------------------------------
  combShifter        5K_hvratio_1_1        NangateOpenCellLibrary

  Point                                    Incr       Path
  -----------------------------------------------------------
  input external delay                     0.00       0.00 f
  shift_mag[1] (in)                        0.00       0.00 f
  U27/ZN (OR2_X1)                          0.06       0.06 f
  U23/ZN (AOI22_X1)                        0.06       0.12 r
  U22/ZN (OAI221_X1)                       0.04       0.16 f
  Op[1] (out)                              0.00       0.16 f
  data arrival time                                   0.16
  -----------------------------------------------------------
  (Path is unconstrained)


  Startpoint: shift_mag[1]
              (input port)
  Endpoint: Op[2] (output port)
  Path Group: (none)
  Path Type: max

  Des/Clust/Port     Wire Load Model       Library
  ------------------------------------------------
  combShifter        5K_hvratio_1_1        NangateOpenCellLibrary

  Point                                    Incr       Path
  -----------------------------------------------------------
  input external delay                     0.00       0.00 f
  shift_mag[1] (in)                        0.00       0.00 f
  U27/ZN (OR2_X1)                          0.06       0.06 f
  U20/ZN (AOI22_X1)                        0.06       0.12 r
  U19/ZN (OAI221_X1)                       0.04       0.16 f
  Op[2] (out)                              0.00       0.16 f
  data arrival time                                   0.16
  -----------------------------------------------------------
  (Path is unconstrained)


  Startpoint: shift_mag[1]
              (input port)
  Endpoint: Op[3] (output port)
  Path Group: (none)
  Path Type: max

  Des/Clust/Port     Wire Load Model       Library
  ------------------------------------------------
  combShifter        5K_hvratio_1_1        NangateOpenCellLibrary

  Point                                    Incr       Path
  -----------------------------------------------------------
  input external delay                     0.00       0.00 f
  shift_mag[1] (in)                        0.00       0.00 f
  U27/ZN (OR2_X1)                          0.06       0.06 f
  U18/ZN (AOI22_X1)                        0.06       0.12 r
  U17/ZN (OAI221_X1)                       0.04       0.16 f
  Op[3] (out)                              0.00       0.16 f
  data arrival time                                   0.16
  -----------------------------------------------------------
  (Path is unconstrained)


  Startpoint: shift_mag[5]
              (input port)
  Endpoint: Op[0] (output port)
  Path Group: (none)
  Path Type: max

  Des/Clust/Port     Wire Load Model       Library
  ------------------------------------------------
  combShifter        5K_hvratio_1_1        NangateOpenCellLibrary

  Point                                    Incr       Path
  -----------------------------------------------------------
  input external delay                     0.00       0.00 f
  shift_mag[5] (in)                        0.00       0.00 f
  U27/ZN (OR2_X1)                          0.07       0.07 f
  U26/ZN (AOI22_X1)                        0.06       0.13 r
  U25/ZN (OAI221_X1)                       0.03       0.16 f
  Op[0] (out)                              0.00       0.16 f
  data arrival time                                   0.16
  -----------------------------------------------------------
  (Path is unconstrained)


  Startpoint: shift_mag[5]
              (input port)
  Endpoint: Op[1] (output port)
  Path Group: (none)
  Path Type: max

  Des/Clust/Port     Wire Load Model       Library
  ------------------------------------------------
  combShifter        5K_hvratio_1_1        NangateOpenCellLibrary

  Point                                    Incr       Path
  -----------------------------------------------------------
  input external delay                     0.00       0.00 f
  shift_mag[5] (in)                        0.00       0.00 f
  U27/ZN (OR2_X1)                          0.07       0.07 f
  U23/ZN (AOI22_X1)                        0.06       0.13 r
  U22/ZN (OAI221_X1)                       0.03       0.16 f
  Op[1] (out)                              0.00       0.16 f
  data arrival time                                   0.16
  -----------------------------------------------------------
  (Path is unconstrained)


  Startpoint: shift_mag[5]
              (input port)
  Endpoint: Op[2] (output port)
  Path Group: (none)
  Path Type: max

  Des/Clust/Port     Wire Load Model       Library
  ------------------------------------------------
  combShifter        5K_hvratio_1_1        NangateOpenCellLibrary

  Point                                    Incr       Path
  -----------------------------------------------------------
  input external delay                     0.00       0.00 f
  shift_mag[5] (in)                        0.00       0.00 f
  U27/ZN (OR2_X1)                          0.07       0.07 f
  U20/ZN (AOI22_X1)                        0.06       0.13 r
  U19/ZN (OAI221_X1)                       0.03       0.16 f
  Op[2] (out)                              0.00       0.16 f
  data arrival time                                   0.16
  -----------------------------------------------------------
  (Path is unconstrained)


  Startpoint: shift_mag[5]
              (input port)
  Endpoint: Op[3] (output port)
  Path Group: (none)
  Path Type: max

  Des/Clust/Port     Wire Load Model       Library
  ------------------------------------------------
  combShifter        5K_hvratio_1_1        NangateOpenCellLibrary

  Point                                    Incr       Path
  -----------------------------------------------------------
  input external delay                     0.00       0.00 f
  shift_mag[5] (in)                        0.00       0.00 f
  U27/ZN (OR2_X1)                          0.07       0.07 f
  U18/ZN (AOI22_X1)                        0.06       0.13 r
  U17/ZN (OAI221_X1)                       0.03       0.16 f
  Op[3] (out)                              0.00       0.16 f
  data arrival time                                   0.16
  -----------------------------------------------------------
  (Path is unconstrained)


  Startpoint: shift_mag[5]
              (input port)
  Endpoint: Op[0] (output port)
  Path Group: (none)
  Path Type: max

  Des/Clust/Port     Wire Load Model       Library
  ------------------------------------------------
  combShifter        5K_hvratio_1_1        NangateOpenCellLibrary

  Point                                    Incr       Path
  -----------------------------------------------------------
  input external delay                     0.00       0.00 f
  shift_mag[5] (in)                        0.00       0.00 f
  U27/ZN (OR2_X1)                          0.07       0.07 f
  U26/ZN (AOI22_X1)                        0.06       0.13 r
  U25/ZN (OAI221_X1)                       0.03       0.16 f
  Op[0] (out)                              0.00       0.16 f
  data arrival time                                   0.16
  -----------------------------------------------------------
  (Path is unconstrained)


  Startpoint: shift_mag[5]
              (input port)
  Endpoint: Op[1] (output port)
  Path Group: (none)
  Path Type: max

  Des/Clust/Port     Wire Load Model       Library
  ------------------------------------------------
  combShifter        5K_hvratio_1_1        NangateOpenCellLibrary

  Point                                    Incr       Path
  -----------------------------------------------------------
  input external delay                     0.00       0.00 f
  shift_mag[5] (in)                        0.00       0.00 f
  U27/ZN (OR2_X1)                          0.07       0.07 f
  U23/ZN (AOI22_X1)                        0.06       0.13 r
  U22/ZN (OAI221_X1)                       0.03       0.16 f
  Op[1] (out)                              0.00       0.16 f
  data arrival time                                   0.16
  -----------------------------------------------------------
  (Path is unconstrained)


  Startpoint: shift_mag[5]
              (input port)
  Endpoint: Op[2] (output port)
  Path Group: (none)
  Path Type: max

  Des/Clust/Port     Wire Load Model       Library
  ------------------------------------------------
  combShifter        5K_hvratio_1_1        NangateOpenCellLibrary

  Point                                    Incr       Path
  -----------------------------------------------------------
  input external delay                     0.00       0.00 f
  shift_mag[5] (in)                        0.00       0.00 f
  U27/ZN (OR2_X1)                          0.07       0.07 f
  U20/ZN (AOI22_X1)                        0.06       0.13 r
  U19/ZN (OAI221_X1)                       0.03       0.16 f
  Op[2] (out)                              0.00       0.16 f
  data arrival time                                   0.16
  -----------------------------------------------------------
  (Path is unconstrained)


  Startpoint: shift_mag[5]
              (input port)
  Endpoint: Op[3] (output port)
  Path Group: (none)
  Path Type: max

  Des/Clust/Port     Wire Load Model       Library
  ------------------------------------------------
  combShifter        5K_hvratio_1_1        NangateOpenCellLibrary

  Point                                    Incr       Path
  -----------------------------------------------------------
  input external delay                     0.00       0.00 f
  shift_mag[5] (in)                        0.00       0.00 f
  U27/ZN (OR2_X1)                          0.07       0.07 f
  U18/ZN (AOI22_X1)                        0.06       0.13 r
  U17/ZN (OAI221_X1)                       0.03       0.16 f
  Op[3] (out)                              0.00       0.16 f
  data arrival time                                   0.16
  -----------------------------------------------------------
  (Path is unconstrained)


  Startpoint: shift_mag[1]
              (input port)
  Endpoint: Op[0] (output port)
  Path Group: (none)
  Path Type: max

  Des/Clust/Port     Wire Load Model       Library
  ------------------------------------------------
  combShifter        5K_hvratio_1_1        NangateOpenCellLibrary

  Point                                    Incr       Path
  -----------------------------------------------------------
  input external delay                     0.00       0.00 f
  shift_mag[1] (in)                        0.00       0.00 f
  U27/ZN (OR2_X1)                          0.06       0.06 f
  U26/ZN (AOI22_X1)                        0.06       0.12 r
  U25/ZN (OAI221_X1)                       0.04       0.16 f
  Op[0] (out)                              0.00       0.16 f
  data arrival time                                   0.16
  -----------------------------------------------------------
  (Path is unconstrained)


  Startpoint: shift_mag[1]
              (input port)
  Endpoint: Op[1] (output port)
  Path Group: (none)
  Path Type: max

  Des/Clust/Port     Wire Load Model       Library
  ------------------------------------------------
  combShifter        5K_hvratio_1_1        NangateOpenCellLibrary

  Point                                    Incr       Path
  -----------------------------------------------------------
  input external delay                     0.00       0.00 f
  shift_mag[1] (in)                        0.00       0.00 f
  U27/ZN (OR2_X1)                          0.06       0.06 f
  U23/ZN (AOI22_X1)                        0.06       0.12 r
  U22/ZN (OAI221_X1)                       0.04       0.16 f
  Op[1] (out)                              0.00       0.16 f
  data arrival time                                   0.16
  -----------------------------------------------------------
  (Path is unconstrained)


  Startpoint: shift_mag[1]
              (input port)
  Endpoint: Op[2] (output port)
  Path Group: (none)
  Path Type: max

  Des/Clust/Port     Wire Load Model       Library
  ------------------------------------------------
  combShifter        5K_hvratio_1_1        NangateOpenCellLibrary

  Point                                    Incr       Path
  -----------------------------------------------------------
  input external delay                     0.00       0.00 f
  shift_mag[1] (in)                        0.00       0.00 f
  U27/ZN (OR2_X1)                          0.06       0.06 f
  U20/ZN (AOI22_X1)                        0.06       0.12 r
  U19/ZN (OAI221_X1)                       0.04       0.16 f
  Op[2] (out)                              0.00       0.16 f
  data arrival time                                   0.16
  -----------------------------------------------------------
  (Path is unconstrained)


  Startpoint: shift_mag[1]
              (input port)
  Endpoint: Op[3] (output port)
  Path Group: (none)
  Path Type: max

  Des/Clust/Port     Wire Load Model       Library
  ------------------------------------------------
  combShifter        5K_hvratio_1_1        NangateOpenCellLibrary

  Point                                    Incr       Path
  -----------------------------------------------------------
  input external delay                     0.00       0.00 f
  shift_mag[1] (in)                        0.00       0.00 f
  U27/ZN (OR2_X1)                          0.06       0.06 f
  U18/ZN (AOI22_X1)                        0.06       0.12 r
  U17/ZN (OAI221_X1)                       0.04       0.16 f
  Op[3] (out)                              0.00       0.16 f
  data arrival time                                   0.16
  -----------------------------------------------------------
  (Path is unconstrained)


1
