 
****************************************
Report : timing
        -path full
        -delay max
        -nworst 100
        -max_paths 100
Design : combShifter
Version: P-2019.03
Date   : Tue Apr 26 22:39:49 2022
****************************************

Operating Conditions: typical   Library: NangateOpenCellLibrary
Wire Load Model Mode: top

  Startpoint: shift_mag[8]
              (input port)
  Endpoint: Op[0] (output port)
  Path Group: (none)
  Path Type: max

  Des/Clust/Port     Wire Load Model       Library
  ------------------------------------------------
  combShifter        5K_hvratio_1_1        NangateOpenCellLibrary

  Point                                    Incr       Path
  -----------------------------------------------------------
  input external delay                     0.00       0.00 f
  shift_mag[8] (in)                        0.00       0.00 f
  U79/ZN (OR2_X1)                          0.08       0.08 f
  U78/ZN (AOI22_X1)                        0.06       0.14 r
  U77/ZN (NAND4_X1)                        0.04       0.18 f
  Op[0] (out)                              0.00       0.18 f
  data arrival time                                   0.18
  -----------------------------------------------------------
  (Path is unconstrained)


  Startpoint: shift_mag[8]
              (input port)
  Endpoint: Op[1] (output port)
  Path Group: (none)
  Path Type: max

  Des/Clust/Port     Wire Load Model       Library
  ------------------------------------------------
  combShifter        5K_hvratio_1_1        NangateOpenCellLibrary

  Point                                    Incr       Path
  -----------------------------------------------------------
  input external delay                     0.00       0.00 f
  shift_mag[8] (in)                        0.00       0.00 f
  U79/ZN (OR2_X1)                          0.08       0.08 f
  U73/ZN (AOI22_X1)                        0.06       0.14 r
  U72/ZN (NAND4_X1)                        0.04       0.18 f
  Op[1] (out)                              0.00       0.18 f
  data arrival time                                   0.18
  -----------------------------------------------------------
  (Path is unconstrained)


  Startpoint: shift_mag[8]
              (input port)
  Endpoint: Op[2] (output port)
  Path Group: (none)
  Path Type: max

  Des/Clust/Port     Wire Load Model       Library
  ------------------------------------------------
  combShifter        5K_hvratio_1_1        NangateOpenCellLibrary

  Point                                    Incr       Path
  -----------------------------------------------------------
  input external delay                     0.00       0.00 f
  shift_mag[8] (in)                        0.00       0.00 f
  U79/ZN (OR2_X1)                          0.08       0.08 f
  U68/ZN (AOI22_X1)                        0.06       0.14 r
  U67/ZN (NAND4_X1)                        0.04       0.18 f
  Op[2] (out)                              0.00       0.18 f
  data arrival time                                   0.18
  -----------------------------------------------------------
  (Path is unconstrained)


  Startpoint: shift_mag[8]
              (input port)
  Endpoint: Op[3] (output port)
  Path Group: (none)
  Path Type: max

  Des/Clust/Port     Wire Load Model       Library
  ------------------------------------------------
  combShifter        5K_hvratio_1_1        NangateOpenCellLibrary

  Point                                    Incr       Path
  -----------------------------------------------------------
  input external delay                     0.00       0.00 f
  shift_mag[8] (in)                        0.00       0.00 f
  U79/ZN (OR2_X1)                          0.08       0.08 f
  U63/ZN (AOI22_X1)                        0.06       0.14 r
  U62/ZN (NAND4_X1)                        0.04       0.18 f
  Op[3] (out)                              0.00       0.18 f
  data arrival time                                   0.18
  -----------------------------------------------------------
  (Path is unconstrained)


  Startpoint: shift_mag[8]
              (input port)
  Endpoint: Op[4] (output port)
  Path Group: (none)
  Path Type: max

  Des/Clust/Port     Wire Load Model       Library
  ------------------------------------------------
  combShifter        5K_hvratio_1_1        NangateOpenCellLibrary

  Point                                    Incr       Path
  -----------------------------------------------------------
  input external delay                     0.00       0.00 f
  shift_mag[8] (in)                        0.00       0.00 f
  U79/ZN (OR2_X1)                          0.08       0.08 f
  U58/ZN (AOI22_X1)                        0.06       0.14 r
  U57/ZN (NAND4_X1)                        0.04       0.18 f
  Op[4] (out)                              0.00       0.18 f
  data arrival time                                   0.18
  -----------------------------------------------------------
  (Path is unconstrained)


  Startpoint: shift_mag[8]
              (input port)
  Endpoint: Op[5] (output port)
  Path Group: (none)
  Path Type: max

  Des/Clust/Port     Wire Load Model       Library
  ------------------------------------------------
  combShifter        5K_hvratio_1_1        NangateOpenCellLibrary

  Point                                    Incr       Path
  -----------------------------------------------------------
  input external delay                     0.00       0.00 f
  shift_mag[8] (in)                        0.00       0.00 f
  U79/ZN (OR2_X1)                          0.08       0.08 f
  U53/ZN (AOI22_X1)                        0.06       0.14 r
  U52/ZN (NAND4_X1)                        0.04       0.18 f
  Op[5] (out)                              0.00       0.18 f
  data arrival time                                   0.18
  -----------------------------------------------------------
  (Path is unconstrained)


  Startpoint: shift_mag[8]
              (input port)
  Endpoint: Op[6] (output port)
  Path Group: (none)
  Path Type: max

  Des/Clust/Port     Wire Load Model       Library
  ------------------------------------------------
  combShifter        5K_hvratio_1_1        NangateOpenCellLibrary

  Point                                    Incr       Path
  -----------------------------------------------------------
  input external delay                     0.00       0.00 f
  shift_mag[8] (in)                        0.00       0.00 f
  U79/ZN (OR2_X1)                          0.08       0.08 f
  U48/ZN (AOI22_X1)                        0.06       0.14 r
  U47/ZN (NAND4_X1)                        0.04       0.18 f
  Op[6] (out)                              0.00       0.18 f
  data arrival time                                   0.18
  -----------------------------------------------------------
  (Path is unconstrained)


  Startpoint: shift_mag[8]
              (input port)
  Endpoint: Op[7] (output port)
  Path Group: (none)
  Path Type: max

  Des/Clust/Port     Wire Load Model       Library
  ------------------------------------------------
  combShifter        5K_hvratio_1_1        NangateOpenCellLibrary

  Point                                    Incr       Path
  -----------------------------------------------------------
  input external delay                     0.00       0.00 f
  shift_mag[8] (in)                        0.00       0.00 f
  U79/ZN (OR2_X1)                          0.08       0.08 f
  U43/ZN (AOI22_X1)                        0.06       0.14 r
  U42/ZN (NAND4_X1)                        0.04       0.18 f
  Op[7] (out)                              0.00       0.18 f
  data arrival time                                   0.18
  -----------------------------------------------------------
  (Path is unconstrained)


  Startpoint: shift_mag[0]
              (input port)
  Endpoint: Op[0] (output port)
  Path Group: (none)
  Path Type: max

  Des/Clust/Port     Wire Load Model       Library
  ------------------------------------------------
  combShifter        5K_hvratio_1_1        NangateOpenCellLibrary

  Point                                    Incr       Path
  -----------------------------------------------------------
  input external delay                     0.00       0.00 f
  shift_mag[0] (in)                        0.00       0.00 f
  U79/ZN (OR2_X1)                          0.07       0.07 f
  U78/ZN (AOI22_X1)                        0.06       0.14 r
  U77/ZN (NAND4_X1)                        0.04       0.18 f
  Op[0] (out)                              0.00       0.18 f
  data arrival time                                   0.18
  -----------------------------------------------------------
  (Path is unconstrained)


  Startpoint: shift_mag[0]
              (input port)
  Endpoint: Op[1] (output port)
  Path Group: (none)
  Path Type: max

  Des/Clust/Port     Wire Load Model       Library
  ------------------------------------------------
  combShifter        5K_hvratio_1_1        NangateOpenCellLibrary

  Point                                    Incr       Path
  -----------------------------------------------------------
  input external delay                     0.00       0.00 f
  shift_mag[0] (in)                        0.00       0.00 f
  U79/ZN (OR2_X1)                          0.07       0.07 f
  U73/ZN (AOI22_X1)                        0.06       0.14 r
  U72/ZN (NAND4_X1)                        0.04       0.18 f
  Op[1] (out)                              0.00       0.18 f
  data arrival time                                   0.18
  -----------------------------------------------------------
  (Path is unconstrained)


  Startpoint: shift_mag[0]
              (input port)
  Endpoint: Op[2] (output port)
  Path Group: (none)
  Path Type: max

  Des/Clust/Port     Wire Load Model       Library
  ------------------------------------------------
  combShifter        5K_hvratio_1_1        NangateOpenCellLibrary

  Point                                    Incr       Path
  -----------------------------------------------------------
  input external delay                     0.00       0.00 f
  shift_mag[0] (in)                        0.00       0.00 f
  U79/ZN (OR2_X1)                          0.07       0.07 f
  U68/ZN (AOI22_X1)                        0.06       0.14 r
  U67/ZN (NAND4_X1)                        0.04       0.18 f
  Op[2] (out)                              0.00       0.18 f
  data arrival time                                   0.18
  -----------------------------------------------------------
  (Path is unconstrained)


  Startpoint: shift_mag[0]
              (input port)
  Endpoint: Op[3] (output port)
  Path Group: (none)
  Path Type: max

  Des/Clust/Port     Wire Load Model       Library
  ------------------------------------------------
  combShifter        5K_hvratio_1_1        NangateOpenCellLibrary

  Point                                    Incr       Path
  -----------------------------------------------------------
  input external delay                     0.00       0.00 f
  shift_mag[0] (in)                        0.00       0.00 f
  U79/ZN (OR2_X1)                          0.07       0.07 f
  U63/ZN (AOI22_X1)                        0.06       0.14 r
  U62/ZN (NAND4_X1)                        0.04       0.18 f
  Op[3] (out)                              0.00       0.18 f
  data arrival time                                   0.18
  -----------------------------------------------------------
  (Path is unconstrained)


  Startpoint: shift_mag[0]
              (input port)
  Endpoint: Op[4] (output port)
  Path Group: (none)
  Path Type: max

  Des/Clust/Port     Wire Load Model       Library
  ------------------------------------------------
  combShifter        5K_hvratio_1_1        NangateOpenCellLibrary

  Point                                    Incr       Path
  -----------------------------------------------------------
  input external delay                     0.00       0.00 f
  shift_mag[0] (in)                        0.00       0.00 f
  U79/ZN (OR2_X1)                          0.07       0.07 f
  U58/ZN (AOI22_X1)                        0.06       0.14 r
  U57/ZN (NAND4_X1)                        0.04       0.18 f
  Op[4] (out)                              0.00       0.18 f
  data arrival time                                   0.18
  -----------------------------------------------------------
  (Path is unconstrained)


  Startpoint: shift_mag[0]
              (input port)
  Endpoint: Op[5] (output port)
  Path Group: (none)
  Path Type: max

  Des/Clust/Port     Wire Load Model       Library
  ------------------------------------------------
  combShifter        5K_hvratio_1_1        NangateOpenCellLibrary

  Point                                    Incr       Path
  -----------------------------------------------------------
  input external delay                     0.00       0.00 f
  shift_mag[0] (in)                        0.00       0.00 f
  U79/ZN (OR2_X1)                          0.07       0.07 f
  U53/ZN (AOI22_X1)                        0.06       0.14 r
  U52/ZN (NAND4_X1)                        0.04       0.18 f
  Op[5] (out)                              0.00       0.18 f
  data arrival time                                   0.18
  -----------------------------------------------------------
  (Path is unconstrained)


  Startpoint: shift_mag[0]
              (input port)
  Endpoint: Op[6] (output port)
  Path Group: (none)
  Path Type: max

  Des/Clust/Port     Wire Load Model       Library
  ------------------------------------------------
  combShifter        5K_hvratio_1_1        NangateOpenCellLibrary

  Point                                    Incr       Path
  -----------------------------------------------------------
  input external delay                     0.00       0.00 f
  shift_mag[0] (in)                        0.00       0.00 f
  U79/ZN (OR2_X1)                          0.07       0.07 f
  U48/ZN (AOI22_X1)                        0.06       0.14 r
  U47/ZN (NAND4_X1)                        0.04       0.18 f
  Op[6] (out)                              0.00       0.18 f
  data arrival time                                   0.18
  -----------------------------------------------------------
  (Path is unconstrained)


  Startpoint: shift_mag[0]
              (input port)
  Endpoint: Op[7] (output port)
  Path Group: (none)
  Path Type: max

  Des/Clust/Port     Wire Load Model       Library
  ------------------------------------------------
  combShifter        5K_hvratio_1_1        NangateOpenCellLibrary

  Point                                    Incr       Path
  -----------------------------------------------------------
  input external delay                     0.00       0.00 f
  shift_mag[0] (in)                        0.00       0.00 f
  U79/ZN (OR2_X1)                          0.07       0.07 f
  U43/ZN (AOI22_X1)                        0.06       0.14 r
  U42/ZN (NAND4_X1)                        0.04       0.18 f
  Op[7] (out)                              0.00       0.18 f
  data arrival time                                   0.18
  -----------------------------------------------------------
  (Path is unconstrained)


  Startpoint: shift_mag[8]
              (input port)
  Endpoint: Op[0] (output port)
  Path Group: (none)
  Path Type: max

  Des/Clust/Port     Wire Load Model       Library
  ------------------------------------------------
  combShifter        5K_hvratio_1_1        NangateOpenCellLibrary

  Point                                    Incr       Path
  -----------------------------------------------------------
  input external delay                     0.00       0.00 f
  shift_mag[8] (in)                        0.00       0.00 f
  U79/ZN (OR2_X1)                          0.08       0.08 f
  U78/ZN (AOI22_X1)                        0.06       0.14 r
  U77/ZN (NAND4_X1)                        0.04       0.17 f
  Op[0] (out)                              0.00       0.18 f
  data arrival time                                   0.18
  -----------------------------------------------------------
  (Path is unconstrained)


  Startpoint: shift_mag[8]
              (input port)
  Endpoint: Op[1] (output port)
  Path Group: (none)
  Path Type: max

  Des/Clust/Port     Wire Load Model       Library
  ------------------------------------------------
  combShifter        5K_hvratio_1_1        NangateOpenCellLibrary

  Point                                    Incr       Path
  -----------------------------------------------------------
  input external delay                     0.00       0.00 f
  shift_mag[8] (in)                        0.00       0.00 f
  U79/ZN (OR2_X1)                          0.08       0.08 f
  U73/ZN (AOI22_X1)                        0.06       0.14 r
  U72/ZN (NAND4_X1)                        0.04       0.17 f
  Op[1] (out)                              0.00       0.18 f
  data arrival time                                   0.18
  -----------------------------------------------------------
  (Path is unconstrained)


  Startpoint: shift_mag[8]
              (input port)
  Endpoint: Op[2] (output port)
  Path Group: (none)
  Path Type: max

  Des/Clust/Port     Wire Load Model       Library
  ------------------------------------------------
  combShifter        5K_hvratio_1_1        NangateOpenCellLibrary

  Point                                    Incr       Path
  -----------------------------------------------------------
  input external delay                     0.00       0.00 f
  shift_mag[8] (in)                        0.00       0.00 f
  U79/ZN (OR2_X1)                          0.08       0.08 f
  U68/ZN (AOI22_X1)                        0.06       0.14 r
  U67/ZN (NAND4_X1)                        0.04       0.17 f
  Op[2] (out)                              0.00       0.18 f
  data arrival time                                   0.18
  -----------------------------------------------------------
  (Path is unconstrained)


  Startpoint: shift_mag[8]
              (input port)
  Endpoint: Op[3] (output port)
  Path Group: (none)
  Path Type: max

  Des/Clust/Port     Wire Load Model       Library
  ------------------------------------------------
  combShifter        5K_hvratio_1_1        NangateOpenCellLibrary

  Point                                    Incr       Path
  -----------------------------------------------------------
  input external delay                     0.00       0.00 f
  shift_mag[8] (in)                        0.00       0.00 f
  U79/ZN (OR2_X1)                          0.08       0.08 f
  U63/ZN (AOI22_X1)                        0.06       0.14 r
  U62/ZN (NAND4_X1)                        0.04       0.17 f
  Op[3] (out)                              0.00       0.18 f
  data arrival time                                   0.18
  -----------------------------------------------------------
  (Path is unconstrained)


  Startpoint: shift_mag[8]
              (input port)
  Endpoint: Op[4] (output port)
  Path Group: (none)
  Path Type: max

  Des/Clust/Port     Wire Load Model       Library
  ------------------------------------------------
  combShifter        5K_hvratio_1_1        NangateOpenCellLibrary

  Point                                    Incr       Path
  -----------------------------------------------------------
  input external delay                     0.00       0.00 f
  shift_mag[8] (in)                        0.00       0.00 f
  U79/ZN (OR2_X1)                          0.08       0.08 f
  U58/ZN (AOI22_X1)                        0.06       0.14 r
  U57/ZN (NAND4_X1)                        0.04       0.17 f
  Op[4] (out)                              0.00       0.18 f
  data arrival time                                   0.18
  -----------------------------------------------------------
  (Path is unconstrained)


  Startpoint: shift_mag[8]
              (input port)
  Endpoint: Op[5] (output port)
  Path Group: (none)
  Path Type: max

  Des/Clust/Port     Wire Load Model       Library
  ------------------------------------------------
  combShifter        5K_hvratio_1_1        NangateOpenCellLibrary

  Point                                    Incr       Path
  -----------------------------------------------------------
  input external delay                     0.00       0.00 f
  shift_mag[8] (in)                        0.00       0.00 f
  U79/ZN (OR2_X1)                          0.08       0.08 f
  U53/ZN (AOI22_X1)                        0.06       0.14 r
  U52/ZN (NAND4_X1)                        0.04       0.17 f
  Op[5] (out)                              0.00       0.18 f
  data arrival time                                   0.18
  -----------------------------------------------------------
  (Path is unconstrained)


  Startpoint: shift_mag[8]
              (input port)
  Endpoint: Op[6] (output port)
  Path Group: (none)
  Path Type: max

  Des/Clust/Port     Wire Load Model       Library
  ------------------------------------------------
  combShifter        5K_hvratio_1_1        NangateOpenCellLibrary

  Point                                    Incr       Path
  -----------------------------------------------------------
  input external delay                     0.00       0.00 f
  shift_mag[8] (in)                        0.00       0.00 f
  U79/ZN (OR2_X1)                          0.08       0.08 f
  U48/ZN (AOI22_X1)                        0.06       0.14 r
  U47/ZN (NAND4_X1)                        0.04       0.17 f
  Op[6] (out)                              0.00       0.18 f
  data arrival time                                   0.18
  -----------------------------------------------------------
  (Path is unconstrained)


  Startpoint: shift_mag[8]
              (input port)
  Endpoint: Op[7] (output port)
  Path Group: (none)
  Path Type: max

  Des/Clust/Port     Wire Load Model       Library
  ------------------------------------------------
  combShifter        5K_hvratio_1_1        NangateOpenCellLibrary

  Point                                    Incr       Path
  -----------------------------------------------------------
  input external delay                     0.00       0.00 f
  shift_mag[8] (in)                        0.00       0.00 f
  U79/ZN (OR2_X1)                          0.08       0.08 f
  U43/ZN (AOI22_X1)                        0.06       0.14 r
  U42/ZN (NAND4_X1)                        0.04       0.17 f
  Op[7] (out)                              0.00       0.18 f
  data arrival time                                   0.18
  -----------------------------------------------------------
  (Path is unconstrained)


  Startpoint: shift_mag[0]
              (input port)
  Endpoint: Op[0] (output port)
  Path Group: (none)
  Path Type: max

  Des/Clust/Port     Wire Load Model       Library
  ------------------------------------------------
  combShifter        5K_hvratio_1_1        NangateOpenCellLibrary

  Point                                    Incr       Path
  -----------------------------------------------------------
  input external delay                     0.00       0.00 f
  shift_mag[0] (in)                        0.00       0.00 f
  U79/ZN (OR2_X1)                          0.07       0.07 f
  U78/ZN (AOI22_X1)                        0.06       0.13 r
  U77/ZN (NAND4_X1)                        0.04       0.17 f
  Op[0] (out)                              0.00       0.17 f
  data arrival time                                   0.17
  -----------------------------------------------------------
  (Path is unconstrained)


  Startpoint: shift_mag[0]
              (input port)
  Endpoint: Op[1] (output port)
  Path Group: (none)
  Path Type: max

  Des/Clust/Port     Wire Load Model       Library
  ------------------------------------------------
  combShifter        5K_hvratio_1_1        NangateOpenCellLibrary

  Point                                    Incr       Path
  -----------------------------------------------------------
  input external delay                     0.00       0.00 f
  shift_mag[0] (in)                        0.00       0.00 f
  U79/ZN (OR2_X1)                          0.07       0.07 f
  U73/ZN (AOI22_X1)                        0.06       0.13 r
  U72/ZN (NAND4_X1)                        0.04       0.17 f
  Op[1] (out)                              0.00       0.17 f
  data arrival time                                   0.17
  -----------------------------------------------------------
  (Path is unconstrained)


  Startpoint: shift_mag[0]
              (input port)
  Endpoint: Op[2] (output port)
  Path Group: (none)
  Path Type: max

  Des/Clust/Port     Wire Load Model       Library
  ------------------------------------------------
  combShifter        5K_hvratio_1_1        NangateOpenCellLibrary

  Point                                    Incr       Path
  -----------------------------------------------------------
  input external delay                     0.00       0.00 f
  shift_mag[0] (in)                        0.00       0.00 f
  U79/ZN (OR2_X1)                          0.07       0.07 f
  U68/ZN (AOI22_X1)                        0.06       0.13 r
  U67/ZN (NAND4_X1)                        0.04       0.17 f
  Op[2] (out)                              0.00       0.17 f
  data arrival time                                   0.17
  -----------------------------------------------------------
  (Path is unconstrained)


  Startpoint: shift_mag[0]
              (input port)
  Endpoint: Op[3] (output port)
  Path Group: (none)
  Path Type: max

  Des/Clust/Port     Wire Load Model       Library
  ------------------------------------------------
  combShifter        5K_hvratio_1_1        NangateOpenCellLibrary

  Point                                    Incr       Path
  -----------------------------------------------------------
  input external delay                     0.00       0.00 f
  shift_mag[0] (in)                        0.00       0.00 f
  U79/ZN (OR2_X1)                          0.07       0.07 f
  U63/ZN (AOI22_X1)                        0.06       0.13 r
  U62/ZN (NAND4_X1)                        0.04       0.17 f
  Op[3] (out)                              0.00       0.17 f
  data arrival time                                   0.17
  -----------------------------------------------------------
  (Path is unconstrained)


  Startpoint: shift_mag[0]
              (input port)
  Endpoint: Op[4] (output port)
  Path Group: (none)
  Path Type: max

  Des/Clust/Port     Wire Load Model       Library
  ------------------------------------------------
  combShifter        5K_hvratio_1_1        NangateOpenCellLibrary

  Point                                    Incr       Path
  -----------------------------------------------------------
  input external delay                     0.00       0.00 f
  shift_mag[0] (in)                        0.00       0.00 f
  U79/ZN (OR2_X1)                          0.07       0.07 f
  U58/ZN (AOI22_X1)                        0.06       0.13 r
  U57/ZN (NAND4_X1)                        0.04       0.17 f
  Op[4] (out)                              0.00       0.17 f
  data arrival time                                   0.17
  -----------------------------------------------------------
  (Path is unconstrained)


  Startpoint: shift_mag[0]
              (input port)
  Endpoint: Op[5] (output port)
  Path Group: (none)
  Path Type: max

  Des/Clust/Port     Wire Load Model       Library
  ------------------------------------------------
  combShifter        5K_hvratio_1_1        NangateOpenCellLibrary

  Point                                    Incr       Path
  -----------------------------------------------------------
  input external delay                     0.00       0.00 f
  shift_mag[0] (in)                        0.00       0.00 f
  U79/ZN (OR2_X1)                          0.07       0.07 f
  U53/ZN (AOI22_X1)                        0.06       0.13 r
  U52/ZN (NAND4_X1)                        0.04       0.17 f
  Op[5] (out)                              0.00       0.17 f
  data arrival time                                   0.17
  -----------------------------------------------------------
  (Path is unconstrained)


  Startpoint: shift_mag[0]
              (input port)
  Endpoint: Op[6] (output port)
  Path Group: (none)
  Path Type: max

  Des/Clust/Port     Wire Load Model       Library
  ------------------------------------------------
  combShifter        5K_hvratio_1_1        NangateOpenCellLibrary

  Point                                    Incr       Path
  -----------------------------------------------------------
  input external delay                     0.00       0.00 f
  shift_mag[0] (in)                        0.00       0.00 f
  U79/ZN (OR2_X1)                          0.07       0.07 f
  U48/ZN (AOI22_X1)                        0.06       0.13 r
  U47/ZN (NAND4_X1)                        0.04       0.17 f
  Op[6] (out)                              0.00       0.17 f
  data arrival time                                   0.17
  -----------------------------------------------------------
  (Path is unconstrained)


  Startpoint: shift_mag[0]
              (input port)
  Endpoint: Op[7] (output port)
  Path Group: (none)
  Path Type: max

  Des/Clust/Port     Wire Load Model       Library
  ------------------------------------------------
  combShifter        5K_hvratio_1_1        NangateOpenCellLibrary

  Point                                    Incr       Path
  -----------------------------------------------------------
  input external delay                     0.00       0.00 f
  shift_mag[0] (in)                        0.00       0.00 f
  U79/ZN (OR2_X1)                          0.07       0.07 f
  U43/ZN (AOI22_X1)                        0.06       0.13 r
  U42/ZN (NAND4_X1)                        0.04       0.17 f
  Op[7] (out)                              0.00       0.17 f
  data arrival time                                   0.17
  -----------------------------------------------------------
  (Path is unconstrained)


  Startpoint: shift_mag[8]
              (input port)
  Endpoint: Op[0] (output port)
  Path Group: (none)
  Path Type: max

  Des/Clust/Port     Wire Load Model       Library
  ------------------------------------------------
  combShifter        5K_hvratio_1_1        NangateOpenCellLibrary

  Point                                    Incr       Path
  -----------------------------------------------------------
  input external delay                     0.00       0.00 f
  shift_mag[8] (in)                        0.00       0.00 f
  U79/ZN (OR2_X1)                          0.08       0.08 f
  U78/ZN (AOI22_X1)                        0.05       0.13 r
  U77/ZN (NAND4_X1)                        0.04       0.17 f
  Op[0] (out)                              0.00       0.17 f
  data arrival time                                   0.17
  -----------------------------------------------------------
  (Path is unconstrained)


  Startpoint: shift_mag[8]
              (input port)
  Endpoint: Op[1] (output port)
  Path Group: (none)
  Path Type: max

  Des/Clust/Port     Wire Load Model       Library
  ------------------------------------------------
  combShifter        5K_hvratio_1_1        NangateOpenCellLibrary

  Point                                    Incr       Path
  -----------------------------------------------------------
  input external delay                     0.00       0.00 f
  shift_mag[8] (in)                        0.00       0.00 f
  U79/ZN (OR2_X1)                          0.08       0.08 f
  U73/ZN (AOI22_X1)                        0.05       0.13 r
  U72/ZN (NAND4_X1)                        0.04       0.17 f
  Op[1] (out)                              0.00       0.17 f
  data arrival time                                   0.17
  -----------------------------------------------------------
  (Path is unconstrained)


  Startpoint: shift_mag[8]
              (input port)
  Endpoint: Op[2] (output port)
  Path Group: (none)
  Path Type: max

  Des/Clust/Port     Wire Load Model       Library
  ------------------------------------------------
  combShifter        5K_hvratio_1_1        NangateOpenCellLibrary

  Point                                    Incr       Path
  -----------------------------------------------------------
  input external delay                     0.00       0.00 f
  shift_mag[8] (in)                        0.00       0.00 f
  U79/ZN (OR2_X1)                          0.08       0.08 f
  U68/ZN (AOI22_X1)                        0.05       0.13 r
  U67/ZN (NAND4_X1)                        0.04       0.17 f
  Op[2] (out)                              0.00       0.17 f
  data arrival time                                   0.17
  -----------------------------------------------------------
  (Path is unconstrained)


  Startpoint: shift_mag[8]
              (input port)
  Endpoint: Op[3] (output port)
  Path Group: (none)
  Path Type: max

  Des/Clust/Port     Wire Load Model       Library
  ------------------------------------------------
  combShifter        5K_hvratio_1_1        NangateOpenCellLibrary

  Point                                    Incr       Path
  -----------------------------------------------------------
  input external delay                     0.00       0.00 f
  shift_mag[8] (in)                        0.00       0.00 f
  U79/ZN (OR2_X1)                          0.08       0.08 f
  U63/ZN (AOI22_X1)                        0.05       0.13 r
  U62/ZN (NAND4_X1)                        0.04       0.17 f
  Op[3] (out)                              0.00       0.17 f
  data arrival time                                   0.17
  -----------------------------------------------------------
  (Path is unconstrained)


  Startpoint: shift_mag[8]
              (input port)
  Endpoint: Op[4] (output port)
  Path Group: (none)
  Path Type: max

  Des/Clust/Port     Wire Load Model       Library
  ------------------------------------------------
  combShifter        5K_hvratio_1_1        NangateOpenCellLibrary

  Point                                    Incr       Path
  -----------------------------------------------------------
  input external delay                     0.00       0.00 f
  shift_mag[8] (in)                        0.00       0.00 f
  U79/ZN (OR2_X1)                          0.08       0.08 f
  U58/ZN (AOI22_X1)                        0.05       0.13 r
  U57/ZN (NAND4_X1)                        0.04       0.17 f
  Op[4] (out)                              0.00       0.17 f
  data arrival time                                   0.17
  -----------------------------------------------------------
  (Path is unconstrained)


  Startpoint: shift_mag[8]
              (input port)
  Endpoint: Op[5] (output port)
  Path Group: (none)
  Path Type: max

  Des/Clust/Port     Wire Load Model       Library
  ------------------------------------------------
  combShifter        5K_hvratio_1_1        NangateOpenCellLibrary

  Point                                    Incr       Path
  -----------------------------------------------------------
  input external delay                     0.00       0.00 f
  shift_mag[8] (in)                        0.00       0.00 f
  U79/ZN (OR2_X1)                          0.08       0.08 f
  U53/ZN (AOI22_X1)                        0.05       0.13 r
  U52/ZN (NAND4_X1)                        0.04       0.17 f
  Op[5] (out)                              0.00       0.17 f
  data arrival time                                   0.17
  -----------------------------------------------------------
  (Path is unconstrained)


  Startpoint: shift_mag[8]
              (input port)
  Endpoint: Op[6] (output port)
  Path Group: (none)
  Path Type: max

  Des/Clust/Port     Wire Load Model       Library
  ------------------------------------------------
  combShifter        5K_hvratio_1_1        NangateOpenCellLibrary

  Point                                    Incr       Path
  -----------------------------------------------------------
  input external delay                     0.00       0.00 f
  shift_mag[8] (in)                        0.00       0.00 f
  U79/ZN (OR2_X1)                          0.08       0.08 f
  U48/ZN (AOI22_X1)                        0.05       0.13 r
  U47/ZN (NAND4_X1)                        0.04       0.17 f
  Op[6] (out)                              0.00       0.17 f
  data arrival time                                   0.17
  -----------------------------------------------------------
  (Path is unconstrained)


  Startpoint: shift_mag[8]
              (input port)
  Endpoint: Op[7] (output port)
  Path Group: (none)
  Path Type: max

  Des/Clust/Port     Wire Load Model       Library
  ------------------------------------------------
  combShifter        5K_hvratio_1_1        NangateOpenCellLibrary

  Point                                    Incr       Path
  -----------------------------------------------------------
  input external delay                     0.00       0.00 f
  shift_mag[8] (in)                        0.00       0.00 f
  U79/ZN (OR2_X1)                          0.08       0.08 f
  U43/ZN (AOI22_X1)                        0.05       0.13 r
  U42/ZN (NAND4_X1)                        0.04       0.17 f
  Op[7] (out)                              0.00       0.17 f
  data arrival time                                   0.17
  -----------------------------------------------------------
  (Path is unconstrained)


  Startpoint: shift_mag[0]
              (input port)
  Endpoint: Op[0] (output port)
  Path Group: (none)
  Path Type: max

  Des/Clust/Port     Wire Load Model       Library
  ------------------------------------------------
  combShifter        5K_hvratio_1_1        NangateOpenCellLibrary

  Point                                    Incr       Path
  -----------------------------------------------------------
  input external delay                     0.00       0.00 f
  shift_mag[0] (in)                        0.00       0.00 f
  U79/ZN (OR2_X1)                          0.07       0.07 f
  U78/ZN (AOI22_X1)                        0.05       0.12 r
  U77/ZN (NAND4_X1)                        0.04       0.16 f
  Op[0] (out)                              0.00       0.17 f
  data arrival time                                   0.17
  -----------------------------------------------------------
  (Path is unconstrained)


  Startpoint: shift_mag[0]
              (input port)
  Endpoint: Op[1] (output port)
  Path Group: (none)
  Path Type: max

  Des/Clust/Port     Wire Load Model       Library
  ------------------------------------------------
  combShifter        5K_hvratio_1_1        NangateOpenCellLibrary

  Point                                    Incr       Path
  -----------------------------------------------------------
  input external delay                     0.00       0.00 f
  shift_mag[0] (in)                        0.00       0.00 f
  U79/ZN (OR2_X1)                          0.07       0.07 f
  U73/ZN (AOI22_X1)                        0.05       0.12 r
  U72/ZN (NAND4_X1)                        0.04       0.16 f
  Op[1] (out)                              0.00       0.17 f
  data arrival time                                   0.17
  -----------------------------------------------------------
  (Path is unconstrained)


  Startpoint: shift_mag[0]
              (input port)
  Endpoint: Op[2] (output port)
  Path Group: (none)
  Path Type: max

  Des/Clust/Port     Wire Load Model       Library
  ------------------------------------------------
  combShifter        5K_hvratio_1_1        NangateOpenCellLibrary

  Point                                    Incr       Path
  -----------------------------------------------------------
  input external delay                     0.00       0.00 f
  shift_mag[0] (in)                        0.00       0.00 f
  U79/ZN (OR2_X1)                          0.07       0.07 f
  U68/ZN (AOI22_X1)                        0.05       0.12 r
  U67/ZN (NAND4_X1)                        0.04       0.16 f
  Op[2] (out)                              0.00       0.17 f
  data arrival time                                   0.17
  -----------------------------------------------------------
  (Path is unconstrained)


  Startpoint: shift_mag[0]
              (input port)
  Endpoint: Op[3] (output port)
  Path Group: (none)
  Path Type: max

  Des/Clust/Port     Wire Load Model       Library
  ------------------------------------------------
  combShifter        5K_hvratio_1_1        NangateOpenCellLibrary

  Point                                    Incr       Path
  -----------------------------------------------------------
  input external delay                     0.00       0.00 f
  shift_mag[0] (in)                        0.00       0.00 f
  U79/ZN (OR2_X1)                          0.07       0.07 f
  U63/ZN (AOI22_X1)                        0.05       0.12 r
  U62/ZN (NAND4_X1)                        0.04       0.16 f
  Op[3] (out)                              0.00       0.17 f
  data arrival time                                   0.17
  -----------------------------------------------------------
  (Path is unconstrained)


  Startpoint: shift_mag[0]
              (input port)
  Endpoint: Op[4] (output port)
  Path Group: (none)
  Path Type: max

  Des/Clust/Port     Wire Load Model       Library
  ------------------------------------------------
  combShifter        5K_hvratio_1_1        NangateOpenCellLibrary

  Point                                    Incr       Path
  -----------------------------------------------------------
  input external delay                     0.00       0.00 f
  shift_mag[0] (in)                        0.00       0.00 f
  U79/ZN (OR2_X1)                          0.07       0.07 f
  U58/ZN (AOI22_X1)                        0.05       0.12 r
  U57/ZN (NAND4_X1)                        0.04       0.16 f
  Op[4] (out)                              0.00       0.17 f
  data arrival time                                   0.17
  -----------------------------------------------------------
  (Path is unconstrained)


  Startpoint: shift_mag[0]
              (input port)
  Endpoint: Op[5] (output port)
  Path Group: (none)
  Path Type: max

  Des/Clust/Port     Wire Load Model       Library
  ------------------------------------------------
  combShifter        5K_hvratio_1_1        NangateOpenCellLibrary

  Point                                    Incr       Path
  -----------------------------------------------------------
  input external delay                     0.00       0.00 f
  shift_mag[0] (in)                        0.00       0.00 f
  U79/ZN (OR2_X1)                          0.07       0.07 f
  U53/ZN (AOI22_X1)                        0.05       0.12 r
  U52/ZN (NAND4_X1)                        0.04       0.16 f
  Op[5] (out)                              0.00       0.17 f
  data arrival time                                   0.17
  -----------------------------------------------------------
  (Path is unconstrained)


  Startpoint: shift_mag[0]
              (input port)
  Endpoint: Op[6] (output port)
  Path Group: (none)
  Path Type: max

  Des/Clust/Port     Wire Load Model       Library
  ------------------------------------------------
  combShifter        5K_hvratio_1_1        NangateOpenCellLibrary

  Point                                    Incr       Path
  -----------------------------------------------------------
  input external delay                     0.00       0.00 f
  shift_mag[0] (in)                        0.00       0.00 f
  U79/ZN (OR2_X1)                          0.07       0.07 f
  U48/ZN (AOI22_X1)                        0.05       0.12 r
  U47/ZN (NAND4_X1)                        0.04       0.16 f
  Op[6] (out)                              0.00       0.17 f
  data arrival time                                   0.17
  -----------------------------------------------------------
  (Path is unconstrained)


  Startpoint: shift_mag[0]
              (input port)
  Endpoint: Op[7] (output port)
  Path Group: (none)
  Path Type: max

  Des/Clust/Port     Wire Load Model       Library
  ------------------------------------------------
  combShifter        5K_hvratio_1_1        NangateOpenCellLibrary

  Point                                    Incr       Path
  -----------------------------------------------------------
  input external delay                     0.00       0.00 f
  shift_mag[0] (in)                        0.00       0.00 f
  U79/ZN (OR2_X1)                          0.07       0.07 f
  U43/ZN (AOI22_X1)                        0.05       0.12 r
  U42/ZN (NAND4_X1)                        0.04       0.16 f
  Op[7] (out)                              0.00       0.17 f
  data arrival time                                   0.17
  -----------------------------------------------------------
  (Path is unconstrained)


  Startpoint: shift_mag[8]
              (input port)
  Endpoint: Op[0] (output port)
  Path Group: (none)
  Path Type: max

  Des/Clust/Port     Wire Load Model       Library
  ------------------------------------------------
  combShifter        5K_hvratio_1_1        NangateOpenCellLibrary

  Point                                    Incr       Path
  -----------------------------------------------------------
  input external delay                     0.00       0.00 r
  shift_mag[8] (in)                        0.00       0.00 r
  U79/ZN (OR2_X1)                          0.07       0.07 r
  U78/ZN (AOI22_X1)                        0.04       0.11 f
  U77/ZN (NAND4_X1)                        0.03       0.14 r
  Op[0] (out)                              0.00       0.15 r
  data arrival time                                   0.15
  -----------------------------------------------------------
  (Path is unconstrained)


  Startpoint: shift_mag[8]
              (input port)
  Endpoint: Op[1] (output port)
  Path Group: (none)
  Path Type: max

  Des/Clust/Port     Wire Load Model       Library
  ------------------------------------------------
  combShifter        5K_hvratio_1_1        NangateOpenCellLibrary

  Point                                    Incr       Path
  -----------------------------------------------------------
  input external delay                     0.00       0.00 r
  shift_mag[8] (in)                        0.00       0.00 r
  U79/ZN (OR2_X1)                          0.07       0.07 r
  U73/ZN (AOI22_X1)                        0.04       0.11 f
  U72/ZN (NAND4_X1)                        0.03       0.14 r
  Op[1] (out)                              0.00       0.15 r
  data arrival time                                   0.15
  -----------------------------------------------------------
  (Path is unconstrained)


  Startpoint: shift_mag[8]
              (input port)
  Endpoint: Op[2] (output port)
  Path Group: (none)
  Path Type: max

  Des/Clust/Port     Wire Load Model       Library
  ------------------------------------------------
  combShifter        5K_hvratio_1_1        NangateOpenCellLibrary

  Point                                    Incr       Path
  -----------------------------------------------------------
  input external delay                     0.00       0.00 r
  shift_mag[8] (in)                        0.00       0.00 r
  U79/ZN (OR2_X1)                          0.07       0.07 r
  U68/ZN (AOI22_X1)                        0.04       0.11 f
  U67/ZN (NAND4_X1)                        0.03       0.14 r
  Op[2] (out)                              0.00       0.15 r
  data arrival time                                   0.15
  -----------------------------------------------------------
  (Path is unconstrained)


  Startpoint: shift_mag[8]
              (input port)
  Endpoint: Op[3] (output port)
  Path Group: (none)
  Path Type: max

  Des/Clust/Port     Wire Load Model       Library
  ------------------------------------------------
  combShifter        5K_hvratio_1_1        NangateOpenCellLibrary

  Point                                    Incr       Path
  -----------------------------------------------------------
  input external delay                     0.00       0.00 r
  shift_mag[8] (in)                        0.00       0.00 r
  U79/ZN (OR2_X1)                          0.07       0.07 r
  U63/ZN (AOI22_X1)                        0.04       0.11 f
  U62/ZN (NAND4_X1)                        0.03       0.14 r
  Op[3] (out)                              0.00       0.15 r
  data arrival time                                   0.15
  -----------------------------------------------------------
  (Path is unconstrained)


  Startpoint: shift_mag[8]
              (input port)
  Endpoint: Op[4] (output port)
  Path Group: (none)
  Path Type: max

  Des/Clust/Port     Wire Load Model       Library
  ------------------------------------------------
  combShifter        5K_hvratio_1_1        NangateOpenCellLibrary

  Point                                    Incr       Path
  -----------------------------------------------------------
  input external delay                     0.00       0.00 r
  shift_mag[8] (in)                        0.00       0.00 r
  U79/ZN (OR2_X1)                          0.07       0.07 r
  U58/ZN (AOI22_X1)                        0.04       0.11 f
  U57/ZN (NAND4_X1)                        0.03       0.14 r
  Op[4] (out)                              0.00       0.15 r
  data arrival time                                   0.15
  -----------------------------------------------------------
  (Path is unconstrained)


  Startpoint: shift_mag[8]
              (input port)
  Endpoint: Op[5] (output port)
  Path Group: (none)
  Path Type: max

  Des/Clust/Port     Wire Load Model       Library
  ------------------------------------------------
  combShifter        5K_hvratio_1_1        NangateOpenCellLibrary

  Point                                    Incr       Path
  -----------------------------------------------------------
  input external delay                     0.00       0.00 r
  shift_mag[8] (in)                        0.00       0.00 r
  U79/ZN (OR2_X1)                          0.07       0.07 r
  U53/ZN (AOI22_X1)                        0.04       0.11 f
  U52/ZN (NAND4_X1)                        0.03       0.14 r
  Op[5] (out)                              0.00       0.15 r
  data arrival time                                   0.15
  -----------------------------------------------------------
  (Path is unconstrained)


  Startpoint: shift_mag[8]
              (input port)
  Endpoint: Op[6] (output port)
  Path Group: (none)
  Path Type: max

  Des/Clust/Port     Wire Load Model       Library
  ------------------------------------------------
  combShifter        5K_hvratio_1_1        NangateOpenCellLibrary

  Point                                    Incr       Path
  -----------------------------------------------------------
  input external delay                     0.00       0.00 r
  shift_mag[8] (in)                        0.00       0.00 r
  U79/ZN (OR2_X1)                          0.07       0.07 r
  U48/ZN (AOI22_X1)                        0.04       0.11 f
  U47/ZN (NAND4_X1)                        0.03       0.14 r
  Op[6] (out)                              0.00       0.15 r
  data arrival time                                   0.15
  -----------------------------------------------------------
  (Path is unconstrained)


  Startpoint: shift_mag[8]
              (input port)
  Endpoint: Op[7] (output port)
  Path Group: (none)
  Path Type: max

  Des/Clust/Port     Wire Load Model       Library
  ------------------------------------------------
  combShifter        5K_hvratio_1_1        NangateOpenCellLibrary

  Point                                    Incr       Path
  -----------------------------------------------------------
  input external delay                     0.00       0.00 r
  shift_mag[8] (in)                        0.00       0.00 r
  U79/ZN (OR2_X1)                          0.07       0.07 r
  U43/ZN (AOI22_X1)                        0.04       0.11 f
  U42/ZN (NAND4_X1)                        0.03       0.14 r
  Op[7] (out)                              0.00       0.15 r
  data arrival time                                   0.15
  -----------------------------------------------------------
  (Path is unconstrained)


  Startpoint: shift_mag[8]
              (input port)
  Endpoint: Op[0] (output port)
  Path Group: (none)
  Path Type: max

  Des/Clust/Port     Wire Load Model       Library
  ------------------------------------------------
  combShifter        5K_hvratio_1_1        NangateOpenCellLibrary

  Point                                    Incr       Path
  -----------------------------------------------------------
  input external delay                     0.00       0.00 r
  shift_mag[8] (in)                        0.00       0.00 r
  U79/ZN (OR2_X1)                          0.07       0.07 r
  U78/ZN (AOI22_X1)                        0.04       0.11 f
  U77/ZN (NAND4_X1)                        0.03       0.14 r
  Op[0] (out)                              0.00       0.15 r
  data arrival time                                   0.15
  -----------------------------------------------------------
  (Path is unconstrained)


  Startpoint: shift_mag[8]
              (input port)
  Endpoint: Op[1] (output port)
  Path Group: (none)
  Path Type: max

  Des/Clust/Port     Wire Load Model       Library
  ------------------------------------------------
  combShifter        5K_hvratio_1_1        NangateOpenCellLibrary

  Point                                    Incr       Path
  -----------------------------------------------------------
  input external delay                     0.00       0.00 r
  shift_mag[8] (in)                        0.00       0.00 r
  U79/ZN (OR2_X1)                          0.07       0.07 r
  U73/ZN (AOI22_X1)                        0.04       0.11 f
  U72/ZN (NAND4_X1)                        0.03       0.14 r
  Op[1] (out)                              0.00       0.15 r
  data arrival time                                   0.15
  -----------------------------------------------------------
  (Path is unconstrained)


  Startpoint: shift_mag[8]
              (input port)
  Endpoint: Op[2] (output port)
  Path Group: (none)
  Path Type: max

  Des/Clust/Port     Wire Load Model       Library
  ------------------------------------------------
  combShifter        5K_hvratio_1_1        NangateOpenCellLibrary

  Point                                    Incr       Path
  -----------------------------------------------------------
  input external delay                     0.00       0.00 r
  shift_mag[8] (in)                        0.00       0.00 r
  U79/ZN (OR2_X1)                          0.07       0.07 r
  U68/ZN (AOI22_X1)                        0.04       0.11 f
  U67/ZN (NAND4_X1)                        0.03       0.14 r
  Op[2] (out)                              0.00       0.15 r
  data arrival time                                   0.15
  -----------------------------------------------------------
  (Path is unconstrained)


  Startpoint: shift_mag[8]
              (input port)
  Endpoint: Op[3] (output port)
  Path Group: (none)
  Path Type: max

  Des/Clust/Port     Wire Load Model       Library
  ------------------------------------------------
  combShifter        5K_hvratio_1_1        NangateOpenCellLibrary

  Point                                    Incr       Path
  -----------------------------------------------------------
  input external delay                     0.00       0.00 r
  shift_mag[8] (in)                        0.00       0.00 r
  U79/ZN (OR2_X1)                          0.07       0.07 r
  U63/ZN (AOI22_X1)                        0.04       0.11 f
  U62/ZN (NAND4_X1)                        0.03       0.14 r
  Op[3] (out)                              0.00       0.15 r
  data arrival time                                   0.15
  -----------------------------------------------------------
  (Path is unconstrained)


  Startpoint: shift_mag[8]
              (input port)
  Endpoint: Op[4] (output port)
  Path Group: (none)
  Path Type: max

  Des/Clust/Port     Wire Load Model       Library
  ------------------------------------------------
  combShifter        5K_hvratio_1_1        NangateOpenCellLibrary

  Point                                    Incr       Path
  -----------------------------------------------------------
  input external delay                     0.00       0.00 r
  shift_mag[8] (in)                        0.00       0.00 r
  U79/ZN (OR2_X1)                          0.07       0.07 r
  U58/ZN (AOI22_X1)                        0.04       0.11 f
  U57/ZN (NAND4_X1)                        0.03       0.14 r
  Op[4] (out)                              0.00       0.15 r
  data arrival time                                   0.15
  -----------------------------------------------------------
  (Path is unconstrained)


  Startpoint: shift_mag[8]
              (input port)
  Endpoint: Op[5] (output port)
  Path Group: (none)
  Path Type: max

  Des/Clust/Port     Wire Load Model       Library
  ------------------------------------------------
  combShifter        5K_hvratio_1_1        NangateOpenCellLibrary

  Point                                    Incr       Path
  -----------------------------------------------------------
  input external delay                     0.00       0.00 r
  shift_mag[8] (in)                        0.00       0.00 r
  U79/ZN (OR2_X1)                          0.07       0.07 r
  U53/ZN (AOI22_X1)                        0.04       0.11 f
  U52/ZN (NAND4_X1)                        0.03       0.14 r
  Op[5] (out)                              0.00       0.15 r
  data arrival time                                   0.15
  -----------------------------------------------------------
  (Path is unconstrained)


  Startpoint: shift_mag[8]
              (input port)
  Endpoint: Op[6] (output port)
  Path Group: (none)
  Path Type: max

  Des/Clust/Port     Wire Load Model       Library
  ------------------------------------------------
  combShifter        5K_hvratio_1_1        NangateOpenCellLibrary

  Point                                    Incr       Path
  -----------------------------------------------------------
  input external delay                     0.00       0.00 r
  shift_mag[8] (in)                        0.00       0.00 r
  U79/ZN (OR2_X1)                          0.07       0.07 r
  U48/ZN (AOI22_X1)                        0.04       0.11 f
  U47/ZN (NAND4_X1)                        0.03       0.14 r
  Op[6] (out)                              0.00       0.15 r
  data arrival time                                   0.15
  -----------------------------------------------------------
  (Path is unconstrained)


  Startpoint: shift_mag[8]
              (input port)
  Endpoint: Op[7] (output port)
  Path Group: (none)
  Path Type: max

  Des/Clust/Port     Wire Load Model       Library
  ------------------------------------------------
  combShifter        5K_hvratio_1_1        NangateOpenCellLibrary

  Point                                    Incr       Path
  -----------------------------------------------------------
  input external delay                     0.00       0.00 r
  shift_mag[8] (in)                        0.00       0.00 r
  U79/ZN (OR2_X1)                          0.07       0.07 r
  U43/ZN (AOI22_X1)                        0.04       0.11 f
  U42/ZN (NAND4_X1)                        0.03       0.14 r
  Op[7] (out)                              0.00       0.15 r
  data arrival time                                   0.15
  -----------------------------------------------------------
  (Path is unconstrained)


  Startpoint: shift_mag[8]
              (input port)
  Endpoint: Op[0] (output port)
  Path Group: (none)
  Path Type: max

  Des/Clust/Port     Wire Load Model       Library
  ------------------------------------------------
  combShifter        5K_hvratio_1_1        NangateOpenCellLibrary

  Point                                    Incr       Path
  -----------------------------------------------------------
  input external delay                     0.00       0.00 r
  shift_mag[8] (in)                        0.00       0.00 r
  U79/ZN (OR2_X1)                          0.07       0.07 r
  U78/ZN (AOI22_X1)                        0.04       0.11 f
  U77/ZN (NAND4_X1)                        0.03       0.14 r
  Op[0] (out)                              0.00       0.14 r
  data arrival time                                   0.14
  -----------------------------------------------------------
  (Path is unconstrained)


  Startpoint: shift_mag[8]
              (input port)
  Endpoint: Op[1] (output port)
  Path Group: (none)
  Path Type: max

  Des/Clust/Port     Wire Load Model       Library
  ------------------------------------------------
  combShifter        5K_hvratio_1_1        NangateOpenCellLibrary

  Point                                    Incr       Path
  -----------------------------------------------------------
  input external delay                     0.00       0.00 r
  shift_mag[8] (in)                        0.00       0.00 r
  U79/ZN (OR2_X1)                          0.07       0.07 r
  U73/ZN (AOI22_X1)                        0.04       0.11 f
  U72/ZN (NAND4_X1)                        0.03       0.14 r
  Op[1] (out)                              0.00       0.14 r
  data arrival time                                   0.14
  -----------------------------------------------------------
  (Path is unconstrained)


  Startpoint: shift_mag[8]
              (input port)
  Endpoint: Op[2] (output port)
  Path Group: (none)
  Path Type: max

  Des/Clust/Port     Wire Load Model       Library
  ------------------------------------------------
  combShifter        5K_hvratio_1_1        NangateOpenCellLibrary

  Point                                    Incr       Path
  -----------------------------------------------------------
  input external delay                     0.00       0.00 r
  shift_mag[8] (in)                        0.00       0.00 r
  U79/ZN (OR2_X1)                          0.07       0.07 r
  U68/ZN (AOI22_X1)                        0.04       0.11 f
  U67/ZN (NAND4_X1)                        0.03       0.14 r
  Op[2] (out)                              0.00       0.14 r
  data arrival time                                   0.14
  -----------------------------------------------------------
  (Path is unconstrained)


  Startpoint: shift_mag[8]
              (input port)
  Endpoint: Op[3] (output port)
  Path Group: (none)
  Path Type: max

  Des/Clust/Port     Wire Load Model       Library
  ------------------------------------------------
  combShifter        5K_hvratio_1_1        NangateOpenCellLibrary

  Point                                    Incr       Path
  -----------------------------------------------------------
  input external delay                     0.00       0.00 r
  shift_mag[8] (in)                        0.00       0.00 r
  U79/ZN (OR2_X1)                          0.07       0.07 r
  U63/ZN (AOI22_X1)                        0.04       0.11 f
  U62/ZN (NAND4_X1)                        0.03       0.14 r
  Op[3] (out)                              0.00       0.14 r
  data arrival time                                   0.14
  -----------------------------------------------------------
  (Path is unconstrained)


  Startpoint: shift_mag[8]
              (input port)
  Endpoint: Op[4] (output port)
  Path Group: (none)
  Path Type: max

  Des/Clust/Port     Wire Load Model       Library
  ------------------------------------------------
  combShifter        5K_hvratio_1_1        NangateOpenCellLibrary

  Point                                    Incr       Path
  -----------------------------------------------------------
  input external delay                     0.00       0.00 r
  shift_mag[8] (in)                        0.00       0.00 r
  U79/ZN (OR2_X1)                          0.07       0.07 r
  U58/ZN (AOI22_X1)                        0.04       0.11 f
  U57/ZN (NAND4_X1)                        0.03       0.14 r
  Op[4] (out)                              0.00       0.14 r
  data arrival time                                   0.14
  -----------------------------------------------------------
  (Path is unconstrained)


  Startpoint: shift_mag[8]
              (input port)
  Endpoint: Op[5] (output port)
  Path Group: (none)
  Path Type: max

  Des/Clust/Port     Wire Load Model       Library
  ------------------------------------------------
  combShifter        5K_hvratio_1_1        NangateOpenCellLibrary

  Point                                    Incr       Path
  -----------------------------------------------------------
  input external delay                     0.00       0.00 r
  shift_mag[8] (in)                        0.00       0.00 r
  U79/ZN (OR2_X1)                          0.07       0.07 r
  U53/ZN (AOI22_X1)                        0.04       0.11 f
  U52/ZN (NAND4_X1)                        0.03       0.14 r
  Op[5] (out)                              0.00       0.14 r
  data arrival time                                   0.14
  -----------------------------------------------------------
  (Path is unconstrained)


  Startpoint: shift_mag[8]
              (input port)
  Endpoint: Op[6] (output port)
  Path Group: (none)
  Path Type: max

  Des/Clust/Port     Wire Load Model       Library
  ------------------------------------------------
  combShifter        5K_hvratio_1_1        NangateOpenCellLibrary

  Point                                    Incr       Path
  -----------------------------------------------------------
  input external delay                     0.00       0.00 r
  shift_mag[8] (in)                        0.00       0.00 r
  U79/ZN (OR2_X1)                          0.07       0.07 r
  U48/ZN (AOI22_X1)                        0.04       0.11 f
  U47/ZN (NAND4_X1)                        0.03       0.14 r
  Op[6] (out)                              0.00       0.14 r
  data arrival time                                   0.14
  -----------------------------------------------------------
  (Path is unconstrained)


  Startpoint: shift_mag[8]
              (input port)
  Endpoint: Op[7] (output port)
  Path Group: (none)
  Path Type: max

  Des/Clust/Port     Wire Load Model       Library
  ------------------------------------------------
  combShifter        5K_hvratio_1_1        NangateOpenCellLibrary

  Point                                    Incr       Path
  -----------------------------------------------------------
  input external delay                     0.00       0.00 r
  shift_mag[8] (in)                        0.00       0.00 r
  U79/ZN (OR2_X1)                          0.07       0.07 r
  U43/ZN (AOI22_X1)                        0.04       0.11 f
  U42/ZN (NAND4_X1)                        0.03       0.14 r
  Op[7] (out)                              0.00       0.14 r
  data arrival time                                   0.14
  -----------------------------------------------------------
  (Path is unconstrained)


  Startpoint: shift_mag[0]
              (input port)
  Endpoint: Op[0] (output port)
  Path Group: (none)
  Path Type: max

  Des/Clust/Port     Wire Load Model       Library
  ------------------------------------------------
  combShifter        5K_hvratio_1_1        NangateOpenCellLibrary

  Point                                    Incr       Path
  -----------------------------------------------------------
  input external delay                     0.00       0.00 r
  shift_mag[0] (in)                        0.00       0.00 r
  U79/ZN (OR2_X1)                          0.07       0.07 r
  U78/ZN (AOI22_X1)                        0.04       0.11 f
  U77/ZN (NAND4_X1)                        0.03       0.14 r
  Op[0] (out)                              0.00       0.14 r
  data arrival time                                   0.14
  -----------------------------------------------------------
  (Path is unconstrained)


  Startpoint: shift_mag[0]
              (input port)
  Endpoint: Op[1] (output port)
  Path Group: (none)
  Path Type: max

  Des/Clust/Port     Wire Load Model       Library
  ------------------------------------------------
  combShifter        5K_hvratio_1_1        NangateOpenCellLibrary

  Point                                    Incr       Path
  -----------------------------------------------------------
  input external delay                     0.00       0.00 r
  shift_mag[0] (in)                        0.00       0.00 r
  U79/ZN (OR2_X1)                          0.07       0.07 r
  U73/ZN (AOI22_X1)                        0.04       0.11 f
  U72/ZN (NAND4_X1)                        0.03       0.14 r
  Op[1] (out)                              0.00       0.14 r
  data arrival time                                   0.14
  -----------------------------------------------------------
  (Path is unconstrained)


  Startpoint: shift_mag[0]
              (input port)
  Endpoint: Op[2] (output port)
  Path Group: (none)
  Path Type: max

  Des/Clust/Port     Wire Load Model       Library
  ------------------------------------------------
  combShifter        5K_hvratio_1_1        NangateOpenCellLibrary

  Point                                    Incr       Path
  -----------------------------------------------------------
  input external delay                     0.00       0.00 r
  shift_mag[0] (in)                        0.00       0.00 r
  U79/ZN (OR2_X1)                          0.07       0.07 r
  U68/ZN (AOI22_X1)                        0.04       0.11 f
  U67/ZN (NAND4_X1)                        0.03       0.14 r
  Op[2] (out)                              0.00       0.14 r
  data arrival time                                   0.14
  -----------------------------------------------------------
  (Path is unconstrained)


  Startpoint: shift_mag[0]
              (input port)
  Endpoint: Op[3] (output port)
  Path Group: (none)
  Path Type: max

  Des/Clust/Port     Wire Load Model       Library
  ------------------------------------------------
  combShifter        5K_hvratio_1_1        NangateOpenCellLibrary

  Point                                    Incr       Path
  -----------------------------------------------------------
  input external delay                     0.00       0.00 r
  shift_mag[0] (in)                        0.00       0.00 r
  U79/ZN (OR2_X1)                          0.07       0.07 r
  U63/ZN (AOI22_X1)                        0.04       0.11 f
  U62/ZN (NAND4_X1)                        0.03       0.14 r
  Op[3] (out)                              0.00       0.14 r
  data arrival time                                   0.14
  -----------------------------------------------------------
  (Path is unconstrained)


  Startpoint: shift_mag[0]
              (input port)
  Endpoint: Op[4] (output port)
  Path Group: (none)
  Path Type: max

  Des/Clust/Port     Wire Load Model       Library
  ------------------------------------------------
  combShifter        5K_hvratio_1_1        NangateOpenCellLibrary

  Point                                    Incr       Path
  -----------------------------------------------------------
  input external delay                     0.00       0.00 r
  shift_mag[0] (in)                        0.00       0.00 r
  U79/ZN (OR2_X1)                          0.07       0.07 r
  U58/ZN (AOI22_X1)                        0.04       0.11 f
  U57/ZN (NAND4_X1)                        0.03       0.14 r
  Op[4] (out)                              0.00       0.14 r
  data arrival time                                   0.14
  -----------------------------------------------------------
  (Path is unconstrained)


  Startpoint: shift_mag[0]
              (input port)
  Endpoint: Op[5] (output port)
  Path Group: (none)
  Path Type: max

  Des/Clust/Port     Wire Load Model       Library
  ------------------------------------------------
  combShifter        5K_hvratio_1_1        NangateOpenCellLibrary

  Point                                    Incr       Path
  -----------------------------------------------------------
  input external delay                     0.00       0.00 r
  shift_mag[0] (in)                        0.00       0.00 r
  U79/ZN (OR2_X1)                          0.07       0.07 r
  U53/ZN (AOI22_X1)                        0.04       0.11 f
  U52/ZN (NAND4_X1)                        0.03       0.14 r
  Op[5] (out)                              0.00       0.14 r
  data arrival time                                   0.14
  -----------------------------------------------------------
  (Path is unconstrained)


  Startpoint: shift_mag[0]
              (input port)
  Endpoint: Op[6] (output port)
  Path Group: (none)
  Path Type: max

  Des/Clust/Port     Wire Load Model       Library
  ------------------------------------------------
  combShifter        5K_hvratio_1_1        NangateOpenCellLibrary

  Point                                    Incr       Path
  -----------------------------------------------------------
  input external delay                     0.00       0.00 r
  shift_mag[0] (in)                        0.00       0.00 r
  U79/ZN (OR2_X1)                          0.07       0.07 r
  U48/ZN (AOI22_X1)                        0.04       0.11 f
  U47/ZN (NAND4_X1)                        0.03       0.14 r
  Op[6] (out)                              0.00       0.14 r
  data arrival time                                   0.14
  -----------------------------------------------------------
  (Path is unconstrained)


  Startpoint: shift_mag[0]
              (input port)
  Endpoint: Op[7] (output port)
  Path Group: (none)
  Path Type: max

  Des/Clust/Port     Wire Load Model       Library
  ------------------------------------------------
  combShifter        5K_hvratio_1_1        NangateOpenCellLibrary

  Point                                    Incr       Path
  -----------------------------------------------------------
  input external delay                     0.00       0.00 r
  shift_mag[0] (in)                        0.00       0.00 r
  U79/ZN (OR2_X1)                          0.07       0.07 r
  U43/ZN (AOI22_X1)                        0.04       0.11 f
  U42/ZN (NAND4_X1)                        0.03       0.14 r
  Op[7] (out)                              0.00       0.14 r
  data arrival time                                   0.14
  -----------------------------------------------------------
  (Path is unconstrained)


  Startpoint: shift_mag[0]
              (input port)
  Endpoint: Op[0] (output port)
  Path Group: (none)
  Path Type: max

  Des/Clust/Port     Wire Load Model       Library
  ------------------------------------------------
  combShifter        5K_hvratio_1_1        NangateOpenCellLibrary

  Point                                    Incr       Path
  -----------------------------------------------------------
  input external delay                     0.00       0.00 r
  shift_mag[0] (in)                        0.00       0.00 r
  U79/ZN (OR2_X1)                          0.07       0.07 r
  U78/ZN (AOI22_X1)                        0.04       0.11 f
  U77/ZN (NAND4_X1)                        0.03       0.14 r
  Op[0] (out)                              0.00       0.14 r
  data arrival time                                   0.14
  -----------------------------------------------------------
  (Path is unconstrained)


  Startpoint: shift_mag[0]
              (input port)
  Endpoint: Op[1] (output port)
  Path Group: (none)
  Path Type: max

  Des/Clust/Port     Wire Load Model       Library
  ------------------------------------------------
  combShifter        5K_hvratio_1_1        NangateOpenCellLibrary

  Point                                    Incr       Path
  -----------------------------------------------------------
  input external delay                     0.00       0.00 r
  shift_mag[0] (in)                        0.00       0.00 r
  U79/ZN (OR2_X1)                          0.07       0.07 r
  U73/ZN (AOI22_X1)                        0.04       0.11 f
  U72/ZN (NAND4_X1)                        0.03       0.14 r
  Op[1] (out)                              0.00       0.14 r
  data arrival time                                   0.14
  -----------------------------------------------------------
  (Path is unconstrained)


  Startpoint: shift_mag[0]
              (input port)
  Endpoint: Op[2] (output port)
  Path Group: (none)
  Path Type: max

  Des/Clust/Port     Wire Load Model       Library
  ------------------------------------------------
  combShifter        5K_hvratio_1_1        NangateOpenCellLibrary

  Point                                    Incr       Path
  -----------------------------------------------------------
  input external delay                     0.00       0.00 r
  shift_mag[0] (in)                        0.00       0.00 r
  U79/ZN (OR2_X1)                          0.07       0.07 r
  U68/ZN (AOI22_X1)                        0.04       0.11 f
  U67/ZN (NAND4_X1)                        0.03       0.14 r
  Op[2] (out)                              0.00       0.14 r
  data arrival time                                   0.14
  -----------------------------------------------------------
  (Path is unconstrained)


  Startpoint: shift_mag[0]
              (input port)
  Endpoint: Op[3] (output port)
  Path Group: (none)
  Path Type: max

  Des/Clust/Port     Wire Load Model       Library
  ------------------------------------------------
  combShifter        5K_hvratio_1_1        NangateOpenCellLibrary

  Point                                    Incr       Path
  -----------------------------------------------------------
  input external delay                     0.00       0.00 r
  shift_mag[0] (in)                        0.00       0.00 r
  U79/ZN (OR2_X1)                          0.07       0.07 r
  U63/ZN (AOI22_X1)                        0.04       0.11 f
  U62/ZN (NAND4_X1)                        0.03       0.14 r
  Op[3] (out)                              0.00       0.14 r
  data arrival time                                   0.14
  -----------------------------------------------------------
  (Path is unconstrained)


  Startpoint: shift_mag[0]
              (input port)
  Endpoint: Op[4] (output port)
  Path Group: (none)
  Path Type: max

  Des/Clust/Port     Wire Load Model       Library
  ------------------------------------------------
  combShifter        5K_hvratio_1_1        NangateOpenCellLibrary

  Point                                    Incr       Path
  -----------------------------------------------------------
  input external delay                     0.00       0.00 r
  shift_mag[0] (in)                        0.00       0.00 r
  U79/ZN (OR2_X1)                          0.07       0.07 r
  U58/ZN (AOI22_X1)                        0.04       0.11 f
  U57/ZN (NAND4_X1)                        0.03       0.14 r
  Op[4] (out)                              0.00       0.14 r
  data arrival time                                   0.14
  -----------------------------------------------------------
  (Path is unconstrained)


  Startpoint: shift_mag[0]
              (input port)
  Endpoint: Op[5] (output port)
  Path Group: (none)
  Path Type: max

  Des/Clust/Port     Wire Load Model       Library
  ------------------------------------------------
  combShifter        5K_hvratio_1_1        NangateOpenCellLibrary

  Point                                    Incr       Path
  -----------------------------------------------------------
  input external delay                     0.00       0.00 r
  shift_mag[0] (in)                        0.00       0.00 r
  U79/ZN (OR2_X1)                          0.07       0.07 r
  U53/ZN (AOI22_X1)                        0.04       0.11 f
  U52/ZN (NAND4_X1)                        0.03       0.14 r
  Op[5] (out)                              0.00       0.14 r
  data arrival time                                   0.14
  -----------------------------------------------------------
  (Path is unconstrained)


  Startpoint: shift_mag[0]
              (input port)
  Endpoint: Op[6] (output port)
  Path Group: (none)
  Path Type: max

  Des/Clust/Port     Wire Load Model       Library
  ------------------------------------------------
  combShifter        5K_hvratio_1_1        NangateOpenCellLibrary

  Point                                    Incr       Path
  -----------------------------------------------------------
  input external delay                     0.00       0.00 r
  shift_mag[0] (in)                        0.00       0.00 r
  U79/ZN (OR2_X1)                          0.07       0.07 r
  U48/ZN (AOI22_X1)                        0.04       0.11 f
  U47/ZN (NAND4_X1)                        0.03       0.14 r
  Op[6] (out)                              0.00       0.14 r
  data arrival time                                   0.14
  -----------------------------------------------------------
  (Path is unconstrained)


  Startpoint: shift_mag[0]
              (input port)
  Endpoint: Op[7] (output port)
  Path Group: (none)
  Path Type: max

  Des/Clust/Port     Wire Load Model       Library
  ------------------------------------------------
  combShifter        5K_hvratio_1_1        NangateOpenCellLibrary

  Point                                    Incr       Path
  -----------------------------------------------------------
  input external delay                     0.00       0.00 r
  shift_mag[0] (in)                        0.00       0.00 r
  U79/ZN (OR2_X1)                          0.07       0.07 r
  U43/ZN (AOI22_X1)                        0.04       0.11 f
  U42/ZN (NAND4_X1)                        0.03       0.14 r
  Op[7] (out)                              0.00       0.14 r
  data arrival time                                   0.14
  -----------------------------------------------------------
  (Path is unconstrained)


  Startpoint: shift_mag[0]
              (input port)
  Endpoint: Op[0] (output port)
  Path Group: (none)
  Path Type: max

  Des/Clust/Port     Wire Load Model       Library
  ------------------------------------------------
  combShifter        5K_hvratio_1_1        NangateOpenCellLibrary

  Point                                    Incr       Path
  -----------------------------------------------------------
  input external delay                     0.00       0.00 r
  shift_mag[0] (in)                        0.00       0.00 r
  U79/ZN (OR2_X1)                          0.07       0.07 r
  U78/ZN (AOI22_X1)                        0.04       0.11 f
  U77/ZN (NAND4_X1)                        0.03       0.14 r
  Op[0] (out)                              0.00       0.14 r
  data arrival time                                   0.14
  -----------------------------------------------------------
  (Path is unconstrained)


  Startpoint: shift_mag[0]
              (input port)
  Endpoint: Op[1] (output port)
  Path Group: (none)
  Path Type: max

  Des/Clust/Port     Wire Load Model       Library
  ------------------------------------------------
  combShifter        5K_hvratio_1_1        NangateOpenCellLibrary

  Point                                    Incr       Path
  -----------------------------------------------------------
  input external delay                     0.00       0.00 r
  shift_mag[0] (in)                        0.00       0.00 r
  U79/ZN (OR2_X1)                          0.07       0.07 r
  U73/ZN (AOI22_X1)                        0.04       0.11 f
  U72/ZN (NAND4_X1)                        0.03       0.14 r
  Op[1] (out)                              0.00       0.14 r
  data arrival time                                   0.14
  -----------------------------------------------------------
  (Path is unconstrained)


  Startpoint: shift_mag[0]
              (input port)
  Endpoint: Op[2] (output port)
  Path Group: (none)
  Path Type: max

  Des/Clust/Port     Wire Load Model       Library
  ------------------------------------------------
  combShifter        5K_hvratio_1_1        NangateOpenCellLibrary

  Point                                    Incr       Path
  -----------------------------------------------------------
  input external delay                     0.00       0.00 r
  shift_mag[0] (in)                        0.00       0.00 r
  U79/ZN (OR2_X1)                          0.07       0.07 r
  U68/ZN (AOI22_X1)                        0.04       0.11 f
  U67/ZN (NAND4_X1)                        0.03       0.14 r
  Op[2] (out)                              0.00       0.14 r
  data arrival time                                   0.14
  -----------------------------------------------------------
  (Path is unconstrained)


  Startpoint: shift_mag[0]
              (input port)
  Endpoint: Op[3] (output port)
  Path Group: (none)
  Path Type: max

  Des/Clust/Port     Wire Load Model       Library
  ------------------------------------------------
  combShifter        5K_hvratio_1_1        NangateOpenCellLibrary

  Point                                    Incr       Path
  -----------------------------------------------------------
  input external delay                     0.00       0.00 r
  shift_mag[0] (in)                        0.00       0.00 r
  U79/ZN (OR2_X1)                          0.07       0.07 r
  U63/ZN (AOI22_X1)                        0.04       0.11 f
  U62/ZN (NAND4_X1)                        0.03       0.14 r
  Op[3] (out)                              0.00       0.14 r
  data arrival time                                   0.14
  -----------------------------------------------------------
  (Path is unconstrained)


  Startpoint: shift_mag[0]
              (input port)
  Endpoint: Op[4] (output port)
  Path Group: (none)
  Path Type: max

  Des/Clust/Port     Wire Load Model       Library
  ------------------------------------------------
  combShifter        5K_hvratio_1_1        NangateOpenCellLibrary

  Point                                    Incr       Path
  -----------------------------------------------------------
  input external delay                     0.00       0.00 r
  shift_mag[0] (in)                        0.00       0.00 r
  U79/ZN (OR2_X1)                          0.07       0.07 r
  U58/ZN (AOI22_X1)                        0.04       0.11 f
  U57/ZN (NAND4_X1)                        0.03       0.14 r
  Op[4] (out)                              0.00       0.14 r
  data arrival time                                   0.14
  -----------------------------------------------------------
  (Path is unconstrained)


  Startpoint: shift_mag[0]
              (input port)
  Endpoint: Op[5] (output port)
  Path Group: (none)
  Path Type: max

  Des/Clust/Port     Wire Load Model       Library
  ------------------------------------------------
  combShifter        5K_hvratio_1_1        NangateOpenCellLibrary

  Point                                    Incr       Path
  -----------------------------------------------------------
  input external delay                     0.00       0.00 r
  shift_mag[0] (in)                        0.00       0.00 r
  U79/ZN (OR2_X1)                          0.07       0.07 r
  U53/ZN (AOI22_X1)                        0.04       0.11 f
  U52/ZN (NAND4_X1)                        0.03       0.14 r
  Op[5] (out)                              0.00       0.14 r
  data arrival time                                   0.14
  -----------------------------------------------------------
  (Path is unconstrained)


  Startpoint: shift_mag[0]
              (input port)
  Endpoint: Op[6] (output port)
  Path Group: (none)
  Path Type: max

  Des/Clust/Port     Wire Load Model       Library
  ------------------------------------------------
  combShifter        5K_hvratio_1_1        NangateOpenCellLibrary

  Point                                    Incr       Path
  -----------------------------------------------------------
  input external delay                     0.00       0.00 r
  shift_mag[0] (in)                        0.00       0.00 r
  U79/ZN (OR2_X1)                          0.07       0.07 r
  U48/ZN (AOI22_X1)                        0.04       0.11 f
  U47/ZN (NAND4_X1)                        0.03       0.14 r
  Op[6] (out)                              0.00       0.14 r
  data arrival time                                   0.14
  -----------------------------------------------------------
  (Path is unconstrained)


  Startpoint: shift_mag[0]
              (input port)
  Endpoint: Op[7] (output port)
  Path Group: (none)
  Path Type: max

  Des/Clust/Port     Wire Load Model       Library
  ------------------------------------------------
  combShifter        5K_hvratio_1_1        NangateOpenCellLibrary

  Point                                    Incr       Path
  -----------------------------------------------------------
  input external delay                     0.00       0.00 r
  shift_mag[0] (in)                        0.00       0.00 r
  U79/ZN (OR2_X1)                          0.07       0.07 r
  U43/ZN (AOI22_X1)                        0.04       0.11 f
  U42/ZN (NAND4_X1)                        0.03       0.14 r
  Op[7] (out)                              0.00       0.14 r
  data arrival time                                   0.14
  -----------------------------------------------------------
  (Path is unconstrained)


  Startpoint: Ip[1] (input port)
  Endpoint: Op[4] (output port)
  Path Group: (none)
  Path Type: max

  Des/Clust/Port     Wire Load Model       Library
  ------------------------------------------------
  combShifter        5K_hvratio_1_1        NangateOpenCellLibrary

  Point                                    Incr       Path
  -----------------------------------------------------------
  input external delay                     0.00       0.00 f
  Ip[1] (in)                               0.00       0.00 f
  U58/ZN (AOI22_X1)                        0.06       0.06 r
  U57/ZN (NAND4_X1)                        0.04       0.10 f
  Op[4] (out)                              0.00       0.10 f
  data arrival time                                   0.10
  -----------------------------------------------------------
  (Path is unconstrained)


  Startpoint: Ip[0] (input port)
  Endpoint: Op[5] (output port)
  Path Group: (none)
  Path Type: max

  Des/Clust/Port     Wire Load Model       Library
  ------------------------------------------------
  combShifter        5K_hvratio_1_1        NangateOpenCellLibrary

  Point                                    Incr       Path
  -----------------------------------------------------------
  input external delay                     0.00       0.00 f
  Ip[0] (in)                               0.00       0.00 f
  U53/ZN (AOI22_X1)                        0.06       0.06 r
  U52/ZN (NAND4_X1)                        0.04       0.10 f
  Op[5] (out)                              0.00       0.10 f
  data arrival time                                   0.10
  -----------------------------------------------------------
  (Path is unconstrained)


  Startpoint: Ip[0] (input port)
  Endpoint: Op[6] (output port)
  Path Group: (none)
  Path Type: max

  Des/Clust/Port     Wire Load Model       Library
  ------------------------------------------------
  combShifter        5K_hvratio_1_1        NangateOpenCellLibrary

  Point                                    Incr       Path
  -----------------------------------------------------------
  input external delay                     0.00       0.00 f
  Ip[0] (in)                               0.00       0.00 f
  U48/ZN (AOI22_X1)                        0.06       0.06 r
  U47/ZN (NAND4_X1)                        0.04       0.10 f
  Op[6] (out)                              0.00       0.10 f
  data arrival time                                   0.10
  -----------------------------------------------------------
  (Path is unconstrained)


  Startpoint: Ip[0] (input port)
  Endpoint: Op[7] (output port)
  Path Group: (none)
  Path Type: max

  Des/Clust/Port     Wire Load Model       Library
  ------------------------------------------------
  combShifter        5K_hvratio_1_1        NangateOpenCellLibrary

  Point                                    Incr       Path
  -----------------------------------------------------------
  input external delay                     0.00       0.00 f
  Ip[0] (in)                               0.00       0.00 f
  U43/ZN (AOI22_X1)                        0.06       0.06 r
  U42/ZN (NAND4_X1)                        0.04       0.10 f
  Op[7] (out)                              0.00       0.10 f
  data arrival time                                   0.10
  -----------------------------------------------------------
  (Path is unconstrained)


1
