 
****************************************
Report : area
Design : combShifter
Version: P-2019.03
Date   : Tue Apr 26 22:43:51 2022
****************************************

Library(s) Used:

    NangateOpenCellLibrary (File: /afs/andrew.cmu.edu/course/18/743/backend/45nm_Nangate/pdk_v1.3_v2010_12/NangateOpenCellLibrary_PDKv1_3_v2010_12/Front_End/Liberty/NLDM/NangateOpenCellLibrary_typical.db)

Number of ports:                          257
Number of nets:                          2817
Number of cells:                         2624
Number of combinational cells:           2624
Number of sequential cells:                 0
Number of macros/black boxes:               0
Number of buf/inv:                        192
Number of references:                       8

Combinational area:               3634.890008
Buf/Inv area:                      153.215996
Noncombinational area:               0.000000
Macro/Black Box area:                0.000000
Net Interconnect area:      undefined  (Wire load has zero net area)

Total cell area:                  3634.890008
Total area:                 undefined

Hierarchical area distribution
------------------------------

                                  Global cell area          Local cell area
                                  ------------------  ---------------------------- 
Hierarchical cell                 Absolute   Percent  Combi-     Noncombi-  Black-
                                  Total      Total    national   national   boxes   Design
--------------------------------  ---------  -------  ---------  ---------  ------  ---------
combShifter                       3634.8900    100.0  3634.8900     0.0000  0.0000  combShifter
--------------------------------  ---------  -------  ---------  ---------  ------  ---------
Total                                                 3634.8900     0.0000  0.0000

1
