 
****************************************
Report : timing
        -path full
        -delay max
        -nworst 100
        -max_paths 100
Design : combShifter
Version: P-2019.03
Date   : Tue Apr 26 22:41:47 2022
****************************************

Operating Conditions: typical   Library: NangateOpenCellLibrary
Wire Load Model Mode: top

  Startpoint: Ip[30] (input port)
  Endpoint: Op[5] (output port)
  Path Group: (none)
  Path Type: max

  Des/Clust/Port     Wire Load Model       Library
  ------------------------------------------------
  combShifter        5K_hvratio_1_1        NangateOpenCellLibrary

  Point                                    Incr       Path
  -----------------------------------------------------------
  input external delay                     0.00       0.00 f
  Ip[30] (in)                              0.00       0.00 f
  U1301/ZN (INV_X1)                        0.15       0.15 r
  U760/ZN (OAI221_X1)                      0.08       0.23 f
  U755/ZN (NOR4_X1)                        0.09       0.31 r
  U754/ZN (NAND4_X1)                       0.04       0.35 f
  Op[5] (out)                              0.00       0.36 f
  data arrival time                                   0.36
  -----------------------------------------------------------
  (Path is unconstrained)


  Startpoint: Ip[30] (input port)
  Endpoint: Op[6] (output port)
  Path Group: (none)
  Path Type: max

  Des/Clust/Port     Wire Load Model       Library
  ------------------------------------------------
  combShifter        5K_hvratio_1_1        NangateOpenCellLibrary

  Point                                    Incr       Path
  -----------------------------------------------------------
  input external delay                     0.00       0.00 f
  Ip[30] (in)                              0.00       0.00 f
  U1301/ZN (INV_X1)                        0.15       0.15 r
  U741/ZN (OAI221_X1)                      0.08       0.23 f
  U736/ZN (NOR4_X1)                        0.09       0.31 r
  U735/ZN (NAND4_X1)                       0.04       0.35 f
  Op[6] (out)                              0.00       0.36 f
  data arrival time                                   0.36
  -----------------------------------------------------------
  (Path is unconstrained)


  Startpoint: Ip[30] (input port)
  Endpoint: Op[7] (output port)
  Path Group: (none)
  Path Type: max

  Des/Clust/Port     Wire Load Model       Library
  ------------------------------------------------
  combShifter        5K_hvratio_1_1        NangateOpenCellLibrary

  Point                                    Incr       Path
  -----------------------------------------------------------
  input external delay                     0.00       0.00 f
  Ip[30] (in)                              0.00       0.00 f
  U1301/ZN (INV_X1)                        0.15       0.15 r
  U722/ZN (OAI221_X1)                      0.08       0.23 f
  U717/ZN (NOR4_X1)                        0.09       0.31 r
  U716/ZN (NAND4_X1)                       0.04       0.35 f
  Op[7] (out)                              0.00       0.36 f
  data arrival time                                   0.36
  -----------------------------------------------------------
  (Path is unconstrained)


  Startpoint: Ip[30] (input port)
  Endpoint: Op[10] (output port)
  Path Group: (none)
  Path Type: max

  Des/Clust/Port     Wire Load Model       Library
  ------------------------------------------------
  combShifter        5K_hvratio_1_1        NangateOpenCellLibrary

  Point                                    Incr       Path
  -----------------------------------------------------------
  input external delay                     0.00       0.00 f
  Ip[30] (in)                              0.00       0.00 f
  U1301/ZN (INV_X1)                        0.15       0.15 r
  U1267/ZN (OAI221_X1)                     0.08       0.23 f
  U1261/ZN (NOR4_X1)                       0.09       0.31 r
  U1260/ZN (NAND4_X1)                      0.04       0.35 f
  Op[10] (out)                             0.00       0.36 f
  data arrival time                                   0.36
  -----------------------------------------------------------
  (Path is unconstrained)


  Startpoint: Ip[30] (input port)
  Endpoint: Op[11] (output port)
  Path Group: (none)
  Path Type: max

  Des/Clust/Port     Wire Load Model       Library
  ------------------------------------------------
  combShifter        5K_hvratio_1_1        NangateOpenCellLibrary

  Point                                    Incr       Path
  -----------------------------------------------------------
  input external delay                     0.00       0.00 f
  Ip[30] (in)                              0.00       0.00 f
  U1301/ZN (INV_X1)                        0.15       0.15 r
  U1244/ZN (OAI221_X1)                     0.08       0.23 f
  U1237/ZN (NOR4_X1)                       0.09       0.31 r
  U1236/ZN (NAND4_X1)                      0.04       0.35 f
  Op[11] (out)                             0.00       0.36 f
  data arrival time                                   0.36
  -----------------------------------------------------------
  (Path is unconstrained)


  Startpoint: Ip[30] (input port)
  Endpoint: Op[12] (output port)
  Path Group: (none)
  Path Type: max

  Des/Clust/Port     Wire Load Model       Library
  ------------------------------------------------
  combShifter        5K_hvratio_1_1        NangateOpenCellLibrary

  Point                                    Incr       Path
  -----------------------------------------------------------
  input external delay                     0.00       0.00 f
  Ip[30] (in)                              0.00       0.00 f
  U1301/ZN (INV_X1)                        0.15       0.15 r
  U1222/ZN (OAI221_X1)                     0.08       0.23 f
  U1216/ZN (NOR4_X1)                       0.09       0.31 r
  U1215/ZN (NAND4_X1)                      0.04       0.35 f
  Op[12] (out)                             0.00       0.36 f
  data arrival time                                   0.36
  -----------------------------------------------------------
  (Path is unconstrained)


  Startpoint: Ip[30] (input port)
  Endpoint: Op[13] (output port)
  Path Group: (none)
  Path Type: max

  Des/Clust/Port     Wire Load Model       Library
  ------------------------------------------------
  combShifter        5K_hvratio_1_1        NangateOpenCellLibrary

  Point                                    Incr       Path
  -----------------------------------------------------------
  input external delay                     0.00       0.00 f
  Ip[30] (in)                              0.00       0.00 f
  U1301/ZN (INV_X1)                        0.15       0.15 r
  U1201/ZN (OAI221_X1)                     0.08       0.23 f
  U1196/ZN (NOR4_X1)                       0.09       0.31 r
  U1195/ZN (NAND4_X1)                      0.04       0.35 f
  Op[13] (out)                             0.00       0.36 f
  data arrival time                                   0.36
  -----------------------------------------------------------
  (Path is unconstrained)


  Startpoint: Ip[30] (input port)
  Endpoint: Op[16] (output port)
  Path Group: (none)
  Path Type: max

  Des/Clust/Port     Wire Load Model       Library
  ------------------------------------------------
  combShifter        5K_hvratio_1_1        NangateOpenCellLibrary

  Point                                    Incr       Path
  -----------------------------------------------------------
  input external delay                     0.00       0.00 f
  Ip[30] (in)                              0.00       0.00 f
  U1301/ZN (INV_X1)                        0.15       0.15 r
  U1142/ZN (OAI221_X1)                     0.08       0.23 f
  U1137/ZN (NOR4_X1)                       0.09       0.31 r
  U1136/ZN (NAND4_X1)                      0.04       0.35 f
  Op[16] (out)                             0.00       0.36 f
  data arrival time                                   0.36
  -----------------------------------------------------------
  (Path is unconstrained)


  Startpoint: Ip[30] (input port)
  Endpoint: Op[17] (output port)
  Path Group: (none)
  Path Type: max

  Des/Clust/Port     Wire Load Model       Library
  ------------------------------------------------
  combShifter        5K_hvratio_1_1        NangateOpenCellLibrary

  Point                                    Incr       Path
  -----------------------------------------------------------
  input external delay                     0.00       0.00 f
  Ip[30] (in)                              0.00       0.00 f
  U1301/ZN (INV_X1)                        0.15       0.15 r
  U1123/ZN (OAI221_X1)                     0.08       0.23 f
  U1118/ZN (NOR4_X1)                       0.09       0.31 r
  U1117/ZN (NAND4_X1)                      0.04       0.35 f
  Op[17] (out)                             0.00       0.36 f
  data arrival time                                   0.36
  -----------------------------------------------------------
  (Path is unconstrained)


  Startpoint: Ip[30] (input port)
  Endpoint: Op[18] (output port)
  Path Group: (none)
  Path Type: max

  Des/Clust/Port     Wire Load Model       Library
  ------------------------------------------------
  combShifter        5K_hvratio_1_1        NangateOpenCellLibrary

  Point                                    Incr       Path
  -----------------------------------------------------------
  input external delay                     0.00       0.00 f
  Ip[30] (in)                              0.00       0.00 f
  U1301/ZN (INV_X1)                        0.15       0.15 r
  U1104/ZN (OAI221_X1)                     0.08       0.23 f
  U1099/ZN (NOR4_X1)                       0.09       0.31 r
  U1098/ZN (NAND4_X1)                      0.04       0.35 f
  Op[18] (out)                             0.00       0.36 f
  data arrival time                                   0.36
  -----------------------------------------------------------
  (Path is unconstrained)


  Startpoint: Ip[30] (input port)
  Endpoint: Op[26] (output port)
  Path Group: (none)
  Path Type: max

  Des/Clust/Port     Wire Load Model       Library
  ------------------------------------------------
  combShifter        5K_hvratio_1_1        NangateOpenCellLibrary

  Point                                    Incr       Path
  -----------------------------------------------------------
  input external delay                     0.00       0.00 f
  Ip[30] (in)                              0.00       0.00 f
  U1301/ZN (INV_X1)                        0.15       0.15 r
  U931/ZN (OAI221_X1)                      0.08       0.23 f
  U926/ZN (NOR4_X1)                        0.09       0.31 r
  U925/ZN (NAND4_X1)                       0.04       0.35 f
  Op[26] (out)                             0.00       0.36 f
  data arrival time                                   0.36
  -----------------------------------------------------------
  (Path is unconstrained)


  Startpoint: Ip[30] (input port)
  Endpoint: Op[27] (output port)
  Path Group: (none)
  Path Type: max

  Des/Clust/Port     Wire Load Model       Library
  ------------------------------------------------
  combShifter        5K_hvratio_1_1        NangateOpenCellLibrary

  Point                                    Incr       Path
  -----------------------------------------------------------
  input external delay                     0.00       0.00 f
  Ip[30] (in)                              0.00       0.00 f
  U1301/ZN (INV_X1)                        0.15       0.15 r
  U912/ZN (OAI221_X1)                      0.08       0.23 f
  U907/ZN (NOR4_X1)                        0.09       0.31 r
  U906/ZN (NAND4_X1)                       0.04       0.35 f
  Op[27] (out)                             0.00       0.36 f
  data arrival time                                   0.36
  -----------------------------------------------------------
  (Path is unconstrained)


  Startpoint: Ip[30] (input port)
  Endpoint: Op[28] (output port)
  Path Group: (none)
  Path Type: max

  Des/Clust/Port     Wire Load Model       Library
  ------------------------------------------------
  combShifter        5K_hvratio_1_1        NangateOpenCellLibrary

  Point                                    Incr       Path
  -----------------------------------------------------------
  input external delay                     0.00       0.00 f
  Ip[30] (in)                              0.00       0.00 f
  U1301/ZN (INV_X1)                        0.15       0.15 r
  U893/ZN (OAI221_X1)                      0.08       0.23 f
  U888/ZN (NOR4_X1)                        0.09       0.31 r
  U887/ZN (NAND4_X1)                       0.04       0.35 f
  Op[28] (out)                             0.00       0.36 f
  data arrival time                                   0.36
  -----------------------------------------------------------
  (Path is unconstrained)


  Startpoint: Ip[30] (input port)
  Endpoint: Op[29] (output port)
  Path Group: (none)
  Path Type: max

  Des/Clust/Port     Wire Load Model       Library
  ------------------------------------------------
  combShifter        5K_hvratio_1_1        NangateOpenCellLibrary

  Point                                    Incr       Path
  -----------------------------------------------------------
  input external delay                     0.00       0.00 f
  Ip[30] (in)                              0.00       0.00 f
  U1301/ZN (INV_X1)                        0.15       0.15 r
  U874/ZN (OAI221_X1)                      0.08       0.23 f
  U869/ZN (NOR4_X1)                        0.09       0.31 r
  U868/ZN (NAND4_X1)                       0.04       0.35 f
  Op[29] (out)                             0.00       0.36 f
  data arrival time                                   0.36
  -----------------------------------------------------------
  (Path is unconstrained)


  Startpoint: Ip[30] (input port)
  Endpoint: Op[0] (output port)
  Path Group: (none)
  Path Type: max

  Des/Clust/Port     Wire Load Model       Library
  ------------------------------------------------
  combShifter        5K_hvratio_1_1        NangateOpenCellLibrary

  Point                                    Incr       Path
  -----------------------------------------------------------
  input external delay                     0.00       0.00 f
  Ip[30] (in)                              0.00       0.00 f
  U1301/ZN (INV_X1)                        0.15       0.15 r
  U1298/ZN (OAI221_X1)                     0.07       0.22 f
  U1289/ZN (NOR4_X1)                       0.09       0.30 r
  U1288/ZN (NAND4_X1)                      0.04       0.35 f
  Op[0] (out)                              0.00       0.35 f
  data arrival time                                   0.35
  -----------------------------------------------------------
  (Path is unconstrained)


  Startpoint: Ip[30] (input port)
  Endpoint: Op[1] (output port)
  Path Group: (none)
  Path Type: max

  Des/Clust/Port     Wire Load Model       Library
  ------------------------------------------------
  combShifter        5K_hvratio_1_1        NangateOpenCellLibrary

  Point                                    Incr       Path
  -----------------------------------------------------------
  input external delay                     0.00       0.00 f
  Ip[30] (in)                              0.00       0.00 f
  U1301/ZN (INV_X1)                        0.15       0.15 r
  U1066/ZN (OAI221_X1)                     0.07       0.22 f
  U1061/ZN (NOR4_X1)                       0.09       0.30 r
  U1060/ZN (NAND4_X1)                      0.04       0.35 f
  Op[1] (out)                              0.00       0.35 f
  data arrival time                                   0.35
  -----------------------------------------------------------
  (Path is unconstrained)


  Startpoint: Ip[30] (input port)
  Endpoint: Op[2] (output port)
  Path Group: (none)
  Path Type: max

  Des/Clust/Port     Wire Load Model       Library
  ------------------------------------------------
  combShifter        5K_hvratio_1_1        NangateOpenCellLibrary

  Point                                    Incr       Path
  -----------------------------------------------------------
  input external delay                     0.00       0.00 f
  Ip[30] (in)                              0.00       0.00 f
  U1301/ZN (INV_X1)                        0.15       0.15 r
  U855/ZN (OAI221_X1)                      0.07       0.22 f
  U850/ZN (NOR4_X1)                        0.09       0.30 r
  U849/ZN (NAND4_X1)                       0.04       0.35 f
  Op[2] (out)                              0.00       0.35 f
  data arrival time                                   0.35
  -----------------------------------------------------------
  (Path is unconstrained)


  Startpoint: Ip[30] (input port)
  Endpoint: Op[3] (output port)
  Path Group: (none)
  Path Type: max

  Des/Clust/Port     Wire Load Model       Library
  ------------------------------------------------
  combShifter        5K_hvratio_1_1        NangateOpenCellLibrary

  Point                                    Incr       Path
  -----------------------------------------------------------
  input external delay                     0.00       0.00 f
  Ip[30] (in)                              0.00       0.00 f
  U1301/ZN (INV_X1)                        0.15       0.15 r
  U798/ZN (OAI221_X1)                      0.07       0.22 f
  U793/ZN (NOR4_X1)                        0.09       0.30 r
  U792/ZN (NAND4_X1)                       0.04       0.35 f
  Op[3] (out)                              0.00       0.35 f
  data arrival time                                   0.35
  -----------------------------------------------------------
  (Path is unconstrained)


  Startpoint: Ip[30] (input port)
  Endpoint: Op[4] (output port)
  Path Group: (none)
  Path Type: max

  Des/Clust/Port     Wire Load Model       Library
  ------------------------------------------------
  combShifter        5K_hvratio_1_1        NangateOpenCellLibrary

  Point                                    Incr       Path
  -----------------------------------------------------------
  input external delay                     0.00       0.00 f
  Ip[30] (in)                              0.00       0.00 f
  U1301/ZN (INV_X1)                        0.15       0.15 r
  U779/ZN (OAI221_X1)                      0.07       0.22 f
  U774/ZN (NOR4_X1)                        0.09       0.30 r
  U773/ZN (NAND4_X1)                       0.04       0.35 f
  Op[4] (out)                              0.00       0.35 f
  data arrival time                                   0.35
  -----------------------------------------------------------
  (Path is unconstrained)


  Startpoint: Ip[30] (input port)
  Endpoint: Op[8] (output port)
  Path Group: (none)
  Path Type: max

  Des/Clust/Port     Wire Load Model       Library
  ------------------------------------------------
  combShifter        5K_hvratio_1_1        NangateOpenCellLibrary

  Point                                    Incr       Path
  -----------------------------------------------------------
  input external delay                     0.00       0.00 f
  Ip[30] (in)                              0.00       0.00 f
  U1301/ZN (INV_X1)                        0.15       0.15 r
  U703/ZN (OAI221_X1)                      0.07       0.22 f
  U698/ZN (NOR4_X1)                        0.09       0.30 r
  U697/ZN (NAND4_X1)                       0.04       0.35 f
  Op[8] (out)                              0.00       0.35 f
  data arrival time                                   0.35
  -----------------------------------------------------------
  (Path is unconstrained)


  Startpoint: Ip[30] (input port)
  Endpoint: Op[9] (output port)
  Path Group: (none)
  Path Type: max

  Des/Clust/Port     Wire Load Model       Library
  ------------------------------------------------
  combShifter        5K_hvratio_1_1        NangateOpenCellLibrary

  Point                                    Incr       Path
  -----------------------------------------------------------
  input external delay                     0.00       0.00 f
  Ip[30] (in)                              0.00       0.00 f
  U1301/ZN (INV_X1)                        0.15       0.15 r
  U684/ZN (OAI221_X1)                      0.07       0.22 f
  U679/ZN (NOR4_X1)                        0.09       0.30 r
  U678/ZN (NAND4_X1)                       0.04       0.35 f
  Op[9] (out)                              0.00       0.35 f
  data arrival time                                   0.35
  -----------------------------------------------------------
  (Path is unconstrained)


  Startpoint: Ip[30] (input port)
  Endpoint: Op[30] (output port)
  Path Group: (none)
  Path Type: max

  Des/Clust/Port     Wire Load Model       Library
  ------------------------------------------------
  combShifter        5K_hvratio_1_1        NangateOpenCellLibrary

  Point                                    Incr       Path
  -----------------------------------------------------------
  input external delay                     0.00       0.00 f
  Ip[30] (in)                              0.00       0.00 f
  U1301/ZN (INV_X1)                        0.15       0.15 r
  U836/ZN (OAI221_X1)                      0.07       0.22 f
  U831/ZN (NOR4_X1)                        0.09       0.30 r
  U830/ZN (NAND4_X1)                       0.04       0.35 f
  Op[30] (out)                             0.00       0.35 f
  data arrival time                                   0.35
  -----------------------------------------------------------
  (Path is unconstrained)


  Startpoint: Ip[30] (input port)
  Endpoint: Op[31] (output port)
  Path Group: (none)
  Path Type: max

  Des/Clust/Port     Wire Load Model       Library
  ------------------------------------------------
  combShifter        5K_hvratio_1_1        NangateOpenCellLibrary

  Point                                    Incr       Path
  -----------------------------------------------------------
  input external delay                     0.00       0.00 f
  Ip[30] (in)                              0.00       0.00 f
  U1301/ZN (INV_X1)                        0.15       0.15 r
  U817/ZN (OAI221_X1)                      0.07       0.22 f
  U812/ZN (NOR4_X1)                        0.09       0.30 r
  U811/ZN (NAND4_X1)                       0.04       0.35 f
  Op[31] (out)                             0.00       0.35 f
  data arrival time                                   0.35
  -----------------------------------------------------------
  (Path is unconstrained)


  Startpoint: Ip[30] (input port)
  Endpoint: Op[5] (output port)
  Path Group: (none)
  Path Type: max

  Des/Clust/Port     Wire Load Model       Library
  ------------------------------------------------
  combShifter        5K_hvratio_1_1        NangateOpenCellLibrary

  Point                                    Incr       Path
  -----------------------------------------------------------
  input external delay                     0.00       0.00 f
  Ip[30] (in)                              0.00       0.00 f
  U1301/ZN (INV_X1)                        0.15       0.15 r
  U760/ZN (OAI221_X1)                      0.07       0.22 f
  U755/ZN (NOR4_X1)                        0.09       0.30 r
  U754/ZN (NAND4_X1)                       0.04       0.35 f
  Op[5] (out)                              0.00       0.35 f
  data arrival time                                   0.35
  -----------------------------------------------------------
  (Path is unconstrained)


  Startpoint: Ip[30] (input port)
  Endpoint: Op[6] (output port)
  Path Group: (none)
  Path Type: max

  Des/Clust/Port     Wire Load Model       Library
  ------------------------------------------------
  combShifter        5K_hvratio_1_1        NangateOpenCellLibrary

  Point                                    Incr       Path
  -----------------------------------------------------------
  input external delay                     0.00       0.00 f
  Ip[30] (in)                              0.00       0.00 f
  U1301/ZN (INV_X1)                        0.15       0.15 r
  U741/ZN (OAI221_X1)                      0.07       0.22 f
  U736/ZN (NOR4_X1)                        0.09       0.30 r
  U735/ZN (NAND4_X1)                       0.04       0.35 f
  Op[6] (out)                              0.00       0.35 f
  data arrival time                                   0.35
  -----------------------------------------------------------
  (Path is unconstrained)


  Startpoint: Ip[30] (input port)
  Endpoint: Op[7] (output port)
  Path Group: (none)
  Path Type: max

  Des/Clust/Port     Wire Load Model       Library
  ------------------------------------------------
  combShifter        5K_hvratio_1_1        NangateOpenCellLibrary

  Point                                    Incr       Path
  -----------------------------------------------------------
  input external delay                     0.00       0.00 f
  Ip[30] (in)                              0.00       0.00 f
  U1301/ZN (INV_X1)                        0.15       0.15 r
  U722/ZN (OAI221_X1)                      0.07       0.22 f
  U717/ZN (NOR4_X1)                        0.09       0.30 r
  U716/ZN (NAND4_X1)                       0.04       0.35 f
  Op[7] (out)                              0.00       0.35 f
  data arrival time                                   0.35
  -----------------------------------------------------------
  (Path is unconstrained)


  Startpoint: Ip[30] (input port)
  Endpoint: Op[10] (output port)
  Path Group: (none)
  Path Type: max

  Des/Clust/Port     Wire Load Model       Library
  ------------------------------------------------
  combShifter        5K_hvratio_1_1        NangateOpenCellLibrary

  Point                                    Incr       Path
  -----------------------------------------------------------
  input external delay                     0.00       0.00 f
  Ip[30] (in)                              0.00       0.00 f
  U1301/ZN (INV_X1)                        0.15       0.15 r
  U1267/ZN (OAI221_X1)                     0.07       0.22 f
  U1261/ZN (NOR4_X1)                       0.09       0.30 r
  U1260/ZN (NAND4_X1)                      0.04       0.35 f
  Op[10] (out)                             0.00       0.35 f
  data arrival time                                   0.35
  -----------------------------------------------------------
  (Path is unconstrained)


  Startpoint: Ip[30] (input port)
  Endpoint: Op[11] (output port)
  Path Group: (none)
  Path Type: max

  Des/Clust/Port     Wire Load Model       Library
  ------------------------------------------------
  combShifter        5K_hvratio_1_1        NangateOpenCellLibrary

  Point                                    Incr       Path
  -----------------------------------------------------------
  input external delay                     0.00       0.00 f
  Ip[30] (in)                              0.00       0.00 f
  U1301/ZN (INV_X1)                        0.15       0.15 r
  U1244/ZN (OAI221_X1)                     0.07       0.22 f
  U1237/ZN (NOR4_X1)                       0.09       0.30 r
  U1236/ZN (NAND4_X1)                      0.04       0.35 f
  Op[11] (out)                             0.00       0.35 f
  data arrival time                                   0.35
  -----------------------------------------------------------
  (Path is unconstrained)


  Startpoint: Ip[30] (input port)
  Endpoint: Op[12] (output port)
  Path Group: (none)
  Path Type: max

  Des/Clust/Port     Wire Load Model       Library
  ------------------------------------------------
  combShifter        5K_hvratio_1_1        NangateOpenCellLibrary

  Point                                    Incr       Path
  -----------------------------------------------------------
  input external delay                     0.00       0.00 f
  Ip[30] (in)                              0.00       0.00 f
  U1301/ZN (INV_X1)                        0.15       0.15 r
  U1222/ZN (OAI221_X1)                     0.07       0.22 f
  U1216/ZN (NOR4_X1)                       0.09       0.30 r
  U1215/ZN (NAND4_X1)                      0.04       0.35 f
  Op[12] (out)                             0.00       0.35 f
  data arrival time                                   0.35
  -----------------------------------------------------------
  (Path is unconstrained)


  Startpoint: Ip[30] (input port)
  Endpoint: Op[13] (output port)
  Path Group: (none)
  Path Type: max

  Des/Clust/Port     Wire Load Model       Library
  ------------------------------------------------
  combShifter        5K_hvratio_1_1        NangateOpenCellLibrary

  Point                                    Incr       Path
  -----------------------------------------------------------
  input external delay                     0.00       0.00 f
  Ip[30] (in)                              0.00       0.00 f
  U1301/ZN (INV_X1)                        0.15       0.15 r
  U1201/ZN (OAI221_X1)                     0.07       0.22 f
  U1196/ZN (NOR4_X1)                       0.09       0.30 r
  U1195/ZN (NAND4_X1)                      0.04       0.35 f
  Op[13] (out)                             0.00       0.35 f
  data arrival time                                   0.35
  -----------------------------------------------------------
  (Path is unconstrained)


  Startpoint: Ip[30] (input port)
  Endpoint: Op[16] (output port)
  Path Group: (none)
  Path Type: max

  Des/Clust/Port     Wire Load Model       Library
  ------------------------------------------------
  combShifter        5K_hvratio_1_1        NangateOpenCellLibrary

  Point                                    Incr       Path
  -----------------------------------------------------------
  input external delay                     0.00       0.00 f
  Ip[30] (in)                              0.00       0.00 f
  U1301/ZN (INV_X1)                        0.15       0.15 r
  U1142/ZN (OAI221_X1)                     0.07       0.22 f
  U1137/ZN (NOR4_X1)                       0.09       0.30 r
  U1136/ZN (NAND4_X1)                      0.04       0.35 f
  Op[16] (out)                             0.00       0.35 f
  data arrival time                                   0.35
  -----------------------------------------------------------
  (Path is unconstrained)


  Startpoint: Ip[30] (input port)
  Endpoint: Op[17] (output port)
  Path Group: (none)
  Path Type: max

  Des/Clust/Port     Wire Load Model       Library
  ------------------------------------------------
  combShifter        5K_hvratio_1_1        NangateOpenCellLibrary

  Point                                    Incr       Path
  -----------------------------------------------------------
  input external delay                     0.00       0.00 f
  Ip[30] (in)                              0.00       0.00 f
  U1301/ZN (INV_X1)                        0.15       0.15 r
  U1123/ZN (OAI221_X1)                     0.07       0.22 f
  U1118/ZN (NOR4_X1)                       0.09       0.30 r
  U1117/ZN (NAND4_X1)                      0.04       0.35 f
  Op[17] (out)                             0.00       0.35 f
  data arrival time                                   0.35
  -----------------------------------------------------------
  (Path is unconstrained)


  Startpoint: Ip[30] (input port)
  Endpoint: Op[18] (output port)
  Path Group: (none)
  Path Type: max

  Des/Clust/Port     Wire Load Model       Library
  ------------------------------------------------
  combShifter        5K_hvratio_1_1        NangateOpenCellLibrary

  Point                                    Incr       Path
  -----------------------------------------------------------
  input external delay                     0.00       0.00 f
  Ip[30] (in)                              0.00       0.00 f
  U1301/ZN (INV_X1)                        0.15       0.15 r
  U1104/ZN (OAI221_X1)                     0.07       0.22 f
  U1099/ZN (NOR4_X1)                       0.09       0.30 r
  U1098/ZN (NAND4_X1)                      0.04       0.35 f
  Op[18] (out)                             0.00       0.35 f
  data arrival time                                   0.35
  -----------------------------------------------------------
  (Path is unconstrained)


  Startpoint: Ip[30] (input port)
  Endpoint: Op[26] (output port)
  Path Group: (none)
  Path Type: max

  Des/Clust/Port     Wire Load Model       Library
  ------------------------------------------------
  combShifter        5K_hvratio_1_1        NangateOpenCellLibrary

  Point                                    Incr       Path
  -----------------------------------------------------------
  input external delay                     0.00       0.00 f
  Ip[30] (in)                              0.00       0.00 f
  U1301/ZN (INV_X1)                        0.15       0.15 r
  U931/ZN (OAI221_X1)                      0.07       0.22 f
  U926/ZN (NOR4_X1)                        0.09       0.30 r
  U925/ZN (NAND4_X1)                       0.04       0.35 f
  Op[26] (out)                             0.00       0.35 f
  data arrival time                                   0.35
  -----------------------------------------------------------
  (Path is unconstrained)


  Startpoint: Ip[30] (input port)
  Endpoint: Op[27] (output port)
  Path Group: (none)
  Path Type: max

  Des/Clust/Port     Wire Load Model       Library
  ------------------------------------------------
  combShifter        5K_hvratio_1_1        NangateOpenCellLibrary

  Point                                    Incr       Path
  -----------------------------------------------------------
  input external delay                     0.00       0.00 f
  Ip[30] (in)                              0.00       0.00 f
  U1301/ZN (INV_X1)                        0.15       0.15 r
  U912/ZN (OAI221_X1)                      0.07       0.22 f
  U907/ZN (NOR4_X1)                        0.09       0.30 r
  U906/ZN (NAND4_X1)                       0.04       0.35 f
  Op[27] (out)                             0.00       0.35 f
  data arrival time                                   0.35
  -----------------------------------------------------------
  (Path is unconstrained)


  Startpoint: Ip[30] (input port)
  Endpoint: Op[28] (output port)
  Path Group: (none)
  Path Type: max

  Des/Clust/Port     Wire Load Model       Library
  ------------------------------------------------
  combShifter        5K_hvratio_1_1        NangateOpenCellLibrary

  Point                                    Incr       Path
  -----------------------------------------------------------
  input external delay                     0.00       0.00 f
  Ip[30] (in)                              0.00       0.00 f
  U1301/ZN (INV_X1)                        0.15       0.15 r
  U893/ZN (OAI221_X1)                      0.07       0.22 f
  U888/ZN (NOR4_X1)                        0.09       0.30 r
  U887/ZN (NAND4_X1)                       0.04       0.35 f
  Op[28] (out)                             0.00       0.35 f
  data arrival time                                   0.35
  -----------------------------------------------------------
  (Path is unconstrained)


  Startpoint: Ip[30] (input port)
  Endpoint: Op[29] (output port)
  Path Group: (none)
  Path Type: max

  Des/Clust/Port     Wire Load Model       Library
  ------------------------------------------------
  combShifter        5K_hvratio_1_1        NangateOpenCellLibrary

  Point                                    Incr       Path
  -----------------------------------------------------------
  input external delay                     0.00       0.00 f
  Ip[30] (in)                              0.00       0.00 f
  U1301/ZN (INV_X1)                        0.15       0.15 r
  U874/ZN (OAI221_X1)                      0.07       0.22 f
  U869/ZN (NOR4_X1)                        0.09       0.30 r
  U868/ZN (NAND4_X1)                       0.04       0.35 f
  Op[29] (out)                             0.00       0.35 f
  data arrival time                                   0.35
  -----------------------------------------------------------
  (Path is unconstrained)


  Startpoint: Ip[30] (input port)
  Endpoint: Op[5] (output port)
  Path Group: (none)
  Path Type: max

  Des/Clust/Port     Wire Load Model       Library
  ------------------------------------------------
  combShifter        5K_hvratio_1_1        NangateOpenCellLibrary

  Point                                    Incr       Path
  -----------------------------------------------------------
  input external delay                     0.00       0.00 f
  Ip[30] (in)                              0.00       0.00 f
  U1301/ZN (INV_X1)                        0.15       0.15 r
  U760/ZN (OAI221_X1)                      0.07       0.21 f
  U755/ZN (NOR4_X1)                        0.09       0.30 r
  U754/ZN (NAND4_X1)                       0.04       0.34 f
  Op[5] (out)                              0.00       0.34 f
  data arrival time                                   0.34
  -----------------------------------------------------------
  (Path is unconstrained)


  Startpoint: Ip[30] (input port)
  Endpoint: Op[6] (output port)
  Path Group: (none)
  Path Type: max

  Des/Clust/Port     Wire Load Model       Library
  ------------------------------------------------
  combShifter        5K_hvratio_1_1        NangateOpenCellLibrary

  Point                                    Incr       Path
  -----------------------------------------------------------
  input external delay                     0.00       0.00 f
  Ip[30] (in)                              0.00       0.00 f
  U1301/ZN (INV_X1)                        0.15       0.15 r
  U741/ZN (OAI221_X1)                      0.07       0.21 f
  U736/ZN (NOR4_X1)                        0.09       0.30 r
  U735/ZN (NAND4_X1)                       0.04       0.34 f
  Op[6] (out)                              0.00       0.34 f
  data arrival time                                   0.34
  -----------------------------------------------------------
  (Path is unconstrained)


  Startpoint: Ip[30] (input port)
  Endpoint: Op[7] (output port)
  Path Group: (none)
  Path Type: max

  Des/Clust/Port     Wire Load Model       Library
  ------------------------------------------------
  combShifter        5K_hvratio_1_1        NangateOpenCellLibrary

  Point                                    Incr       Path
  -----------------------------------------------------------
  input external delay                     0.00       0.00 f
  Ip[30] (in)                              0.00       0.00 f
  U1301/ZN (INV_X1)                        0.15       0.15 r
  U722/ZN (OAI221_X1)                      0.07       0.21 f
  U717/ZN (NOR4_X1)                        0.09       0.30 r
  U716/ZN (NAND4_X1)                       0.04       0.34 f
  Op[7] (out)                              0.00       0.34 f
  data arrival time                                   0.34
  -----------------------------------------------------------
  (Path is unconstrained)


  Startpoint: Ip[30] (input port)
  Endpoint: Op[10] (output port)
  Path Group: (none)
  Path Type: max

  Des/Clust/Port     Wire Load Model       Library
  ------------------------------------------------
  combShifter        5K_hvratio_1_1        NangateOpenCellLibrary

  Point                                    Incr       Path
  -----------------------------------------------------------
  input external delay                     0.00       0.00 f
  Ip[30] (in)                              0.00       0.00 f
  U1301/ZN (INV_X1)                        0.15       0.15 r
  U1267/ZN (OAI221_X1)                     0.07       0.21 f
  U1261/ZN (NOR4_X1)                       0.09       0.30 r
  U1260/ZN (NAND4_X1)                      0.04       0.34 f
  Op[10] (out)                             0.00       0.34 f
  data arrival time                                   0.34
  -----------------------------------------------------------
  (Path is unconstrained)


  Startpoint: Ip[30] (input port)
  Endpoint: Op[11] (output port)
  Path Group: (none)
  Path Type: max

  Des/Clust/Port     Wire Load Model       Library
  ------------------------------------------------
  combShifter        5K_hvratio_1_1        NangateOpenCellLibrary

  Point                                    Incr       Path
  -----------------------------------------------------------
  input external delay                     0.00       0.00 f
  Ip[30] (in)                              0.00       0.00 f
  U1301/ZN (INV_X1)                        0.15       0.15 r
  U1244/ZN (OAI221_X1)                     0.07       0.21 f
  U1237/ZN (NOR4_X1)                       0.09       0.30 r
  U1236/ZN (NAND4_X1)                      0.04       0.34 f
  Op[11] (out)                             0.00       0.34 f
  data arrival time                                   0.34
  -----------------------------------------------------------
  (Path is unconstrained)


  Startpoint: Ip[30] (input port)
  Endpoint: Op[12] (output port)
  Path Group: (none)
  Path Type: max

  Des/Clust/Port     Wire Load Model       Library
  ------------------------------------------------
  combShifter        5K_hvratio_1_1        NangateOpenCellLibrary

  Point                                    Incr       Path
  -----------------------------------------------------------
  input external delay                     0.00       0.00 f
  Ip[30] (in)                              0.00       0.00 f
  U1301/ZN (INV_X1)                        0.15       0.15 r
  U1222/ZN (OAI221_X1)                     0.07       0.21 f
  U1216/ZN (NOR4_X1)                       0.09       0.30 r
  U1215/ZN (NAND4_X1)                      0.04       0.34 f
  Op[12] (out)                             0.00       0.34 f
  data arrival time                                   0.34
  -----------------------------------------------------------
  (Path is unconstrained)


  Startpoint: Ip[30] (input port)
  Endpoint: Op[13] (output port)
  Path Group: (none)
  Path Type: max

  Des/Clust/Port     Wire Load Model       Library
  ------------------------------------------------
  combShifter        5K_hvratio_1_1        NangateOpenCellLibrary

  Point                                    Incr       Path
  -----------------------------------------------------------
  input external delay                     0.00       0.00 f
  Ip[30] (in)                              0.00       0.00 f
  U1301/ZN (INV_X1)                        0.15       0.15 r
  U1201/ZN (OAI221_X1)                     0.07       0.21 f
  U1196/ZN (NOR4_X1)                       0.09       0.30 r
  U1195/ZN (NAND4_X1)                      0.04       0.34 f
  Op[13] (out)                             0.00       0.34 f
  data arrival time                                   0.34
  -----------------------------------------------------------
  (Path is unconstrained)


  Startpoint: Ip[30] (input port)
  Endpoint: Op[16] (output port)
  Path Group: (none)
  Path Type: max

  Des/Clust/Port     Wire Load Model       Library
  ------------------------------------------------
  combShifter        5K_hvratio_1_1        NangateOpenCellLibrary

  Point                                    Incr       Path
  -----------------------------------------------------------
  input external delay                     0.00       0.00 f
  Ip[30] (in)                              0.00       0.00 f
  U1301/ZN (INV_X1)                        0.15       0.15 r
  U1142/ZN (OAI221_X1)                     0.07       0.21 f
  U1137/ZN (NOR4_X1)                       0.09       0.30 r
  U1136/ZN (NAND4_X1)                      0.04       0.34 f
  Op[16] (out)                             0.00       0.34 f
  data arrival time                                   0.34
  -----------------------------------------------------------
  (Path is unconstrained)


  Startpoint: Ip[30] (input port)
  Endpoint: Op[17] (output port)
  Path Group: (none)
  Path Type: max

  Des/Clust/Port     Wire Load Model       Library
  ------------------------------------------------
  combShifter        5K_hvratio_1_1        NangateOpenCellLibrary

  Point                                    Incr       Path
  -----------------------------------------------------------
  input external delay                     0.00       0.00 f
  Ip[30] (in)                              0.00       0.00 f
  U1301/ZN (INV_X1)                        0.15       0.15 r
  U1123/ZN (OAI221_X1)                     0.07       0.21 f
  U1118/ZN (NOR4_X1)                       0.09       0.30 r
  U1117/ZN (NAND4_X1)                      0.04       0.34 f
  Op[17] (out)                             0.00       0.34 f
  data arrival time                                   0.34
  -----------------------------------------------------------
  (Path is unconstrained)


  Startpoint: Ip[30] (input port)
  Endpoint: Op[18] (output port)
  Path Group: (none)
  Path Type: max

  Des/Clust/Port     Wire Load Model       Library
  ------------------------------------------------
  combShifter        5K_hvratio_1_1        NangateOpenCellLibrary

  Point                                    Incr       Path
  -----------------------------------------------------------
  input external delay                     0.00       0.00 f
  Ip[30] (in)                              0.00       0.00 f
  U1301/ZN (INV_X1)                        0.15       0.15 r
  U1104/ZN (OAI221_X1)                     0.07       0.21 f
  U1099/ZN (NOR4_X1)                       0.09       0.30 r
  U1098/ZN (NAND4_X1)                      0.04       0.34 f
  Op[18] (out)                             0.00       0.34 f
  data arrival time                                   0.34
  -----------------------------------------------------------
  (Path is unconstrained)


  Startpoint: Ip[30] (input port)
  Endpoint: Op[26] (output port)
  Path Group: (none)
  Path Type: max

  Des/Clust/Port     Wire Load Model       Library
  ------------------------------------------------
  combShifter        5K_hvratio_1_1        NangateOpenCellLibrary

  Point                                    Incr       Path
  -----------------------------------------------------------
  input external delay                     0.00       0.00 f
  Ip[30] (in)                              0.00       0.00 f
  U1301/ZN (INV_X1)                        0.15       0.15 r
  U931/ZN (OAI221_X1)                      0.07       0.21 f
  U926/ZN (NOR4_X1)                        0.09       0.30 r
  U925/ZN (NAND4_X1)                       0.04       0.34 f
  Op[26] (out)                             0.00       0.34 f
  data arrival time                                   0.34
  -----------------------------------------------------------
  (Path is unconstrained)


  Startpoint: Ip[30] (input port)
  Endpoint: Op[27] (output port)
  Path Group: (none)
  Path Type: max

  Des/Clust/Port     Wire Load Model       Library
  ------------------------------------------------
  combShifter        5K_hvratio_1_1        NangateOpenCellLibrary

  Point                                    Incr       Path
  -----------------------------------------------------------
  input external delay                     0.00       0.00 f
  Ip[30] (in)                              0.00       0.00 f
  U1301/ZN (INV_X1)                        0.15       0.15 r
  U912/ZN (OAI221_X1)                      0.07       0.21 f
  U907/ZN (NOR4_X1)                        0.09       0.30 r
  U906/ZN (NAND4_X1)                       0.04       0.34 f
  Op[27] (out)                             0.00       0.34 f
  data arrival time                                   0.34
  -----------------------------------------------------------
  (Path is unconstrained)


  Startpoint: Ip[30] (input port)
  Endpoint: Op[28] (output port)
  Path Group: (none)
  Path Type: max

  Des/Clust/Port     Wire Load Model       Library
  ------------------------------------------------
  combShifter        5K_hvratio_1_1        NangateOpenCellLibrary

  Point                                    Incr       Path
  -----------------------------------------------------------
  input external delay                     0.00       0.00 f
  Ip[30] (in)                              0.00       0.00 f
  U1301/ZN (INV_X1)                        0.15       0.15 r
  U893/ZN (OAI221_X1)                      0.07       0.21 f
  U888/ZN (NOR4_X1)                        0.09       0.30 r
  U887/ZN (NAND4_X1)                       0.04       0.34 f
  Op[28] (out)                             0.00       0.34 f
  data arrival time                                   0.34
  -----------------------------------------------------------
  (Path is unconstrained)


  Startpoint: Ip[30] (input port)
  Endpoint: Op[29] (output port)
  Path Group: (none)
  Path Type: max

  Des/Clust/Port     Wire Load Model       Library
  ------------------------------------------------
  combShifter        5K_hvratio_1_1        NangateOpenCellLibrary

  Point                                    Incr       Path
  -----------------------------------------------------------
  input external delay                     0.00       0.00 f
  Ip[30] (in)                              0.00       0.00 f
  U1301/ZN (INV_X1)                        0.15       0.15 r
  U874/ZN (OAI221_X1)                      0.07       0.21 f
  U869/ZN (NOR4_X1)                        0.09       0.30 r
  U868/ZN (NAND4_X1)                       0.04       0.34 f
  Op[29] (out)                             0.00       0.34 f
  data arrival time                                   0.34
  -----------------------------------------------------------
  (Path is unconstrained)


  Startpoint: Ip[30] (input port)
  Endpoint: Op[0] (output port)
  Path Group: (none)
  Path Type: max

  Des/Clust/Port     Wire Load Model       Library
  ------------------------------------------------
  combShifter        5K_hvratio_1_1        NangateOpenCellLibrary

  Point                                    Incr       Path
  -----------------------------------------------------------
  input external delay                     0.00       0.00 f
  Ip[30] (in)                              0.00       0.00 f
  U1301/ZN (INV_X1)                        0.15       0.15 r
  U1298/ZN (OAI221_X1)                     0.06       0.21 f
  U1289/ZN (NOR4_X1)                       0.09       0.30 r
  U1288/ZN (NAND4_X1)                      0.04       0.34 f
  Op[0] (out)                              0.00       0.34 f
  data arrival time                                   0.34
  -----------------------------------------------------------
  (Path is unconstrained)


  Startpoint: Ip[30] (input port)
  Endpoint: Op[1] (output port)
  Path Group: (none)
  Path Type: max

  Des/Clust/Port     Wire Load Model       Library
  ------------------------------------------------
  combShifter        5K_hvratio_1_1        NangateOpenCellLibrary

  Point                                    Incr       Path
  -----------------------------------------------------------
  input external delay                     0.00       0.00 f
  Ip[30] (in)                              0.00       0.00 f
  U1301/ZN (INV_X1)                        0.15       0.15 r
  U1066/ZN (OAI221_X1)                     0.06       0.21 f
  U1061/ZN (NOR4_X1)                       0.09       0.30 r
  U1060/ZN (NAND4_X1)                      0.04       0.34 f
  Op[1] (out)                              0.00       0.34 f
  data arrival time                                   0.34
  -----------------------------------------------------------
  (Path is unconstrained)


  Startpoint: Ip[30] (input port)
  Endpoint: Op[2] (output port)
  Path Group: (none)
  Path Type: max

  Des/Clust/Port     Wire Load Model       Library
  ------------------------------------------------
  combShifter        5K_hvratio_1_1        NangateOpenCellLibrary

  Point                                    Incr       Path
  -----------------------------------------------------------
  input external delay                     0.00       0.00 f
  Ip[30] (in)                              0.00       0.00 f
  U1301/ZN (INV_X1)                        0.15       0.15 r
  U855/ZN (OAI221_X1)                      0.06       0.21 f
  U850/ZN (NOR4_X1)                        0.09       0.30 r
  U849/ZN (NAND4_X1)                       0.04       0.34 f
  Op[2] (out)                              0.00       0.34 f
  data arrival time                                   0.34
  -----------------------------------------------------------
  (Path is unconstrained)


  Startpoint: Ip[30] (input port)
  Endpoint: Op[3] (output port)
  Path Group: (none)
  Path Type: max

  Des/Clust/Port     Wire Load Model       Library
  ------------------------------------------------
  combShifter        5K_hvratio_1_1        NangateOpenCellLibrary

  Point                                    Incr       Path
  -----------------------------------------------------------
  input external delay                     0.00       0.00 f
  Ip[30] (in)                              0.00       0.00 f
  U1301/ZN (INV_X1)                        0.15       0.15 r
  U798/ZN (OAI221_X1)                      0.06       0.21 f
  U793/ZN (NOR4_X1)                        0.09       0.30 r
  U792/ZN (NAND4_X1)                       0.04       0.34 f
  Op[3] (out)                              0.00       0.34 f
  data arrival time                                   0.34
  -----------------------------------------------------------
  (Path is unconstrained)


  Startpoint: Ip[30] (input port)
  Endpoint: Op[4] (output port)
  Path Group: (none)
  Path Type: max

  Des/Clust/Port     Wire Load Model       Library
  ------------------------------------------------
  combShifter        5K_hvratio_1_1        NangateOpenCellLibrary

  Point                                    Incr       Path
  -----------------------------------------------------------
  input external delay                     0.00       0.00 f
  Ip[30] (in)                              0.00       0.00 f
  U1301/ZN (INV_X1)                        0.15       0.15 r
  U779/ZN (OAI221_X1)                      0.06       0.21 f
  U774/ZN (NOR4_X1)                        0.09       0.30 r
  U773/ZN (NAND4_X1)                       0.04       0.34 f
  Op[4] (out)                              0.00       0.34 f
  data arrival time                                   0.34
  -----------------------------------------------------------
  (Path is unconstrained)


  Startpoint: Ip[30] (input port)
  Endpoint: Op[8] (output port)
  Path Group: (none)
  Path Type: max

  Des/Clust/Port     Wire Load Model       Library
  ------------------------------------------------
  combShifter        5K_hvratio_1_1        NangateOpenCellLibrary

  Point                                    Incr       Path
  -----------------------------------------------------------
  input external delay                     0.00       0.00 f
  Ip[30] (in)                              0.00       0.00 f
  U1301/ZN (INV_X1)                        0.15       0.15 r
  U703/ZN (OAI221_X1)                      0.06       0.21 f
  U698/ZN (NOR4_X1)                        0.09       0.30 r
  U697/ZN (NAND4_X1)                       0.04       0.34 f
  Op[8] (out)                              0.00       0.34 f
  data arrival time                                   0.34
  -----------------------------------------------------------
  (Path is unconstrained)


  Startpoint: Ip[30] (input port)
  Endpoint: Op[9] (output port)
  Path Group: (none)
  Path Type: max

  Des/Clust/Port     Wire Load Model       Library
  ------------------------------------------------
  combShifter        5K_hvratio_1_1        NangateOpenCellLibrary

  Point                                    Incr       Path
  -----------------------------------------------------------
  input external delay                     0.00       0.00 f
  Ip[30] (in)                              0.00       0.00 f
  U1301/ZN (INV_X1)                        0.15       0.15 r
  U684/ZN (OAI221_X1)                      0.06       0.21 f
  U679/ZN (NOR4_X1)                        0.09       0.30 r
  U678/ZN (NAND4_X1)                       0.04       0.34 f
  Op[9] (out)                              0.00       0.34 f
  data arrival time                                   0.34
  -----------------------------------------------------------
  (Path is unconstrained)


  Startpoint: Ip[30] (input port)
  Endpoint: Op[30] (output port)
  Path Group: (none)
  Path Type: max

  Des/Clust/Port     Wire Load Model       Library
  ------------------------------------------------
  combShifter        5K_hvratio_1_1        NangateOpenCellLibrary

  Point                                    Incr       Path
  -----------------------------------------------------------
  input external delay                     0.00       0.00 f
  Ip[30] (in)                              0.00       0.00 f
  U1301/ZN (INV_X1)                        0.15       0.15 r
  U836/ZN (OAI221_X1)                      0.06       0.21 f
  U831/ZN (NOR4_X1)                        0.09       0.30 r
  U830/ZN (NAND4_X1)                       0.04       0.34 f
  Op[30] (out)                             0.00       0.34 f
  data arrival time                                   0.34
  -----------------------------------------------------------
  (Path is unconstrained)


  Startpoint: Ip[30] (input port)
  Endpoint: Op[31] (output port)
  Path Group: (none)
  Path Type: max

  Des/Clust/Port     Wire Load Model       Library
  ------------------------------------------------
  combShifter        5K_hvratio_1_1        NangateOpenCellLibrary

  Point                                    Incr       Path
  -----------------------------------------------------------
  input external delay                     0.00       0.00 f
  Ip[30] (in)                              0.00       0.00 f
  U1301/ZN (INV_X1)                        0.15       0.15 r
  U817/ZN (OAI221_X1)                      0.06       0.21 f
  U812/ZN (NOR4_X1)                        0.09       0.30 r
  U811/ZN (NAND4_X1)                       0.04       0.34 f
  Op[31] (out)                             0.00       0.34 f
  data arrival time                                   0.34
  -----------------------------------------------------------
  (Path is unconstrained)


  Startpoint: Ip[8] (input port)
  Endpoint: Op[25] (output port)
  Path Group: (none)
  Path Type: max

  Des/Clust/Port     Wire Load Model       Library
  ------------------------------------------------
  combShifter        5K_hvratio_1_1        NangateOpenCellLibrary

  Point                                    Incr       Path
  -----------------------------------------------------------
  input external delay                     0.00       0.00 f
  Ip[8] (in)                               0.00       0.00 f
  U670/ZN (INV_X2)                         0.11       0.11 r
  U946/ZN (OAI221_X1)                      0.08       0.19 f
  U945/ZN (NOR4_X1)                        0.10       0.29 r
  U944/ZN (NAND4_X1)                       0.04       0.34 f
  Op[25] (out)                             0.00       0.34 f
  data arrival time                                   0.34
  -----------------------------------------------------------
  (Path is unconstrained)


  Startpoint: Ip[9] (input port)
  Endpoint: Op[18] (output port)
  Path Group: (none)
  Path Type: max

  Des/Clust/Port     Wire Load Model       Library
  ------------------------------------------------
  combShifter        5K_hvratio_1_1        NangateOpenCellLibrary

  Point                                    Incr       Path
  -----------------------------------------------------------
  input external delay                     0.00       0.00 f
  Ip[9] (in)                               0.00       0.00 f
  U668/ZN (INV_X2)                         0.11       0.11 r
  U1100/ZN (OAI221_X1)                     0.08       0.19 f
  U1099/ZN (NOR4_X1)                       0.10       0.29 r
  U1098/ZN (NAND4_X1)                      0.04       0.33 f
  Op[18] (out)                             0.00       0.34 f
  data arrival time                                   0.34
  -----------------------------------------------------------
  (Path is unconstrained)


  Startpoint: Ip[8] (input port)
  Endpoint: Op[18] (output port)
  Path Group: (none)
  Path Type: max

  Des/Clust/Port     Wire Load Model       Library
  ------------------------------------------------
  combShifter        5K_hvratio_1_1        NangateOpenCellLibrary

  Point                                    Incr       Path
  -----------------------------------------------------------
  input external delay                     0.00       0.00 f
  Ip[8] (in)                               0.00       0.00 f
  U670/ZN (INV_X2)                         0.11       0.11 r
  U1100/ZN (OAI221_X1)                     0.08       0.19 f
  U1099/ZN (NOR4_X1)                       0.10       0.29 r
  U1098/ZN (NAND4_X1)                      0.04       0.33 f
  Op[18] (out)                             0.00       0.34 f
  data arrival time                                   0.34
  -----------------------------------------------------------
  (Path is unconstrained)


  Startpoint: Ip[9] (input port)
  Endpoint: Op[31] (output port)
  Path Group: (none)
  Path Type: max

  Des/Clust/Port     Wire Load Model       Library
  ------------------------------------------------
  combShifter        5K_hvratio_1_1        NangateOpenCellLibrary

  Point                                    Incr       Path
  -----------------------------------------------------------
  input external delay                     0.00       0.00 f
  Ip[9] (in)                               0.00       0.00 f
  U668/ZN (INV_X2)                         0.11       0.11 r
  U813/ZN (OAI221_X1)                      0.08       0.19 f
  U812/ZN (NOR4_X1)                        0.10       0.29 r
  U811/ZN (NAND4_X1)                       0.04       0.33 f
  Op[31] (out)                             0.00       0.34 f
  data arrival time                                   0.34
  -----------------------------------------------------------
  (Path is unconstrained)


  Startpoint: Ip[9] (input port)
  Endpoint: Op[17] (output port)
  Path Group: (none)
  Path Type: max

  Des/Clust/Port     Wire Load Model       Library
  ------------------------------------------------
  combShifter        5K_hvratio_1_1        NangateOpenCellLibrary

  Point                                    Incr       Path
  -----------------------------------------------------------
  input external delay                     0.00       0.00 f
  Ip[9] (in)                               0.00       0.00 f
  U668/ZN (INV_X2)                         0.11       0.11 r
  U1119/ZN (OAI221_X1)                     0.08       0.19 f
  U1118/ZN (NOR4_X1)                       0.10       0.29 r
  U1117/ZN (NAND4_X1)                      0.04       0.33 f
  Op[17] (out)                             0.00       0.34 f
  data arrival time                                   0.34
  -----------------------------------------------------------
  (Path is unconstrained)


  Startpoint: Ip[8] (input port)
  Endpoint: Op[31] (output port)
  Path Group: (none)
  Path Type: max

  Des/Clust/Port     Wire Load Model       Library
  ------------------------------------------------
  combShifter        5K_hvratio_1_1        NangateOpenCellLibrary

  Point                                    Incr       Path
  -----------------------------------------------------------
  input external delay                     0.00       0.00 f
  Ip[8] (in)                               0.00       0.00 f
  U670/ZN (INV_X2)                         0.11       0.11 r
  U813/ZN (OAI221_X1)                      0.08       0.19 f
  U812/ZN (NOR4_X1)                        0.10       0.29 r
  U811/ZN (NAND4_X1)                       0.04       0.33 f
  Op[31] (out)                             0.00       0.34 f
  data arrival time                                   0.34
  -----------------------------------------------------------
  (Path is unconstrained)


  Startpoint: Ip[8] (input port)
  Endpoint: Op[17] (output port)
  Path Group: (none)
  Path Type: max

  Des/Clust/Port     Wire Load Model       Library
  ------------------------------------------------
  combShifter        5K_hvratio_1_1        NangateOpenCellLibrary

  Point                                    Incr       Path
  -----------------------------------------------------------
  input external delay                     0.00       0.00 f
  Ip[8] (in)                               0.00       0.00 f
  U670/ZN (INV_X2)                         0.11       0.11 r
  U1119/ZN (OAI221_X1)                     0.08       0.19 f
  U1118/ZN (NOR4_X1)                       0.10       0.29 r
  U1117/ZN (NAND4_X1)                      0.04       0.33 f
  Op[17] (out)                             0.00       0.34 f
  data arrival time                                   0.34
  -----------------------------------------------------------
  (Path is unconstrained)


  Startpoint: Ip[9] (input port)
  Endpoint: Op[27] (output port)
  Path Group: (none)
  Path Type: max

  Des/Clust/Port     Wire Load Model       Library
  ------------------------------------------------
  combShifter        5K_hvratio_1_1        NangateOpenCellLibrary

  Point                                    Incr       Path
  -----------------------------------------------------------
  input external delay                     0.00       0.00 f
  Ip[9] (in)                               0.00       0.00 f
  U668/ZN (INV_X2)                         0.11       0.11 r
  U908/ZN (OAI221_X1)                      0.08       0.19 f
  U907/ZN (NOR4_X1)                        0.10       0.29 r
  U906/ZN (NAND4_X1)                       0.04       0.33 f
  Op[27] (out)                             0.00       0.34 f
  data arrival time                                   0.34
  -----------------------------------------------------------
  (Path is unconstrained)


  Startpoint: Ip[9] (input port)
  Endpoint: Op[23] (output port)
  Path Group: (none)
  Path Type: max

  Des/Clust/Port     Wire Load Model       Library
  ------------------------------------------------
  combShifter        5K_hvratio_1_1        NangateOpenCellLibrary

  Point                                    Incr       Path
  -----------------------------------------------------------
  input external delay                     0.00       0.00 f
  Ip[9] (in)                               0.00       0.00 f
  U668/ZN (INV_X2)                         0.11       0.11 r
  U985/ZN (OAI221_X1)                      0.08       0.19 f
  U984/ZN (NOR4_X1)                        0.10       0.29 r
  U983/ZN (NAND4_X1)                       0.04       0.33 f
  Op[23] (out)                             0.00       0.34 f
  data arrival time                                   0.34
  -----------------------------------------------------------
  (Path is unconstrained)


  Startpoint: Ip[9] (input port)
  Endpoint: Op[20] (output port)
  Path Group: (none)
  Path Type: max

  Des/Clust/Port     Wire Load Model       Library
  ------------------------------------------------
  combShifter        5K_hvratio_1_1        NangateOpenCellLibrary

  Point                                    Incr       Path
  -----------------------------------------------------------
  input external delay                     0.00       0.00 f
  Ip[9] (in)                               0.00       0.00 f
  U668/ZN (INV_X2)                         0.11       0.11 r
  U1042/ZN (OAI221_X1)                     0.08       0.19 f
  U1041/ZN (NOR4_X1)                       0.10       0.29 r
  U1040/ZN (NAND4_X1)                      0.04       0.33 f
  Op[20] (out)                             0.00       0.34 f
  data arrival time                                   0.34
  -----------------------------------------------------------
  (Path is unconstrained)


  Startpoint: Ip[9] (input port)
  Endpoint: Op[30] (output port)
  Path Group: (none)
  Path Type: max

  Des/Clust/Port     Wire Load Model       Library
  ------------------------------------------------
  combShifter        5K_hvratio_1_1        NangateOpenCellLibrary

  Point                                    Incr       Path
  -----------------------------------------------------------
  input external delay                     0.00       0.00 f
  Ip[9] (in)                               0.00       0.00 f
  U668/ZN (INV_X2)                         0.11       0.11 r
  U832/ZN (OAI221_X1)                      0.08       0.19 f
  U831/ZN (NOR4_X1)                        0.10       0.29 r
  U830/ZN (NAND4_X1)                       0.04       0.33 f
  Op[30] (out)                             0.00       0.34 f
  data arrival time                                   0.34
  -----------------------------------------------------------
  (Path is unconstrained)


  Startpoint: Ip[9] (input port)
  Endpoint: Op[19] (output port)
  Path Group: (none)
  Path Type: max

  Des/Clust/Port     Wire Load Model       Library
  ------------------------------------------------
  combShifter        5K_hvratio_1_1        NangateOpenCellLibrary

  Point                                    Incr       Path
  -----------------------------------------------------------
  input external delay                     0.00       0.00 f
  Ip[9] (in)                               0.00       0.00 f
  U668/ZN (INV_X2)                         0.11       0.11 r
  U1081/ZN (OAI221_X1)                     0.08       0.19 f
  U1080/ZN (NOR4_X1)                       0.10       0.29 r
  U1079/ZN (NAND4_X1)                      0.04       0.33 f
  Op[19] (out)                             0.00       0.34 f
  data arrival time                                   0.34
  -----------------------------------------------------------
  (Path is unconstrained)


  Startpoint: Ip[8] (input port)
  Endpoint: Op[27] (output port)
  Path Group: (none)
  Path Type: max

  Des/Clust/Port     Wire Load Model       Library
  ------------------------------------------------
  combShifter        5K_hvratio_1_1        NangateOpenCellLibrary

  Point                                    Incr       Path
  -----------------------------------------------------------
  input external delay                     0.00       0.00 f
  Ip[8] (in)                               0.00       0.00 f
  U670/ZN (INV_X2)                         0.11       0.11 r
  U908/ZN (OAI221_X1)                      0.08       0.19 f
  U907/ZN (NOR4_X1)                        0.10       0.29 r
  U906/ZN (NAND4_X1)                       0.04       0.33 f
  Op[27] (out)                             0.00       0.34 f
  data arrival time                                   0.34
  -----------------------------------------------------------
  (Path is unconstrained)


  Startpoint: Ip[8] (input port)
  Endpoint: Op[23] (output port)
  Path Group: (none)
  Path Type: max

  Des/Clust/Port     Wire Load Model       Library
  ------------------------------------------------
  combShifter        5K_hvratio_1_1        NangateOpenCellLibrary

  Point                                    Incr       Path
  -----------------------------------------------------------
  input external delay                     0.00       0.00 f
  Ip[8] (in)                               0.00       0.00 f
  U670/ZN (INV_X2)                         0.11       0.11 r
  U985/ZN (OAI221_X1)                      0.08       0.19 f
  U984/ZN (NOR4_X1)                        0.10       0.29 r
  U983/ZN (NAND4_X1)                       0.04       0.33 f
  Op[23] (out)                             0.00       0.34 f
  data arrival time                                   0.34
  -----------------------------------------------------------
  (Path is unconstrained)


  Startpoint: Ip[8] (input port)
  Endpoint: Op[20] (output port)
  Path Group: (none)
  Path Type: max

  Des/Clust/Port     Wire Load Model       Library
  ------------------------------------------------
  combShifter        5K_hvratio_1_1        NangateOpenCellLibrary

  Point                                    Incr       Path
  -----------------------------------------------------------
  input external delay                     0.00       0.00 f
  Ip[8] (in)                               0.00       0.00 f
  U670/ZN (INV_X2)                         0.11       0.11 r
  U1042/ZN (OAI221_X1)                     0.08       0.19 f
  U1041/ZN (NOR4_X1)                       0.10       0.29 r
  U1040/ZN (NAND4_X1)                      0.04       0.33 f
  Op[20] (out)                             0.00       0.34 f
  data arrival time                                   0.34
  -----------------------------------------------------------
  (Path is unconstrained)


  Startpoint: Ip[8] (input port)
  Endpoint: Op[30] (output port)
  Path Group: (none)
  Path Type: max

  Des/Clust/Port     Wire Load Model       Library
  ------------------------------------------------
  combShifter        5K_hvratio_1_1        NangateOpenCellLibrary

  Point                                    Incr       Path
  -----------------------------------------------------------
  input external delay                     0.00       0.00 f
  Ip[8] (in)                               0.00       0.00 f
  U670/ZN (INV_X2)                         0.11       0.11 r
  U832/ZN (OAI221_X1)                      0.08       0.19 f
  U831/ZN (NOR4_X1)                        0.10       0.29 r
  U830/ZN (NAND4_X1)                       0.04       0.33 f
  Op[30] (out)                             0.00       0.34 f
  data arrival time                                   0.34
  -----------------------------------------------------------
  (Path is unconstrained)


  Startpoint: Ip[8] (input port)
  Endpoint: Op[19] (output port)
  Path Group: (none)
  Path Type: max

  Des/Clust/Port     Wire Load Model       Library
  ------------------------------------------------
  combShifter        5K_hvratio_1_1        NangateOpenCellLibrary

  Point                                    Incr       Path
  -----------------------------------------------------------
  input external delay                     0.00       0.00 f
  Ip[8] (in)                               0.00       0.00 f
  U670/ZN (INV_X2)                         0.11       0.11 r
  U1081/ZN (OAI221_X1)                     0.08       0.19 f
  U1080/ZN (NOR4_X1)                       0.10       0.29 r
  U1079/ZN (NAND4_X1)                      0.04       0.33 f
  Op[19] (out)                             0.00       0.34 f
  data arrival time                                   0.34
  -----------------------------------------------------------
  (Path is unconstrained)


  Startpoint: Ip[9] (input port)
  Endpoint: Op[5] (output port)
  Path Group: (none)
  Path Type: max

  Des/Clust/Port     Wire Load Model       Library
  ------------------------------------------------
  combShifter        5K_hvratio_1_1        NangateOpenCellLibrary

  Point                                    Incr       Path
  -----------------------------------------------------------
  input external delay                     0.00       0.00 f
  Ip[9] (in)                               0.00       0.00 f
  U668/ZN (INV_X2)                         0.11       0.11 r
  U756/ZN (OAI221_X1)                      0.08       0.19 f
  U755/ZN (NOR4_X1)                        0.10       0.29 r
  U754/ZN (NAND4_X1)                       0.04       0.33 f
  Op[5] (out)                              0.00       0.34 f
  data arrival time                                   0.34
  -----------------------------------------------------------
  (Path is unconstrained)


  Startpoint: Ip[9] (input port)
  Endpoint: Op[6] (output port)
  Path Group: (none)
  Path Type: max

  Des/Clust/Port     Wire Load Model       Library
  ------------------------------------------------
  combShifter        5K_hvratio_1_1        NangateOpenCellLibrary

  Point                                    Incr       Path
  -----------------------------------------------------------
  input external delay                     0.00       0.00 f
  Ip[9] (in)                               0.00       0.00 f
  U668/ZN (INV_X2)                         0.11       0.11 r
  U737/ZN (OAI221_X1)                      0.08       0.19 f
  U736/ZN (NOR4_X1)                        0.10       0.29 r
  U735/ZN (NAND4_X1)                       0.04       0.33 f
  Op[6] (out)                              0.00       0.34 f
  data arrival time                                   0.34
  -----------------------------------------------------------
  (Path is unconstrained)


  Startpoint: Ip[9] (input port)
  Endpoint: Op[7] (output port)
  Path Group: (none)
  Path Type: max

  Des/Clust/Port     Wire Load Model       Library
  ------------------------------------------------
  combShifter        5K_hvratio_1_1        NangateOpenCellLibrary

  Point                                    Incr       Path
  -----------------------------------------------------------
  input external delay                     0.00       0.00 f
  Ip[9] (in)                               0.00       0.00 f
  U668/ZN (INV_X2)                         0.11       0.11 r
  U718/ZN (OAI221_X1)                      0.08       0.19 f
  U717/ZN (NOR4_X1)                        0.10       0.29 r
  U716/ZN (NAND4_X1)                       0.04       0.33 f
  Op[7] (out)                              0.00       0.34 f
  data arrival time                                   0.34
  -----------------------------------------------------------
  (Path is unconstrained)


  Startpoint: Ip[9] (input port)
  Endpoint: Op[10] (output port)
  Path Group: (none)
  Path Type: max

  Des/Clust/Port     Wire Load Model       Library
  ------------------------------------------------
  combShifter        5K_hvratio_1_1        NangateOpenCellLibrary

  Point                                    Incr       Path
  -----------------------------------------------------------
  input external delay                     0.00       0.00 f
  Ip[9] (in)                               0.00       0.00 f
  U668/ZN (INV_X2)                         0.11       0.11 r
  U1262/ZN (OAI221_X1)                     0.08       0.19 f
  U1261/ZN (NOR4_X1)                       0.10       0.29 r
  U1260/ZN (NAND4_X1)                      0.04       0.33 f
  Op[10] (out)                             0.00       0.34 f
  data arrival time                                   0.34
  -----------------------------------------------------------
  (Path is unconstrained)


  Startpoint: Ip[9] (input port)
  Endpoint: Op[11] (output port)
  Path Group: (none)
  Path Type: max

  Des/Clust/Port     Wire Load Model       Library
  ------------------------------------------------
  combShifter        5K_hvratio_1_1        NangateOpenCellLibrary

  Point                                    Incr       Path
  -----------------------------------------------------------
  input external delay                     0.00       0.00 f
  Ip[9] (in)                               0.00       0.00 f
  U668/ZN (INV_X2)                         0.11       0.11 r
  U1238/ZN (OAI221_X1)                     0.08       0.19 f
  U1237/ZN (NOR4_X1)                       0.10       0.29 r
  U1236/ZN (NAND4_X1)                      0.04       0.33 f
  Op[11] (out)                             0.00       0.34 f
  data arrival time                                   0.34
  -----------------------------------------------------------
  (Path is unconstrained)


  Startpoint: Ip[9] (input port)
  Endpoint: Op[12] (output port)
  Path Group: (none)
  Path Type: max

  Des/Clust/Port     Wire Load Model       Library
  ------------------------------------------------
  combShifter        5K_hvratio_1_1        NangateOpenCellLibrary

  Point                                    Incr       Path
  -----------------------------------------------------------
  input external delay                     0.00       0.00 f
  Ip[9] (in)                               0.00       0.00 f
  U668/ZN (INV_X2)                         0.11       0.11 r
  U1217/ZN (OAI221_X1)                     0.08       0.19 f
  U1216/ZN (NOR4_X1)                       0.10       0.29 r
  U1215/ZN (NAND4_X1)                      0.04       0.33 f
  Op[12] (out)                             0.00       0.34 f
  data arrival time                                   0.34
  -----------------------------------------------------------
  (Path is unconstrained)


  Startpoint: Ip[9] (input port)
  Endpoint: Op[13] (output port)
  Path Group: (none)
  Path Type: max

  Des/Clust/Port     Wire Load Model       Library
  ------------------------------------------------
  combShifter        5K_hvratio_1_1        NangateOpenCellLibrary

  Point                                    Incr       Path
  -----------------------------------------------------------
  input external delay                     0.00       0.00 f
  Ip[9] (in)                               0.00       0.00 f
  U668/ZN (INV_X2)                         0.11       0.11 r
  U1197/ZN (OAI221_X1)                     0.08       0.19 f
  U1196/ZN (NOR4_X1)                       0.10       0.29 r
  U1195/ZN (NAND4_X1)                      0.04       0.33 f
  Op[13] (out)                             0.00       0.34 f
  data arrival time                                   0.34
  -----------------------------------------------------------
  (Path is unconstrained)


  Startpoint: Ip[9] (input port)
  Endpoint: Op[16] (output port)
  Path Group: (none)
  Path Type: max

  Des/Clust/Port     Wire Load Model       Library
  ------------------------------------------------
  combShifter        5K_hvratio_1_1        NangateOpenCellLibrary

  Point                                    Incr       Path
  -----------------------------------------------------------
  input external delay                     0.00       0.00 f
  Ip[9] (in)                               0.00       0.00 f
  U668/ZN (INV_X2)                         0.11       0.11 r
  U1138/ZN (OAI221_X1)                     0.08       0.19 f
  U1137/ZN (NOR4_X1)                       0.10       0.29 r
  U1136/ZN (NAND4_X1)                      0.04       0.33 f
  Op[16] (out)                             0.00       0.34 f
  data arrival time                                   0.34
  -----------------------------------------------------------
  (Path is unconstrained)


  Startpoint: Ip[9] (input port)
  Endpoint: Op[26] (output port)
  Path Group: (none)
  Path Type: max

  Des/Clust/Port     Wire Load Model       Library
  ------------------------------------------------
  combShifter        5K_hvratio_1_1        NangateOpenCellLibrary

  Point                                    Incr       Path
  -----------------------------------------------------------
  input external delay                     0.00       0.00 f
  Ip[9] (in)                               0.00       0.00 f
  U668/ZN (INV_X2)                         0.11       0.11 r
  U927/ZN (OAI221_X1)                      0.08       0.19 f
  U926/ZN (NOR4_X1)                        0.10       0.29 r
  U925/ZN (NAND4_X1)                       0.04       0.33 f
  Op[26] (out)                             0.00       0.34 f
  data arrival time                                   0.34
  -----------------------------------------------------------
  (Path is unconstrained)


  Startpoint: Ip[9] (input port)
  Endpoint: Op[28] (output port)
  Path Group: (none)
  Path Type: max

  Des/Clust/Port     Wire Load Model       Library
  ------------------------------------------------
  combShifter        5K_hvratio_1_1        NangateOpenCellLibrary

  Point                                    Incr       Path
  -----------------------------------------------------------
  input external delay                     0.00       0.00 f
  Ip[9] (in)                               0.00       0.00 f
  U668/ZN (INV_X2)                         0.11       0.11 r
  U889/ZN (OAI221_X1)                      0.08       0.19 f
  U888/ZN (NOR4_X1)                        0.10       0.29 r
  U887/ZN (NAND4_X1)                       0.04       0.33 f
  Op[28] (out)                             0.00       0.34 f
  data arrival time                                   0.34
  -----------------------------------------------------------
  (Path is unconstrained)


  Startpoint: Ip[9] (input port)
  Endpoint: Op[29] (output port)
  Path Group: (none)
  Path Type: max

  Des/Clust/Port     Wire Load Model       Library
  ------------------------------------------------
  combShifter        5K_hvratio_1_1        NangateOpenCellLibrary

  Point                                    Incr       Path
  -----------------------------------------------------------
  input external delay                     0.00       0.00 f
  Ip[9] (in)                               0.00       0.00 f
  U668/ZN (INV_X2)                         0.11       0.11 r
  U870/ZN (OAI221_X1)                      0.08       0.19 f
  U869/ZN (NOR4_X1)                        0.10       0.29 r
  U868/ZN (NAND4_X1)                       0.04       0.33 f
  Op[29] (out)                             0.00       0.34 f
  data arrival time                                   0.34
  -----------------------------------------------------------
  (Path is unconstrained)


  Startpoint: Ip[9] (input port)
  Endpoint: Op[0] (output port)
  Path Group: (none)
  Path Type: max

  Des/Clust/Port     Wire Load Model       Library
  ------------------------------------------------
  combShifter        5K_hvratio_1_1        NangateOpenCellLibrary

  Point                                    Incr       Path
  -----------------------------------------------------------
  input external delay                     0.00       0.00 f
  Ip[9] (in)                               0.00       0.00 f
  U668/ZN (INV_X2)                         0.11       0.11 r
  U1290/ZN (OAI221_X1)                     0.08       0.19 f
  U1289/ZN (NOR4_X1)                       0.10       0.29 r
  U1288/ZN (NAND4_X1)                      0.04       0.33 f
  Op[0] (out)                              0.00       0.34 f
  data arrival time                                   0.34
  -----------------------------------------------------------
  (Path is unconstrained)


  Startpoint: Ip[9] (input port)
  Endpoint: Op[1] (output port)
  Path Group: (none)
  Path Type: max

  Des/Clust/Port     Wire Load Model       Library
  ------------------------------------------------
  combShifter        5K_hvratio_1_1        NangateOpenCellLibrary

  Point                                    Incr       Path
  -----------------------------------------------------------
  input external delay                     0.00       0.00 f
  Ip[9] (in)                               0.00       0.00 f
  U668/ZN (INV_X2)                         0.11       0.11 r
  U1062/ZN (OAI221_X1)                     0.08       0.19 f
  U1061/ZN (NOR4_X1)                       0.10       0.29 r
  U1060/ZN (NAND4_X1)                      0.04       0.33 f
  Op[1] (out)                              0.00       0.34 f
  data arrival time                                   0.34
  -----------------------------------------------------------
  (Path is unconstrained)


  Startpoint: Ip[9] (input port)
  Endpoint: Op[2] (output port)
  Path Group: (none)
  Path Type: max

  Des/Clust/Port     Wire Load Model       Library
  ------------------------------------------------
  combShifter        5K_hvratio_1_1        NangateOpenCellLibrary

  Point                                    Incr       Path
  -----------------------------------------------------------
  input external delay                     0.00       0.00 f
  Ip[9] (in)                               0.00       0.00 f
  U668/ZN (INV_X2)                         0.11       0.11 r
  U851/ZN (OAI221_X1)                      0.08       0.19 f
  U850/ZN (NOR4_X1)                        0.10       0.29 r
  U849/ZN (NAND4_X1)                       0.04       0.33 f
  Op[2] (out)                              0.00       0.34 f
  data arrival time                                   0.34
  -----------------------------------------------------------
  (Path is unconstrained)


  Startpoint: Ip[9] (input port)
  Endpoint: Op[3] (output port)
  Path Group: (none)
  Path Type: max

  Des/Clust/Port     Wire Load Model       Library
  ------------------------------------------------
  combShifter        5K_hvratio_1_1        NangateOpenCellLibrary

  Point                                    Incr       Path
  -----------------------------------------------------------
  input external delay                     0.00       0.00 f
  Ip[9] (in)                               0.00       0.00 f
  U668/ZN (INV_X2)                         0.11       0.11 r
  U794/ZN (OAI221_X1)                      0.08       0.19 f
  U793/ZN (NOR4_X1)                        0.10       0.29 r
  U792/ZN (NAND4_X1)                       0.04       0.33 f
  Op[3] (out)                              0.00       0.34 f
  data arrival time                                   0.34
  -----------------------------------------------------------
  (Path is unconstrained)


  Startpoint: Ip[9] (input port)
  Endpoint: Op[4] (output port)
  Path Group: (none)
  Path Type: max

  Des/Clust/Port     Wire Load Model       Library
  ------------------------------------------------
  combShifter        5K_hvratio_1_1        NangateOpenCellLibrary

  Point                                    Incr       Path
  -----------------------------------------------------------
  input external delay                     0.00       0.00 f
  Ip[9] (in)                               0.00       0.00 f
  U668/ZN (INV_X2)                         0.11       0.11 r
  U775/ZN (OAI221_X1)                      0.08       0.19 f
  U774/ZN (NOR4_X1)                        0.10       0.29 r
  U773/ZN (NAND4_X1)                       0.04       0.33 f
  Op[4] (out)                              0.00       0.34 f
  data arrival time                                   0.34
  -----------------------------------------------------------
  (Path is unconstrained)


  Startpoint: Ip[9] (input port)
  Endpoint: Op[8] (output port)
  Path Group: (none)
  Path Type: max

  Des/Clust/Port     Wire Load Model       Library
  ------------------------------------------------
  combShifter        5K_hvratio_1_1        NangateOpenCellLibrary

  Point                                    Incr       Path
  -----------------------------------------------------------
  input external delay                     0.00       0.00 f
  Ip[9] (in)                               0.00       0.00 f
  U668/ZN (INV_X2)                         0.11       0.11 r
  U699/ZN (OAI221_X1)                      0.08       0.19 f
  U698/ZN (NOR4_X1)                        0.10       0.29 r
  U697/ZN (NAND4_X1)                       0.04       0.33 f
  Op[8] (out)                              0.00       0.34 f
  data arrival time                                   0.34
  -----------------------------------------------------------
  (Path is unconstrained)


  Startpoint: Ip[9] (input port)
  Endpoint: Op[14] (output port)
  Path Group: (none)
  Path Type: max

  Des/Clust/Port     Wire Load Model       Library
  ------------------------------------------------
  combShifter        5K_hvratio_1_1        NangateOpenCellLibrary

  Point                                    Incr       Path
  -----------------------------------------------------------
  input external delay                     0.00       0.00 f
  Ip[9] (in)                               0.00       0.00 f
  U668/ZN (INV_X2)                         0.11       0.11 r
  U1177/ZN (OAI221_X1)                     0.08       0.19 f
  U1176/ZN (NOR4_X1)                       0.10       0.29 r
  U1175/ZN (NAND4_X1)                      0.04       0.33 f
  Op[14] (out)                             0.00       0.34 f
  data arrival time                                   0.34
  -----------------------------------------------------------
  (Path is unconstrained)


  Startpoint: Ip[9] (input port)
  Endpoint: Op[15] (output port)
  Path Group: (none)
  Path Type: max

  Des/Clust/Port     Wire Load Model       Library
  ------------------------------------------------
  combShifter        5K_hvratio_1_1        NangateOpenCellLibrary

  Point                                    Incr       Path
  -----------------------------------------------------------
  input external delay                     0.00       0.00 f
  Ip[9] (in)                               0.00       0.00 f
  U668/ZN (INV_X2)                         0.11       0.11 r
  U1158/ZN (OAI221_X1)                     0.08       0.19 f
  U1157/ZN (NOR4_X1)                       0.10       0.29 r
  U1156/ZN (NAND4_X1)                      0.04       0.33 f
  Op[15] (out)                             0.00       0.34 f
  data arrival time                                   0.34
  -----------------------------------------------------------
  (Path is unconstrained)


  Startpoint: Ip[9] (input port)
  Endpoint: Op[21] (output port)
  Path Group: (none)
  Path Type: max

  Des/Clust/Port     Wire Load Model       Library
  ------------------------------------------------
  combShifter        5K_hvratio_1_1        NangateOpenCellLibrary

  Point                                    Incr       Path
  -----------------------------------------------------------
  input external delay                     0.00       0.00 f
  Ip[9] (in)                               0.00       0.00 f
  U668/ZN (INV_X2)                         0.11       0.11 r
  U1023/ZN (OAI221_X1)                     0.08       0.19 f
  U1022/ZN (NOR4_X1)                       0.10       0.29 r
  U1021/ZN (NAND4_X1)                      0.04       0.33 f
  Op[21] (out)                             0.00       0.34 f
  data arrival time                                   0.34
  -----------------------------------------------------------
  (Path is unconstrained)


  Startpoint: Ip[9] (input port)
  Endpoint: Op[22] (output port)
  Path Group: (none)
  Path Type: max

  Des/Clust/Port     Wire Load Model       Library
  ------------------------------------------------
  combShifter        5K_hvratio_1_1        NangateOpenCellLibrary

  Point                                    Incr       Path
  -----------------------------------------------------------
  input external delay                     0.00       0.00 f
  Ip[9] (in)                               0.00       0.00 f
  U668/ZN (INV_X2)                         0.11       0.11 r
  U1004/ZN (OAI221_X1)                     0.08       0.19 f
  U1003/ZN (NOR4_X1)                       0.10       0.29 r
  U1002/ZN (NAND4_X1)                      0.04       0.33 f
  Op[22] (out)                             0.00       0.34 f
  data arrival time                                   0.34
  -----------------------------------------------------------
  (Path is unconstrained)


  Startpoint: Ip[9] (input port)
  Endpoint: Op[24] (output port)
  Path Group: (none)
  Path Type: max

  Des/Clust/Port     Wire Load Model       Library
  ------------------------------------------------
  combShifter        5K_hvratio_1_1        NangateOpenCellLibrary

  Point                                    Incr       Path
  -----------------------------------------------------------
  input external delay                     0.00       0.00 f
  Ip[9] (in)                               0.00       0.00 f
  U668/ZN (INV_X2)                         0.11       0.11 r
  U965/ZN (OAI221_X1)                      0.08       0.19 f
  U964/ZN (NOR4_X1)                        0.10       0.29 r
  U963/ZN (NAND4_X1)                       0.04       0.33 f
  Op[24] (out)                             0.00       0.34 f
  data arrival time                                   0.34
  -----------------------------------------------------------
  (Path is unconstrained)


  Startpoint: Ip[8] (input port)
  Endpoint: Op[16] (output port)
  Path Group: (none)
  Path Type: max

  Des/Clust/Port     Wire Load Model       Library
  ------------------------------------------------
  combShifter        5K_hvratio_1_1        NangateOpenCellLibrary

  Point                                    Incr       Path
  -----------------------------------------------------------
  input external delay                     0.00       0.00 f
  Ip[8] (in)                               0.00       0.00 f
  U670/ZN (INV_X2)                         0.11       0.11 r
  U1138/ZN (OAI221_X1)                     0.08       0.19 f
  U1137/ZN (NOR4_X1)                       0.10       0.29 r
  U1136/ZN (NAND4_X1)                      0.04       0.33 f
  Op[16] (out)                             0.00       0.34 f
  data arrival time                                   0.34
  -----------------------------------------------------------
  (Path is unconstrained)


1
