 
****************************************
Report : timing
        -path full
        -delay max
        -nworst 100
        -max_paths 100
Design : combShifter
Version: P-2019.03
Date   : Tue Apr 26 22:39:30 2022
****************************************

Operating Conditions: typical   Library: NangateOpenCellLibrary
Wire Load Model Mode: top

  Startpoint: shift_mag[0]
              (input port)
  Endpoint: Op[1] (output port)
  Path Group: (none)
  Path Type: max

  Des/Clust/Port     Wire Load Model       Library
  ------------------------------------------------
  combShifter        5K_hvratio_1_1        NangateOpenCellLibrary

  Point                                    Incr       Path
  -----------------------------------------------------------
  input external delay                     0.00       0.00 f
  shift_mag[0] (in)                        0.00       0.00 f
  U34/ZN (INV_X1)                          0.06       0.06 r
  U30/ZN (OAI222_X1)                       0.06       0.12 f
  Op[1] (out)                              0.00       0.12 f
  data arrival time                                   0.12
  -----------------------------------------------------------
  (Path is unconstrained)


  Startpoint: shift_mag[2]
              (input port)
  Endpoint: Op[7] (output port)
  Path Group: (none)
  Path Type: max

  Des/Clust/Port     Wire Load Model       Library
  ------------------------------------------------
  combShifter        5K_hvratio_1_1        NangateOpenCellLibrary

  Point                                    Incr       Path
  -----------------------------------------------------------
  input external delay                     0.00       0.00 f
  shift_mag[2] (in)                        0.00       0.00 f
  U38/ZN (INV_X1)                          0.06       0.06 r
  U20/ZN (OAI222_X1)                       0.06       0.12 f
  Op[7] (out)                              0.00       0.12 f
  data arrival time                                   0.12
  -----------------------------------------------------------
  (Path is unconstrained)


  Startpoint: shift_mag[1]
              (input port)
  Endpoint: Op[0] (output port)
  Path Group: (none)
  Path Type: max

  Des/Clust/Port     Wire Load Model       Library
  ------------------------------------------------
  combShifter        5K_hvratio_1_1        NangateOpenCellLibrary

  Point                                    Incr       Path
  -----------------------------------------------------------
  input external delay                     0.00       0.00 f
  shift_mag[1] (in)                        0.00       0.00 f
  U35/ZN (INV_X1)                          0.06       0.06 r
  U32/ZN (OAI222_X1)                       0.06       0.12 f
  Op[0] (out)                              0.00       0.12 f
  data arrival time                                   0.12
  -----------------------------------------------------------
  (Path is unconstrained)


  Startpoint: shift_mag[1]
              (input port)
  Endpoint: Op[7] (output port)
  Path Group: (none)
  Path Type: max

  Des/Clust/Port     Wire Load Model       Library
  ------------------------------------------------
  combShifter        5K_hvratio_1_1        NangateOpenCellLibrary

  Point                                    Incr       Path
  -----------------------------------------------------------
  input external delay                     0.00       0.00 f
  shift_mag[1] (in)                        0.00       0.00 f
  U35/ZN (INV_X1)                          0.06       0.06 r
  U20/ZN (OAI222_X1)                       0.06       0.12 f
  Op[7] (out)                              0.00       0.12 f
  data arrival time                                   0.12
  -----------------------------------------------------------
  (Path is unconstrained)


  Startpoint: shift_mag[0]
              (input port)
  Endpoint: Op[2] (output port)
  Path Group: (none)
  Path Type: max

  Des/Clust/Port     Wire Load Model       Library
  ------------------------------------------------
  combShifter        5K_hvratio_1_1        NangateOpenCellLibrary

  Point                                    Incr       Path
  -----------------------------------------------------------
  input external delay                     0.00       0.00 f
  shift_mag[0] (in)                        0.00       0.00 f
  U34/ZN (INV_X1)                          0.06       0.06 r
  U28/ZN (OAI222_X1)                       0.06       0.12 f
  Op[2] (out)                              0.00       0.12 f
  data arrival time                                   0.12
  -----------------------------------------------------------
  (Path is unconstrained)


  Startpoint: shift_mag[0]
              (input port)
  Endpoint: Op[3] (output port)
  Path Group: (none)
  Path Type: max

  Des/Clust/Port     Wire Load Model       Library
  ------------------------------------------------
  combShifter        5K_hvratio_1_1        NangateOpenCellLibrary

  Point                                    Incr       Path
  -----------------------------------------------------------
  input external delay                     0.00       0.00 f
  shift_mag[0] (in)                        0.00       0.00 f
  U34/ZN (INV_X1)                          0.06       0.06 r
  U26/ZN (OAI222_X1)                       0.06       0.12 f
  Op[3] (out)                              0.00       0.12 f
  data arrival time                                   0.12
  -----------------------------------------------------------
  (Path is unconstrained)


  Startpoint: shift_mag[0]
              (input port)
  Endpoint: Op[4] (output port)
  Path Group: (none)
  Path Type: max

  Des/Clust/Port     Wire Load Model       Library
  ------------------------------------------------
  combShifter        5K_hvratio_1_1        NangateOpenCellLibrary

  Point                                    Incr       Path
  -----------------------------------------------------------
  input external delay                     0.00       0.00 f
  shift_mag[0] (in)                        0.00       0.00 f
  U34/ZN (INV_X1)                          0.06       0.06 r
  U24/ZN (OAI222_X1)                       0.06       0.12 f
  Op[4] (out)                              0.00       0.12 f
  data arrival time                                   0.12
  -----------------------------------------------------------
  (Path is unconstrained)


  Startpoint: shift_mag[0]
              (input port)
  Endpoint: Op[5] (output port)
  Path Group: (none)
  Path Type: max

  Des/Clust/Port     Wire Load Model       Library
  ------------------------------------------------
  combShifter        5K_hvratio_1_1        NangateOpenCellLibrary

  Point                                    Incr       Path
  -----------------------------------------------------------
  input external delay                     0.00       0.00 f
  shift_mag[0] (in)                        0.00       0.00 f
  U34/ZN (INV_X1)                          0.06       0.06 r
  U22/ZN (OAI222_X1)                       0.06       0.12 f
  Op[5] (out)                              0.00       0.12 f
  data arrival time                                   0.12
  -----------------------------------------------------------
  (Path is unconstrained)


  Startpoint: shift_mag[0]
              (input port)
  Endpoint: Op[6] (output port)
  Path Group: (none)
  Path Type: max

  Des/Clust/Port     Wire Load Model       Library
  ------------------------------------------------
  combShifter        5K_hvratio_1_1        NangateOpenCellLibrary

  Point                                    Incr       Path
  -----------------------------------------------------------
  input external delay                     0.00       0.00 f
  shift_mag[0] (in)                        0.00       0.00 f
  U34/ZN (INV_X1)                          0.06       0.06 r
  U21/ZN (OAI222_X1)                       0.06       0.12 f
  Op[6] (out)                              0.00       0.12 f
  data arrival time                                   0.12
  -----------------------------------------------------------
  (Path is unconstrained)


  Startpoint: shift_mag[0]
              (input port)
  Endpoint: Op[7] (output port)
  Path Group: (none)
  Path Type: max

  Des/Clust/Port     Wire Load Model       Library
  ------------------------------------------------
  combShifter        5K_hvratio_1_1        NangateOpenCellLibrary

  Point                                    Incr       Path
  -----------------------------------------------------------
  input external delay                     0.00       0.00 f
  shift_mag[0] (in)                        0.00       0.00 f
  U34/ZN (INV_X1)                          0.06       0.06 r
  U20/ZN (OAI222_X1)                       0.06       0.11 f
  Op[7] (out)                              0.00       0.12 f
  data arrival time                                   0.12
  -----------------------------------------------------------
  (Path is unconstrained)


  Startpoint: shift_mag[0]
              (input port)
  Endpoint: Op[1] (output port)
  Path Group: (none)
  Path Type: max

  Des/Clust/Port     Wire Load Model       Library
  ------------------------------------------------
  combShifter        5K_hvratio_1_1        NangateOpenCellLibrary

  Point                                    Incr       Path
  -----------------------------------------------------------
  input external delay                     0.00       0.00 f
  shift_mag[0] (in)                        0.00       0.00 f
  U34/ZN (INV_X1)                          0.06       0.06 r
  U30/ZN (OAI222_X1)                       0.06       0.11 f
  Op[1] (out)                              0.00       0.12 f
  data arrival time                                   0.12
  -----------------------------------------------------------
  (Path is unconstrained)


  Startpoint: shift_mag[1]
              (input port)
  Endpoint: Op[6] (output port)
  Path Group: (none)
  Path Type: max

  Des/Clust/Port     Wire Load Model       Library
  ------------------------------------------------
  combShifter        5K_hvratio_1_1        NangateOpenCellLibrary

  Point                                    Incr       Path
  -----------------------------------------------------------
  input external delay                     0.00       0.00 f
  shift_mag[1] (in)                        0.00       0.00 f
  U35/ZN (INV_X1)                          0.06       0.06 r
  U21/ZN (OAI222_X1)                       0.06       0.11 f
  Op[6] (out)                              0.00       0.12 f
  data arrival time                                   0.12
  -----------------------------------------------------------
  (Path is unconstrained)


  Startpoint: shift_mag[0]
              (input port)
  Endpoint: Op[0] (output port)
  Path Group: (none)
  Path Type: max

  Des/Clust/Port     Wire Load Model       Library
  ------------------------------------------------
  combShifter        5K_hvratio_1_1        NangateOpenCellLibrary

  Point                                    Incr       Path
  -----------------------------------------------------------
  input external delay                     0.00       0.00 f
  shift_mag[0] (in)                        0.00       0.00 f
  U34/ZN (INV_X1)                          0.06       0.06 r
  U32/ZN (OAI222_X1)                       0.06       0.11 f
  Op[0] (out)                              0.00       0.12 f
  data arrival time                                   0.12
  -----------------------------------------------------------
  (Path is unconstrained)


  Startpoint: shift_mag[2]
              (input port)
  Endpoint: Op[7] (output port)
  Path Group: (none)
  Path Type: max

  Des/Clust/Port     Wire Load Model       Library
  ------------------------------------------------
  combShifter        5K_hvratio_1_1        NangateOpenCellLibrary

  Point                                    Incr       Path
  -----------------------------------------------------------
  input external delay                     0.00       0.00 f
  shift_mag[2] (in)                        0.00       0.00 f
  U38/ZN (INV_X1)                          0.06       0.06 r
  U20/ZN (OAI222_X1)                       0.06       0.11 f
  Op[7] (out)                              0.00       0.12 f
  data arrival time                                   0.12
  -----------------------------------------------------------
  (Path is unconstrained)


  Startpoint: shift_mag[2]
              (input port)
  Endpoint: Op[1] (output port)
  Path Group: (none)
  Path Type: max

  Des/Clust/Port     Wire Load Model       Library
  ------------------------------------------------
  combShifter        5K_hvratio_1_1        NangateOpenCellLibrary

  Point                                    Incr       Path
  -----------------------------------------------------------
  input external delay                     0.00       0.00 f
  shift_mag[2] (in)                        0.00       0.00 f
  U38/ZN (INV_X1)                          0.06       0.06 r
  U30/ZN (OAI222_X1)                       0.06       0.11 f
  Op[1] (out)                              0.00       0.12 f
  data arrival time                                   0.12
  -----------------------------------------------------------
  (Path is unconstrained)


  Startpoint: shift_mag[2]
              (input port)
  Endpoint: Op[2] (output port)
  Path Group: (none)
  Path Type: max

  Des/Clust/Port     Wire Load Model       Library
  ------------------------------------------------
  combShifter        5K_hvratio_1_1        NangateOpenCellLibrary

  Point                                    Incr       Path
  -----------------------------------------------------------
  input external delay                     0.00       0.00 f
  shift_mag[2] (in)                        0.00       0.00 f
  U38/ZN (INV_X1)                          0.06       0.06 r
  U28/ZN (OAI222_X1)                       0.06       0.11 f
  Op[2] (out)                              0.00       0.12 f
  data arrival time                                   0.12
  -----------------------------------------------------------
  (Path is unconstrained)


  Startpoint: shift_mag[2]
              (input port)
  Endpoint: Op[3] (output port)
  Path Group: (none)
  Path Type: max

  Des/Clust/Port     Wire Load Model       Library
  ------------------------------------------------
  combShifter        5K_hvratio_1_1        NangateOpenCellLibrary

  Point                                    Incr       Path
  -----------------------------------------------------------
  input external delay                     0.00       0.00 f
  shift_mag[2] (in)                        0.00       0.00 f
  U38/ZN (INV_X1)                          0.06       0.06 r
  U26/ZN (OAI222_X1)                       0.06       0.11 f
  Op[3] (out)                              0.00       0.12 f
  data arrival time                                   0.12
  -----------------------------------------------------------
  (Path is unconstrained)


  Startpoint: shift_mag[2]
              (input port)
  Endpoint: Op[4] (output port)
  Path Group: (none)
  Path Type: max

  Des/Clust/Port     Wire Load Model       Library
  ------------------------------------------------
  combShifter        5K_hvratio_1_1        NangateOpenCellLibrary

  Point                                    Incr       Path
  -----------------------------------------------------------
  input external delay                     0.00       0.00 f
  shift_mag[2] (in)                        0.00       0.00 f
  U38/ZN (INV_X1)                          0.06       0.06 r
  U24/ZN (OAI222_X1)                       0.06       0.11 f
  Op[4] (out)                              0.00       0.12 f
  data arrival time                                   0.12
  -----------------------------------------------------------
  (Path is unconstrained)


  Startpoint: shift_mag[2]
              (input port)
  Endpoint: Op[5] (output port)
  Path Group: (none)
  Path Type: max

  Des/Clust/Port     Wire Load Model       Library
  ------------------------------------------------
  combShifter        5K_hvratio_1_1        NangateOpenCellLibrary

  Point                                    Incr       Path
  -----------------------------------------------------------
  input external delay                     0.00       0.00 f
  shift_mag[2] (in)                        0.00       0.00 f
  U38/ZN (INV_X1)                          0.06       0.06 r
  U22/ZN (OAI222_X1)                       0.06       0.11 f
  Op[5] (out)                              0.00       0.12 f
  data arrival time                                   0.12
  -----------------------------------------------------------
  (Path is unconstrained)


  Startpoint: shift_mag[2]
              (input port)
  Endpoint: Op[6] (output port)
  Path Group: (none)
  Path Type: max

  Des/Clust/Port     Wire Load Model       Library
  ------------------------------------------------
  combShifter        5K_hvratio_1_1        NangateOpenCellLibrary

  Point                                    Incr       Path
  -----------------------------------------------------------
  input external delay                     0.00       0.00 f
  shift_mag[2] (in)                        0.00       0.00 f
  U38/ZN (INV_X1)                          0.06       0.06 r
  U21/ZN (OAI222_X1)                       0.06       0.11 f
  Op[6] (out)                              0.00       0.12 f
  data arrival time                                   0.12
  -----------------------------------------------------------
  (Path is unconstrained)


  Startpoint: shift_mag[1]
              (input port)
  Endpoint: Op[0] (output port)
  Path Group: (none)
  Path Type: max

  Des/Clust/Port     Wire Load Model       Library
  ------------------------------------------------
  combShifter        5K_hvratio_1_1        NangateOpenCellLibrary

  Point                                    Incr       Path
  -----------------------------------------------------------
  input external delay                     0.00       0.00 f
  shift_mag[1] (in)                        0.00       0.00 f
  U35/ZN (INV_X1)                          0.06       0.06 r
  U32/ZN (OAI222_X1)                       0.06       0.11 f
  Op[0] (out)                              0.00       0.12 f
  data arrival time                                   0.12
  -----------------------------------------------------------
  (Path is unconstrained)


  Startpoint: shift_mag[0]
              (input port)
  Endpoint: Op[1] (output port)
  Path Group: (none)
  Path Type: max

  Des/Clust/Port     Wire Load Model       Library
  ------------------------------------------------
  combShifter        5K_hvratio_1_1        NangateOpenCellLibrary

  Point                                    Incr       Path
  -----------------------------------------------------------
  input external delay                     0.00       0.00 f
  shift_mag[0] (in)                        0.00       0.00 f
  U34/ZN (INV_X1)                          0.06       0.06 r
  U30/ZN (OAI222_X1)                       0.06       0.11 f
  Op[1] (out)                              0.00       0.12 f
  data arrival time                                   0.12
  -----------------------------------------------------------
  (Path is unconstrained)


  Startpoint: shift_mag[2]
              (input port)
  Endpoint: Op[7] (output port)
  Path Group: (none)
  Path Type: max

  Des/Clust/Port     Wire Load Model       Library
  ------------------------------------------------
  combShifter        5K_hvratio_1_1        NangateOpenCellLibrary

  Point                                    Incr       Path
  -----------------------------------------------------------
  input external delay                     0.00       0.00 f
  shift_mag[2] (in)                        0.00       0.00 f
  U38/ZN (INV_X1)                          0.06       0.06 r
  U20/ZN (OAI222_X1)                       0.06       0.11 f
  Op[7] (out)                              0.00       0.11 f
  data arrival time                                   0.11
  -----------------------------------------------------------
  (Path is unconstrained)


  Startpoint: shift_mag[1]
              (input port)
  Endpoint: Op[7] (output port)
  Path Group: (none)
  Path Type: max

  Des/Clust/Port     Wire Load Model       Library
  ------------------------------------------------
  combShifter        5K_hvratio_1_1        NangateOpenCellLibrary

  Point                                    Incr       Path
  -----------------------------------------------------------
  input external delay                     0.00       0.00 f
  shift_mag[1] (in)                        0.00       0.00 f
  U35/ZN (INV_X1)                          0.06       0.06 r
  U20/ZN (OAI222_X1)                       0.06       0.11 f
  Op[7] (out)                              0.00       0.11 f
  data arrival time                                   0.11
  -----------------------------------------------------------
  (Path is unconstrained)


  Startpoint: shift_mag[1]
              (input port)
  Endpoint: Op[0] (output port)
  Path Group: (none)
  Path Type: max

  Des/Clust/Port     Wire Load Model       Library
  ------------------------------------------------
  combShifter        5K_hvratio_1_1        NangateOpenCellLibrary

  Point                                    Incr       Path
  -----------------------------------------------------------
  input external delay                     0.00       0.00 f
  shift_mag[1] (in)                        0.00       0.00 f
  U35/ZN (INV_X1)                          0.06       0.06 r
  U32/ZN (OAI222_X1)                       0.06       0.11 f
  Op[0] (out)                              0.00       0.11 f
  data arrival time                                   0.11
  -----------------------------------------------------------
  (Path is unconstrained)


  Startpoint: shift_mag[1]
              (input port)
  Endpoint: Op[7] (output port)
  Path Group: (none)
  Path Type: max

  Des/Clust/Port     Wire Load Model       Library
  ------------------------------------------------
  combShifter        5K_hvratio_1_1        NangateOpenCellLibrary

  Point                                    Incr       Path
  -----------------------------------------------------------
  input external delay                     0.00       0.00 f
  shift_mag[1] (in)                        0.00       0.00 f
  U35/ZN (INV_X1)                          0.06       0.06 r
  U20/ZN (OAI222_X1)                       0.05       0.11 f
  Op[7] (out)                              0.00       0.11 f
  data arrival time                                   0.11
  -----------------------------------------------------------
  (Path is unconstrained)


  Startpoint: shift_mag[2]
              (input port)
  Endpoint: Op[0] (output port)
  Path Group: (none)
  Path Type: max

  Des/Clust/Port     Wire Load Model       Library
  ------------------------------------------------
  combShifter        5K_hvratio_1_1        NangateOpenCellLibrary

  Point                                    Incr       Path
  -----------------------------------------------------------
  input external delay                     0.00       0.00 f
  shift_mag[2] (in)                        0.00       0.00 f
  U38/ZN (INV_X1)                          0.06       0.06 r
  U32/ZN (OAI222_X1)                       0.05       0.11 f
  Op[0] (out)                              0.00       0.11 f
  data arrival time                                   0.11
  -----------------------------------------------------------
  (Path is unconstrained)


  Startpoint: shift_mag[0]
              (input port)
  Endpoint: Op[1] (output port)
  Path Group: (none)
  Path Type: max

  Des/Clust/Port     Wire Load Model       Library
  ------------------------------------------------
  combShifter        5K_hvratio_1_1        NangateOpenCellLibrary

  Point                                    Incr       Path
  -----------------------------------------------------------
  input external delay                     0.00       0.00 f
  shift_mag[0] (in)                        0.00       0.00 f
  U34/ZN (INV_X1)                          0.06       0.06 r
  U30/ZN (OAI222_X1)                       0.05       0.11 f
  Op[1] (out)                              0.00       0.11 f
  data arrival time                                   0.11
  -----------------------------------------------------------
  (Path is unconstrained)


  Startpoint: shift_mag[1]
              (input port)
  Endpoint: Op[1] (output port)
  Path Group: (none)
  Path Type: max

  Des/Clust/Port     Wire Load Model       Library
  ------------------------------------------------
  combShifter        5K_hvratio_1_1        NangateOpenCellLibrary

  Point                                    Incr       Path
  -----------------------------------------------------------
  input external delay                     0.00       0.00 f
  shift_mag[1] (in)                        0.00       0.00 f
  U35/ZN (INV_X1)                          0.06       0.06 r
  U30/ZN (OAI222_X1)                       0.05       0.11 f
  Op[1] (out)                              0.00       0.11 f
  data arrival time                                   0.11
  -----------------------------------------------------------
  (Path is unconstrained)


  Startpoint: shift_mag[1]
              (input port)
  Endpoint: Op[2] (output port)
  Path Group: (none)
  Path Type: max

  Des/Clust/Port     Wire Load Model       Library
  ------------------------------------------------
  combShifter        5K_hvratio_1_1        NangateOpenCellLibrary

  Point                                    Incr       Path
  -----------------------------------------------------------
  input external delay                     0.00       0.00 f
  shift_mag[1] (in)                        0.00       0.00 f
  U35/ZN (INV_X1)                          0.06       0.06 r
  U28/ZN (OAI222_X1)                       0.05       0.11 f
  Op[2] (out)                              0.00       0.11 f
  data arrival time                                   0.11
  -----------------------------------------------------------
  (Path is unconstrained)


  Startpoint: shift_mag[1]
              (input port)
  Endpoint: Op[3] (output port)
  Path Group: (none)
  Path Type: max

  Des/Clust/Port     Wire Load Model       Library
  ------------------------------------------------
  combShifter        5K_hvratio_1_1        NangateOpenCellLibrary

  Point                                    Incr       Path
  -----------------------------------------------------------
  input external delay                     0.00       0.00 f
  shift_mag[1] (in)                        0.00       0.00 f
  U35/ZN (INV_X1)                          0.06       0.06 r
  U26/ZN (OAI222_X1)                       0.05       0.11 f
  Op[3] (out)                              0.00       0.11 f
  data arrival time                                   0.11
  -----------------------------------------------------------
  (Path is unconstrained)


  Startpoint: shift_mag[1]
              (input port)
  Endpoint: Op[4] (output port)
  Path Group: (none)
  Path Type: max

  Des/Clust/Port     Wire Load Model       Library
  ------------------------------------------------
  combShifter        5K_hvratio_1_1        NangateOpenCellLibrary

  Point                                    Incr       Path
  -----------------------------------------------------------
  input external delay                     0.00       0.00 f
  shift_mag[1] (in)                        0.00       0.00 f
  U35/ZN (INV_X1)                          0.06       0.06 r
  U24/ZN (OAI222_X1)                       0.05       0.11 f
  Op[4] (out)                              0.00       0.11 f
  data arrival time                                   0.11
  -----------------------------------------------------------
  (Path is unconstrained)


  Startpoint: shift_mag[1]
              (input port)
  Endpoint: Op[5] (output port)
  Path Group: (none)
  Path Type: max

  Des/Clust/Port     Wire Load Model       Library
  ------------------------------------------------
  combShifter        5K_hvratio_1_1        NangateOpenCellLibrary

  Point                                    Incr       Path
  -----------------------------------------------------------
  input external delay                     0.00       0.00 f
  shift_mag[1] (in)                        0.00       0.00 f
  U35/ZN (INV_X1)                          0.06       0.06 r
  U22/ZN (OAI222_X1)                       0.05       0.11 f
  Op[5] (out)                              0.00       0.11 f
  data arrival time                                   0.11
  -----------------------------------------------------------
  (Path is unconstrained)


  Startpoint: shift_mag[0]
              (input port)
  Endpoint: Op[2] (output port)
  Path Group: (none)
  Path Type: max

  Des/Clust/Port     Wire Load Model       Library
  ------------------------------------------------
  combShifter        5K_hvratio_1_1        NangateOpenCellLibrary

  Point                                    Incr       Path
  -----------------------------------------------------------
  input external delay                     0.00       0.00 f
  shift_mag[0] (in)                        0.00       0.00 f
  U34/ZN (INV_X1)                          0.06       0.06 r
  U28/ZN (OAI222_X1)                       0.05       0.11 f
  Op[2] (out)                              0.00       0.11 f
  data arrival time                                   0.11
  -----------------------------------------------------------
  (Path is unconstrained)


  Startpoint: shift_mag[0]
              (input port)
  Endpoint: Op[3] (output port)
  Path Group: (none)
  Path Type: max

  Des/Clust/Port     Wire Load Model       Library
  ------------------------------------------------
  combShifter        5K_hvratio_1_1        NangateOpenCellLibrary

  Point                                    Incr       Path
  -----------------------------------------------------------
  input external delay                     0.00       0.00 f
  shift_mag[0] (in)                        0.00       0.00 f
  U34/ZN (INV_X1)                          0.06       0.06 r
  U26/ZN (OAI222_X1)                       0.05       0.11 f
  Op[3] (out)                              0.00       0.11 f
  data arrival time                                   0.11
  -----------------------------------------------------------
  (Path is unconstrained)


  Startpoint: shift_mag[0]
              (input port)
  Endpoint: Op[4] (output port)
  Path Group: (none)
  Path Type: max

  Des/Clust/Port     Wire Load Model       Library
  ------------------------------------------------
  combShifter        5K_hvratio_1_1        NangateOpenCellLibrary

  Point                                    Incr       Path
  -----------------------------------------------------------
  input external delay                     0.00       0.00 f
  shift_mag[0] (in)                        0.00       0.00 f
  U34/ZN (INV_X1)                          0.06       0.06 r
  U24/ZN (OAI222_X1)                       0.05       0.11 f
  Op[4] (out)                              0.00       0.11 f
  data arrival time                                   0.11
  -----------------------------------------------------------
  (Path is unconstrained)


  Startpoint: shift_mag[0]
              (input port)
  Endpoint: Op[5] (output port)
  Path Group: (none)
  Path Type: max

  Des/Clust/Port     Wire Load Model       Library
  ------------------------------------------------
  combShifter        5K_hvratio_1_1        NangateOpenCellLibrary

  Point                                    Incr       Path
  -----------------------------------------------------------
  input external delay                     0.00       0.00 f
  shift_mag[0] (in)                        0.00       0.00 f
  U34/ZN (INV_X1)                          0.06       0.06 r
  U22/ZN (OAI222_X1)                       0.05       0.11 f
  Op[5] (out)                              0.00       0.11 f
  data arrival time                                   0.11
  -----------------------------------------------------------
  (Path is unconstrained)


  Startpoint: shift_mag[0]
              (input port)
  Endpoint: Op[6] (output port)
  Path Group: (none)
  Path Type: max

  Des/Clust/Port     Wire Load Model       Library
  ------------------------------------------------
  combShifter        5K_hvratio_1_1        NangateOpenCellLibrary

  Point                                    Incr       Path
  -----------------------------------------------------------
  input external delay                     0.00       0.00 f
  shift_mag[0] (in)                        0.00       0.00 f
  U34/ZN (INV_X1)                          0.06       0.06 r
  U21/ZN (OAI222_X1)                       0.05       0.11 f
  Op[6] (out)                              0.00       0.11 f
  data arrival time                                   0.11
  -----------------------------------------------------------
  (Path is unconstrained)


  Startpoint: shift_mag[2]
              (input port)
  Endpoint: Op[7] (output port)
  Path Group: (none)
  Path Type: max

  Des/Clust/Port     Wire Load Model       Library
  ------------------------------------------------
  combShifter        5K_hvratio_1_1        NangateOpenCellLibrary

  Point                                    Incr       Path
  -----------------------------------------------------------
  input external delay                     0.00       0.00 f
  shift_mag[2] (in)                        0.00       0.00 f
  U38/ZN (INV_X1)                          0.06       0.06 r
  U20/ZN (OAI222_X1)                       0.05       0.11 f
  Op[7] (out)                              0.00       0.11 f
  data arrival time                                   0.11
  -----------------------------------------------------------
  (Path is unconstrained)


  Startpoint: shift_mag[0]
              (input port)
  Endpoint: Op[7] (output port)
  Path Group: (none)
  Path Type: max

  Des/Clust/Port     Wire Load Model       Library
  ------------------------------------------------
  combShifter        5K_hvratio_1_1        NangateOpenCellLibrary

  Point                                    Incr       Path
  -----------------------------------------------------------
  input external delay                     0.00       0.00 f
  shift_mag[0] (in)                        0.00       0.00 f
  U34/ZN (INV_X1)                          0.06       0.06 r
  U20/ZN (OAI222_X1)                       0.05       0.11 f
  Op[7] (out)                              0.00       0.11 f
  data arrival time                                   0.11
  -----------------------------------------------------------
  (Path is unconstrained)


  Startpoint: shift_mag[0]
              (input port)
  Endpoint: Op[0] (output port)
  Path Group: (none)
  Path Type: max

  Des/Clust/Port     Wire Load Model       Library
  ------------------------------------------------
  combShifter        5K_hvratio_1_1        NangateOpenCellLibrary

  Point                                    Incr       Path
  -----------------------------------------------------------
  input external delay                     0.00       0.00 f
  shift_mag[0] (in)                        0.00       0.00 f
  U34/ZN (INV_X1)                          0.06       0.06 r
  U32/ZN (OAI222_X1)                       0.05       0.11 f
  Op[0] (out)                              0.00       0.11 f
  data arrival time                                   0.11
  -----------------------------------------------------------
  (Path is unconstrained)


  Startpoint: shift_mag[1]
              (input port)
  Endpoint: Op[0] (output port)
  Path Group: (none)
  Path Type: max

  Des/Clust/Port     Wire Load Model       Library
  ------------------------------------------------
  combShifter        5K_hvratio_1_1        NangateOpenCellLibrary

  Point                                    Incr       Path
  -----------------------------------------------------------
  input external delay                     0.00       0.00 f
  shift_mag[1] (in)                        0.00       0.00 f
  U35/ZN (INV_X1)                          0.06       0.06 r
  U32/ZN (OAI222_X1)                       0.05       0.11 f
  Op[0] (out)                              0.00       0.11 f
  data arrival time                                   0.11
  -----------------------------------------------------------
  (Path is unconstrained)


  Startpoint: shift_mag[0]
              (input port)
  Endpoint: Op[1] (output port)
  Path Group: (none)
  Path Type: max

  Des/Clust/Port     Wire Load Model       Library
  ------------------------------------------------
  combShifter        5K_hvratio_1_1        NangateOpenCellLibrary

  Point                                    Incr       Path
  -----------------------------------------------------------
  input external delay                     0.00       0.00 f
  shift_mag[0] (in)                        0.00       0.00 f
  U34/ZN (INV_X1)                          0.06       0.06 r
  U30/ZN (OAI222_X1)                       0.05       0.11 f
  Op[1] (out)                              0.00       0.11 f
  data arrival time                                   0.11
  -----------------------------------------------------------
  (Path is unconstrained)


  Startpoint: shift_mag[2]
              (input port)
  Endpoint: Op[1] (output port)
  Path Group: (none)
  Path Type: max

  Des/Clust/Port     Wire Load Model       Library
  ------------------------------------------------
  combShifter        5K_hvratio_1_1        NangateOpenCellLibrary

  Point                                    Incr       Path
  -----------------------------------------------------------
  input external delay                     0.00       0.00 f
  shift_mag[2] (in)                        0.00       0.00 f
  U38/ZN (INV_X1)                          0.06       0.06 r
  U30/ZN (OAI222_X1)                       0.05       0.11 f
  Op[1] (out)                              0.00       0.11 f
  data arrival time                                   0.11
  -----------------------------------------------------------
  (Path is unconstrained)


  Startpoint: shift_mag[2]
              (input port)
  Endpoint: Op[2] (output port)
  Path Group: (none)
  Path Type: max

  Des/Clust/Port     Wire Load Model       Library
  ------------------------------------------------
  combShifter        5K_hvratio_1_1        NangateOpenCellLibrary

  Point                                    Incr       Path
  -----------------------------------------------------------
  input external delay                     0.00       0.00 f
  shift_mag[2] (in)                        0.00       0.00 f
  U38/ZN (INV_X1)                          0.06       0.06 r
  U28/ZN (OAI222_X1)                       0.05       0.11 f
  Op[2] (out)                              0.00       0.11 f
  data arrival time                                   0.11
  -----------------------------------------------------------
  (Path is unconstrained)


  Startpoint: shift_mag[2]
              (input port)
  Endpoint: Op[3] (output port)
  Path Group: (none)
  Path Type: max

  Des/Clust/Port     Wire Load Model       Library
  ------------------------------------------------
  combShifter        5K_hvratio_1_1        NangateOpenCellLibrary

  Point                                    Incr       Path
  -----------------------------------------------------------
  input external delay                     0.00       0.00 f
  shift_mag[2] (in)                        0.00       0.00 f
  U38/ZN (INV_X1)                          0.06       0.06 r
  U26/ZN (OAI222_X1)                       0.05       0.11 f
  Op[3] (out)                              0.00       0.11 f
  data arrival time                                   0.11
  -----------------------------------------------------------
  (Path is unconstrained)


  Startpoint: shift_mag[2]
              (input port)
  Endpoint: Op[4] (output port)
  Path Group: (none)
  Path Type: max

  Des/Clust/Port     Wire Load Model       Library
  ------------------------------------------------
  combShifter        5K_hvratio_1_1        NangateOpenCellLibrary

  Point                                    Incr       Path
  -----------------------------------------------------------
  input external delay                     0.00       0.00 f
  shift_mag[2] (in)                        0.00       0.00 f
  U38/ZN (INV_X1)                          0.06       0.06 r
  U24/ZN (OAI222_X1)                       0.05       0.11 f
  Op[4] (out)                              0.00       0.11 f
  data arrival time                                   0.11
  -----------------------------------------------------------
  (Path is unconstrained)


  Startpoint: shift_mag[2]
              (input port)
  Endpoint: Op[5] (output port)
  Path Group: (none)
  Path Type: max

  Des/Clust/Port     Wire Load Model       Library
  ------------------------------------------------
  combShifter        5K_hvratio_1_1        NangateOpenCellLibrary

  Point                                    Incr       Path
  -----------------------------------------------------------
  input external delay                     0.00       0.00 f
  shift_mag[2] (in)                        0.00       0.00 f
  U38/ZN (INV_X1)                          0.06       0.06 r
  U22/ZN (OAI222_X1)                       0.05       0.11 f
  Op[5] (out)                              0.00       0.11 f
  data arrival time                                   0.11
  -----------------------------------------------------------
  (Path is unconstrained)


  Startpoint: shift_mag[2]
              (input port)
  Endpoint: Op[6] (output port)
  Path Group: (none)
  Path Type: max

  Des/Clust/Port     Wire Load Model       Library
  ------------------------------------------------
  combShifter        5K_hvratio_1_1        NangateOpenCellLibrary

  Point                                    Incr       Path
  -----------------------------------------------------------
  input external delay                     0.00       0.00 f
  shift_mag[2] (in)                        0.00       0.00 f
  U38/ZN (INV_X1)                          0.06       0.06 r
  U21/ZN (OAI222_X1)                       0.05       0.11 f
  Op[6] (out)                              0.00       0.11 f
  data arrival time                                   0.11
  -----------------------------------------------------------
  (Path is unconstrained)


  Startpoint: shift_mag[1]
              (input port)
  Endpoint: Op[6] (output port)
  Path Group: (none)
  Path Type: max

  Des/Clust/Port     Wire Load Model       Library
  ------------------------------------------------
  combShifter        5K_hvratio_1_1        NangateOpenCellLibrary

  Point                                    Incr       Path
  -----------------------------------------------------------
  input external delay                     0.00       0.00 f
  shift_mag[1] (in)                        0.00       0.00 f
  U35/ZN (INV_X1)                          0.06       0.06 r
  U21/ZN (OAI222_X1)                       0.05       0.11 f
  Op[6] (out)                              0.00       0.11 f
  data arrival time                                   0.11
  -----------------------------------------------------------
  (Path is unconstrained)


  Startpoint: shift_mag[0]
              (input port)
  Endpoint: Op[2] (output port)
  Path Group: (none)
  Path Type: max

  Des/Clust/Port     Wire Load Model       Library
  ------------------------------------------------
  combShifter        5K_hvratio_1_1        NangateOpenCellLibrary

  Point                                    Incr       Path
  -----------------------------------------------------------
  input external delay                     0.00       0.00 f
  shift_mag[0] (in)                        0.00       0.00 f
  U34/ZN (INV_X1)                          0.06       0.06 r
  U28/ZN (OAI222_X1)                       0.05       0.11 f
  Op[2] (out)                              0.00       0.11 f
  data arrival time                                   0.11
  -----------------------------------------------------------
  (Path is unconstrained)


  Startpoint: shift_mag[0]
              (input port)
  Endpoint: Op[3] (output port)
  Path Group: (none)
  Path Type: max

  Des/Clust/Port     Wire Load Model       Library
  ------------------------------------------------
  combShifter        5K_hvratio_1_1        NangateOpenCellLibrary

  Point                                    Incr       Path
  -----------------------------------------------------------
  input external delay                     0.00       0.00 f
  shift_mag[0] (in)                        0.00       0.00 f
  U34/ZN (INV_X1)                          0.06       0.06 r
  U26/ZN (OAI222_X1)                       0.05       0.11 f
  Op[3] (out)                              0.00       0.11 f
  data arrival time                                   0.11
  -----------------------------------------------------------
  (Path is unconstrained)


  Startpoint: shift_mag[0]
              (input port)
  Endpoint: Op[4] (output port)
  Path Group: (none)
  Path Type: max

  Des/Clust/Port     Wire Load Model       Library
  ------------------------------------------------
  combShifter        5K_hvratio_1_1        NangateOpenCellLibrary

  Point                                    Incr       Path
  -----------------------------------------------------------
  input external delay                     0.00       0.00 f
  shift_mag[0] (in)                        0.00       0.00 f
  U34/ZN (INV_X1)                          0.06       0.06 r
  U24/ZN (OAI222_X1)                       0.05       0.11 f
  Op[4] (out)                              0.00       0.11 f
  data arrival time                                   0.11
  -----------------------------------------------------------
  (Path is unconstrained)


  Startpoint: shift_mag[0]
              (input port)
  Endpoint: Op[5] (output port)
  Path Group: (none)
  Path Type: max

  Des/Clust/Port     Wire Load Model       Library
  ------------------------------------------------
  combShifter        5K_hvratio_1_1        NangateOpenCellLibrary

  Point                                    Incr       Path
  -----------------------------------------------------------
  input external delay                     0.00       0.00 f
  shift_mag[0] (in)                        0.00       0.00 f
  U34/ZN (INV_X1)                          0.06       0.06 r
  U22/ZN (OAI222_X1)                       0.05       0.11 f
  Op[5] (out)                              0.00       0.11 f
  data arrival time                                   0.11
  -----------------------------------------------------------
  (Path is unconstrained)


  Startpoint: shift_mag[0]
              (input port)
  Endpoint: Op[6] (output port)
  Path Group: (none)
  Path Type: max

  Des/Clust/Port     Wire Load Model       Library
  ------------------------------------------------
  combShifter        5K_hvratio_1_1        NangateOpenCellLibrary

  Point                                    Incr       Path
  -----------------------------------------------------------
  input external delay                     0.00       0.00 f
  shift_mag[0] (in)                        0.00       0.00 f
  U34/ZN (INV_X1)                          0.06       0.06 r
  U21/ZN (OAI222_X1)                       0.05       0.11 f
  Op[6] (out)                              0.00       0.11 f
  data arrival time                                   0.11
  -----------------------------------------------------------
  (Path is unconstrained)


  Startpoint: shift_mag[2]
              (input port)
  Endpoint: Op[7] (output port)
  Path Group: (none)
  Path Type: max

  Des/Clust/Port     Wire Load Model       Library
  ------------------------------------------------
  combShifter        5K_hvratio_1_1        NangateOpenCellLibrary

  Point                                    Incr       Path
  -----------------------------------------------------------
  input external delay                     0.00       0.00 f
  shift_mag[2] (in)                        0.00       0.00 f
  U38/ZN (INV_X1)                          0.06       0.06 r
  U20/ZN (OAI222_X1)                       0.05       0.11 f
  Op[7] (out)                              0.00       0.11 f
  data arrival time                                   0.11
  -----------------------------------------------------------
  (Path is unconstrained)


  Startpoint: shift_mag[1]
              (input port)
  Endpoint: Op[0] (output port)
  Path Group: (none)
  Path Type: max

  Des/Clust/Port     Wire Load Model       Library
  ------------------------------------------------
  combShifter        5K_hvratio_1_1        NangateOpenCellLibrary

  Point                                    Incr       Path
  -----------------------------------------------------------
  input external delay                     0.00       0.00 f
  shift_mag[1] (in)                        0.00       0.00 f
  U35/ZN (INV_X1)                          0.06       0.06 r
  U32/ZN (OAI222_X1)                       0.05       0.11 f
  Op[0] (out)                              0.00       0.11 f
  data arrival time                                   0.11
  -----------------------------------------------------------
  (Path is unconstrained)


  Startpoint: shift_mag[0]
              (input port)
  Endpoint: Op[0] (output port)
  Path Group: (none)
  Path Type: max

  Des/Clust/Port     Wire Load Model       Library
  ------------------------------------------------
  combShifter        5K_hvratio_1_1        NangateOpenCellLibrary

  Point                                    Incr       Path
  -----------------------------------------------------------
  input external delay                     0.00       0.00 f
  shift_mag[0] (in)                        0.00       0.00 f
  U34/ZN (INV_X1)                          0.06       0.06 r
  U32/ZN (OAI222_X1)                       0.05       0.11 f
  Op[0] (out)                              0.00       0.11 f
  data arrival time                                   0.11
  -----------------------------------------------------------
  (Path is unconstrained)


  Startpoint: shift_mag[0]
              (input port)
  Endpoint: Op[1] (output port)
  Path Group: (none)
  Path Type: max

  Des/Clust/Port     Wire Load Model       Library
  ------------------------------------------------
  combShifter        5K_hvratio_1_1        NangateOpenCellLibrary

  Point                                    Incr       Path
  -----------------------------------------------------------
  input external delay                     0.00       0.00 f
  shift_mag[0] (in)                        0.00       0.00 f
  U34/ZN (INV_X1)                          0.06       0.06 r
  U30/ZN (OAI222_X1)                       0.05       0.11 f
  Op[1] (out)                              0.00       0.11 f
  data arrival time                                   0.11
  -----------------------------------------------------------
  (Path is unconstrained)


  Startpoint: shift_mag[1]
              (input port)
  Endpoint: Op[7] (output port)
  Path Group: (none)
  Path Type: max

  Des/Clust/Port     Wire Load Model       Library
  ------------------------------------------------
  combShifter        5K_hvratio_1_1        NangateOpenCellLibrary

  Point                                    Incr       Path
  -----------------------------------------------------------
  input external delay                     0.00       0.00 f
  shift_mag[1] (in)                        0.00       0.00 f
  U35/ZN (INV_X1)                          0.06       0.06 r
  U20/ZN (OAI222_X1)                       0.05       0.11 f
  Op[7] (out)                              0.00       0.11 f
  data arrival time                                   0.11
  -----------------------------------------------------------
  (Path is unconstrained)


  Startpoint: shift_mag[2]
              (input port)
  Endpoint: Op[1] (output port)
  Path Group: (none)
  Path Type: max

  Des/Clust/Port     Wire Load Model       Library
  ------------------------------------------------
  combShifter        5K_hvratio_1_1        NangateOpenCellLibrary

  Point                                    Incr       Path
  -----------------------------------------------------------
  input external delay                     0.00       0.00 f
  shift_mag[2] (in)                        0.00       0.00 f
  U38/ZN (INV_X1)                          0.06       0.06 r
  U30/ZN (OAI222_X1)                       0.05       0.11 f
  Op[1] (out)                              0.00       0.11 f
  data arrival time                                   0.11
  -----------------------------------------------------------
  (Path is unconstrained)


  Startpoint: shift_mag[2]
              (input port)
  Endpoint: Op[2] (output port)
  Path Group: (none)
  Path Type: max

  Des/Clust/Port     Wire Load Model       Library
  ------------------------------------------------
  combShifter        5K_hvratio_1_1        NangateOpenCellLibrary

  Point                                    Incr       Path
  -----------------------------------------------------------
  input external delay                     0.00       0.00 f
  shift_mag[2] (in)                        0.00       0.00 f
  U38/ZN (INV_X1)                          0.06       0.06 r
  U28/ZN (OAI222_X1)                       0.05       0.11 f
  Op[2] (out)                              0.00       0.11 f
  data arrival time                                   0.11
  -----------------------------------------------------------
  (Path is unconstrained)


  Startpoint: shift_mag[2]
              (input port)
  Endpoint: Op[3] (output port)
  Path Group: (none)
  Path Type: max

  Des/Clust/Port     Wire Load Model       Library
  ------------------------------------------------
  combShifter        5K_hvratio_1_1        NangateOpenCellLibrary

  Point                                    Incr       Path
  -----------------------------------------------------------
  input external delay                     0.00       0.00 f
  shift_mag[2] (in)                        0.00       0.00 f
  U38/ZN (INV_X1)                          0.06       0.06 r
  U26/ZN (OAI222_X1)                       0.05       0.11 f
  Op[3] (out)                              0.00       0.11 f
  data arrival time                                   0.11
  -----------------------------------------------------------
  (Path is unconstrained)


  Startpoint: shift_mag[2]
              (input port)
  Endpoint: Op[4] (output port)
  Path Group: (none)
  Path Type: max

  Des/Clust/Port     Wire Load Model       Library
  ------------------------------------------------
  combShifter        5K_hvratio_1_1        NangateOpenCellLibrary

  Point                                    Incr       Path
  -----------------------------------------------------------
  input external delay                     0.00       0.00 f
  shift_mag[2] (in)                        0.00       0.00 f
  U38/ZN (INV_X1)                          0.06       0.06 r
  U24/ZN (OAI222_X1)                       0.05       0.11 f
  Op[4] (out)                              0.00       0.11 f
  data arrival time                                   0.11
  -----------------------------------------------------------
  (Path is unconstrained)


  Startpoint: shift_mag[2]
              (input port)
  Endpoint: Op[5] (output port)
  Path Group: (none)
  Path Type: max

  Des/Clust/Port     Wire Load Model       Library
  ------------------------------------------------
  combShifter        5K_hvratio_1_1        NangateOpenCellLibrary

  Point                                    Incr       Path
  -----------------------------------------------------------
  input external delay                     0.00       0.00 f
  shift_mag[2] (in)                        0.00       0.00 f
  U38/ZN (INV_X1)                          0.06       0.06 r
  U22/ZN (OAI222_X1)                       0.05       0.11 f
  Op[5] (out)                              0.00       0.11 f
  data arrival time                                   0.11
  -----------------------------------------------------------
  (Path is unconstrained)


  Startpoint: shift_mag[2]
              (input port)
  Endpoint: Op[6] (output port)
  Path Group: (none)
  Path Type: max

  Des/Clust/Port     Wire Load Model       Library
  ------------------------------------------------
  combShifter        5K_hvratio_1_1        NangateOpenCellLibrary

  Point                                    Incr       Path
  -----------------------------------------------------------
  input external delay                     0.00       0.00 f
  shift_mag[2] (in)                        0.00       0.00 f
  U38/ZN (INV_X1)                          0.06       0.06 r
  U21/ZN (OAI222_X1)                       0.05       0.11 f
  Op[6] (out)                              0.00       0.11 f
  data arrival time                                   0.11
  -----------------------------------------------------------
  (Path is unconstrained)


  Startpoint: shift_mag[2]
              (input port)
  Endpoint: Op[7] (output port)
  Path Group: (none)
  Path Type: max

  Des/Clust/Port     Wire Load Model       Library
  ------------------------------------------------
  combShifter        5K_hvratio_1_1        NangateOpenCellLibrary

  Point                                    Incr       Path
  -----------------------------------------------------------
  input external delay                     0.00       0.00 f
  shift_mag[2] (in)                        0.00       0.00 f
  U38/ZN (INV_X1)                          0.06       0.06 r
  U20/ZN (OAI222_X1)                       0.05       0.11 f
  Op[7] (out)                              0.00       0.11 f
  data arrival time                                   0.11
  -----------------------------------------------------------
  (Path is unconstrained)


  Startpoint: shift_mag[1]
              (input port)
  Endpoint: Op[0] (output port)
  Path Group: (none)
  Path Type: max

  Des/Clust/Port     Wire Load Model       Library
  ------------------------------------------------
  combShifter        5K_hvratio_1_1        NangateOpenCellLibrary

  Point                                    Incr       Path
  -----------------------------------------------------------
  input external delay                     0.00       0.00 f
  shift_mag[1] (in)                        0.00       0.00 f
  U35/ZN (INV_X1)                          0.06       0.06 r
  U32/ZN (OAI222_X1)                       0.05       0.11 f
  Op[0] (out)                              0.00       0.11 f
  data arrival time                                   0.11
  -----------------------------------------------------------
  (Path is unconstrained)


  Startpoint: shift_mag[1]
              (input port)
  Endpoint: Op[7] (output port)
  Path Group: (none)
  Path Type: max

  Des/Clust/Port     Wire Load Model       Library
  ------------------------------------------------
  combShifter        5K_hvratio_1_1        NangateOpenCellLibrary

  Point                                    Incr       Path
  -----------------------------------------------------------
  input external delay                     0.00       0.00 f
  shift_mag[1] (in)                        0.00       0.00 f
  U35/ZN (INV_X1)                          0.06       0.06 r
  U20/ZN (OAI222_X1)                       0.05       0.11 f
  Op[7] (out)                              0.00       0.11 f
  data arrival time                                   0.11
  -----------------------------------------------------------
  (Path is unconstrained)


  Startpoint: shift_mag[1]
              (input port)
  Endpoint: Op[7] (output port)
  Path Group: (none)
  Path Type: max

  Des/Clust/Port     Wire Load Model       Library
  ------------------------------------------------
  combShifter        5K_hvratio_1_1        NangateOpenCellLibrary

  Point                                    Incr       Path
  -----------------------------------------------------------
  input external delay                     0.00       0.00 r
  shift_mag[1] (in)                        0.00       0.00 r
  U35/ZN (INV_X1)                          0.03       0.03 f
  U20/ZN (OAI222_X1)                       0.07       0.11 r
  Op[7] (out)                              0.00       0.11 r
  data arrival time                                   0.11
  -----------------------------------------------------------
  (Path is unconstrained)


  Startpoint: shift_mag[0]
              (input port)
  Endpoint: Op[7] (output port)
  Path Group: (none)
  Path Type: max

  Des/Clust/Port     Wire Load Model       Library
  ------------------------------------------------
  combShifter        5K_hvratio_1_1        NangateOpenCellLibrary

  Point                                    Incr       Path
  -----------------------------------------------------------
  input external delay                     0.00       0.00 f
  shift_mag[0] (in)                        0.00       0.00 f
  U34/ZN (INV_X1)                          0.06       0.06 r
  U20/ZN (OAI222_X1)                       0.05       0.11 f
  Op[7] (out)                              0.00       0.11 f
  data arrival time                                   0.11
  -----------------------------------------------------------
  (Path is unconstrained)


  Startpoint: shift_mag[0]
              (input port)
  Endpoint: Op[2] (output port)
  Path Group: (none)
  Path Type: max

  Des/Clust/Port     Wire Load Model       Library
  ------------------------------------------------
  combShifter        5K_hvratio_1_1        NangateOpenCellLibrary

  Point                                    Incr       Path
  -----------------------------------------------------------
  input external delay                     0.00       0.00 f
  shift_mag[0] (in)                        0.00       0.00 f
  U34/ZN (INV_X1)                          0.06       0.06 r
  U28/ZN (OAI222_X1)                       0.05       0.11 f
  Op[2] (out)                              0.00       0.11 f
  data arrival time                                   0.11
  -----------------------------------------------------------
  (Path is unconstrained)


  Startpoint: shift_mag[0]
              (input port)
  Endpoint: Op[3] (output port)
  Path Group: (none)
  Path Type: max

  Des/Clust/Port     Wire Load Model       Library
  ------------------------------------------------
  combShifter        5K_hvratio_1_1        NangateOpenCellLibrary

  Point                                    Incr       Path
  -----------------------------------------------------------
  input external delay                     0.00       0.00 f
  shift_mag[0] (in)                        0.00       0.00 f
  U34/ZN (INV_X1)                          0.06       0.06 r
  U26/ZN (OAI222_X1)                       0.05       0.11 f
  Op[3] (out)                              0.00       0.11 f
  data arrival time                                   0.11
  -----------------------------------------------------------
  (Path is unconstrained)


  Startpoint: shift_mag[0]
              (input port)
  Endpoint: Op[4] (output port)
  Path Group: (none)
  Path Type: max

  Des/Clust/Port     Wire Load Model       Library
  ------------------------------------------------
  combShifter        5K_hvratio_1_1        NangateOpenCellLibrary

  Point                                    Incr       Path
  -----------------------------------------------------------
  input external delay                     0.00       0.00 f
  shift_mag[0] (in)                        0.00       0.00 f
  U34/ZN (INV_X1)                          0.06       0.06 r
  U24/ZN (OAI222_X1)                       0.05       0.11 f
  Op[4] (out)                              0.00       0.11 f
  data arrival time                                   0.11
  -----------------------------------------------------------
  (Path is unconstrained)


  Startpoint: shift_mag[0]
              (input port)
  Endpoint: Op[5] (output port)
  Path Group: (none)
  Path Type: max

  Des/Clust/Port     Wire Load Model       Library
  ------------------------------------------------
  combShifter        5K_hvratio_1_1        NangateOpenCellLibrary

  Point                                    Incr       Path
  -----------------------------------------------------------
  input external delay                     0.00       0.00 f
  shift_mag[0] (in)                        0.00       0.00 f
  U34/ZN (INV_X1)                          0.06       0.06 r
  U22/ZN (OAI222_X1)                       0.05       0.11 f
  Op[5] (out)                              0.00       0.11 f
  data arrival time                                   0.11
  -----------------------------------------------------------
  (Path is unconstrained)


  Startpoint: shift_mag[0]
              (input port)
  Endpoint: Op[6] (output port)
  Path Group: (none)
  Path Type: max

  Des/Clust/Port     Wire Load Model       Library
  ------------------------------------------------
  combShifter        5K_hvratio_1_1        NangateOpenCellLibrary

  Point                                    Incr       Path
  -----------------------------------------------------------
  input external delay                     0.00       0.00 f
  shift_mag[0] (in)                        0.00       0.00 f
  U34/ZN (INV_X1)                          0.06       0.06 r
  U21/ZN (OAI222_X1)                       0.05       0.11 f
  Op[6] (out)                              0.00       0.11 f
  data arrival time                                   0.11
  -----------------------------------------------------------
  (Path is unconstrained)


  Startpoint: shift_mag[1]
              (input port)
  Endpoint: Op[6] (output port)
  Path Group: (none)
  Path Type: max

  Des/Clust/Port     Wire Load Model       Library
  ------------------------------------------------
  combShifter        5K_hvratio_1_1        NangateOpenCellLibrary

  Point                                    Incr       Path
  -----------------------------------------------------------
  input external delay                     0.00       0.00 f
  shift_mag[1] (in)                        0.00       0.00 f
  U35/ZN (INV_X1)                          0.06       0.06 r
  U21/ZN (OAI222_X1)                       0.05       0.11 f
  Op[6] (out)                              0.00       0.11 f
  data arrival time                                   0.11
  -----------------------------------------------------------
  (Path is unconstrained)


  Startpoint: shift_mag[0]
              (input port)
  Endpoint: Op[1] (output port)
  Path Group: (none)
  Path Type: max

  Des/Clust/Port     Wire Load Model       Library
  ------------------------------------------------
  combShifter        5K_hvratio_1_1        NangateOpenCellLibrary

  Point                                    Incr       Path
  -----------------------------------------------------------
  input external delay                     0.00       0.00 f
  shift_mag[0] (in)                        0.00       0.00 f
  U34/ZN (INV_X1)                          0.06       0.06 r
  U30/ZN (OAI222_X1)                       0.05       0.11 f
  Op[1] (out)                              0.00       0.11 f
  data arrival time                                   0.11
  -----------------------------------------------------------
  (Path is unconstrained)


  Startpoint: shift_mag[2]
              (input port)
  Endpoint: Op[7] (output port)
  Path Group: (none)
  Path Type: max

  Des/Clust/Port     Wire Load Model       Library
  ------------------------------------------------
  combShifter        5K_hvratio_1_1        NangateOpenCellLibrary

  Point                                    Incr       Path
  -----------------------------------------------------------
  input external delay                     0.00       0.00 f
  shift_mag[2] (in)                        0.00       0.00 f
  U38/ZN (INV_X1)                          0.06       0.06 r
  U20/ZN (OAI222_X1)                       0.05       0.11 f
  Op[7] (out)                              0.00       0.11 f
  data arrival time                                   0.11
  -----------------------------------------------------------
  (Path is unconstrained)


  Startpoint: shift_mag[1]
              (input port)
  Endpoint: Op[7] (output port)
  Path Group: (none)
  Path Type: max

  Des/Clust/Port     Wire Load Model       Library
  ------------------------------------------------
  combShifter        5K_hvratio_1_1        NangateOpenCellLibrary

  Point                                    Incr       Path
  -----------------------------------------------------------
  input external delay                     0.00       0.00 f
  shift_mag[1] (in)                        0.00       0.00 f
  U35/ZN (INV_X1)                          0.06       0.06 r
  U20/ZN (OAI222_X1)                       0.05       0.11 f
  Op[7] (out)                              0.00       0.11 f
  data arrival time                                   0.11
  -----------------------------------------------------------
  (Path is unconstrained)


  Startpoint: shift_mag[1]
              (input port)
  Endpoint: Op[0] (output port)
  Path Group: (none)
  Path Type: max

  Des/Clust/Port     Wire Load Model       Library
  ------------------------------------------------
  combShifter        5K_hvratio_1_1        NangateOpenCellLibrary

  Point                                    Incr       Path
  -----------------------------------------------------------
  input external delay                     0.00       0.00 f
  shift_mag[1] (in)                        0.00       0.00 f
  U35/ZN (INV_X1)                          0.06       0.06 r
  U32/ZN (OAI222_X1)                       0.05       0.10 f
  Op[0] (out)                              0.00       0.11 f
  data arrival time                                   0.11
  -----------------------------------------------------------
  (Path is unconstrained)


  Startpoint: shift_mag[0]
              (input port)
  Endpoint: Op[0] (output port)
  Path Group: (none)
  Path Type: max

  Des/Clust/Port     Wire Load Model       Library
  ------------------------------------------------
  combShifter        5K_hvratio_1_1        NangateOpenCellLibrary

  Point                                    Incr       Path
  -----------------------------------------------------------
  input external delay                     0.00       0.00 f
  shift_mag[0] (in)                        0.00       0.00 f
  U34/ZN (INV_X1)                          0.06       0.06 r
  U32/ZN (OAI222_X1)                       0.05       0.10 f
  Op[0] (out)                              0.00       0.11 f
  data arrival time                                   0.11
  -----------------------------------------------------------
  (Path is unconstrained)


  Startpoint: shift_mag[0]
              (input port)
  Endpoint: Op[1] (output port)
  Path Group: (none)
  Path Type: max

  Des/Clust/Port     Wire Load Model       Library
  ------------------------------------------------
  combShifter        5K_hvratio_1_1        NangateOpenCellLibrary

  Point                                    Incr       Path
  -----------------------------------------------------------
  input external delay                     0.00       0.00 f
  shift_mag[0] (in)                        0.00       0.00 f
  U34/ZN (INV_X1)                          0.06       0.06 r
  U30/ZN (OAI222_X1)                       0.05       0.10 f
  Op[1] (out)                              0.00       0.11 f
  data arrival time                                   0.11
  -----------------------------------------------------------
  (Path is unconstrained)


  Startpoint: shift_mag[2]
              (input port)
  Endpoint: Op[0] (output port)
  Path Group: (none)
  Path Type: max

  Des/Clust/Port     Wire Load Model       Library
  ------------------------------------------------
  combShifter        5K_hvratio_1_1        NangateOpenCellLibrary

  Point                                    Incr       Path
  -----------------------------------------------------------
  input external delay                     0.00       0.00 f
  shift_mag[2] (in)                        0.00       0.00 f
  U38/ZN (INV_X1)                          0.06       0.06 r
  U32/ZN (OAI222_X1)                       0.05       0.10 f
  Op[0] (out)                              0.00       0.11 f
  data arrival time                                   0.11
  -----------------------------------------------------------
  (Path is unconstrained)


  Startpoint: shift_mag[2]
              (input port)
  Endpoint: Op[1] (output port)
  Path Group: (none)
  Path Type: max

  Des/Clust/Port     Wire Load Model       Library
  ------------------------------------------------
  combShifter        5K_hvratio_1_1        NangateOpenCellLibrary

  Point                                    Incr       Path
  -----------------------------------------------------------
  input external delay                     0.00       0.00 f
  shift_mag[2] (in)                        0.00       0.00 f
  U38/ZN (INV_X1)                          0.06       0.06 r
  U30/ZN (OAI222_X1)                       0.05       0.10 f
  Op[1] (out)                              0.00       0.11 f
  data arrival time                                   0.11
  -----------------------------------------------------------
  (Path is unconstrained)


  Startpoint: shift_mag[2]
              (input port)
  Endpoint: Op[2] (output port)
  Path Group: (none)
  Path Type: max

  Des/Clust/Port     Wire Load Model       Library
  ------------------------------------------------
  combShifter        5K_hvratio_1_1        NangateOpenCellLibrary

  Point                                    Incr       Path
  -----------------------------------------------------------
  input external delay                     0.00       0.00 f
  shift_mag[2] (in)                        0.00       0.00 f
  U38/ZN (INV_X1)                          0.06       0.06 r
  U28/ZN (OAI222_X1)                       0.05       0.10 f
  Op[2] (out)                              0.00       0.11 f
  data arrival time                                   0.11
  -----------------------------------------------------------
  (Path is unconstrained)


  Startpoint: shift_mag[2]
              (input port)
  Endpoint: Op[3] (output port)
  Path Group: (none)
  Path Type: max

  Des/Clust/Port     Wire Load Model       Library
  ------------------------------------------------
  combShifter        5K_hvratio_1_1        NangateOpenCellLibrary

  Point                                    Incr       Path
  -----------------------------------------------------------
  input external delay                     0.00       0.00 f
  shift_mag[2] (in)                        0.00       0.00 f
  U38/ZN (INV_X1)                          0.06       0.06 r
  U26/ZN (OAI222_X1)                       0.05       0.10 f
  Op[3] (out)                              0.00       0.11 f
  data arrival time                                   0.11
  -----------------------------------------------------------
  (Path is unconstrained)


  Startpoint: shift_mag[2]
              (input port)
  Endpoint: Op[4] (output port)
  Path Group: (none)
  Path Type: max

  Des/Clust/Port     Wire Load Model       Library
  ------------------------------------------------
  combShifter        5K_hvratio_1_1        NangateOpenCellLibrary

  Point                                    Incr       Path
  -----------------------------------------------------------
  input external delay                     0.00       0.00 f
  shift_mag[2] (in)                        0.00       0.00 f
  U38/ZN (INV_X1)                          0.06       0.06 r
  U24/ZN (OAI222_X1)                       0.05       0.10 f
  Op[4] (out)                              0.00       0.11 f
  data arrival time                                   0.11
  -----------------------------------------------------------
  (Path is unconstrained)


  Startpoint: shift_mag[2]
              (input port)
  Endpoint: Op[5] (output port)
  Path Group: (none)
  Path Type: max

  Des/Clust/Port     Wire Load Model       Library
  ------------------------------------------------
  combShifter        5K_hvratio_1_1        NangateOpenCellLibrary

  Point                                    Incr       Path
  -----------------------------------------------------------
  input external delay                     0.00       0.00 f
  shift_mag[2] (in)                        0.00       0.00 f
  U38/ZN (INV_X1)                          0.06       0.06 r
  U22/ZN (OAI222_X1)                       0.05       0.10 f
  Op[5] (out)                              0.00       0.11 f
  data arrival time                                   0.11
  -----------------------------------------------------------
  (Path is unconstrained)


  Startpoint: shift_mag[2]
              (input port)
  Endpoint: Op[6] (output port)
  Path Group: (none)
  Path Type: max

  Des/Clust/Port     Wire Load Model       Library
  ------------------------------------------------
  combShifter        5K_hvratio_1_1        NangateOpenCellLibrary

  Point                                    Incr       Path
  -----------------------------------------------------------
  input external delay                     0.00       0.00 f
  shift_mag[2] (in)                        0.00       0.00 f
  U38/ZN (INV_X1)                          0.06       0.06 r
  U21/ZN (OAI222_X1)                       0.05       0.10 f
  Op[6] (out)                              0.00       0.11 f
  data arrival time                                   0.11
  -----------------------------------------------------------
  (Path is unconstrained)


  Startpoint: shift_mag[1]
              (input port)
  Endpoint: Op[7] (output port)
  Path Group: (none)
  Path Type: max

  Des/Clust/Port     Wire Load Model       Library
  ------------------------------------------------
  combShifter        5K_hvratio_1_1        NangateOpenCellLibrary

  Point                                    Incr       Path
  -----------------------------------------------------------
  input external delay                     0.00       0.00 r
  shift_mag[1] (in)                        0.00       0.00 r
  U35/ZN (INV_X1)                          0.03       0.03 f
  U20/ZN (OAI222_X1)                       0.07       0.10 r
  Op[7] (out)                              0.00       0.11 r
  data arrival time                                   0.11
  -----------------------------------------------------------
  (Path is unconstrained)


  Startpoint: shift_mag[2]
              (input port)
  Endpoint: Op[7] (output port)
  Path Group: (none)
  Path Type: max

  Des/Clust/Port     Wire Load Model       Library
  ------------------------------------------------
  combShifter        5K_hvratio_1_1        NangateOpenCellLibrary

  Point                                    Incr       Path
  -----------------------------------------------------------
  input external delay                     0.00       0.00 f
  shift_mag[2] (in)                        0.00       0.00 f
  U38/ZN (INV_X1)                          0.06       0.06 r
  U20/ZN (OAI222_X1)                       0.05       0.10 f
  Op[7] (out)                              0.00       0.11 f
  data arrival time                                   0.11
  -----------------------------------------------------------
  (Path is unconstrained)


  Startpoint: shift_mag[0]
              (input port)
  Endpoint: Op[2] (output port)
  Path Group: (none)
  Path Type: max

  Des/Clust/Port     Wire Load Model       Library
  ------------------------------------------------
  combShifter        5K_hvratio_1_1        NangateOpenCellLibrary

  Point                                    Incr       Path
  -----------------------------------------------------------
  input external delay                     0.00       0.00 f
  shift_mag[0] (in)                        0.00       0.00 f
  U34/ZN (INV_X1)                          0.06       0.06 r
  U28/ZN (OAI222_X1)                       0.05       0.10 f
  Op[2] (out)                              0.00       0.11 f
  data arrival time                                   0.11
  -----------------------------------------------------------
  (Path is unconstrained)


  Startpoint: shift_mag[0]
              (input port)
  Endpoint: Op[3] (output port)
  Path Group: (none)
  Path Type: max

  Des/Clust/Port     Wire Load Model       Library
  ------------------------------------------------
  combShifter        5K_hvratio_1_1        NangateOpenCellLibrary

  Point                                    Incr       Path
  -----------------------------------------------------------
  input external delay                     0.00       0.00 f
  shift_mag[0] (in)                        0.00       0.00 f
  U34/ZN (INV_X1)                          0.06       0.06 r
  U26/ZN (OAI222_X1)                       0.05       0.10 f
  Op[3] (out)                              0.00       0.11 f
  data arrival time                                   0.11
  -----------------------------------------------------------
  (Path is unconstrained)


  Startpoint: shift_mag[0]
              (input port)
  Endpoint: Op[4] (output port)
  Path Group: (none)
  Path Type: max

  Des/Clust/Port     Wire Load Model       Library
  ------------------------------------------------
  combShifter        5K_hvratio_1_1        NangateOpenCellLibrary

  Point                                    Incr       Path
  -----------------------------------------------------------
  input external delay                     0.00       0.00 f
  shift_mag[0] (in)                        0.00       0.00 f
  U34/ZN (INV_X1)                          0.06       0.06 r
  U24/ZN (OAI222_X1)                       0.05       0.10 f
  Op[4] (out)                              0.00       0.11 f
  data arrival time                                   0.11
  -----------------------------------------------------------
  (Path is unconstrained)


  Startpoint: shift_mag[0]
              (input port)
  Endpoint: Op[5] (output port)
  Path Group: (none)
  Path Type: max

  Des/Clust/Port     Wire Load Model       Library
  ------------------------------------------------
  combShifter        5K_hvratio_1_1        NangateOpenCellLibrary

  Point                                    Incr       Path
  -----------------------------------------------------------
  input external delay                     0.00       0.00 f
  shift_mag[0] (in)                        0.00       0.00 f
  U34/ZN (INV_X1)                          0.06       0.06 r
  U22/ZN (OAI222_X1)                       0.05       0.10 f
  Op[5] (out)                              0.00       0.11 f
  data arrival time                                   0.11
  -----------------------------------------------------------
  (Path is unconstrained)


  Startpoint: shift_mag[0]
              (input port)
  Endpoint: Op[6] (output port)
  Path Group: (none)
  Path Type: max

  Des/Clust/Port     Wire Load Model       Library
  ------------------------------------------------
  combShifter        5K_hvratio_1_1        NangateOpenCellLibrary

  Point                                    Incr       Path
  -----------------------------------------------------------
  input external delay                     0.00       0.00 f
  shift_mag[0] (in)                        0.00       0.00 f
  U34/ZN (INV_X1)                          0.06       0.06 r
  U21/ZN (OAI222_X1)                       0.05       0.10 f
  Op[6] (out)                              0.00       0.11 f
  data arrival time                                   0.11
  -----------------------------------------------------------
  (Path is unconstrained)


  Startpoint: shift_mag[1]
              (input port)
  Endpoint: Op[3] (output port)
  Path Group: (none)
  Path Type: max

  Des/Clust/Port     Wire Load Model       Library
  ------------------------------------------------
  combShifter        5K_hvratio_1_1        NangateOpenCellLibrary

  Point                                    Incr       Path
  -----------------------------------------------------------
  input external delay                     0.00       0.00 f
  shift_mag[1] (in)                        0.00       0.00 f
  U35/ZN (INV_X1)                          0.06       0.06 r
  U26/ZN (OAI222_X1)                       0.05       0.10 f
  Op[3] (out)                              0.00       0.11 f
  data arrival time                                   0.11
  -----------------------------------------------------------
  (Path is unconstrained)


  Startpoint: shift_mag[1]
              (input port)
  Endpoint: Op[4] (output port)
  Path Group: (none)
  Path Type: max

  Des/Clust/Port     Wire Load Model       Library
  ------------------------------------------------
  combShifter        5K_hvratio_1_1        NangateOpenCellLibrary

  Point                                    Incr       Path
  -----------------------------------------------------------
  input external delay                     0.00       0.00 f
  shift_mag[1] (in)                        0.00       0.00 f
  U35/ZN (INV_X1)                          0.06       0.06 r
  U24/ZN (OAI222_X1)                       0.05       0.10 f
  Op[4] (out)                              0.00       0.11 f
  data arrival time                                   0.11
  -----------------------------------------------------------
  (Path is unconstrained)


  Startpoint: shift_mag[1]
              (input port)
  Endpoint: Op[5] (output port)
  Path Group: (none)
  Path Type: max

  Des/Clust/Port     Wire Load Model       Library
  ------------------------------------------------
  combShifter        5K_hvratio_1_1        NangateOpenCellLibrary

  Point                                    Incr       Path
  -----------------------------------------------------------
  input external delay                     0.00       0.00 f
  shift_mag[1] (in)                        0.00       0.00 f
  U35/ZN (INV_X1)                          0.06       0.06 r
  U22/ZN (OAI222_X1)                       0.05       0.10 f
  Op[5] (out)                              0.00       0.11 f
  data arrival time                                   0.11
  -----------------------------------------------------------
  (Path is unconstrained)


1
