 
****************************************
Report : area
Design : combShifter
Version: P-2019.03
Date   : Tue Apr 26 22:45:48 2022
****************************************

Library(s) Used:

    NangateOpenCellLibrary (File: /afs/andrew.cmu.edu/course/18/743/backend/45nm_Nangate/pdk_v1.3_v2010_12/NangateOpenCellLibrary_PDKv1_3_v2010_12/Front_End/Liberty/NLDM/NangateOpenCellLibrary_typical.db)

Number of ports:                          385
Number of nets:                         10966
Number of cells:                        10709
Number of combinational cells:          10709
Number of sequential cells:                 0
Number of macros/black boxes:               0
Number of buf/inv:                       1108
Number of references:                      11

Combinational area:              14627.074029
Buf/Inv area:                      836.569981
Noncombinational area:               0.000000
Macro/Black Box area:                0.000000
Net Interconnect area:      undefined  (Wire load has zero net area)

Total cell area:                 14627.074029
Total area:                 undefined

Hierarchical area distribution
------------------------------

                                  Global cell area            Local cell area
                                  -------------------  ----------------------------- 
Hierarchical cell                 Absolute    Percent  Combi-      Noncombi-  Black-
                                  Total       Total    national    national   boxes   Design
--------------------------------  ----------  -------  ----------  ---------  ------  ---------
combShifter                       14627.0740    100.0  14627.0740     0.0000  0.0000  combShifter
--------------------------------  ----------  -------  ----------  ---------  ------  ---------
Total                                                  14627.0740     0.0000  0.0000

1
