 
****************************************
Report : area
Design : combShifter
Version: P-2019.03
Date   : Tue Apr 26 22:38:53 2022
****************************************

Library(s) Used:

    NangateOpenCellLibrary (File: /afs/andrew.cmu.edu/course/18/743/backend/45nm_Nangate/pdk_v1.3_v2010_12/NangateOpenCellLibrary_PDKv1_3_v2010_12/Front_End/Liberty/NLDM/NangateOpenCellLibrary_typical.db)

Number of ports:                           13
Number of nets:                            25
Number of cells:                           16
Number of combinational cells:             16
Number of sequential cells:                 0
Number of macros/black boxes:               0
Number of buf/inv:                          7
Number of references:                       4

Combinational area:                 16.226000
Buf/Inv area:                        3.724000
Noncombinational area:               0.000000
Macro/Black Box area:                0.000000
Net Interconnect area:      undefined  (Wire load has zero net area)

Total cell area:                    16.226000
Total area:                 undefined

Hierarchical area distribution
------------------------------

                                  Global cell area          Local cell area
                                  ------------------  --------------------------- 
Hierarchical cell                 Absolute   Percent  Combi-    Noncombi-  Black-
                                  Total      Total    national  national   boxes   Design
--------------------------------  ---------  -------  --------  ---------  ------  ---------
combShifter                         16.2260    100.0   16.2260     0.0000  0.0000  combShifter
--------------------------------  ---------  -------  --------  ---------  ------  ---------
Total                                                  16.2260     0.0000  0.0000

1
