 
****************************************
Report : timing
        -path full
        -delay max
        -nworst 100
        -max_paths 100
Design : combShifter
Version: P-2019.03
Date   : Mon Apr 25 16:58:07 2022
****************************************

Operating Conditions: typical   Library: NangateOpenCellLibrary
Wire Load Model Mode: top

  Startpoint: Ip[1] (input port)
  Endpoint: Op[1] (output port)
  Path Group: (none)
  Path Type: max

  Des/Clust/Port     Wire Load Model       Library
  ------------------------------------------------
  combShifter        5K_hvratio_1_1        NangateOpenCellLibrary

  Point                                    Incr       Path
  -----------------------------------------------------------
  input external delay                     0.00       0.00 f
  Ip[1] (in)                               0.00       0.00 f
  U29/ZN (AOI22_X1)                        0.06       0.06 r
  U28/ZN (INV_X1)                          0.02       0.08 f
  U27/ZN (AOI221_X1)                       0.08       0.16 r
  U26/ZN (INV_X1)                          0.02       0.18 f
  Op[1] (out)                              0.00       0.18 f
  data arrival time                                   0.18
  -----------------------------------------------------------
  (Path is unconstrained)


  Startpoint: shift_mag[2]
              (input port)
  Endpoint: Op[1] (output port)
  Path Group: (none)
  Path Type: max

  Des/Clust/Port     Wire Load Model       Library
  ------------------------------------------------
  combShifter        5K_hvratio_1_1        NangateOpenCellLibrary

  Point                                    Incr       Path
  -----------------------------------------------------------
  input external delay                     0.00       0.00 f
  shift_mag[2] (in)                        0.00       0.00 f
  U29/ZN (AOI22_X1)                        0.05       0.05 r
  U28/ZN (INV_X1)                          0.02       0.08 f
  U27/ZN (AOI221_X1)                       0.08       0.16 r
  U26/ZN (INV_X1)                          0.02       0.18 f
  Op[1] (out)                              0.00       0.18 f
  data arrival time                                   0.18
  -----------------------------------------------------------
  (Path is unconstrained)


  Startpoint: Ip[1] (input port)
  Endpoint: Op[1] (output port)
  Path Group: (none)
  Path Type: max

  Des/Clust/Port     Wire Load Model       Library
  ------------------------------------------------
  combShifter        5K_hvratio_1_1        NangateOpenCellLibrary

  Point                                    Incr       Path
  -----------------------------------------------------------
  input external delay                     0.00       0.00 f
  Ip[1] (in)                               0.00       0.00 f
  U29/ZN (AOI22_X1)                        0.05       0.05 r
  U28/ZN (INV_X1)                          0.02       0.07 f
  U27/ZN (AOI221_X1)                       0.08       0.16 r
  U26/ZN (INV_X1)                          0.02       0.18 f
  Op[1] (out)                              0.00       0.18 f
  data arrival time                                   0.18
  -----------------------------------------------------------
  (Path is unconstrained)


  Startpoint: shift_mag[2]
              (input port)
  Endpoint: Op[1] (output port)
  Path Group: (none)
  Path Type: max

  Des/Clust/Port     Wire Load Model       Library
  ------------------------------------------------
  combShifter        5K_hvratio_1_1        NangateOpenCellLibrary

  Point                                    Incr       Path
  -----------------------------------------------------------
  input external delay                     0.00       0.00 f
  shift_mag[2] (in)                        0.00       0.00 f
  U29/ZN (AOI22_X1)                        0.05       0.05 r
  U28/ZN (INV_X1)                          0.02       0.07 f
  U27/ZN (AOI221_X1)                       0.08       0.16 r
  U26/ZN (INV_X1)                          0.02       0.17 f
  Op[1] (out)                              0.00       0.17 f
  data arrival time                                   0.17
  -----------------------------------------------------------
  (Path is unconstrained)


  Startpoint: Ip[1] (input port)
  Endpoint: Op[1] (output port)
  Path Group: (none)
  Path Type: max

  Des/Clust/Port     Wire Load Model       Library
  ------------------------------------------------
  combShifter        5K_hvratio_1_1        NangateOpenCellLibrary

  Point                                    Incr       Path
  -----------------------------------------------------------
  input external delay                     0.00       0.00 f
  Ip[1] (in)                               0.00       0.00 f
  U29/ZN (AOI22_X1)                        0.06       0.06 r
  U28/ZN (INV_X1)                          0.02       0.08 f
  U27/ZN (AOI221_X1)                       0.08       0.16 r
  U26/ZN (INV_X1)                          0.02       0.17 f
  Op[1] (out)                              0.00       0.17 f
  data arrival time                                   0.17
  -----------------------------------------------------------
  (Path is unconstrained)


  Startpoint: Ip[0] (input port)
  Endpoint: Op[1] (output port)
  Path Group: (none)
  Path Type: max

  Des/Clust/Port     Wire Load Model       Library
  ------------------------------------------------
  combShifter        5K_hvratio_1_1        NangateOpenCellLibrary

  Point                                    Incr       Path
  -----------------------------------------------------------
  input external delay                     0.00       0.00 f
  Ip[0] (in)                               0.00       0.00 f
  U29/ZN (AOI22_X1)                        0.05       0.05 r
  U28/ZN (INV_X1)                          0.02       0.07 f
  U27/ZN (AOI221_X1)                       0.08       0.15 r
  U26/ZN (INV_X1)                          0.02       0.17 f
  Op[1] (out)                              0.00       0.17 f
  data arrival time                                   0.17
  -----------------------------------------------------------
  (Path is unconstrained)


  Startpoint: Ip[1] (input port)
  Endpoint: Op[1] (output port)
  Path Group: (none)
  Path Type: max

  Des/Clust/Port     Wire Load Model       Library
  ------------------------------------------------
  combShifter        5K_hvratio_1_1        NangateOpenCellLibrary

  Point                                    Incr       Path
  -----------------------------------------------------------
  input external delay                     0.00       0.00 f
  Ip[1] (in)                               0.00       0.00 f
  U29/ZN (AOI22_X1)                        0.05       0.05 r
  U28/ZN (INV_X1)                          0.02       0.07 f
  U27/ZN (AOI221_X1)                       0.08       0.15 r
  U26/ZN (INV_X1)                          0.02       0.17 f
  Op[1] (out)                              0.00       0.17 f
  data arrival time                                   0.17
  -----------------------------------------------------------
  (Path is unconstrained)


  Startpoint: shift_mag[2]
              (input port)
  Endpoint: Op[1] (output port)
  Path Group: (none)
  Path Type: max

  Des/Clust/Port     Wire Load Model       Library
  ------------------------------------------------
  combShifter        5K_hvratio_1_1        NangateOpenCellLibrary

  Point                                    Incr       Path
  -----------------------------------------------------------
  input external delay                     0.00       0.00 f
  shift_mag[2] (in)                        0.00       0.00 f
  U29/ZN (AOI22_X1)                        0.05       0.05 r
  U28/ZN (INV_X1)                          0.02       0.08 f
  U27/ZN (AOI221_X1)                       0.08       0.15 r
  U26/ZN (INV_X1)                          0.02       0.17 f
  Op[1] (out)                              0.00       0.17 f
  data arrival time                                   0.17
  -----------------------------------------------------------
  (Path is unconstrained)


  Startpoint: shift_mag[1]
              (input port)
  Endpoint: Op[1] (output port)
  Path Group: (none)
  Path Type: max

  Des/Clust/Port     Wire Load Model       Library
  ------------------------------------------------
  combShifter        5K_hvratio_1_1        NangateOpenCellLibrary

  Point                                    Incr       Path
  -----------------------------------------------------------
  input external delay                     0.00       0.00 f
  shift_mag[1] (in)                        0.00       0.00 f
  U29/ZN (AOI22_X1)                        0.04       0.04 r
  U28/ZN (INV_X1)                          0.02       0.07 f
  U27/ZN (AOI221_X1)                       0.08       0.15 r
  U26/ZN (INV_X1)                          0.02       0.17 f
  Op[1] (out)                              0.00       0.17 f
  data arrival time                                   0.17
  -----------------------------------------------------------
  (Path is unconstrained)


  Startpoint: shift_mag[2]
              (input port)
  Endpoint: Op[1] (output port)
  Path Group: (none)
  Path Type: max

  Des/Clust/Port     Wire Load Model       Library
  ------------------------------------------------
  combShifter        5K_hvratio_1_1        NangateOpenCellLibrary

  Point                                    Incr       Path
  -----------------------------------------------------------
  input external delay                     0.00       0.00 f
  shift_mag[2] (in)                        0.00       0.00 f
  U29/ZN (AOI22_X1)                        0.04       0.04 r
  U28/ZN (INV_X1)                          0.02       0.07 f
  U27/ZN (AOI221_X1)                       0.08       0.15 r
  U26/ZN (INV_X1)                          0.02       0.17 f
  Op[1] (out)                              0.00       0.17 f
  data arrival time                                   0.17
  -----------------------------------------------------------
  (Path is unconstrained)


  Startpoint: Ip[1] (input port)
  Endpoint: Op[1] (output port)
  Path Group: (none)
  Path Type: max

  Des/Clust/Port     Wire Load Model       Library
  ------------------------------------------------
  combShifter        5K_hvratio_1_1        NangateOpenCellLibrary

  Point                                    Incr       Path
  -----------------------------------------------------------
  input external delay                     0.00       0.00 f
  Ip[1] (in)                               0.00       0.00 f
  U29/ZN (AOI22_X1)                        0.05       0.05 r
  U28/ZN (INV_X1)                          0.02       0.07 f
  U27/ZN (AOI221_X1)                       0.08       0.15 r
  U26/ZN (INV_X1)                          0.02       0.17 f
  Op[1] (out)                              0.00       0.17 f
  data arrival time                                   0.17
  -----------------------------------------------------------
  (Path is unconstrained)


  Startpoint: Ip[0] (input port)
  Endpoint: Op[1] (output port)
  Path Group: (none)
  Path Type: max

  Des/Clust/Port     Wire Load Model       Library
  ------------------------------------------------
  combShifter        5K_hvratio_1_1        NangateOpenCellLibrary

  Point                                    Incr       Path
  -----------------------------------------------------------
  input external delay                     0.00       0.00 f
  Ip[0] (in)                               0.00       0.00 f
  U29/ZN (AOI22_X1)                        0.04       0.04 r
  U28/ZN (INV_X1)                          0.02       0.07 f
  U27/ZN (AOI221_X1)                       0.08       0.15 r
  U26/ZN (INV_X1)                          0.02       0.17 f
  Op[1] (out)                              0.00       0.17 f
  data arrival time                                   0.17
  -----------------------------------------------------------
  (Path is unconstrained)


  Startpoint: Ip[1] (input port)
  Endpoint: Op[1] (output port)
  Path Group: (none)
  Path Type: max

  Des/Clust/Port     Wire Load Model       Library
  ------------------------------------------------
  combShifter        5K_hvratio_1_1        NangateOpenCellLibrary

  Point                                    Incr       Path
  -----------------------------------------------------------
  input external delay                     0.00       0.00 f
  Ip[1] (in)                               0.00       0.00 f
  U29/ZN (AOI22_X1)                        0.06       0.06 r
  U28/ZN (INV_X1)                          0.02       0.08 f
  U27/ZN (AOI221_X1)                       0.07       0.15 r
  U26/ZN (INV_X1)                          0.02       0.17 f
  Op[1] (out)                              0.00       0.17 f
  data arrival time                                   0.17
  -----------------------------------------------------------
  (Path is unconstrained)


  Startpoint: shift_mag[2]
              (input port)
  Endpoint: Op[1] (output port)
  Path Group: (none)
  Path Type: max

  Des/Clust/Port     Wire Load Model       Library
  ------------------------------------------------
  combShifter        5K_hvratio_1_1        NangateOpenCellLibrary

  Point                                    Incr       Path
  -----------------------------------------------------------
  input external delay                     0.00       0.00 f
  shift_mag[2] (in)                        0.00       0.00 f
  U29/ZN (AOI22_X1)                        0.05       0.05 r
  U28/ZN (INV_X1)                          0.02       0.07 f
  U27/ZN (AOI221_X1)                       0.08       0.15 r
  U26/ZN (INV_X1)                          0.02       0.16 f
  Op[1] (out)                              0.00       0.17 f
  data arrival time                                   0.17
  -----------------------------------------------------------
  (Path is unconstrained)


  Startpoint: Ip[1] (input port)
  Endpoint: Op[1] (output port)
  Path Group: (none)
  Path Type: max

  Des/Clust/Port     Wire Load Model       Library
  ------------------------------------------------
  combShifter        5K_hvratio_1_1        NangateOpenCellLibrary

  Point                                    Incr       Path
  -----------------------------------------------------------
  input external delay                     0.00       0.00 f
  Ip[1] (in)                               0.00       0.00 f
  U29/ZN (AOI22_X1)                        0.06       0.06 r
  U28/ZN (INV_X1)                          0.02       0.08 f
  U27/ZN (AOI221_X1)                       0.07       0.15 r
  U26/ZN (INV_X1)                          0.02       0.16 f
  Op[1] (out)                              0.00       0.17 f
  data arrival time                                   0.17
  -----------------------------------------------------------
  (Path is unconstrained)


  Startpoint: shift_mag[2]
              (input port)
  Endpoint: Op[1] (output port)
  Path Group: (none)
  Path Type: max

  Des/Clust/Port     Wire Load Model       Library
  ------------------------------------------------
  combShifter        5K_hvratio_1_1        NangateOpenCellLibrary

  Point                                    Incr       Path
  -----------------------------------------------------------
  input external delay                     0.00       0.00 f
  shift_mag[2] (in)                        0.00       0.00 f
  U29/ZN (AOI22_X1)                        0.05       0.05 r
  U28/ZN (INV_X1)                          0.02       0.08 f
  U27/ZN (AOI221_X1)                       0.07       0.15 r
  U26/ZN (INV_X1)                          0.02       0.16 f
  Op[1] (out)                              0.00       0.16 f
  data arrival time                                   0.16
  -----------------------------------------------------------
  (Path is unconstrained)


  Startpoint: Ip[0] (input port)
  Endpoint: Op[1] (output port)
  Path Group: (none)
  Path Type: max

  Des/Clust/Port     Wire Load Model       Library
  ------------------------------------------------
  combShifter        5K_hvratio_1_1        NangateOpenCellLibrary

  Point                                    Incr       Path
  -----------------------------------------------------------
  input external delay                     0.00       0.00 f
  Ip[0] (in)                               0.00       0.00 f
  U29/ZN (AOI22_X1)                        0.05       0.05 r
  U28/ZN (INV_X1)                          0.02       0.07 f
  U27/ZN (AOI221_X1)                       0.08       0.15 r
  U26/ZN (INV_X1)                          0.02       0.16 f
  Op[1] (out)                              0.00       0.16 f
  data arrival time                                   0.16
  -----------------------------------------------------------
  (Path is unconstrained)


  Startpoint: shift_mag[1]
              (input port)
  Endpoint: Op[1] (output port)
  Path Group: (none)
  Path Type: max

  Des/Clust/Port     Wire Load Model       Library
  ------------------------------------------------
  combShifter        5K_hvratio_1_1        NangateOpenCellLibrary

  Point                                    Incr       Path
  -----------------------------------------------------------
  input external delay                     0.00       0.00 f
  shift_mag[1] (in)                        0.00       0.00 f
  U29/ZN (AOI22_X1)                        0.04       0.04 r
  U28/ZN (INV_X1)                          0.02       0.06 f
  U27/ZN (AOI221_X1)                       0.08       0.14 r
  U26/ZN (INV_X1)                          0.02       0.16 f
  Op[1] (out)                              0.00       0.16 f
  data arrival time                                   0.16
  -----------------------------------------------------------
  (Path is unconstrained)


  Startpoint: Ip[1] (input port)
  Endpoint: Op[1] (output port)
  Path Group: (none)
  Path Type: max

  Des/Clust/Port     Wire Load Model       Library
  ------------------------------------------------
  combShifter        5K_hvratio_1_1        NangateOpenCellLibrary

  Point                                    Incr       Path
  -----------------------------------------------------------
  input external delay                     0.00       0.00 f
  Ip[1] (in)                               0.00       0.00 f
  U29/ZN (AOI22_X1)                        0.06       0.06 r
  U28/ZN (INV_X1)                          0.02       0.08 f
  U27/ZN (AOI221_X1)                       0.06       0.14 r
  U26/ZN (INV_X1)                          0.02       0.16 f
  Op[1] (out)                              0.00       0.16 f
  data arrival time                                   0.16
  -----------------------------------------------------------
  (Path is unconstrained)


  Startpoint: Ip[1] (input port)
  Endpoint: Op[1] (output port)
  Path Group: (none)
  Path Type: max

  Des/Clust/Port     Wire Load Model       Library
  ------------------------------------------------
  combShifter        5K_hvratio_1_1        NangateOpenCellLibrary

  Point                                    Incr       Path
  -----------------------------------------------------------
  input external delay                     0.00       0.00 f
  Ip[1] (in)                               0.00       0.00 f
  U29/ZN (AOI22_X1)                        0.05       0.05 r
  U28/ZN (INV_X1)                          0.02       0.07 f
  U27/ZN (AOI221_X1)                       0.08       0.14 r
  U26/ZN (INV_X1)                          0.02       0.16 f
  Op[1] (out)                              0.00       0.16 f
  data arrival time                                   0.16
  -----------------------------------------------------------
  (Path is unconstrained)


  Startpoint: shift_mag[2]
              (input port)
  Endpoint: Op[1] (output port)
  Path Group: (none)
  Path Type: max

  Des/Clust/Port     Wire Load Model       Library
  ------------------------------------------------
  combShifter        5K_hvratio_1_1        NangateOpenCellLibrary

  Point                                    Incr       Path
  -----------------------------------------------------------
  input external delay                     0.00       0.00 f
  shift_mag[2] (in)                        0.00       0.00 f
  U29/ZN (AOI22_X1)                        0.05       0.05 r
  U28/ZN (INV_X1)                          0.02       0.08 f
  U27/ZN (AOI221_X1)                       0.07       0.14 r
  U26/ZN (INV_X1)                          0.02       0.16 f
  Op[1] (out)                              0.00       0.16 f
  data arrival time                                   0.16
  -----------------------------------------------------------
  (Path is unconstrained)


  Startpoint: Ip[1] (input port)
  Endpoint: Op[1] (output port)
  Path Group: (none)
  Path Type: max

  Des/Clust/Port     Wire Load Model       Library
  ------------------------------------------------
  combShifter        5K_hvratio_1_1        NangateOpenCellLibrary

  Point                                    Incr       Path
  -----------------------------------------------------------
  input external delay                     0.00       0.00 f
  Ip[1] (in)                               0.00       0.00 f
  U29/ZN (AOI22_X1)                        0.05       0.05 r
  U28/ZN (INV_X1)                          0.02       0.07 f
  U27/ZN (AOI221_X1)                       0.07       0.14 r
  U26/ZN (INV_X1)                          0.02       0.16 f
  Op[1] (out)                              0.00       0.16 f
  data arrival time                                   0.16
  -----------------------------------------------------------
  (Path is unconstrained)


  Startpoint: Ip[0] (input port)
  Endpoint: Op[1] (output port)
  Path Group: (none)
  Path Type: max

  Des/Clust/Port     Wire Load Model       Library
  ------------------------------------------------
  combShifter        5K_hvratio_1_1        NangateOpenCellLibrary

  Point                                    Incr       Path
  -----------------------------------------------------------
  input external delay                     0.00       0.00 f
  Ip[0] (in)                               0.00       0.00 f
  U29/ZN (AOI22_X1)                        0.04       0.04 r
  U28/ZN (INV_X1)                          0.02       0.06 f
  U27/ZN (AOI221_X1)                       0.08       0.14 r
  U26/ZN (INV_X1)                          0.02       0.16 f
  Op[1] (out)                              0.00       0.16 f
  data arrival time                                   0.16
  -----------------------------------------------------------
  (Path is unconstrained)


  Startpoint: shift_mag[1]
              (input port)
  Endpoint: Op[1] (output port)
  Path Group: (none)
  Path Type: max

  Des/Clust/Port     Wire Load Model       Library
  ------------------------------------------------
  combShifter        5K_hvratio_1_1        NangateOpenCellLibrary

  Point                                    Incr       Path
  -----------------------------------------------------------
  input external delay                     0.00       0.00 f
  shift_mag[1] (in)                        0.00       0.00 f
  U29/ZN (AOI22_X1)                        0.04       0.04 r
  U28/ZN (INV_X1)                          0.02       0.07 f
  U27/ZN (AOI221_X1)                       0.08       0.14 r
  U26/ZN (INV_X1)                          0.02       0.16 f
  Op[1] (out)                              0.00       0.16 f
  data arrival time                                   0.16
  -----------------------------------------------------------
  (Path is unconstrained)


  Startpoint: shift_mag[2]
              (input port)
  Endpoint: Op[1] (output port)
  Path Group: (none)
  Path Type: max

  Des/Clust/Port     Wire Load Model       Library
  ------------------------------------------------
  combShifter        5K_hvratio_1_1        NangateOpenCellLibrary

  Point                                    Incr       Path
  -----------------------------------------------------------
  input external delay                     0.00       0.00 f
  shift_mag[2] (in)                        0.00       0.00 f
  U29/ZN (AOI22_X1)                        0.04       0.04 r
  U28/ZN (INV_X1)                          0.02       0.07 f
  U27/ZN (AOI221_X1)                       0.08       0.14 r
  U26/ZN (INV_X1)                          0.02       0.16 f
  Op[1] (out)                              0.00       0.16 f
  data arrival time                                   0.16
  -----------------------------------------------------------
  (Path is unconstrained)


  Startpoint: Ip[1] (input port)
  Endpoint: Op[1] (output port)
  Path Group: (none)
  Path Type: max

  Des/Clust/Port     Wire Load Model       Library
  ------------------------------------------------
  combShifter        5K_hvratio_1_1        NangateOpenCellLibrary

  Point                                    Incr       Path
  -----------------------------------------------------------
  input external delay                     0.00       0.00 f
  Ip[1] (in)                               0.00       0.00 f
  U29/ZN (AOI22_X1)                        0.06       0.06 r
  U28/ZN (INV_X1)                          0.02       0.08 f
  U27/ZN (AOI221_X1)                       0.06       0.14 r
  U26/ZN (INV_X1)                          0.02       0.16 f
  Op[1] (out)                              0.00       0.16 f
  data arrival time                                   0.16
  -----------------------------------------------------------
  (Path is unconstrained)


  Startpoint: Ip[1] (input port)
  Endpoint: Op[1] (output port)
  Path Group: (none)
  Path Type: max

  Des/Clust/Port     Wire Load Model       Library
  ------------------------------------------------
  combShifter        5K_hvratio_1_1        NangateOpenCellLibrary

  Point                                    Incr       Path
  -----------------------------------------------------------
  input external delay                     0.00       0.00 f
  Ip[1] (in)                               0.00       0.00 f
  U29/ZN (AOI22_X1)                        0.05       0.05 r
  U28/ZN (INV_X1)                          0.02       0.07 f
  U27/ZN (AOI221_X1)                       0.07       0.14 r
  U26/ZN (INV_X1)                          0.02       0.16 f
  Op[1] (out)                              0.00       0.16 f
  data arrival time                                   0.16
  -----------------------------------------------------------
  (Path is unconstrained)


  Startpoint: shift_mag[2]
              (input port)
  Endpoint: Op[1] (output port)
  Path Group: (none)
  Path Type: max

  Des/Clust/Port     Wire Load Model       Library
  ------------------------------------------------
  combShifter        5K_hvratio_1_1        NangateOpenCellLibrary

  Point                                    Incr       Path
  -----------------------------------------------------------
  input external delay                     0.00       0.00 f
  shift_mag[2] (in)                        0.00       0.00 f
  U29/ZN (AOI22_X1)                        0.05       0.05 r
  U28/ZN (INV_X1)                          0.02       0.08 f
  U27/ZN (AOI221_X1)                       0.06       0.14 r
  U26/ZN (INV_X1)                          0.02       0.16 f
  Op[1] (out)                              0.00       0.16 f
  data arrival time                                   0.16
  -----------------------------------------------------------
  (Path is unconstrained)


  Startpoint: shift_mag[2]
              (input port)
  Endpoint: Op[1] (output port)
  Path Group: (none)
  Path Type: max

  Des/Clust/Port     Wire Load Model       Library
  ------------------------------------------------
  combShifter        5K_hvratio_1_1        NangateOpenCellLibrary

  Point                                    Incr       Path
  -----------------------------------------------------------
  input external delay                     0.00       0.00 f
  shift_mag[2] (in)                        0.00       0.00 f
  U29/ZN (AOI22_X1)                        0.05       0.05 r
  U28/ZN (INV_X1)                          0.02       0.07 f
  U27/ZN (AOI221_X1)                       0.07       0.14 r
  U26/ZN (INV_X1)                          0.02       0.16 f
  Op[1] (out)                              0.00       0.16 f
  data arrival time                                   0.16
  -----------------------------------------------------------
  (Path is unconstrained)


  Startpoint: Ip[0] (input port)
  Endpoint: Op[1] (output port)
  Path Group: (none)
  Path Type: max

  Des/Clust/Port     Wire Load Model       Library
  ------------------------------------------------
  combShifter        5K_hvratio_1_1        NangateOpenCellLibrary

  Point                                    Incr       Path
  -----------------------------------------------------------
  input external delay                     0.00       0.00 f
  Ip[0] (in)                               0.00       0.00 f
  U29/ZN (AOI22_X1)                        0.04       0.04 r
  U28/ZN (INV_X1)                          0.02       0.07 f
  U27/ZN (AOI221_X1)                       0.08       0.14 r
  U26/ZN (INV_X1)                          0.02       0.16 f
  Op[1] (out)                              0.00       0.16 f
  data arrival time                                   0.16
  -----------------------------------------------------------
  (Path is unconstrained)


  Startpoint: Ip[0] (input port)
  Endpoint: Op[1] (output port)
  Path Group: (none)
  Path Type: max

  Des/Clust/Port     Wire Load Model       Library
  ------------------------------------------------
  combShifter        5K_hvratio_1_1        NangateOpenCellLibrary

  Point                                    Incr       Path
  -----------------------------------------------------------
  input external delay                     0.00       0.00 f
  Ip[0] (in)                               0.00       0.00 f
  U29/ZN (AOI22_X1)                        0.05       0.05 r
  U28/ZN (INV_X1)                          0.02       0.07 f
  U27/ZN (AOI221_X1)                       0.07       0.14 r
  U26/ZN (INV_X1)                          0.02       0.16 f
  Op[1] (out)                              0.00       0.16 f
  data arrival time                                   0.16
  -----------------------------------------------------------
  (Path is unconstrained)


  Startpoint: shift_mag[1]
              (input port)
  Endpoint: Op[1] (output port)
  Path Group: (none)
  Path Type: max

  Des/Clust/Port     Wire Load Model       Library
  ------------------------------------------------
  combShifter        5K_hvratio_1_1        NangateOpenCellLibrary

  Point                                    Incr       Path
  -----------------------------------------------------------
  input external delay                     0.00       0.00 f
  shift_mag[1] (in)                        0.00       0.00 f
  U29/ZN (AOI22_X1)                        0.03       0.03 r
  U28/ZN (INV_X1)                          0.02       0.06 f
  U27/ZN (AOI221_X1)                       0.08       0.14 r
  U26/ZN (INV_X1)                          0.02       0.16 f
  Op[1] (out)                              0.00       0.16 f
  data arrival time                                   0.16
  -----------------------------------------------------------
  (Path is unconstrained)


  Startpoint: Ip[1] (input port)
  Endpoint: Op[1] (output port)
  Path Group: (none)
  Path Type: max

  Des/Clust/Port     Wire Load Model       Library
  ------------------------------------------------
  combShifter        5K_hvratio_1_1        NangateOpenCellLibrary

  Point                                    Incr       Path
  -----------------------------------------------------------
  input external delay                     0.00       0.00 f
  Ip[1] (in)                               0.00       0.00 f
  U29/ZN (AOI22_X1)                        0.05       0.05 r
  U28/ZN (INV_X1)                          0.02       0.07 f
  U27/ZN (AOI221_X1)                       0.06       0.14 r
  U26/ZN (INV_X1)                          0.02       0.16 f
  Op[1] (out)                              0.00       0.16 f
  data arrival time                                   0.16
  -----------------------------------------------------------
  (Path is unconstrained)


  Startpoint: shift_mag[2]
              (input port)
  Endpoint: Op[1] (output port)
  Path Group: (none)
  Path Type: max

  Des/Clust/Port     Wire Load Model       Library
  ------------------------------------------------
  combShifter        5K_hvratio_1_1        NangateOpenCellLibrary

  Point                                    Incr       Path
  -----------------------------------------------------------
  input external delay                     0.00       0.00 f
  shift_mag[2] (in)                        0.00       0.00 f
  U29/ZN (AOI22_X1)                        0.05       0.05 r
  U28/ZN (INV_X1)                          0.02       0.08 f
  U27/ZN (AOI221_X1)                       0.06       0.14 r
  U26/ZN (INV_X1)                          0.02       0.16 f
  Op[1] (out)                              0.00       0.16 f
  data arrival time                                   0.16
  -----------------------------------------------------------
  (Path is unconstrained)


  Startpoint: shift_mag[2]
              (input port)
  Endpoint: Op[1] (output port)
  Path Group: (none)
  Path Type: max

  Des/Clust/Port     Wire Load Model       Library
  ------------------------------------------------
  combShifter        5K_hvratio_1_1        NangateOpenCellLibrary

  Point                                    Incr       Path
  -----------------------------------------------------------
  input external delay                     0.00       0.00 f
  shift_mag[2] (in)                        0.00       0.00 f
  U29/ZN (AOI22_X1)                        0.05       0.05 r
  U28/ZN (INV_X1)                          0.02       0.07 f
  U27/ZN (AOI221_X1)                       0.07       0.14 r
  U26/ZN (INV_X1)                          0.02       0.16 f
  Op[1] (out)                              0.00       0.16 f
  data arrival time                                   0.16
  -----------------------------------------------------------
  (Path is unconstrained)


  Startpoint: Ip[1] (input port)
  Endpoint: Op[1] (output port)
  Path Group: (none)
  Path Type: max

  Des/Clust/Port     Wire Load Model       Library
  ------------------------------------------------
  combShifter        5K_hvratio_1_1        NangateOpenCellLibrary

  Point                                    Incr       Path
  -----------------------------------------------------------
  input external delay                     0.00       0.00 f
  Ip[1] (in)                               0.00       0.00 f
  U29/ZN (AOI22_X1)                        0.05       0.05 r
  U28/ZN (INV_X1)                          0.02       0.07 f
  U27/ZN (AOI221_X1)                       0.07       0.14 r
  U26/ZN (INV_X1)                          0.02       0.15 f
  Op[1] (out)                              0.00       0.16 f
  data arrival time                                   0.16
  -----------------------------------------------------------
  (Path is unconstrained)


  Startpoint: Ip[0] (input port)
  Endpoint: Op[1] (output port)
  Path Group: (none)
  Path Type: max

  Des/Clust/Port     Wire Load Model       Library
  ------------------------------------------------
  combShifter        5K_hvratio_1_1        NangateOpenCellLibrary

  Point                                    Incr       Path
  -----------------------------------------------------------
  input external delay                     0.00       0.00 f
  Ip[0] (in)                               0.00       0.00 f
  U29/ZN (AOI22_X1)                        0.05       0.05 r
  U28/ZN (INV_X1)                          0.02       0.07 f
  U27/ZN (AOI221_X1)                       0.07       0.14 r
  U26/ZN (INV_X1)                          0.02       0.15 f
  Op[1] (out)                              0.00       0.16 f
  data arrival time                                   0.16
  -----------------------------------------------------------
  (Path is unconstrained)


  Startpoint: Ip[1] (input port)
  Endpoint: Op[1] (output port)
  Path Group: (none)
  Path Type: max

  Des/Clust/Port     Wire Load Model       Library
  ------------------------------------------------
  combShifter        5K_hvratio_1_1        NangateOpenCellLibrary

  Point                                    Incr       Path
  -----------------------------------------------------------
  input external delay                     0.00       0.00 f
  Ip[1] (in)                               0.00       0.00 f
  U29/ZN (AOI22_X1)                        0.06       0.06 r
  U28/ZN (INV_X1)                          0.02       0.08 f
  U27/ZN (AOI221_X1)                       0.06       0.14 r
  U26/ZN (INV_X1)                          0.02       0.15 f
  Op[1] (out)                              0.00       0.16 f
  data arrival time                                   0.16
  -----------------------------------------------------------
  (Path is unconstrained)


  Startpoint: shift_mag[1]
              (input port)
  Endpoint: Op[1] (output port)
  Path Group: (none)
  Path Type: max

  Des/Clust/Port     Wire Load Model       Library
  ------------------------------------------------
  combShifter        5K_hvratio_1_1        NangateOpenCellLibrary

  Point                                    Incr       Path
  -----------------------------------------------------------
  input external delay                     0.00       0.00 f
  shift_mag[1] (in)                        0.00       0.00 f
  U29/ZN (AOI22_X1)                        0.04       0.04 r
  U28/ZN (INV_X1)                          0.02       0.06 f
  U27/ZN (AOI221_X1)                       0.08       0.14 r
  U26/ZN (INV_X1)                          0.02       0.15 f
  Op[1] (out)                              0.00       0.16 f
  data arrival time                                   0.16
  -----------------------------------------------------------
  (Path is unconstrained)


  Startpoint: Ip[1] (input port)
  Endpoint: Op[1] (output port)
  Path Group: (none)
  Path Type: max

  Des/Clust/Port     Wire Load Model       Library
  ------------------------------------------------
  combShifter        5K_hvratio_1_1        NangateOpenCellLibrary

  Point                                    Incr       Path
  -----------------------------------------------------------
  input external delay                     0.00       0.00 f
  Ip[1] (in)                               0.00       0.00 f
  U29/ZN (AOI22_X1)                        0.05       0.05 r
  U28/ZN (INV_X1)                          0.02       0.07 f
  U27/ZN (AOI221_X1)                       0.06       0.14 r
  U26/ZN (INV_X1)                          0.02       0.15 f
  Op[1] (out)                              0.00       0.16 f
  data arrival time                                   0.16
  -----------------------------------------------------------
  (Path is unconstrained)


  Startpoint: shift_mag[2]
              (input port)
  Endpoint: Op[1] (output port)
  Path Group: (none)
  Path Type: max

  Des/Clust/Port     Wire Load Model       Library
  ------------------------------------------------
  combShifter        5K_hvratio_1_1        NangateOpenCellLibrary

  Point                                    Incr       Path
  -----------------------------------------------------------
  input external delay                     0.00       0.00 f
  shift_mag[2] (in)                        0.00       0.00 f
  U29/ZN (AOI22_X1)                        0.05       0.05 r
  U28/ZN (INV_X1)                          0.02       0.07 f
  U27/ZN (AOI221_X1)                       0.06       0.14 r
  U26/ZN (INV_X1)                          0.02       0.15 f
  Op[1] (out)                              0.00       0.15 f
  data arrival time                                   0.15
  -----------------------------------------------------------
  (Path is unconstrained)


  Startpoint: shift_mag[1]
              (input port)
  Endpoint: Op[1] (output port)
  Path Group: (none)
  Path Type: max

  Des/Clust/Port     Wire Load Model       Library
  ------------------------------------------------
  combShifter        5K_hvratio_1_1        NangateOpenCellLibrary

  Point                                    Incr       Path
  -----------------------------------------------------------
  input external delay                     0.00       0.00 f
  shift_mag[1] (in)                        0.00       0.00 f
  U29/ZN (AOI22_X1)                        0.04       0.04 r
  U28/ZN (INV_X1)                          0.02       0.07 f
  U27/ZN (AOI221_X1)                       0.07       0.14 r
  U26/ZN (INV_X1)                          0.02       0.15 f
  Op[1] (out)                              0.00       0.15 f
  data arrival time                                   0.15
  -----------------------------------------------------------
  (Path is unconstrained)


  Startpoint: shift_mag[2]
              (input port)
  Endpoint: Op[1] (output port)
  Path Group: (none)
  Path Type: max

  Des/Clust/Port     Wire Load Model       Library
  ------------------------------------------------
  combShifter        5K_hvratio_1_1        NangateOpenCellLibrary

  Point                                    Incr       Path
  -----------------------------------------------------------
  input external delay                     0.00       0.00 f
  shift_mag[2] (in)                        0.00       0.00 f
  U29/ZN (AOI22_X1)                        0.04       0.04 r
  U28/ZN (INV_X1)                          0.02       0.07 f
  U27/ZN (AOI221_X1)                       0.07       0.14 r
  U26/ZN (INV_X1)                          0.02       0.15 f
  Op[1] (out)                              0.00       0.15 f
  data arrival time                                   0.15
  -----------------------------------------------------------
  (Path is unconstrained)


  Startpoint: Ip[1] (input port)
  Endpoint: Op[1] (output port)
  Path Group: (none)
  Path Type: max

  Des/Clust/Port     Wire Load Model       Library
  ------------------------------------------------
  combShifter        5K_hvratio_1_1        NangateOpenCellLibrary

  Point                                    Incr       Path
  -----------------------------------------------------------
  input external delay                     0.00       0.00 f
  Ip[1] (in)                               0.00       0.00 f
  U29/ZN (AOI22_X1)                        0.05       0.05 r
  U28/ZN (INV_X1)                          0.02       0.07 f
  U27/ZN (AOI221_X1)                       0.07       0.14 r
  U26/ZN (INV_X1)                          0.02       0.15 f
  Op[1] (out)                              0.00       0.15 f
  data arrival time                                   0.15
  -----------------------------------------------------------
  (Path is unconstrained)


  Startpoint: Ip[0] (input port)
  Endpoint: Op[1] (output port)
  Path Group: (none)
  Path Type: max

  Des/Clust/Port     Wire Load Model       Library
  ------------------------------------------------
  combShifter        5K_hvratio_1_1        NangateOpenCellLibrary

  Point                                    Incr       Path
  -----------------------------------------------------------
  input external delay                     0.00       0.00 f
  Ip[0] (in)                               0.00       0.00 f
  U29/ZN (AOI22_X1)                        0.05       0.05 r
  U28/ZN (INV_X1)                          0.02       0.07 f
  U27/ZN (AOI221_X1)                       0.06       0.13 r
  U26/ZN (INV_X1)                          0.02       0.15 f
  Op[1] (out)                              0.00       0.15 f
  data arrival time                                   0.15
  -----------------------------------------------------------
  (Path is unconstrained)


  Startpoint: Ip[0] (input port)
  Endpoint: Op[1] (output port)
  Path Group: (none)
  Path Type: max

  Des/Clust/Port     Wire Load Model       Library
  ------------------------------------------------
  combShifter        5K_hvratio_1_1        NangateOpenCellLibrary

  Point                                    Incr       Path
  -----------------------------------------------------------
  input external delay                     0.00       0.00 f
  Ip[0] (in)                               0.00       0.00 f
  U29/ZN (AOI22_X1)                        0.04       0.04 r
  U28/ZN (INV_X1)                          0.02       0.07 f
  U27/ZN (AOI221_X1)                       0.07       0.13 r
  U26/ZN (INV_X1)                          0.02       0.15 f
  Op[1] (out)                              0.00       0.15 f
  data arrival time                                   0.15
  -----------------------------------------------------------
  (Path is unconstrained)


  Startpoint: shift_mag[2]
              (input port)
  Endpoint: Op[1] (output port)
  Path Group: (none)
  Path Type: max

  Des/Clust/Port     Wire Load Model       Library
  ------------------------------------------------
  combShifter        5K_hvratio_1_1        NangateOpenCellLibrary

  Point                                    Incr       Path
  -----------------------------------------------------------
  input external delay                     0.00       0.00 f
  shift_mag[2] (in)                        0.00       0.00 f
  U29/ZN (AOI22_X1)                        0.05       0.05 r
  U28/ZN (INV_X1)                          0.02       0.08 f
  U27/ZN (AOI221_X1)                       0.06       0.13 r
  U26/ZN (INV_X1)                          0.02       0.15 f
  Op[1] (out)                              0.00       0.15 f
  data arrival time                                   0.15
  -----------------------------------------------------------
  (Path is unconstrained)


  Startpoint: Ip[0] (input port)
  Endpoint: Op[1] (output port)
  Path Group: (none)
  Path Type: max

  Des/Clust/Port     Wire Load Model       Library
  ------------------------------------------------
  combShifter        5K_hvratio_1_1        NangateOpenCellLibrary

  Point                                    Incr       Path
  -----------------------------------------------------------
  input external delay                     0.00       0.00 f
  Ip[0] (in)                               0.00       0.00 f
  U29/ZN (AOI22_X1)                        0.04       0.04 r
  U28/ZN (INV_X1)                          0.02       0.06 f
  U27/ZN (AOI221_X1)                       0.08       0.13 r
  U26/ZN (INV_X1)                          0.02       0.15 f
  Op[1] (out)                              0.00       0.15 f
  data arrival time                                   0.15
  -----------------------------------------------------------
  (Path is unconstrained)


  Startpoint: shift_mag[1]
              (input port)
  Endpoint: Op[1] (output port)
  Path Group: (none)
  Path Type: max

  Des/Clust/Port     Wire Load Model       Library
  ------------------------------------------------
  combShifter        5K_hvratio_1_1        NangateOpenCellLibrary

  Point                                    Incr       Path
  -----------------------------------------------------------
  input external delay                     0.00       0.00 f
  shift_mag[1] (in)                        0.00       0.00 f
  U29/ZN (AOI22_X1)                        0.04       0.04 r
  U28/ZN (INV_X1)                          0.02       0.07 f
  U27/ZN (AOI221_X1)                       0.07       0.13 r
  U26/ZN (INV_X1)                          0.02       0.15 f
  Op[1] (out)                              0.00       0.15 f
  data arrival time                                   0.15
  -----------------------------------------------------------
  (Path is unconstrained)


  Startpoint: shift_mag[2]
              (input port)
  Endpoint: Op[1] (output port)
  Path Group: (none)
  Path Type: max

  Des/Clust/Port     Wire Load Model       Library
  ------------------------------------------------
  combShifter        5K_hvratio_1_1        NangateOpenCellLibrary

  Point                                    Incr       Path
  -----------------------------------------------------------
  input external delay                     0.00       0.00 f
  shift_mag[2] (in)                        0.00       0.00 f
  U29/ZN (AOI22_X1)                        0.05       0.05 r
  U28/ZN (INV_X1)                          0.02       0.07 f
  U27/ZN (AOI221_X1)                       0.06       0.13 r
  U26/ZN (INV_X1)                          0.02       0.15 f
  Op[1] (out)                              0.00       0.15 f
  data arrival time                                   0.15
  -----------------------------------------------------------
  (Path is unconstrained)


  Startpoint: shift_mag[2]
              (input port)
  Endpoint: Op[1] (output port)
  Path Group: (none)
  Path Type: max

  Des/Clust/Port     Wire Load Model       Library
  ------------------------------------------------
  combShifter        5K_hvratio_1_1        NangateOpenCellLibrary

  Point                                    Incr       Path
  -----------------------------------------------------------
  input external delay                     0.00       0.00 f
  shift_mag[2] (in)                        0.00       0.00 f
  U29/ZN (AOI22_X1)                        0.04       0.04 r
  U28/ZN (INV_X1)                          0.02       0.07 f
  U27/ZN (AOI221_X1)                       0.07       0.13 r
  U26/ZN (INV_X1)                          0.02       0.15 f
  Op[1] (out)                              0.00       0.15 f
  data arrival time                                   0.15
  -----------------------------------------------------------
  (Path is unconstrained)


  Startpoint: Ip[1] (input port)
  Endpoint: Op[1] (output port)
  Path Group: (none)
  Path Type: max

  Des/Clust/Port     Wire Load Model       Library
  ------------------------------------------------
  combShifter        5K_hvratio_1_1        NangateOpenCellLibrary

  Point                                    Incr       Path
  -----------------------------------------------------------
  input external delay                     0.00       0.00 f
  Ip[1] (in)                               0.00       0.00 f
  U29/ZN (AOI22_X1)                        0.05       0.05 r
  U28/ZN (INV_X1)                          0.02       0.07 f
  U27/ZN (AOI221_X1)                       0.06       0.13 r
  U26/ZN (INV_X1)                          0.02       0.15 f
  Op[1] (out)                              0.00       0.15 f
  data arrival time                                   0.15
  -----------------------------------------------------------
  (Path is unconstrained)


  Startpoint: Ip[0] (input port)
  Endpoint: Op[1] (output port)
  Path Group: (none)
  Path Type: max

  Des/Clust/Port     Wire Load Model       Library
  ------------------------------------------------
  combShifter        5K_hvratio_1_1        NangateOpenCellLibrary

  Point                                    Incr       Path
  -----------------------------------------------------------
  input external delay                     0.00       0.00 f
  Ip[0] (in)                               0.00       0.00 f
  U29/ZN (AOI22_X1)                        0.05       0.05 r
  U28/ZN (INV_X1)                          0.02       0.07 f
  U27/ZN (AOI221_X1)                       0.06       0.13 r
  U26/ZN (INV_X1)                          0.02       0.15 f
  Op[1] (out)                              0.00       0.15 f
  data arrival time                                   0.15
  -----------------------------------------------------------
  (Path is unconstrained)


  Startpoint: Ip[1] (input port)
  Endpoint: Op[1] (output port)
  Path Group: (none)
  Path Type: max

  Des/Clust/Port     Wire Load Model       Library
  ------------------------------------------------
  combShifter        5K_hvratio_1_1        NangateOpenCellLibrary

  Point                                    Incr       Path
  -----------------------------------------------------------
  input external delay                     0.00       0.00 f
  Ip[1] (in)                               0.00       0.00 f
  U29/ZN (AOI22_X1)                        0.06       0.06 r
  U28/ZN (INV_X1)                          0.02       0.08 f
  U27/ZN (AOI221_X1)                       0.05       0.13 r
  U26/ZN (INV_X1)                          0.02       0.15 f
  Op[1] (out)                              0.00       0.15 f
  data arrival time                                   0.15
  -----------------------------------------------------------
  (Path is unconstrained)


  Startpoint: Ip[0] (input port)
  Endpoint: Op[1] (output port)
  Path Group: (none)
  Path Type: max

  Des/Clust/Port     Wire Load Model       Library
  ------------------------------------------------
  combShifter        5K_hvratio_1_1        NangateOpenCellLibrary

  Point                                    Incr       Path
  -----------------------------------------------------------
  input external delay                     0.00       0.00 f
  Ip[0] (in)                               0.00       0.00 f
  U29/ZN (AOI22_X1)                        0.04       0.04 r
  U28/ZN (INV_X1)                          0.02       0.07 f
  U27/ZN (AOI221_X1)                       0.07       0.13 r
  U26/ZN (INV_X1)                          0.02       0.15 f
  Op[1] (out)                              0.00       0.15 f
  data arrival time                                   0.15
  -----------------------------------------------------------
  (Path is unconstrained)


  Startpoint: Ip[1] (input port)
  Endpoint: Op[1] (output port)
  Path Group: (none)
  Path Type: max

  Des/Clust/Port     Wire Load Model       Library
  ------------------------------------------------
  combShifter        5K_hvratio_1_1        NangateOpenCellLibrary

  Point                                    Incr       Path
  -----------------------------------------------------------
  input external delay                     0.00       0.00 f
  Ip[1] (in)                               0.00       0.00 f
  U29/ZN (AOI22_X1)                        0.05       0.05 r
  U28/ZN (INV_X1)                          0.02       0.07 f
  U27/ZN (AOI221_X1)                       0.06       0.13 r
  U26/ZN (INV_X1)                          0.02       0.15 f
  Op[1] (out)                              0.00       0.15 f
  data arrival time                                   0.15
  -----------------------------------------------------------
  (Path is unconstrained)


  Startpoint: shift_mag[1]
              (input port)
  Endpoint: Op[1] (output port)
  Path Group: (none)
  Path Type: max

  Des/Clust/Port     Wire Load Model       Library
  ------------------------------------------------
  combShifter        5K_hvratio_1_1        NangateOpenCellLibrary

  Point                                    Incr       Path
  -----------------------------------------------------------
  input external delay                     0.00       0.00 f
  shift_mag[1] (in)                        0.00       0.00 f
  U29/ZN (AOI22_X1)                        0.04       0.04 r
  U28/ZN (INV_X1)                          0.02       0.07 f
  U27/ZN (AOI221_X1)                       0.06       0.13 r
  U26/ZN (INV_X1)                          0.02       0.15 f
  Op[1] (out)                              0.00       0.15 f
  data arrival time                                   0.15
  -----------------------------------------------------------
  (Path is unconstrained)


  Startpoint: shift_mag[2]
              (input port)
  Endpoint: Op[1] (output port)
  Path Group: (none)
  Path Type: max

  Des/Clust/Port     Wire Load Model       Library
  ------------------------------------------------
  combShifter        5K_hvratio_1_1        NangateOpenCellLibrary

  Point                                    Incr       Path
  -----------------------------------------------------------
  input external delay                     0.00       0.00 f
  shift_mag[2] (in)                        0.00       0.00 f
  U29/ZN (AOI22_X1)                        0.04       0.04 r
  U28/ZN (INV_X1)                          0.02       0.07 f
  U27/ZN (AOI221_X1)                       0.06       0.13 r
  U26/ZN (INV_X1)                          0.02       0.15 f
  Op[1] (out)                              0.00       0.15 f
  data arrival time                                   0.15
  -----------------------------------------------------------
  (Path is unconstrained)


  Startpoint: shift_mag[1]
              (input port)
  Endpoint: Op[1] (output port)
  Path Group: (none)
  Path Type: max

  Des/Clust/Port     Wire Load Model       Library
  ------------------------------------------------
  combShifter        5K_hvratio_1_1        NangateOpenCellLibrary

  Point                                    Incr       Path
  -----------------------------------------------------------
  input external delay                     0.00       0.00 f
  shift_mag[1] (in)                        0.00       0.00 f
  U29/ZN (AOI22_X1)                        0.03       0.03 r
  U28/ZN (INV_X1)                          0.02       0.06 f
  U27/ZN (AOI221_X1)                       0.08       0.13 r
  U26/ZN (INV_X1)                          0.02       0.15 f
  Op[1] (out)                              0.00       0.15 f
  data arrival time                                   0.15
  -----------------------------------------------------------
  (Path is unconstrained)


  Startpoint: shift_mag[1]
              (input port)
  Endpoint: Op[1] (output port)
  Path Group: (none)
  Path Type: max

  Des/Clust/Port     Wire Load Model       Library
  ------------------------------------------------
  combShifter        5K_hvratio_1_1        NangateOpenCellLibrary

  Point                                    Incr       Path
  -----------------------------------------------------------
  input external delay                     0.00       0.00 f
  shift_mag[1] (in)                        0.00       0.00 f
  U29/ZN (AOI22_X1)                        0.04       0.04 r
  U28/ZN (INV_X1)                          0.02       0.06 f
  U27/ZN (AOI221_X1)                       0.07       0.13 r
  U26/ZN (INV_X1)                          0.02       0.15 f
  Op[1] (out)                              0.00       0.15 f
  data arrival time                                   0.15
  -----------------------------------------------------------
  (Path is unconstrained)


  Startpoint: Ip[1] (input port)
  Endpoint: Op[1] (output port)
  Path Group: (none)
  Path Type: max

  Des/Clust/Port     Wire Load Model       Library
  ------------------------------------------------
  combShifter        5K_hvratio_1_1        NangateOpenCellLibrary

  Point                                    Incr       Path
  -----------------------------------------------------------
  input external delay                     0.00       0.00 f
  Ip[1] (in)                               0.00       0.00 f
  U29/ZN (AOI22_X1)                        0.05       0.05 r
  U28/ZN (INV_X1)                          0.02       0.07 f
  U27/ZN (AOI221_X1)                       0.06       0.13 r
  U26/ZN (INV_X1)                          0.02       0.15 f
  Op[1] (out)                              0.00       0.15 f
  data arrival time                                   0.15
  -----------------------------------------------------------
  (Path is unconstrained)


  Startpoint: Ip[0] (input port)
  Endpoint: Op[1] (output port)
  Path Group: (none)
  Path Type: max

  Des/Clust/Port     Wire Load Model       Library
  ------------------------------------------------
  combShifter        5K_hvratio_1_1        NangateOpenCellLibrary

  Point                                    Incr       Path
  -----------------------------------------------------------
  input external delay                     0.00       0.00 f
  Ip[0] (in)                               0.00       0.00 f
  U29/ZN (AOI22_X1)                        0.04       0.04 r
  U28/ZN (INV_X1)                          0.02       0.07 f
  U27/ZN (AOI221_X1)                       0.06       0.13 r
  U26/ZN (INV_X1)                          0.02       0.15 f
  Op[1] (out)                              0.00       0.15 f
  data arrival time                                   0.15
  -----------------------------------------------------------
  (Path is unconstrained)


  Startpoint: shift_mag[2]
              (input port)
  Endpoint: Op[1] (output port)
  Path Group: (none)
  Path Type: max

  Des/Clust/Port     Wire Load Model       Library
  ------------------------------------------------
  combShifter        5K_hvratio_1_1        NangateOpenCellLibrary

  Point                                    Incr       Path
  -----------------------------------------------------------
  input external delay                     0.00       0.00 f
  shift_mag[2] (in)                        0.00       0.00 f
  U29/ZN (AOI22_X1)                        0.05       0.05 r
  U28/ZN (INV_X1)                          0.02       0.08 f
  U27/ZN (AOI221_X1)                       0.05       0.13 r
  U26/ZN (INV_X1)                          0.02       0.15 f
  Op[1] (out)                              0.00       0.15 f
  data arrival time                                   0.15
  -----------------------------------------------------------
  (Path is unconstrained)


  Startpoint: shift_mag[2]
              (input port)
  Endpoint: Op[1] (output port)
  Path Group: (none)
  Path Type: max

  Des/Clust/Port     Wire Load Model       Library
  ------------------------------------------------
  combShifter        5K_hvratio_1_1        NangateOpenCellLibrary

  Point                                    Incr       Path
  -----------------------------------------------------------
  input external delay                     0.00       0.00 f
  shift_mag[2] (in)                        0.00       0.00 f
  U29/ZN (AOI22_X1)                        0.05       0.05 r
  U28/ZN (INV_X1)                          0.02       0.07 f
  U27/ZN (AOI221_X1)                       0.06       0.13 r
  U26/ZN (INV_X1)                          0.02       0.15 f
  Op[1] (out)                              0.00       0.15 f
  data arrival time                                   0.15
  -----------------------------------------------------------
  (Path is unconstrained)


  Startpoint: shift_mag[1]
              (input port)
  Endpoint: Op[1] (output port)
  Path Group: (none)
  Path Type: max

  Des/Clust/Port     Wire Load Model       Library
  ------------------------------------------------
  combShifter        5K_hvratio_1_1        NangateOpenCellLibrary

  Point                                    Incr       Path
  -----------------------------------------------------------
  input external delay                     0.00       0.00 f
  shift_mag[1] (in)                        0.00       0.00 f
  U29/ZN (AOI22_X1)                        0.04       0.04 r
  U28/ZN (INV_X1)                          0.02       0.07 f
  U27/ZN (AOI221_X1)                       0.06       0.13 r
  U26/ZN (INV_X1)                          0.02       0.15 f
  Op[1] (out)                              0.00       0.15 f
  data arrival time                                   0.15
  -----------------------------------------------------------
  (Path is unconstrained)


  Startpoint: shift_mag[2]
              (input port)
  Endpoint: Op[1] (output port)
  Path Group: (none)
  Path Type: max

  Des/Clust/Port     Wire Load Model       Library
  ------------------------------------------------
  combShifter        5K_hvratio_1_1        NangateOpenCellLibrary

  Point                                    Incr       Path
  -----------------------------------------------------------
  input external delay                     0.00       0.00 f
  shift_mag[2] (in)                        0.00       0.00 f
  U29/ZN (AOI22_X1)                        0.04       0.04 r
  U28/ZN (INV_X1)                          0.02       0.07 f
  U27/ZN (AOI221_X1)                       0.06       0.13 r
  U26/ZN (INV_X1)                          0.02       0.15 f
  Op[1] (out)                              0.00       0.15 f
  data arrival time                                   0.15
  -----------------------------------------------------------
  (Path is unconstrained)


  Startpoint: Ip[0] (input port)
  Endpoint: Op[1] (output port)
  Path Group: (none)
  Path Type: max

  Des/Clust/Port     Wire Load Model       Library
  ------------------------------------------------
  combShifter        5K_hvratio_1_1        NangateOpenCellLibrary

  Point                                    Incr       Path
  -----------------------------------------------------------
  input external delay                     0.00       0.00 f
  Ip[0] (in)                               0.00       0.00 f
  U29/ZN (AOI22_X1)                        0.05       0.05 r
  U28/ZN (INV_X1)                          0.02       0.07 f
  U27/ZN (AOI221_X1)                       0.06       0.13 r
  U26/ZN (INV_X1)                          0.02       0.14 f
  Op[1] (out)                              0.00       0.15 f
  data arrival time                                   0.15
  -----------------------------------------------------------
  (Path is unconstrained)


  Startpoint: shift_mag[1]
              (input port)
  Endpoint: Op[1] (output port)
  Path Group: (none)
  Path Type: max

  Des/Clust/Port     Wire Load Model       Library
  ------------------------------------------------
  combShifter        5K_hvratio_1_1        NangateOpenCellLibrary

  Point                                    Incr       Path
  -----------------------------------------------------------
  input external delay                     0.00       0.00 f
  shift_mag[1] (in)                        0.00       0.00 f
  U29/ZN (AOI22_X1)                        0.04       0.04 r
  U28/ZN (INV_X1)                          0.02       0.06 f
  U27/ZN (AOI221_X1)                       0.07       0.13 r
  U26/ZN (INV_X1)                          0.02       0.14 f
  Op[1] (out)                              0.00       0.15 f
  data arrival time                                   0.15
  -----------------------------------------------------------
  (Path is unconstrained)


  Startpoint: Ip[0] (input port)
  Endpoint: Op[1] (output port)
  Path Group: (none)
  Path Type: max

  Des/Clust/Port     Wire Load Model       Library
  ------------------------------------------------
  combShifter        5K_hvratio_1_1        NangateOpenCellLibrary

  Point                                    Incr       Path
  -----------------------------------------------------------
  input external delay                     0.00       0.00 f
  Ip[0] (in)                               0.00       0.00 f
  U29/ZN (AOI22_X1)                        0.04       0.04 r
  U28/ZN (INV_X1)                          0.02       0.06 f
  U27/ZN (AOI221_X1)                       0.07       0.13 r
  U26/ZN (INV_X1)                          0.02       0.14 f
  Op[1] (out)                              0.00       0.15 f
  data arrival time                                   0.15
  -----------------------------------------------------------
  (Path is unconstrained)


  Startpoint: Ip[0] (input port)
  Endpoint: Op[1] (output port)
  Path Group: (none)
  Path Type: max

  Des/Clust/Port     Wire Load Model       Library
  ------------------------------------------------
  combShifter        5K_hvratio_1_1        NangateOpenCellLibrary

  Point                                    Incr       Path
  -----------------------------------------------------------
  input external delay                     0.00       0.00 f
  Ip[0] (in)                               0.00       0.00 f
  U29/ZN (AOI22_X1)                        0.04       0.04 r
  U28/ZN (INV_X1)                          0.02       0.07 f
  U27/ZN (AOI221_X1)                       0.06       0.13 r
  U26/ZN (INV_X1)                          0.02       0.14 f
  Op[1] (out)                              0.00       0.15 f
  data arrival time                                   0.15
  -----------------------------------------------------------
  (Path is unconstrained)


  Startpoint: Ip[1] (input port)
  Endpoint: Op[1] (output port)
  Path Group: (none)
  Path Type: max

  Des/Clust/Port     Wire Load Model       Library
  ------------------------------------------------
  combShifter        5K_hvratio_1_1        NangateOpenCellLibrary

  Point                                    Incr       Path
  -----------------------------------------------------------
  input external delay                     0.00       0.00 f
  Ip[1] (in)                               0.00       0.00 f
  U29/ZN (AOI22_X1)                        0.05       0.05 r
  U28/ZN (INV_X1)                          0.02       0.07 f
  U27/ZN (AOI221_X1)                       0.05       0.13 r
  U26/ZN (INV_X1)                          0.02       0.14 f
  Op[1] (out)                              0.00       0.15 f
  data arrival time                                   0.15
  -----------------------------------------------------------
  (Path is unconstrained)


  Startpoint: Ip[1] (input port)
  Endpoint: Op[1] (output port)
  Path Group: (none)
  Path Type: max

  Des/Clust/Port     Wire Load Model       Library
  ------------------------------------------------
  combShifter        5K_hvratio_1_1        NangateOpenCellLibrary

  Point                                    Incr       Path
  -----------------------------------------------------------
  input external delay                     0.00       0.00 f
  Ip[1] (in)                               0.00       0.00 f
  U29/ZN (AOI22_X1)                        0.05       0.05 r
  U28/ZN (INV_X1)                          0.02       0.07 f
  U27/ZN (AOI221_X1)                       0.06       0.13 r
  U26/ZN (INV_X1)                          0.02       0.14 f
  Op[1] (out)                              0.00       0.14 f
  data arrival time                                   0.14
  -----------------------------------------------------------
  (Path is unconstrained)


  Startpoint: shift_mag[1]
              (input port)
  Endpoint: Op[1] (output port)
  Path Group: (none)
  Path Type: max

  Des/Clust/Port     Wire Load Model       Library
  ------------------------------------------------
  combShifter        5K_hvratio_1_1        NangateOpenCellLibrary

  Point                                    Incr       Path
  -----------------------------------------------------------
  input external delay                     0.00       0.00 f
  shift_mag[1] (in)                        0.00       0.00 f
  U29/ZN (AOI22_X1)                        0.04       0.04 r
  U28/ZN (INV_X1)                          0.02       0.06 f
  U27/ZN (AOI221_X1)                       0.06       0.13 r
  U26/ZN (INV_X1)                          0.02       0.14 f
  Op[1] (out)                              0.00       0.14 f
  data arrival time                                   0.14
  -----------------------------------------------------------
  (Path is unconstrained)


  Startpoint: Ip[0] (input port)
  Endpoint: Op[1] (output port)
  Path Group: (none)
  Path Type: max

  Des/Clust/Port     Wire Load Model       Library
  ------------------------------------------------
  combShifter        5K_hvratio_1_1        NangateOpenCellLibrary

  Point                                    Incr       Path
  -----------------------------------------------------------
  input external delay                     0.00       0.00 f
  Ip[0] (in)                               0.00       0.00 f
  U29/ZN (AOI22_X1)                        0.04       0.04 r
  U28/ZN (INV_X1)                          0.02       0.06 f
  U27/ZN (AOI221_X1)                       0.07       0.12 r
  U26/ZN (INV_X1)                          0.02       0.14 f
  Op[1] (out)                              0.00       0.14 f
  data arrival time                                   0.14
  -----------------------------------------------------------
  (Path is unconstrained)


  Startpoint: shift_mag[1]
              (input port)
  Endpoint: Op[1] (output port)
  Path Group: (none)
  Path Type: max

  Des/Clust/Port     Wire Load Model       Library
  ------------------------------------------------
  combShifter        5K_hvratio_1_1        NangateOpenCellLibrary

  Point                                    Incr       Path
  -----------------------------------------------------------
  input external delay                     0.00       0.00 f
  shift_mag[1] (in)                        0.00       0.00 f
  U29/ZN (AOI22_X1)                        0.03       0.03 r
  U28/ZN (INV_X1)                          0.02       0.06 f
  U27/ZN (AOI221_X1)                       0.07       0.12 r
  U26/ZN (INV_X1)                          0.02       0.14 f
  Op[1] (out)                              0.00       0.14 f
  data arrival time                                   0.14
  -----------------------------------------------------------
  (Path is unconstrained)


  Startpoint: shift_mag[1]
              (input port)
  Endpoint: Op[1] (output port)
  Path Group: (none)
  Path Type: max

  Des/Clust/Port     Wire Load Model       Library
  ------------------------------------------------
  combShifter        5K_hvratio_1_1        NangateOpenCellLibrary

  Point                                    Incr       Path
  -----------------------------------------------------------
  input external delay                     0.00       0.00 f
  shift_mag[1] (in)                        0.00       0.00 f
  U29/ZN (AOI22_X1)                        0.04       0.04 r
  U28/ZN (INV_X1)                          0.02       0.07 f
  U27/ZN (AOI221_X1)                       0.06       0.12 r
  U26/ZN (INV_X1)                          0.02       0.14 f
  Op[1] (out)                              0.00       0.14 f
  data arrival time                                   0.14
  -----------------------------------------------------------
  (Path is unconstrained)


  Startpoint: shift_mag[2]
              (input port)
  Endpoint: Op[1] (output port)
  Path Group: (none)
  Path Type: max

  Des/Clust/Port     Wire Load Model       Library
  ------------------------------------------------
  combShifter        5K_hvratio_1_1        NangateOpenCellLibrary

  Point                                    Incr       Path
  -----------------------------------------------------------
  input external delay                     0.00       0.00 f
  shift_mag[2] (in)                        0.00       0.00 f
  U29/ZN (AOI22_X1)                        0.05       0.05 r
  U28/ZN (INV_X1)                          0.02       0.07 f
  U27/ZN (AOI221_X1)                       0.05       0.12 r
  U26/ZN (INV_X1)                          0.02       0.14 f
  Op[1] (out)                              0.00       0.14 f
  data arrival time                                   0.14
  -----------------------------------------------------------
  (Path is unconstrained)


  Startpoint: shift_mag[2]
              (input port)
  Endpoint: Op[1] (output port)
  Path Group: (none)
  Path Type: max

  Des/Clust/Port     Wire Load Model       Library
  ------------------------------------------------
  combShifter        5K_hvratio_1_1        NangateOpenCellLibrary

  Point                                    Incr       Path
  -----------------------------------------------------------
  input external delay                     0.00       0.00 f
  shift_mag[2] (in)                        0.00       0.00 f
  U29/ZN (AOI22_X1)                        0.04       0.04 r
  U28/ZN (INV_X1)                          0.02       0.07 f
  U27/ZN (AOI221_X1)                       0.06       0.12 r
  U26/ZN (INV_X1)                          0.02       0.14 f
  Op[1] (out)                              0.00       0.14 f
  data arrival time                                   0.14
  -----------------------------------------------------------
  (Path is unconstrained)


  Startpoint: Ip[0] (input port)
  Endpoint: Op[1] (output port)
  Path Group: (none)
  Path Type: max

  Des/Clust/Port     Wire Load Model       Library
  ------------------------------------------------
  combShifter        5K_hvratio_1_1        NangateOpenCellLibrary

  Point                                    Incr       Path
  -----------------------------------------------------------
  input external delay                     0.00       0.00 f
  Ip[0] (in)                               0.00       0.00 f
  U29/ZN (AOI22_X1)                        0.05       0.05 r
  U28/ZN (INV_X1)                          0.02       0.07 f
  U27/ZN (AOI221_X1)                       0.05       0.12 r
  U26/ZN (INV_X1)                          0.02       0.14 f
  Op[1] (out)                              0.00       0.14 f
  data arrival time                                   0.14
  -----------------------------------------------------------
  (Path is unconstrained)


  Startpoint: shift_mag[1]
              (input port)
  Endpoint: Op[1] (output port)
  Path Group: (none)
  Path Type: max

  Des/Clust/Port     Wire Load Model       Library
  ------------------------------------------------
  combShifter        5K_hvratio_1_1        NangateOpenCellLibrary

  Point                                    Incr       Path
  -----------------------------------------------------------
  input external delay                     0.00       0.00 f
  shift_mag[1] (in)                        0.00       0.00 f
  U29/ZN (AOI22_X1)                        0.04       0.04 r
  U28/ZN (INV_X1)                          0.02       0.06 f
  U27/ZN (AOI221_X1)                       0.06       0.12 r
  U26/ZN (INV_X1)                          0.02       0.14 f
  Op[1] (out)                              0.00       0.14 f
  data arrival time                                   0.14
  -----------------------------------------------------------
  (Path is unconstrained)


  Startpoint: Ip[0] (input port)
  Endpoint: Op[1] (output port)
  Path Group: (none)
  Path Type: max

  Des/Clust/Port     Wire Load Model       Library
  ------------------------------------------------
  combShifter        5K_hvratio_1_1        NangateOpenCellLibrary

  Point                                    Incr       Path
  -----------------------------------------------------------
  input external delay                     0.00       0.00 f
  Ip[0] (in)                               0.00       0.00 f
  U29/ZN (AOI22_X1)                        0.04       0.04 r
  U28/ZN (INV_X1)                          0.02       0.07 f
  U27/ZN (AOI221_X1)                       0.06       0.12 r
  U26/ZN (INV_X1)                          0.02       0.14 f
  Op[1] (out)                              0.00       0.14 f
  data arrival time                                   0.14
  -----------------------------------------------------------
  (Path is unconstrained)


  Startpoint: Ip[0] (input port)
  Endpoint: Op[1] (output port)
  Path Group: (none)
  Path Type: max

  Des/Clust/Port     Wire Load Model       Library
  ------------------------------------------------
  combShifter        5K_hvratio_1_1        NangateOpenCellLibrary

  Point                                    Incr       Path
  -----------------------------------------------------------
  input external delay                     0.00       0.00 f
  Ip[0] (in)                               0.00       0.00 f
  U29/ZN (AOI22_X1)                        0.04       0.04 r
  U28/ZN (INV_X1)                          0.02       0.06 f
  U27/ZN (AOI221_X1)                       0.06       0.12 r
  U26/ZN (INV_X1)                          0.02       0.14 f
  Op[1] (out)                              0.00       0.14 f
  data arrival time                                   0.14
  -----------------------------------------------------------
  (Path is unconstrained)


  Startpoint: shift_mag[1]
              (input port)
  Endpoint: Op[1] (output port)
  Path Group: (none)
  Path Type: max

  Des/Clust/Port     Wire Load Model       Library
  ------------------------------------------------
  combShifter        5K_hvratio_1_1        NangateOpenCellLibrary

  Point                                    Incr       Path
  -----------------------------------------------------------
  input external delay                     0.00       0.00 f
  shift_mag[1] (in)                        0.00       0.00 f
  U29/ZN (AOI22_X1)                        0.03       0.03 r
  U28/ZN (INV_X1)                          0.02       0.06 f
  U27/ZN (AOI221_X1)                       0.07       0.12 r
  U26/ZN (INV_X1)                          0.02       0.14 f
  Op[1] (out)                              0.00       0.14 f
  data arrival time                                   0.14
  -----------------------------------------------------------
  (Path is unconstrained)


  Startpoint: Ip[1] (input port)
  Endpoint: Op[1] (output port)
  Path Group: (none)
  Path Type: max

  Des/Clust/Port     Wire Load Model       Library
  ------------------------------------------------
  combShifter        5K_hvratio_1_1        NangateOpenCellLibrary

  Point                                    Incr       Path
  -----------------------------------------------------------
  input external delay                     0.00       0.00 f
  Ip[1] (in)                               0.00       0.00 f
  U29/ZN (AOI22_X1)                        0.05       0.05 r
  U28/ZN (INV_X1)                          0.02       0.07 f
  U27/ZN (AOI221_X1)                       0.05       0.12 r
  U26/ZN (INV_X1)                          0.02       0.14 f
  Op[1] (out)                              0.00       0.14 f
  data arrival time                                   0.14
  -----------------------------------------------------------
  (Path is unconstrained)


  Startpoint: Ip[0] (input port)
  Endpoint: Op[1] (output port)
  Path Group: (none)
  Path Type: max

  Des/Clust/Port     Wire Load Model       Library
  ------------------------------------------------
  combShifter        5K_hvratio_1_1        NangateOpenCellLibrary

  Point                                    Incr       Path
  -----------------------------------------------------------
  input external delay                     0.00       0.00 f
  Ip[0] (in)                               0.00       0.00 f
  U29/ZN (AOI22_X1)                        0.04       0.04 r
  U28/ZN (INV_X1)                          0.02       0.06 f
  U27/ZN (AOI221_X1)                       0.06       0.12 r
  U26/ZN (INV_X1)                          0.02       0.14 f
  Op[1] (out)                              0.00       0.14 f
  data arrival time                                   0.14
  -----------------------------------------------------------
  (Path is unconstrained)


  Startpoint: shift_mag[1]
              (input port)
  Endpoint: Op[1] (output port)
  Path Group: (none)
  Path Type: max

  Des/Clust/Port     Wire Load Model       Library
  ------------------------------------------------
  combShifter        5K_hvratio_1_1        NangateOpenCellLibrary

  Point                                    Incr       Path
  -----------------------------------------------------------
  input external delay                     0.00       0.00 f
  shift_mag[1] (in)                        0.00       0.00 f
  U29/ZN (AOI22_X1)                        0.03       0.03 r
  U28/ZN (INV_X1)                          0.02       0.06 f
  U27/ZN (AOI221_X1)                       0.06       0.12 r
  U26/ZN (INV_X1)                          0.02       0.14 f
  Op[1] (out)                              0.00       0.14 f
  data arrival time                                   0.14
  -----------------------------------------------------------
  (Path is unconstrained)


  Startpoint: shift_mag[1]
              (input port)
  Endpoint: Op[1] (output port)
  Path Group: (none)
  Path Type: max

  Des/Clust/Port     Wire Load Model       Library
  ------------------------------------------------
  combShifter        5K_hvratio_1_1        NangateOpenCellLibrary

  Point                                    Incr       Path
  -----------------------------------------------------------
  input external delay                     0.00       0.00 f
  shift_mag[1] (in)                        0.00       0.00 f
  U29/ZN (AOI22_X1)                        0.04       0.04 r
  U28/ZN (INV_X1)                          0.02       0.07 f
  U27/ZN (AOI221_X1)                       0.05       0.12 r
  U26/ZN (INV_X1)                          0.02       0.14 f
  Op[1] (out)                              0.00       0.14 f
  data arrival time                                   0.14
  -----------------------------------------------------------
  (Path is unconstrained)


  Startpoint: shift_mag[2]
              (input port)
  Endpoint: Op[1] (output port)
  Path Group: (none)
  Path Type: max

  Des/Clust/Port     Wire Load Model       Library
  ------------------------------------------------
  combShifter        5K_hvratio_1_1        NangateOpenCellLibrary

  Point                                    Incr       Path
  -----------------------------------------------------------
  input external delay                     0.00       0.00 f
  shift_mag[2] (in)                        0.00       0.00 f
  U29/ZN (AOI22_X1)                        0.04       0.04 r
  U28/ZN (INV_X1)                          0.02       0.07 f
  U27/ZN (AOI221_X1)                       0.05       0.12 r
  U26/ZN (INV_X1)                          0.02       0.14 f
  Op[1] (out)                              0.00       0.14 f
  data arrival time                                   0.14
  -----------------------------------------------------------
  (Path is unconstrained)


  Startpoint: shift_mag[1]
              (input port)
  Endpoint: Op[1] (output port)
  Path Group: (none)
  Path Type: max

  Des/Clust/Port     Wire Load Model       Library
  ------------------------------------------------
  combShifter        5K_hvratio_1_1        NangateOpenCellLibrary

  Point                                    Incr       Path
  -----------------------------------------------------------
  input external delay                     0.00       0.00 f
  shift_mag[1] (in)                        0.00       0.00 f
  U29/ZN (AOI22_X1)                        0.04       0.04 r
  U28/ZN (INV_X1)                          0.02       0.06 f
  U27/ZN (AOI221_X1)                       0.06       0.12 r
  U26/ZN (INV_X1)                          0.02       0.14 f
  Op[1] (out)                              0.00       0.14 f
  data arrival time                                   0.14
  -----------------------------------------------------------
  (Path is unconstrained)


  Startpoint: Ip[0] (input port)
  Endpoint: Op[1] (output port)
  Path Group: (none)
  Path Type: max

  Des/Clust/Port     Wire Load Model       Library
  ------------------------------------------------
  combShifter        5K_hvratio_1_1        NangateOpenCellLibrary

  Point                                    Incr       Path
  -----------------------------------------------------------
  input external delay                     0.00       0.00 f
  Ip[0] (in)                               0.00       0.00 f
  U29/ZN (AOI22_X1)                        0.04       0.04 r
  U28/ZN (INV_X1)                          0.02       0.07 f
  U27/ZN (AOI221_X1)                       0.05       0.12 r
  U26/ZN (INV_X1)                          0.02       0.13 f
  Op[1] (out)                              0.00       0.14 f
  data arrival time                                   0.14
  -----------------------------------------------------------
  (Path is unconstrained)


  Startpoint: shift_mag[1]
              (input port)
  Endpoint: Op[1] (output port)
  Path Group: (none)
  Path Type: max

  Des/Clust/Port     Wire Load Model       Library
  ------------------------------------------------
  combShifter        5K_hvratio_1_1        NangateOpenCellLibrary

  Point                                    Incr       Path
  -----------------------------------------------------------
  input external delay                     0.00       0.00 f
  shift_mag[1] (in)                        0.00       0.00 f
  U29/ZN (AOI22_X1)                        0.03       0.03 r
  U28/ZN (INV_X1)                          0.02       0.06 f
  U27/ZN (AOI221_X1)                       0.06       0.12 r
  U26/ZN (INV_X1)                          0.02       0.13 f
  Op[1] (out)                              0.00       0.14 f
  data arrival time                                   0.14
  -----------------------------------------------------------
  (Path is unconstrained)


  Startpoint: Ip[0] (input port)
  Endpoint: Op[1] (output port)
  Path Group: (none)
  Path Type: max

  Des/Clust/Port     Wire Load Model       Library
  ------------------------------------------------
  combShifter        5K_hvratio_1_1        NangateOpenCellLibrary

  Point                                    Incr       Path
  -----------------------------------------------------------
  input external delay                     0.00       0.00 f
  Ip[0] (in)                               0.00       0.00 f
  U29/ZN (AOI22_X1)                        0.04       0.04 r
  U28/ZN (INV_X1)                          0.02       0.06 f
  U27/ZN (AOI221_X1)                       0.06       0.12 r
  U26/ZN (INV_X1)                          0.02       0.13 f
  Op[1] (out)                              0.00       0.13 f
  data arrival time                                   0.13
  -----------------------------------------------------------
  (Path is unconstrained)


  Startpoint: shift_mag[1]
              (input port)
  Endpoint: Op[1] (output port)
  Path Group: (none)
  Path Type: max

  Des/Clust/Port     Wire Load Model       Library
  ------------------------------------------------
  combShifter        5K_hvratio_1_1        NangateOpenCellLibrary

  Point                                    Incr       Path
  -----------------------------------------------------------
  input external delay                     0.00       0.00 f
  shift_mag[1] (in)                        0.00       0.00 f
  U29/ZN (AOI22_X1)                        0.04       0.04 r
  U28/ZN (INV_X1)                          0.02       0.06 f
  U27/ZN (AOI221_X1)                       0.05       0.11 r
  U26/ZN (INV_X1)                          0.02       0.13 f
  Op[1] (out)                              0.00       0.13 f
  data arrival time                                   0.13
  -----------------------------------------------------------
  (Path is unconstrained)


  Startpoint: shift_mag[1]
              (input port)
  Endpoint: Op[1] (output port)
  Path Group: (none)
  Path Type: max

  Des/Clust/Port     Wire Load Model       Library
  ------------------------------------------------
  combShifter        5K_hvratio_1_1        NangateOpenCellLibrary

  Point                                    Incr       Path
  -----------------------------------------------------------
  input external delay                     0.00       0.00 f
  shift_mag[1] (in)                        0.00       0.00 f
  U29/ZN (AOI22_X1)                        0.03       0.03 r
  U28/ZN (INV_X1)                          0.02       0.06 f
  U27/ZN (AOI221_X1)                       0.06       0.11 r
  U26/ZN (INV_X1)                          0.02       0.13 f
  Op[1] (out)                              0.00       0.13 f
  data arrival time                                   0.13
  -----------------------------------------------------------
  (Path is unconstrained)


  Startpoint: Ip[0] (input port)
  Endpoint: Op[1] (output port)
  Path Group: (none)
  Path Type: max

  Des/Clust/Port     Wire Load Model       Library
  ------------------------------------------------
  combShifter        5K_hvratio_1_1        NangateOpenCellLibrary

  Point                                    Incr       Path
  -----------------------------------------------------------
  input external delay                     0.00       0.00 f
  Ip[0] (in)                               0.00       0.00 f
  U29/ZN (AOI22_X1)                        0.04       0.04 r
  U28/ZN (INV_X1)                          0.02       0.06 f
  U27/ZN (AOI221_X1)                       0.05       0.11 r
  U26/ZN (INV_X1)                          0.02       0.13 f
  Op[1] (out)                              0.00       0.13 f
  data arrival time                                   0.13
  -----------------------------------------------------------
  (Path is unconstrained)


  Startpoint: shift_mag[1]
              (input port)
  Endpoint: Op[1] (output port)
  Path Group: (none)
  Path Type: max

  Des/Clust/Port     Wire Load Model       Library
  ------------------------------------------------
  combShifter        5K_hvratio_1_1        NangateOpenCellLibrary

  Point                                    Incr       Path
  -----------------------------------------------------------
  input external delay                     0.00       0.00 f
  shift_mag[1] (in)                        0.00       0.00 f
  U29/ZN (AOI22_X1)                        0.03       0.03 r
  U28/ZN (INV_X1)                          0.02       0.06 f
  U27/ZN (AOI221_X1)                       0.05       0.11 r
  U26/ZN (INV_X1)                          0.02       0.12 f
  Op[1] (out)                              0.00       0.13 f
  data arrival time                                   0.13
  -----------------------------------------------------------
  (Path is unconstrained)


  Startpoint: shift_mag[4]
              (input port)
  Endpoint: Op[0] (output port)
  Path Group: (none)
  Path Type: max

  Des/Clust/Port     Wire Load Model       Library
  ------------------------------------------------
  combShifter        5K_hvratio_1_1        NangateOpenCellLibrary

  Point                                    Incr       Path
  -----------------------------------------------------------
  input external delay                     0.00       0.00 f
  shift_mag[4] (in)                        0.00       0.00 f
  U31/ZN (AOI222_X1)                       0.10       0.10 r
  U30/ZN (INV_X1)                          0.02       0.12 f
  Op[0] (out)                              0.00       0.12 f
  data arrival time                                   0.12
  -----------------------------------------------------------
  (Path is unconstrained)


  Startpoint: Ip[2] (input port)
  Endpoint: Op[0] (output port)
  Path Group: (none)
  Path Type: max

  Des/Clust/Port     Wire Load Model       Library
  ------------------------------------------------
  combShifter        5K_hvratio_1_1        NangateOpenCellLibrary

  Point                                    Incr       Path
  -----------------------------------------------------------
  input external delay                     0.00       0.00 f
  Ip[2] (in)                               0.00       0.00 f
  U31/ZN (AOI222_X1)                       0.10       0.10 r
  U30/ZN (INV_X1)                          0.02       0.12 f
  Op[0] (out)                              0.00       0.12 f
  data arrival time                                   0.12
  -----------------------------------------------------------
  (Path is unconstrained)


  Startpoint: shift_mag[2]
              (input port)
  Endpoint: Op[0] (output port)
  Path Group: (none)
  Path Type: max

  Des/Clust/Port     Wire Load Model       Library
  ------------------------------------------------
  combShifter        5K_hvratio_1_1        NangateOpenCellLibrary

  Point                                    Incr       Path
  -----------------------------------------------------------
  input external delay                     0.00       0.00 f
  shift_mag[2] (in)                        0.00       0.00 f
  U31/ZN (AOI222_X1)                       0.10       0.10 r
  U30/ZN (INV_X1)                          0.02       0.11 f
  Op[0] (out)                              0.00       0.12 f
  data arrival time                                   0.12
  -----------------------------------------------------------
  (Path is unconstrained)


  Startpoint: shift_mag[4]
              (input port)
  Endpoint: Op[0] (output port)
  Path Group: (none)
  Path Type: max

  Des/Clust/Port     Wire Load Model       Library
  ------------------------------------------------
  combShifter        5K_hvratio_1_1        NangateOpenCellLibrary

  Point                                    Incr       Path
  -----------------------------------------------------------
  input external delay                     0.00       0.00 f
  shift_mag[4] (in)                        0.00       0.00 f
  U31/ZN (AOI222_X1)                       0.10       0.10 r
  U30/ZN (INV_X1)                          0.02       0.11 f
  Op[0] (out)                              0.00       0.11 f
  data arrival time                                   0.11
  -----------------------------------------------------------
  (Path is unconstrained)


1
