 
****************************************
Report : area
Design : combShifter
Version: P-2019.03
Date   : Tue Apr 26 23:16:15 2022
****************************************

Library(s) Used:

    NangateOpenCellLibrary (File: /afs/andrew.cmu.edu/course/18/743/backend/45nm_Nangate/pdk_v1.3_v2010_12/NangateOpenCellLibrary_PDKv1_3_v2010_12/Front_End/Liberty/NLDM/NangateOpenCellLibrary_typical.db)

Number of ports:                           25
Number of nets:                            58
Number of cells:                           41
Number of combinational cells:             41
Number of sequential cells:                 0
Number of macros/black boxes:               0
Number of buf/inv:                          6
Number of references:                       7

Combinational area:                 51.604001
Buf/Inv area:                        3.192000
Noncombinational area:               0.000000
Macro/Black Box area:                0.000000
Net Interconnect area:      undefined  (Wire load has zero net area)

Total cell area:                    51.604001
Total area:                 undefined

Hierarchical area distribution
------------------------------

                                  Global cell area          Local cell area
                                  ------------------  --------------------------- 
Hierarchical cell                 Absolute   Percent  Combi-    Noncombi-  Black-
                                  Total      Total    national  national   boxes   Design
--------------------------------  ---------  -------  --------  ---------  ------  ---------
combShifter                         51.6040    100.0   51.6040     0.0000  0.0000  combShifter
--------------------------------  ---------  -------  --------  ---------  ------  ---------
Total                                                  51.6040     0.0000  0.0000

1
