 
****************************************
Report : timing
        -path full
        -delay max
        -nworst 100
        -max_paths 100
Design : combShifter
Version: P-2019.03
Date   : Mon Apr 25 16:58:25 2022
****************************************

Operating Conditions: typical   Library: NangateOpenCellLibrary
Wire Load Model Mode: top

  Startpoint: Ip[1] (input port)
  Endpoint: Op[0] (output port)
  Path Group: (none)
  Path Type: max

  Des/Clust/Port     Wire Load Model       Library
  ------------------------------------------------
  combShifter        5K_hvratio_1_1        NangateOpenCellLibrary

  Point                                    Incr       Path
  -----------------------------------------------------------
  input external delay                     0.00       0.00 f
  Ip[1] (in)                               0.00       0.00 f
  U32/ZN (INV_X1)                          0.04       0.04 r
  U31/ZN (OAI22_X1)                        0.04       0.08 f
  U30/ZN (AOI221_X1)                       0.09       0.16 r
  U29/ZN (INV_X1)                          0.02       0.18 f
  Op[0] (out)                              0.00       0.18 f
  data arrival time                                   0.18
  -----------------------------------------------------------
  (Path is unconstrained)


  Startpoint: Ip[1] (input port)
  Endpoint: Op[0] (output port)
  Path Group: (none)
  Path Type: max

  Des/Clust/Port     Wire Load Model       Library
  ------------------------------------------------
  combShifter        5K_hvratio_1_1        NangateOpenCellLibrary

  Point                                    Incr       Path
  -----------------------------------------------------------
  input external delay                     0.00       0.00 f
  Ip[1] (in)                               0.00       0.00 f
  U32/ZN (INV_X1)                          0.04       0.04 r
  U31/ZN (OAI22_X1)                        0.04       0.07 f
  U30/ZN (AOI221_X1)                       0.09       0.16 r
  U29/ZN (INV_X1)                          0.02       0.18 f
  Op[0] (out)                              0.00       0.18 f
  data arrival time                                   0.18
  -----------------------------------------------------------
  (Path is unconstrained)


  Startpoint: Ip[1] (input port)
  Endpoint: Op[0] (output port)
  Path Group: (none)
  Path Type: max

  Des/Clust/Port     Wire Load Model       Library
  ------------------------------------------------
  combShifter        5K_hvratio_1_1        NangateOpenCellLibrary

  Point                                    Incr       Path
  -----------------------------------------------------------
  input external delay                     0.00       0.00 f
  Ip[1] (in)                               0.00       0.00 f
  U32/ZN (INV_X1)                          0.04       0.04 r
  U31/ZN (OAI22_X1)                        0.04       0.07 f
  U30/ZN (AOI221_X1)                       0.09       0.16 r
  U29/ZN (INV_X1)                          0.02       0.17 f
  Op[0] (out)                              0.00       0.18 f
  data arrival time                                   0.18
  -----------------------------------------------------------
  (Path is unconstrained)


  Startpoint: Ip[0] (input port)
  Endpoint: Op[0] (output port)
  Path Group: (none)
  Path Type: max

  Des/Clust/Port     Wire Load Model       Library
  ------------------------------------------------
  combShifter        5K_hvratio_1_1        NangateOpenCellLibrary

  Point                                    Incr       Path
  -----------------------------------------------------------
  input external delay                     0.00       0.00 f
  Ip[0] (in)                               0.00       0.00 f
  U34/ZN (INV_X1)                          0.03       0.03 r
  U31/ZN (OAI22_X1)                        0.04       0.07 f
  U30/ZN (AOI221_X1)                       0.09       0.15 r
  U29/ZN (INV_X1)                          0.02       0.17 f
  Op[0] (out)                              0.00       0.17 f
  data arrival time                                   0.17
  -----------------------------------------------------------
  (Path is unconstrained)


  Startpoint: shift_mag[2]
              (input port)
  Endpoint: Op[3] (output port)
  Path Group: (none)
  Path Type: max

  Des/Clust/Port     Wire Load Model       Library
  ------------------------------------------------
  combShifter        5K_hvratio_1_1        NangateOpenCellLibrary

  Point                                    Incr       Path
  -----------------------------------------------------------
  input external delay                     0.00       0.00 f
  shift_mag[2] (in)                        0.00       0.00 f
  U28/ZN (NOR2_X1)                         0.06       0.06 r
  U21/ZN (INV_X1)                          0.03       0.08 f
  U20/ZN (AOI22_X1)                        0.05       0.13 r
  U19/ZN (OAI211_X1)                       0.04       0.17 f
  Op[3] (out)                              0.00       0.17 f
  data arrival time                                   0.17
  -----------------------------------------------------------
  (Path is unconstrained)


  Startpoint: Ip[1] (input port)
  Endpoint: Op[0] (output port)
  Path Group: (none)
  Path Type: max

  Des/Clust/Port     Wire Load Model       Library
  ------------------------------------------------
  combShifter        5K_hvratio_1_1        NangateOpenCellLibrary

  Point                                    Incr       Path
  -----------------------------------------------------------
  input external delay                     0.00       0.00 f
  Ip[1] (in)                               0.00       0.00 f
  U32/ZN (INV_X1)                          0.04       0.04 r
  U31/ZN (OAI22_X1)                        0.04       0.08 f
  U30/ZN (AOI221_X1)                       0.08       0.15 r
  U29/ZN (INV_X1)                          0.02       0.17 f
  Op[0] (out)                              0.00       0.17 f
  data arrival time                                   0.17
  -----------------------------------------------------------
  (Path is unconstrained)


  Startpoint: Ip[0] (input port)
  Endpoint: Op[0] (output port)
  Path Group: (none)
  Path Type: max

  Des/Clust/Port     Wire Load Model       Library
  ------------------------------------------------
  combShifter        5K_hvratio_1_1        NangateOpenCellLibrary

  Point                                    Incr       Path
  -----------------------------------------------------------
  input external delay                     0.00       0.00 f
  Ip[0] (in)                               0.00       0.00 f
  U34/ZN (INV_X1)                          0.03       0.03 r
  U31/ZN (OAI22_X1)                        0.03       0.07 f
  U30/ZN (AOI221_X1)                       0.09       0.15 r
  U29/ZN (INV_X1)                          0.02       0.17 f
  Op[0] (out)                              0.00       0.17 f
  data arrival time                                   0.17
  -----------------------------------------------------------
  (Path is unconstrained)


  Startpoint: shift_mag[6]
              (input port)
  Endpoint: Op[3] (output port)
  Path Group: (none)
  Path Type: max

  Des/Clust/Port     Wire Load Model       Library
  ------------------------------------------------
  combShifter        5K_hvratio_1_1        NangateOpenCellLibrary

  Point                                    Incr       Path
  -----------------------------------------------------------
  input external delay                     0.00       0.00 f
  shift_mag[6] (in)                        0.00       0.00 f
  U28/ZN (NOR2_X1)                         0.06       0.06 r
  U21/ZN (INV_X1)                          0.03       0.08 f
  U20/ZN (AOI22_X1)                        0.05       0.13 r
  U19/ZN (OAI211_X1)                       0.04       0.17 f
  Op[3] (out)                              0.00       0.17 f
  data arrival time                                   0.17
  -----------------------------------------------------------
  (Path is unconstrained)


  Startpoint: Ip[1] (input port)
  Endpoint: Op[0] (output port)
  Path Group: (none)
  Path Type: max

  Des/Clust/Port     Wire Load Model       Library
  ------------------------------------------------
  combShifter        5K_hvratio_1_1        NangateOpenCellLibrary

  Point                                    Incr       Path
  -----------------------------------------------------------
  input external delay                     0.00       0.00 f
  Ip[1] (in)                               0.00       0.00 f
  U32/ZN (INV_X1)                          0.04       0.04 r
  U31/ZN (OAI22_X1)                        0.04       0.07 f
  U30/ZN (AOI221_X1)                       0.08       0.15 r
  U29/ZN (INV_X1)                          0.02       0.17 f
  Op[0] (out)                              0.00       0.17 f
  data arrival time                                   0.17
  -----------------------------------------------------------
  (Path is unconstrained)


  Startpoint: shift_mag[2]
              (input port)
  Endpoint: Op[3] (output port)
  Path Group: (none)
  Path Type: max

  Des/Clust/Port     Wire Load Model       Library
  ------------------------------------------------
  combShifter        5K_hvratio_1_1        NangateOpenCellLibrary

  Point                                    Incr       Path
  -----------------------------------------------------------
  input external delay                     0.00       0.00 f
  shift_mag[2] (in)                        0.00       0.00 f
  U28/ZN (NOR2_X1)                         0.06       0.06 r
  U21/ZN (INV_X1)                          0.03       0.08 f
  U20/ZN (AOI22_X1)                        0.05       0.13 r
  U19/ZN (OAI211_X1)                       0.03       0.17 f
  Op[3] (out)                              0.00       0.17 f
  data arrival time                                   0.17
  -----------------------------------------------------------
  (Path is unconstrained)


  Startpoint: Ip[1] (input port)
  Endpoint: Op[0] (output port)
  Path Group: (none)
  Path Type: max

  Des/Clust/Port     Wire Load Model       Library
  ------------------------------------------------
  combShifter        5K_hvratio_1_1        NangateOpenCellLibrary

  Point                                    Incr       Path
  -----------------------------------------------------------
  input external delay                     0.00       0.00 f
  Ip[1] (in)                               0.00       0.00 f
  U32/ZN (INV_X1)                          0.04       0.04 r
  U31/ZN (OAI22_X1)                        0.04       0.07 f
  U30/ZN (AOI221_X1)                       0.08       0.15 r
  U29/ZN (INV_X1)                          0.02       0.17 f
  Op[0] (out)                              0.00       0.17 f
  data arrival time                                   0.17
  -----------------------------------------------------------
  (Path is unconstrained)


  Startpoint: Ip[0] (input port)
  Endpoint: Op[0] (output port)
  Path Group: (none)
  Path Type: max

  Des/Clust/Port     Wire Load Model       Library
  ------------------------------------------------
  combShifter        5K_hvratio_1_1        NangateOpenCellLibrary

  Point                                    Incr       Path
  -----------------------------------------------------------
  input external delay                     0.00       0.00 f
  Ip[0] (in)                               0.00       0.00 f
  U34/ZN (INV_X1)                          0.03       0.03 r
  U31/ZN (OAI22_X1)                        0.03       0.06 f
  U30/ZN (AOI221_X1)                       0.09       0.15 r
  U29/ZN (INV_X1)                          0.02       0.17 f
  Op[0] (out)                              0.00       0.17 f
  data arrival time                                   0.17
  -----------------------------------------------------------
  (Path is unconstrained)


  Startpoint: shift_mag[2]
              (input port)
  Endpoint: Op[3] (output port)
  Path Group: (none)
  Path Type: max

  Des/Clust/Port     Wire Load Model       Library
  ------------------------------------------------
  combShifter        5K_hvratio_1_1        NangateOpenCellLibrary

  Point                                    Incr       Path
  -----------------------------------------------------------
  input external delay                     0.00       0.00 f
  shift_mag[2] (in)                        0.00       0.00 f
  U28/ZN (NOR2_X1)                         0.06       0.06 r
  U21/ZN (INV_X1)                          0.03       0.08 f
  U20/ZN (AOI22_X1)                        0.05       0.13 r
  U19/ZN (OAI211_X1)                       0.03       0.17 f
  Op[3] (out)                              0.00       0.17 f
  data arrival time                                   0.17
  -----------------------------------------------------------
  (Path is unconstrained)


  Startpoint: shift_mag[2]
              (input port)
  Endpoint: Op[3] (output port)
  Path Group: (none)
  Path Type: max

  Des/Clust/Port     Wire Load Model       Library
  ------------------------------------------------
  combShifter        5K_hvratio_1_1        NangateOpenCellLibrary

  Point                                    Incr       Path
  -----------------------------------------------------------
  input external delay                     0.00       0.00 f
  shift_mag[2] (in)                        0.00       0.00 f
  U28/ZN (NOR2_X1)                         0.06       0.06 r
  U21/ZN (INV_X1)                          0.03       0.08 f
  U20/ZN (AOI22_X1)                        0.04       0.13 r
  U19/ZN (OAI211_X1)                       0.04       0.17 f
  Op[3] (out)                              0.00       0.17 f
  data arrival time                                   0.17
  -----------------------------------------------------------
  (Path is unconstrained)


  Startpoint: Ip[1] (input port)
  Endpoint: Op[0] (output port)
  Path Group: (none)
  Path Type: max

  Des/Clust/Port     Wire Load Model       Library
  ------------------------------------------------
  combShifter        5K_hvratio_1_1        NangateOpenCellLibrary

  Point                                    Incr       Path
  -----------------------------------------------------------
  input external delay                     0.00       0.00 f
  Ip[1] (in)                               0.00       0.00 f
  U32/ZN (INV_X1)                          0.04       0.04 r
  U31/ZN (OAI22_X1)                        0.04       0.08 f
  U30/ZN (AOI221_X1)                       0.07       0.15 r
  U29/ZN (INV_X1)                          0.02       0.16 f
  Op[0] (out)                              0.00       0.17 f
  data arrival time                                   0.17
  -----------------------------------------------------------
  (Path is unconstrained)


  Startpoint: shift_mag[6]
              (input port)
  Endpoint: Op[3] (output port)
  Path Group: (none)
  Path Type: max

  Des/Clust/Port     Wire Load Model       Library
  ------------------------------------------------
  combShifter        5K_hvratio_1_1        NangateOpenCellLibrary

  Point                                    Incr       Path
  -----------------------------------------------------------
  input external delay                     0.00       0.00 f
  shift_mag[6] (in)                        0.00       0.00 f
  U28/ZN (NOR2_X1)                         0.06       0.06 r
  U21/ZN (INV_X1)                          0.03       0.08 f
  U20/ZN (AOI22_X1)                        0.05       0.13 r
  U19/ZN (OAI211_X1)                       0.03       0.16 f
  Op[3] (out)                              0.00       0.17 f
  data arrival time                                   0.17
  -----------------------------------------------------------
  (Path is unconstrained)


  Startpoint: shift_mag[3]
              (input port)
  Endpoint: Op[0] (output port)
  Path Group: (none)
  Path Type: max

  Des/Clust/Port     Wire Load Model       Library
  ------------------------------------------------
  combShifter        5K_hvratio_1_1        NangateOpenCellLibrary

  Point                                    Incr       Path
  -----------------------------------------------------------
  input external delay                     0.00       0.00 f
  shift_mag[3] (in)                        0.00       0.00 f
  U35/ZN (INV_X1)                          0.03       0.03 r
  U31/ZN (OAI22_X1)                        0.03       0.06 f
  U30/ZN (AOI221_X1)                       0.09       0.15 r
  U29/ZN (INV_X1)                          0.02       0.16 f
  Op[0] (out)                              0.00       0.16 f
  data arrival time                                   0.16
  -----------------------------------------------------------
  (Path is unconstrained)


  Startpoint: Ip[0] (input port)
  Endpoint: Op[0] (output port)
  Path Group: (none)
  Path Type: max

  Des/Clust/Port     Wire Load Model       Library
  ------------------------------------------------
  combShifter        5K_hvratio_1_1        NangateOpenCellLibrary

  Point                                    Incr       Path
  -----------------------------------------------------------
  input external delay                     0.00       0.00 f
  Ip[0] (in)                               0.00       0.00 f
  U34/ZN (INV_X1)                          0.03       0.03 r
  U31/ZN (OAI22_X1)                        0.04       0.07 f
  U30/ZN (AOI221_X1)                       0.08       0.15 r
  U29/ZN (INV_X1)                          0.02       0.16 f
  Op[0] (out)                              0.00       0.16 f
  data arrival time                                   0.16
  -----------------------------------------------------------
  (Path is unconstrained)


  Startpoint: shift_mag[6]
              (input port)
  Endpoint: Op[3] (output port)
  Path Group: (none)
  Path Type: max

  Des/Clust/Port     Wire Load Model       Library
  ------------------------------------------------
  combShifter        5K_hvratio_1_1        NangateOpenCellLibrary

  Point                                    Incr       Path
  -----------------------------------------------------------
  input external delay                     0.00       0.00 f
  shift_mag[6] (in)                        0.00       0.00 f
  U28/ZN (NOR2_X1)                         0.06       0.06 r
  U21/ZN (INV_X1)                          0.03       0.08 f
  U20/ZN (AOI22_X1)                        0.05       0.13 r
  U19/ZN (OAI211_X1)                       0.03       0.16 f
  Op[3] (out)                              0.00       0.16 f
  data arrival time                                   0.16
  -----------------------------------------------------------
  (Path is unconstrained)


  Startpoint: shift_mag[6]
              (input port)
  Endpoint: Op[3] (output port)
  Path Group: (none)
  Path Type: max

  Des/Clust/Port     Wire Load Model       Library
  ------------------------------------------------
  combShifter        5K_hvratio_1_1        NangateOpenCellLibrary

  Point                                    Incr       Path
  -----------------------------------------------------------
  input external delay                     0.00       0.00 f
  shift_mag[6] (in)                        0.00       0.00 f
  U28/ZN (NOR2_X1)                         0.06       0.06 r
  U21/ZN (INV_X1)                          0.03       0.08 f
  U20/ZN (AOI22_X1)                        0.04       0.12 r
  U19/ZN (OAI211_X1)                       0.04       0.16 f
  Op[3] (out)                              0.00       0.16 f
  data arrival time                                   0.16
  -----------------------------------------------------------
  (Path is unconstrained)


  Startpoint: Ip[1] (input port)
  Endpoint: Op[0] (output port)
  Path Group: (none)
  Path Type: max

  Des/Clust/Port     Wire Load Model       Library
  ------------------------------------------------
  combShifter        5K_hvratio_1_1        NangateOpenCellLibrary

  Point                                    Incr       Path
  -----------------------------------------------------------
  input external delay                     0.00       0.00 f
  Ip[1] (in)                               0.00       0.00 f
  U32/ZN (INV_X1)                          0.04       0.04 r
  U31/ZN (OAI22_X1)                        0.04       0.08 f
  U30/ZN (AOI221_X1)                       0.07       0.14 r
  U29/ZN (INV_X1)                          0.02       0.16 f
  Op[0] (out)                              0.00       0.16 f
  data arrival time                                   0.16
  -----------------------------------------------------------
  (Path is unconstrained)


  Startpoint: Ip[1] (input port)
  Endpoint: Op[0] (output port)
  Path Group: (none)
  Path Type: max

  Des/Clust/Port     Wire Load Model       Library
  ------------------------------------------------
  combShifter        5K_hvratio_1_1        NangateOpenCellLibrary

  Point                                    Incr       Path
  -----------------------------------------------------------
  input external delay                     0.00       0.00 f
  Ip[1] (in)                               0.00       0.00 f
  U32/ZN (INV_X1)                          0.04       0.04 r
  U31/ZN (OAI22_X1)                        0.04       0.07 f
  U30/ZN (AOI221_X1)                       0.07       0.14 r
  U29/ZN (INV_X1)                          0.02       0.16 f
  Op[0] (out)                              0.00       0.16 f
  data arrival time                                   0.16
  -----------------------------------------------------------
  (Path is unconstrained)


  Startpoint: shift_mag[2]
              (input port)
  Endpoint: Op[3] (output port)
  Path Group: (none)
  Path Type: max

  Des/Clust/Port     Wire Load Model       Library
  ------------------------------------------------
  combShifter        5K_hvratio_1_1        NangateOpenCellLibrary

  Point                                    Incr       Path
  -----------------------------------------------------------
  input external delay                     0.00       0.00 f
  shift_mag[2] (in)                        0.00       0.00 f
  U28/ZN (NOR2_X1)                         0.06       0.06 r
  U21/ZN (INV_X1)                          0.03       0.08 f
  U20/ZN (AOI22_X1)                        0.04       0.13 r
  U19/ZN (OAI211_X1)                       0.03       0.16 f
  Op[3] (out)                              0.00       0.16 f
  data arrival time                                   0.16
  -----------------------------------------------------------
  (Path is unconstrained)


  Startpoint: shift_mag[2]
              (input port)
  Endpoint: Op[3] (output port)
  Path Group: (none)
  Path Type: max

  Des/Clust/Port     Wire Load Model       Library
  ------------------------------------------------
  combShifter        5K_hvratio_1_1        NangateOpenCellLibrary

  Point                                    Incr       Path
  -----------------------------------------------------------
  input external delay                     0.00       0.00 f
  shift_mag[2] (in)                        0.00       0.00 f
  U28/ZN (NOR2_X1)                         0.06       0.06 r
  U21/ZN (INV_X1)                          0.03       0.08 f
  U20/ZN (AOI22_X1)                        0.04       0.13 r
  U19/ZN (OAI211_X1)                       0.03       0.16 f
  Op[3] (out)                              0.00       0.16 f
  data arrival time                                   0.16
  -----------------------------------------------------------
  (Path is unconstrained)


  Startpoint: shift_mag[3]
              (input port)
  Endpoint: Op[0] (output port)
  Path Group: (none)
  Path Type: max

  Des/Clust/Port     Wire Load Model       Library
  ------------------------------------------------
  combShifter        5K_hvratio_1_1        NangateOpenCellLibrary

  Point                                    Incr       Path
  -----------------------------------------------------------
  input external delay                     0.00       0.00 f
  shift_mag[3] (in)                        0.00       0.00 f
  U35/ZN (INV_X1)                          0.03       0.03 r
  U31/ZN (OAI22_X1)                        0.03       0.06 f
  U30/ZN (AOI221_X1)                       0.09       0.14 r
  U29/ZN (INV_X1)                          0.02       0.16 f
  Op[0] (out)                              0.00       0.16 f
  data arrival time                                   0.16
  -----------------------------------------------------------
  (Path is unconstrained)


  Startpoint: Ip[0] (input port)
  Endpoint: Op[0] (output port)
  Path Group: (none)
  Path Type: max

  Des/Clust/Port     Wire Load Model       Library
  ------------------------------------------------
  combShifter        5K_hvratio_1_1        NangateOpenCellLibrary

  Point                                    Incr       Path
  -----------------------------------------------------------
  input external delay                     0.00       0.00 f
  Ip[0] (in)                               0.00       0.00 f
  U34/ZN (INV_X1)                          0.03       0.03 r
  U31/ZN (OAI22_X1)                        0.03       0.07 f
  U30/ZN (AOI221_X1)                       0.08       0.14 r
  U29/ZN (INV_X1)                          0.02       0.16 f
  Op[0] (out)                              0.00       0.16 f
  data arrival time                                   0.16
  -----------------------------------------------------------
  (Path is unconstrained)


  Startpoint: Ip[1] (input port)
  Endpoint: Op[0] (output port)
  Path Group: (none)
  Path Type: max

  Des/Clust/Port     Wire Load Model       Library
  ------------------------------------------------
  combShifter        5K_hvratio_1_1        NangateOpenCellLibrary

  Point                                    Incr       Path
  -----------------------------------------------------------
  input external delay                     0.00       0.00 f
  Ip[1] (in)                               0.00       0.00 f
  U32/ZN (INV_X1)                          0.04       0.04 r
  U31/ZN (OAI22_X1)                        0.04       0.07 f
  U30/ZN (AOI221_X1)                       0.07       0.14 r
  U29/ZN (INV_X1)                          0.02       0.16 f
  Op[0] (out)                              0.00       0.16 f
  data arrival time                                   0.16
  -----------------------------------------------------------
  (Path is unconstrained)


  Startpoint: Ip[1] (input port)
  Endpoint: Op[0] (output port)
  Path Group: (none)
  Path Type: max

  Des/Clust/Port     Wire Load Model       Library
  ------------------------------------------------
  combShifter        5K_hvratio_1_1        NangateOpenCellLibrary

  Point                                    Incr       Path
  -----------------------------------------------------------
  input external delay                     0.00       0.00 f
  Ip[1] (in)                               0.00       0.00 f
  U32/ZN (INV_X1)                          0.04       0.04 r
  U31/ZN (OAI22_X1)                        0.04       0.08 f
  U30/ZN (AOI221_X1)                       0.07       0.14 r
  U29/ZN (INV_X1)                          0.02       0.16 f
  Op[0] (out)                              0.00       0.16 f
  data arrival time                                   0.16
  -----------------------------------------------------------
  (Path is unconstrained)


  Startpoint: Ip[1] (input port)
  Endpoint: Op[0] (output port)
  Path Group: (none)
  Path Type: max

  Des/Clust/Port     Wire Load Model       Library
  ------------------------------------------------
  combShifter        5K_hvratio_1_1        NangateOpenCellLibrary

  Point                                    Incr       Path
  -----------------------------------------------------------
  input external delay                     0.00       0.00 f
  Ip[1] (in)                               0.00       0.00 f
  U32/ZN (INV_X1)                          0.04       0.04 r
  U31/ZN (OAI22_X1)                        0.04       0.07 f
  U30/ZN (AOI221_X1)                       0.07       0.14 r
  U29/ZN (INV_X1)                          0.02       0.16 f
  Op[0] (out)                              0.00       0.16 f
  data arrival time                                   0.16
  -----------------------------------------------------------
  (Path is unconstrained)


  Startpoint: shift_mag[2]
              (input port)
  Endpoint: Op[3] (output port)
  Path Group: (none)
  Path Type: max

  Des/Clust/Port     Wire Load Model       Library
  ------------------------------------------------
  combShifter        5K_hvratio_1_1        NangateOpenCellLibrary

  Point                                    Incr       Path
  -----------------------------------------------------------
  input external delay                     0.00       0.00 f
  shift_mag[2] (in)                        0.00       0.00 f
  U28/ZN (NOR2_X1)                         0.06       0.06 r
  U21/ZN (INV_X1)                          0.03       0.08 f
  U20/ZN (AOI22_X1)                        0.04       0.12 r
  U19/ZN (OAI211_X1)                       0.04       0.16 f
  Op[3] (out)                              0.00       0.16 f
  data arrival time                                   0.16
  -----------------------------------------------------------
  (Path is unconstrained)


  Startpoint: shift_mag[4]
              (input port)
  Endpoint: Op[0] (output port)
  Path Group: (none)
  Path Type: max

  Des/Clust/Port     Wire Load Model       Library
  ------------------------------------------------
  combShifter        5K_hvratio_1_1        NangateOpenCellLibrary

  Point                                    Incr       Path
  -----------------------------------------------------------
  input external delay                     0.00       0.00 f
  shift_mag[4] (in)                        0.00       0.00 f
  U33/ZN (INV_X1)                          0.03       0.03 r
  U31/ZN (OAI22_X1)                        0.03       0.06 f
  U30/ZN (AOI221_X1)                       0.09       0.14 r
  U29/ZN (INV_X1)                          0.02       0.16 f
  Op[0] (out)                              0.00       0.16 f
  data arrival time                                   0.16
  -----------------------------------------------------------
  (Path is unconstrained)


  Startpoint: shift_mag[6]
              (input port)
  Endpoint: Op[3] (output port)
  Path Group: (none)
  Path Type: max

  Des/Clust/Port     Wire Load Model       Library
  ------------------------------------------------
  combShifter        5K_hvratio_1_1        NangateOpenCellLibrary

  Point                                    Incr       Path
  -----------------------------------------------------------
  input external delay                     0.00       0.00 f
  shift_mag[6] (in)                        0.00       0.00 f
  U28/ZN (NOR2_X1)                         0.06       0.06 r
  U21/ZN (INV_X1)                          0.03       0.08 f
  U20/ZN (AOI22_X1)                        0.04       0.12 r
  U19/ZN (OAI211_X1)                       0.03       0.16 f
  Op[3] (out)                              0.00       0.16 f
  data arrival time                                   0.16
  -----------------------------------------------------------
  (Path is unconstrained)


  Startpoint: shift_mag[3]
              (input port)
  Endpoint: Op[0] (output port)
  Path Group: (none)
  Path Type: max

  Des/Clust/Port     Wire Load Model       Library
  ------------------------------------------------
  combShifter        5K_hvratio_1_1        NangateOpenCellLibrary

  Point                                    Incr       Path
  -----------------------------------------------------------
  input external delay                     0.00       0.00 f
  shift_mag[3] (in)                        0.00       0.00 f
  U35/ZN (INV_X1)                          0.03       0.03 r
  U31/ZN (OAI22_X1)                        0.03       0.06 f
  U30/ZN (AOI221_X1)                       0.09       0.14 r
  U29/ZN (INV_X1)                          0.02       0.16 f
  Op[0] (out)                              0.00       0.16 f
  data arrival time                                   0.16
  -----------------------------------------------------------
  (Path is unconstrained)


  Startpoint: Ip[1] (input port)
  Endpoint: Op[0] (output port)
  Path Group: (none)
  Path Type: max

  Des/Clust/Port     Wire Load Model       Library
  ------------------------------------------------
  combShifter        5K_hvratio_1_1        NangateOpenCellLibrary

  Point                                    Incr       Path
  -----------------------------------------------------------
  input external delay                     0.00       0.00 f
  Ip[1] (in)                               0.00       0.00 f
  U32/ZN (INV_X1)                          0.04       0.04 r
  U31/ZN (OAI22_X1)                        0.04       0.07 f
  U30/ZN (AOI221_X1)                       0.07       0.14 r
  U29/ZN (INV_X1)                          0.02       0.16 f
  Op[0] (out)                              0.00       0.16 f
  data arrival time                                   0.16
  -----------------------------------------------------------
  (Path is unconstrained)


  Startpoint: Ip[0] (input port)
  Endpoint: Op[0] (output port)
  Path Group: (none)
  Path Type: max

  Des/Clust/Port     Wire Load Model       Library
  ------------------------------------------------
  combShifter        5K_hvratio_1_1        NangateOpenCellLibrary

  Point                                    Incr       Path
  -----------------------------------------------------------
  input external delay                     0.00       0.00 f
  Ip[0] (in)                               0.00       0.00 f
  U34/ZN (INV_X1)                          0.03       0.03 r
  U31/ZN (OAI22_X1)                        0.03       0.06 f
  U30/ZN (AOI221_X1)                       0.08       0.14 r
  U29/ZN (INV_X1)                          0.02       0.16 f
  Op[0] (out)                              0.00       0.16 f
  data arrival time                                   0.16
  -----------------------------------------------------------
  (Path is unconstrained)


  Startpoint: shift_mag[6]
              (input port)
  Endpoint: Op[3] (output port)
  Path Group: (none)
  Path Type: max

  Des/Clust/Port     Wire Load Model       Library
  ------------------------------------------------
  combShifter        5K_hvratio_1_1        NangateOpenCellLibrary

  Point                                    Incr       Path
  -----------------------------------------------------------
  input external delay                     0.00       0.00 f
  shift_mag[6] (in)                        0.00       0.00 f
  U28/ZN (NOR2_X1)                         0.06       0.06 r
  U21/ZN (INV_X1)                          0.03       0.08 f
  U20/ZN (AOI22_X1)                        0.04       0.12 r
  U19/ZN (OAI211_X1)                       0.03       0.16 f
  Op[3] (out)                              0.00       0.16 f
  data arrival time                                   0.16
  -----------------------------------------------------------
  (Path is unconstrained)


  Startpoint: Ip[1] (input port)
  Endpoint: Op[0] (output port)
  Path Group: (none)
  Path Type: max

  Des/Clust/Port     Wire Load Model       Library
  ------------------------------------------------
  combShifter        5K_hvratio_1_1        NangateOpenCellLibrary

  Point                                    Incr       Path
  -----------------------------------------------------------
  input external delay                     0.00       0.00 f
  Ip[1] (in)                               0.00       0.00 f
  U32/ZN (INV_X1)                          0.04       0.04 r
  U31/ZN (OAI22_X1)                        0.04       0.08 f
  U30/ZN (AOI221_X1)                       0.06       0.14 r
  U29/ZN (INV_X1)                          0.02       0.16 f
  Op[0] (out)                              0.00       0.16 f
  data arrival time                                   0.16
  -----------------------------------------------------------
  (Path is unconstrained)


  Startpoint: Ip[1] (input port)
  Endpoint: Op[0] (output port)
  Path Group: (none)
  Path Type: max

  Des/Clust/Port     Wire Load Model       Library
  ------------------------------------------------
  combShifter        5K_hvratio_1_1        NangateOpenCellLibrary

  Point                                    Incr       Path
  -----------------------------------------------------------
  input external delay                     0.00       0.00 f
  Ip[1] (in)                               0.00       0.00 f
  U32/ZN (INV_X1)                          0.04       0.04 r
  U31/ZN (OAI22_X1)                        0.04       0.07 f
  U30/ZN (AOI221_X1)                       0.07       0.14 r
  U29/ZN (INV_X1)                          0.02       0.16 f
  Op[0] (out)                              0.00       0.16 f
  data arrival time                                   0.16
  -----------------------------------------------------------
  (Path is unconstrained)


  Startpoint: Ip[0] (input port)
  Endpoint: Op[0] (output port)
  Path Group: (none)
  Path Type: max

  Des/Clust/Port     Wire Load Model       Library
  ------------------------------------------------
  combShifter        5K_hvratio_1_1        NangateOpenCellLibrary

  Point                                    Incr       Path
  -----------------------------------------------------------
  input external delay                     0.00       0.00 f
  Ip[0] (in)                               0.00       0.00 f
  U34/ZN (INV_X1)                          0.03       0.03 r
  U31/ZN (OAI22_X1)                        0.04       0.07 f
  U30/ZN (AOI221_X1)                       0.07       0.14 r
  U29/ZN (INV_X1)                          0.02       0.16 f
  Op[0] (out)                              0.00       0.16 f
  data arrival time                                   0.16
  -----------------------------------------------------------
  (Path is unconstrained)


  Startpoint: shift_mag[6]
              (input port)
  Endpoint: Op[3] (output port)
  Path Group: (none)
  Path Type: max

  Des/Clust/Port     Wire Load Model       Library
  ------------------------------------------------
  combShifter        5K_hvratio_1_1        NangateOpenCellLibrary

  Point                                    Incr       Path
  -----------------------------------------------------------
  input external delay                     0.00       0.00 f
  shift_mag[6] (in)                        0.00       0.00 f
  U28/ZN (NOR2_X1)                         0.06       0.06 r
  U21/ZN (INV_X1)                          0.03       0.08 f
  U20/ZN (AOI22_X1)                        0.04       0.12 r
  U19/ZN (OAI211_X1)                       0.04       0.16 f
  Op[3] (out)                              0.00       0.16 f
  data arrival time                                   0.16
  -----------------------------------------------------------
  (Path is unconstrained)


  Startpoint: shift_mag[4]
              (input port)
  Endpoint: Op[0] (output port)
  Path Group: (none)
  Path Type: max

  Des/Clust/Port     Wire Load Model       Library
  ------------------------------------------------
  combShifter        5K_hvratio_1_1        NangateOpenCellLibrary

  Point                                    Incr       Path
  -----------------------------------------------------------
  input external delay                     0.00       0.00 f
  shift_mag[4] (in)                        0.00       0.00 f
  U33/ZN (INV_X1)                          0.03       0.03 r
  U31/ZN (OAI22_X1)                        0.03       0.05 f
  U30/ZN (AOI221_X1)                       0.09       0.14 r
  U29/ZN (INV_X1)                          0.02       0.16 f
  Op[0] (out)                              0.00       0.16 f
  data arrival time                                   0.16
  -----------------------------------------------------------
  (Path is unconstrained)


  Startpoint: Ip[1] (input port)
  Endpoint: Op[0] (output port)
  Path Group: (none)
  Path Type: max

  Des/Clust/Port     Wire Load Model       Library
  ------------------------------------------------
  combShifter        5K_hvratio_1_1        NangateOpenCellLibrary

  Point                                    Incr       Path
  -----------------------------------------------------------
  input external delay                     0.00       0.00 f
  Ip[1] (in)                               0.00       0.00 f
  U32/ZN (INV_X1)                          0.04       0.04 r
  U31/ZN (OAI22_X1)                        0.04       0.07 f
  U30/ZN (AOI221_X1)                       0.07       0.14 r
  U29/ZN (INV_X1)                          0.02       0.15 f
  Op[0] (out)                              0.00       0.16 f
  data arrival time                                   0.16
  -----------------------------------------------------------
  (Path is unconstrained)


  Startpoint: shift_mag[2]
              (input port)
  Endpoint: Op[3] (output port)
  Path Group: (none)
  Path Type: max

  Des/Clust/Port     Wire Load Model       Library
  ------------------------------------------------
  combShifter        5K_hvratio_1_1        NangateOpenCellLibrary

  Point                                    Incr       Path
  -----------------------------------------------------------
  input external delay                     0.00       0.00 f
  shift_mag[2] (in)                        0.00       0.00 f
  U28/ZN (NOR2_X1)                         0.06       0.06 r
  U21/ZN (INV_X1)                          0.03       0.08 f
  U20/ZN (AOI22_X1)                        0.04       0.12 r
  U19/ZN (OAI211_X1)                       0.03       0.15 f
  Op[3] (out)                              0.00       0.16 f
  data arrival time                                   0.16
  -----------------------------------------------------------
  (Path is unconstrained)


  Startpoint: shift_mag[3]
              (input port)
  Endpoint: Op[0] (output port)
  Path Group: (none)
  Path Type: max

  Des/Clust/Port     Wire Load Model       Library
  ------------------------------------------------
  combShifter        5K_hvratio_1_1        NangateOpenCellLibrary

  Point                                    Incr       Path
  -----------------------------------------------------------
  input external delay                     0.00       0.00 f
  shift_mag[3] (in)                        0.00       0.00 f
  U35/ZN (INV_X1)                          0.03       0.03 r
  U31/ZN (OAI22_X1)                        0.03       0.06 f
  U30/ZN (AOI221_X1)                       0.08       0.14 r
  U29/ZN (INV_X1)                          0.02       0.15 f
  Op[0] (out)                              0.00       0.16 f
  data arrival time                                   0.16
  -----------------------------------------------------------
  (Path is unconstrained)


  Startpoint: Ip[0] (input port)
  Endpoint: Op[0] (output port)
  Path Group: (none)
  Path Type: max

  Des/Clust/Port     Wire Load Model       Library
  ------------------------------------------------
  combShifter        5K_hvratio_1_1        NangateOpenCellLibrary

  Point                                    Incr       Path
  -----------------------------------------------------------
  input external delay                     0.00       0.00 f
  Ip[0] (in)                               0.00       0.00 f
  U34/ZN (INV_X1)                          0.03       0.03 r
  U31/ZN (OAI22_X1)                        0.04       0.07 f
  U30/ZN (AOI221_X1)                       0.07       0.14 r
  U29/ZN (INV_X1)                          0.02       0.15 f
  Op[0] (out)                              0.00       0.16 f
  data arrival time                                   0.16
  -----------------------------------------------------------
  (Path is unconstrained)


  Startpoint: Ip[1] (input port)
  Endpoint: Op[0] (output port)
  Path Group: (none)
  Path Type: max

  Des/Clust/Port     Wire Load Model       Library
  ------------------------------------------------
  combShifter        5K_hvratio_1_1        NangateOpenCellLibrary

  Point                                    Incr       Path
  -----------------------------------------------------------
  input external delay                     0.00       0.00 f
  Ip[1] (in)                               0.00       0.00 f
  U32/ZN (INV_X1)                          0.04       0.04 r
  U31/ZN (OAI22_X1)                        0.04       0.07 f
  U30/ZN (AOI221_X1)                       0.06       0.14 r
  U29/ZN (INV_X1)                          0.02       0.15 f
  Op[0] (out)                              0.00       0.16 f
  data arrival time                                   0.16
  -----------------------------------------------------------
  (Path is unconstrained)


  Startpoint: shift_mag[4]
              (input port)
  Endpoint: Op[0] (output port)
  Path Group: (none)
  Path Type: max

  Des/Clust/Port     Wire Load Model       Library
  ------------------------------------------------
  combShifter        5K_hvratio_1_1        NangateOpenCellLibrary

  Point                                    Incr       Path
  -----------------------------------------------------------
  input external delay                     0.00       0.00 f
  shift_mag[4] (in)                        0.00       0.00 f
  U33/ZN (INV_X1)                          0.03       0.03 r
  U31/ZN (OAI22_X1)                        0.03       0.05 f
  U30/ZN (AOI221_X1)                       0.09       0.14 r
  U29/ZN (INV_X1)                          0.02       0.15 f
  Op[0] (out)                              0.00       0.16 f
  data arrival time                                   0.16
  -----------------------------------------------------------
  (Path is unconstrained)


  Startpoint: Ip[0] (input port)
  Endpoint: Op[0] (output port)
  Path Group: (none)
  Path Type: max

  Des/Clust/Port     Wire Load Model       Library
  ------------------------------------------------
  combShifter        5K_hvratio_1_1        NangateOpenCellLibrary

  Point                                    Incr       Path
  -----------------------------------------------------------
  input external delay                     0.00       0.00 f
  Ip[0] (in)                               0.00       0.00 f
  U34/ZN (INV_X1)                          0.03       0.03 r
  U31/ZN (OAI22_X1)                        0.03       0.07 f
  U30/ZN (AOI221_X1)                       0.07       0.14 r
  U29/ZN (INV_X1)                          0.02       0.15 f
  Op[0] (out)                              0.00       0.16 f
  data arrival time                                   0.16
  -----------------------------------------------------------
  (Path is unconstrained)


  Startpoint: shift_mag[2]
              (input port)
  Endpoint: Op[3] (output port)
  Path Group: (none)
  Path Type: max

  Des/Clust/Port     Wire Load Model       Library
  ------------------------------------------------
  combShifter        5K_hvratio_1_1        NangateOpenCellLibrary

  Point                                    Incr       Path
  -----------------------------------------------------------
  input external delay                     0.00       0.00 f
  shift_mag[2] (in)                        0.00       0.00 f
  U28/ZN (NOR2_X1)                         0.06       0.06 r
  U21/ZN (INV_X1)                          0.03       0.08 f
  U20/ZN (AOI22_X1)                        0.04       0.12 r
  U19/ZN (OAI211_X1)                       0.03       0.15 f
  Op[3] (out)                              0.00       0.16 f
  data arrival time                                   0.16
  -----------------------------------------------------------
  (Path is unconstrained)


  Startpoint: Ip[1] (input port)
  Endpoint: Op[0] (output port)
  Path Group: (none)
  Path Type: max

  Des/Clust/Port     Wire Load Model       Library
  ------------------------------------------------
  combShifter        5K_hvratio_1_1        NangateOpenCellLibrary

  Point                                    Incr       Path
  -----------------------------------------------------------
  input external delay                     0.00       0.00 f
  Ip[1] (in)                               0.00       0.00 f
  U32/ZN (INV_X1)                          0.04       0.04 r
  U31/ZN (OAI22_X1)                        0.04       0.08 f
  U30/ZN (AOI221_X1)                       0.06       0.14 r
  U29/ZN (INV_X1)                          0.02       0.15 f
  Op[0] (out)                              0.00       0.15 f
  data arrival time                                   0.15
  -----------------------------------------------------------
  (Path is unconstrained)


  Startpoint: Ip[1] (input port)
  Endpoint: Op[0] (output port)
  Path Group: (none)
  Path Type: max

  Des/Clust/Port     Wire Load Model       Library
  ------------------------------------------------
  combShifter        5K_hvratio_1_1        NangateOpenCellLibrary

  Point                                    Incr       Path
  -----------------------------------------------------------
  input external delay                     0.00       0.00 f
  Ip[1] (in)                               0.00       0.00 f
  U32/ZN (INV_X1)                          0.04       0.04 r
  U31/ZN (OAI22_X1)                        0.04       0.07 f
  U30/ZN (AOI221_X1)                       0.06       0.13 r
  U29/ZN (INV_X1)                          0.02       0.15 f
  Op[0] (out)                              0.00       0.15 f
  data arrival time                                   0.15
  -----------------------------------------------------------
  (Path is unconstrained)


  Startpoint: Ip[0] (input port)
  Endpoint: Op[0] (output port)
  Path Group: (none)
  Path Type: max

  Des/Clust/Port     Wire Load Model       Library
  ------------------------------------------------
  combShifter        5K_hvratio_1_1        NangateOpenCellLibrary

  Point                                    Incr       Path
  -----------------------------------------------------------
  input external delay                     0.00       0.00 f
  Ip[0] (in)                               0.00       0.00 f
  U34/ZN (INV_X1)                          0.03       0.03 r
  U31/ZN (OAI22_X1)                        0.04       0.07 f
  U30/ZN (AOI221_X1)                       0.07       0.13 r
  U29/ZN (INV_X1)                          0.02       0.15 f
  Op[0] (out)                              0.00       0.15 f
  data arrival time                                   0.15
  -----------------------------------------------------------
  (Path is unconstrained)


  Startpoint: shift_mag[6]
              (input port)
  Endpoint: Op[3] (output port)
  Path Group: (none)
  Path Type: max

  Des/Clust/Port     Wire Load Model       Library
  ------------------------------------------------
  combShifter        5K_hvratio_1_1        NangateOpenCellLibrary

  Point                                    Incr       Path
  -----------------------------------------------------------
  input external delay                     0.00       0.00 f
  shift_mag[6] (in)                        0.00       0.00 f
  U28/ZN (NOR2_X1)                         0.06       0.06 r
  U21/ZN (INV_X1)                          0.03       0.08 f
  U20/ZN (AOI22_X1)                        0.04       0.12 r
  U19/ZN (OAI211_X1)                       0.03       0.15 f
  Op[3] (out)                              0.00       0.15 f
  data arrival time                                   0.15
  -----------------------------------------------------------
  (Path is unconstrained)


  Startpoint: shift_mag[3]
              (input port)
  Endpoint: Op[0] (output port)
  Path Group: (none)
  Path Type: max

  Des/Clust/Port     Wire Load Model       Library
  ------------------------------------------------
  combShifter        5K_hvratio_1_1        NangateOpenCellLibrary

  Point                                    Incr       Path
  -----------------------------------------------------------
  input external delay                     0.00       0.00 f
  shift_mag[3] (in)                        0.00       0.00 f
  U35/ZN (INV_X1)                          0.03       0.03 r
  U31/ZN (OAI22_X1)                        0.03       0.06 f
  U30/ZN (AOI221_X1)                       0.08       0.13 r
  U29/ZN (INV_X1)                          0.02       0.15 f
  Op[0] (out)                              0.00       0.15 f
  data arrival time                                   0.15
  -----------------------------------------------------------
  (Path is unconstrained)


  Startpoint: Ip[0] (input port)
  Endpoint: Op[0] (output port)
  Path Group: (none)
  Path Type: max

  Des/Clust/Port     Wire Load Model       Library
  ------------------------------------------------
  combShifter        5K_hvratio_1_1        NangateOpenCellLibrary

  Point                                    Incr       Path
  -----------------------------------------------------------
  input external delay                     0.00       0.00 f
  Ip[0] (in)                               0.00       0.00 f
  U34/ZN (INV_X1)                          0.03       0.03 r
  U31/ZN (OAI22_X1)                        0.03       0.07 f
  U30/ZN (AOI221_X1)                       0.07       0.13 r
  U29/ZN (INV_X1)                          0.02       0.15 f
  Op[0] (out)                              0.00       0.15 f
  data arrival time                                   0.15
  -----------------------------------------------------------
  (Path is unconstrained)


  Startpoint: Ip[0] (input port)
  Endpoint: Op[0] (output port)
  Path Group: (none)
  Path Type: max

  Des/Clust/Port     Wire Load Model       Library
  ------------------------------------------------
  combShifter        5K_hvratio_1_1        NangateOpenCellLibrary

  Point                                    Incr       Path
  -----------------------------------------------------------
  input external delay                     0.00       0.00 f
  Ip[0] (in)                               0.00       0.00 f
  U34/ZN (INV_X1)                          0.03       0.03 r
  U31/ZN (OAI22_X1)                        0.03       0.06 f
  U30/ZN (AOI221_X1)                       0.07       0.13 r
  U29/ZN (INV_X1)                          0.02       0.15 f
  Op[0] (out)                              0.00       0.15 f
  data arrival time                                   0.15
  -----------------------------------------------------------
  (Path is unconstrained)


  Startpoint: shift_mag[6]
              (input port)
  Endpoint: Op[3] (output port)
  Path Group: (none)
  Path Type: max

  Des/Clust/Port     Wire Load Model       Library
  ------------------------------------------------
  combShifter        5K_hvratio_1_1        NangateOpenCellLibrary

  Point                                    Incr       Path
  -----------------------------------------------------------
  input external delay                     0.00       0.00 f
  shift_mag[6] (in)                        0.00       0.00 f
  U28/ZN (NOR2_X1)                         0.06       0.06 r
  U21/ZN (INV_X1)                          0.03       0.08 f
  U20/ZN (AOI22_X1)                        0.04       0.12 r
  U19/ZN (OAI211_X1)                       0.03       0.15 f
  Op[3] (out)                              0.00       0.15 f
  data arrival time                                   0.15
  -----------------------------------------------------------
  (Path is unconstrained)


  Startpoint: Ip[1] (input port)
  Endpoint: Op[0] (output port)
  Path Group: (none)
  Path Type: max

  Des/Clust/Port     Wire Load Model       Library
  ------------------------------------------------
  combShifter        5K_hvratio_1_1        NangateOpenCellLibrary

  Point                                    Incr       Path
  -----------------------------------------------------------
  input external delay                     0.00       0.00 f
  Ip[1] (in)                               0.00       0.00 f
  U32/ZN (INV_X1)                          0.04       0.04 r
  U31/ZN (OAI22_X1)                        0.04       0.07 f
  U30/ZN (AOI221_X1)                       0.06       0.13 r
  U29/ZN (INV_X1)                          0.02       0.15 f
  Op[0] (out)                              0.00       0.15 f
  data arrival time                                   0.15
  -----------------------------------------------------------
  (Path is unconstrained)


  Startpoint: shift_mag[4]
              (input port)
  Endpoint: Op[0] (output port)
  Path Group: (none)
  Path Type: max

  Des/Clust/Port     Wire Load Model       Library
  ------------------------------------------------
  combShifter        5K_hvratio_1_1        NangateOpenCellLibrary

  Point                                    Incr       Path
  -----------------------------------------------------------
  input external delay                     0.00       0.00 f
  shift_mag[4] (in)                        0.00       0.00 f
  U33/ZN (INV_X1)                          0.03       0.03 r
  U31/ZN (OAI22_X1)                        0.03       0.06 f
  U30/ZN (AOI221_X1)                       0.08       0.13 r
  U29/ZN (INV_X1)                          0.02       0.15 f
  Op[0] (out)                              0.00       0.15 f
  data arrival time                                   0.15
  -----------------------------------------------------------
  (Path is unconstrained)


  Startpoint: shift_mag[3]
              (input port)
  Endpoint: Op[0] (output port)
  Path Group: (none)
  Path Type: max

  Des/Clust/Port     Wire Load Model       Library
  ------------------------------------------------
  combShifter        5K_hvratio_1_1        NangateOpenCellLibrary

  Point                                    Incr       Path
  -----------------------------------------------------------
  input external delay                     0.00       0.00 f
  shift_mag[3] (in)                        0.00       0.00 f
  U35/ZN (INV_X1)                          0.03       0.03 r
  U31/ZN (OAI22_X1)                        0.03       0.06 f
  U30/ZN (AOI221_X1)                       0.08       0.13 r
  U29/ZN (INV_X1)                          0.02       0.15 f
  Op[0] (out)                              0.00       0.15 f
  data arrival time                                   0.15
  -----------------------------------------------------------
  (Path is unconstrained)


  Startpoint: Ip[0] (input port)
  Endpoint: Op[0] (output port)
  Path Group: (none)
  Path Type: max

  Des/Clust/Port     Wire Load Model       Library
  ------------------------------------------------
  combShifter        5K_hvratio_1_1        NangateOpenCellLibrary

  Point                                    Incr       Path
  -----------------------------------------------------------
  input external delay                     0.00       0.00 f
  Ip[0] (in)                               0.00       0.00 f
  U34/ZN (INV_X1)                          0.03       0.03 r
  U31/ZN (OAI22_X1)                        0.04       0.07 f
  U30/ZN (AOI221_X1)                       0.06       0.13 r
  U29/ZN (INV_X1)                          0.02       0.15 f
  Op[0] (out)                              0.00       0.15 f
  data arrival time                                   0.15
  -----------------------------------------------------------
  (Path is unconstrained)


  Startpoint: Ip[0] (input port)
  Endpoint: Op[0] (output port)
  Path Group: (none)
  Path Type: max

  Des/Clust/Port     Wire Load Model       Library
  ------------------------------------------------
  combShifter        5K_hvratio_1_1        NangateOpenCellLibrary

  Point                                    Incr       Path
  -----------------------------------------------------------
  input external delay                     0.00       0.00 f
  Ip[0] (in)                               0.00       0.00 f
  U34/ZN (INV_X1)                          0.03       0.03 r
  U31/ZN (OAI22_X1)                        0.03       0.07 f
  U30/ZN (AOI221_X1)                       0.07       0.13 r
  U29/ZN (INV_X1)                          0.02       0.15 f
  Op[0] (out)                              0.00       0.15 f
  data arrival time                                   0.15
  -----------------------------------------------------------
  (Path is unconstrained)


  Startpoint: Ip[0] (input port)
  Endpoint: Op[0] (output port)
  Path Group: (none)
  Path Type: max

  Des/Clust/Port     Wire Load Model       Library
  ------------------------------------------------
  combShifter        5K_hvratio_1_1        NangateOpenCellLibrary

  Point                                    Incr       Path
  -----------------------------------------------------------
  input external delay                     0.00       0.00 f
  Ip[0] (in)                               0.00       0.00 f
  U34/ZN (INV_X1)                          0.03       0.03 r
  U31/ZN (OAI22_X1)                        0.03       0.06 f
  U30/ZN (AOI221_X1)                       0.07       0.13 r
  U29/ZN (INV_X1)                          0.02       0.15 f
  Op[0] (out)                              0.00       0.15 f
  data arrival time                                   0.15
  -----------------------------------------------------------
  (Path is unconstrained)


  Startpoint: Ip[1] (input port)
  Endpoint: Op[0] (output port)
  Path Group: (none)
  Path Type: max

  Des/Clust/Port     Wire Load Model       Library
  ------------------------------------------------
  combShifter        5K_hvratio_1_1        NangateOpenCellLibrary

  Point                                    Incr       Path
  -----------------------------------------------------------
  input external delay                     0.00       0.00 f
  Ip[1] (in)                               0.00       0.00 f
  U32/ZN (INV_X1)                          0.04       0.04 r
  U31/ZN (OAI22_X1)                        0.04       0.07 f
  U30/ZN (AOI221_X1)                       0.06       0.13 r
  U29/ZN (INV_X1)                          0.02       0.15 f
  Op[0] (out)                              0.00       0.15 f
  data arrival time                                   0.15
  -----------------------------------------------------------
  (Path is unconstrained)


  Startpoint: shift_mag[3]
              (input port)
  Endpoint: Op[0] (output port)
  Path Group: (none)
  Path Type: max

  Des/Clust/Port     Wire Load Model       Library
  ------------------------------------------------
  combShifter        5K_hvratio_1_1        NangateOpenCellLibrary

  Point                                    Incr       Path
  -----------------------------------------------------------
  input external delay                     0.00       0.00 f
  shift_mag[3] (in)                        0.00       0.00 f
  U35/ZN (INV_X1)                          0.03       0.03 r
  U31/ZN (OAI22_X1)                        0.03       0.06 f
  U30/ZN (AOI221_X1)                       0.07       0.13 r
  U29/ZN (INV_X1)                          0.02       0.15 f
  Op[0] (out)                              0.00       0.15 f
  data arrival time                                   0.15
  -----------------------------------------------------------
  (Path is unconstrained)


  Startpoint: Ip[1] (input port)
  Endpoint: Op[0] (output port)
  Path Group: (none)
  Path Type: max

  Des/Clust/Port     Wire Load Model       Library
  ------------------------------------------------
  combShifter        5K_hvratio_1_1        NangateOpenCellLibrary

  Point                                    Incr       Path
  -----------------------------------------------------------
  input external delay                     0.00       0.00 f
  Ip[1] (in)                               0.00       0.00 f
  U32/ZN (INV_X1)                          0.04       0.04 r
  U31/ZN (OAI22_X1)                        0.04       0.08 f
  U30/ZN (AOI221_X1)                       0.05       0.13 r
  U29/ZN (INV_X1)                          0.02       0.15 f
  Op[0] (out)                              0.00       0.15 f
  data arrival time                                   0.15
  -----------------------------------------------------------
  (Path is unconstrained)


  Startpoint: shift_mag[4]
              (input port)
  Endpoint: Op[0] (output port)
  Path Group: (none)
  Path Type: max

  Des/Clust/Port     Wire Load Model       Library
  ------------------------------------------------
  combShifter        5K_hvratio_1_1        NangateOpenCellLibrary

  Point                                    Incr       Path
  -----------------------------------------------------------
  input external delay                     0.00       0.00 f
  shift_mag[4] (in)                        0.00       0.00 f
  U33/ZN (INV_X1)                          0.03       0.03 r
  U31/ZN (OAI22_X1)                        0.03       0.05 f
  U30/ZN (AOI221_X1)                       0.08       0.13 r
  U29/ZN (INV_X1)                          0.02       0.15 f
  Op[0] (out)                              0.00       0.15 f
  data arrival time                                   0.15
  -----------------------------------------------------------
  (Path is unconstrained)


  Startpoint: Ip[0] (input port)
  Endpoint: Op[0] (output port)
  Path Group: (none)
  Path Type: max

  Des/Clust/Port     Wire Load Model       Library
  ------------------------------------------------
  combShifter        5K_hvratio_1_1        NangateOpenCellLibrary

  Point                                    Incr       Path
  -----------------------------------------------------------
  input external delay                     0.00       0.00 f
  Ip[0] (in)                               0.00       0.00 f
  U34/ZN (INV_X1)                          0.03       0.03 r
  U31/ZN (OAI22_X1)                        0.03       0.06 f
  U30/ZN (AOI221_X1)                       0.07       0.13 r
  U29/ZN (INV_X1)                          0.02       0.15 f
  Op[0] (out)                              0.00       0.15 f
  data arrival time                                   0.15
  -----------------------------------------------------------
  (Path is unconstrained)


  Startpoint: Ip[0] (input port)
  Endpoint: Op[0] (output port)
  Path Group: (none)
  Path Type: max

  Des/Clust/Port     Wire Load Model       Library
  ------------------------------------------------
  combShifter        5K_hvratio_1_1        NangateOpenCellLibrary

  Point                                    Incr       Path
  -----------------------------------------------------------
  input external delay                     0.00       0.00 f
  Ip[0] (in)                               0.00       0.00 f
  U34/ZN (INV_X1)                          0.03       0.03 r
  U31/ZN (OAI22_X1)                        0.03       0.07 f
  U30/ZN (AOI221_X1)                       0.06       0.13 r
  U29/ZN (INV_X1)                          0.02       0.15 f
  Op[0] (out)                              0.00       0.15 f
  data arrival time                                   0.15
  -----------------------------------------------------------
  (Path is unconstrained)


  Startpoint: shift_mag[3]
              (input port)
  Endpoint: Op[0] (output port)
  Path Group: (none)
  Path Type: max

  Des/Clust/Port     Wire Load Model       Library
  ------------------------------------------------
  combShifter        5K_hvratio_1_1        NangateOpenCellLibrary

  Point                                    Incr       Path
  -----------------------------------------------------------
  input external delay                     0.00       0.00 f
  shift_mag[3] (in)                        0.00       0.00 f
  U35/ZN (INV_X1)                          0.03       0.03 r
  U31/ZN (OAI22_X1)                        0.03       0.06 f
  U30/ZN (AOI221_X1)                       0.07       0.13 r
  U29/ZN (INV_X1)                          0.02       0.15 f
  Op[0] (out)                              0.00       0.15 f
  data arrival time                                   0.15
  -----------------------------------------------------------
  (Path is unconstrained)


  Startpoint: shift_mag[3]
              (input port)
  Endpoint: Op[0] (output port)
  Path Group: (none)
  Path Type: max

  Des/Clust/Port     Wire Load Model       Library
  ------------------------------------------------
  combShifter        5K_hvratio_1_1        NangateOpenCellLibrary

  Point                                    Incr       Path
  -----------------------------------------------------------
  input external delay                     0.00       0.00 f
  shift_mag[3] (in)                        0.00       0.00 f
  U35/ZN (INV_X1)                          0.03       0.03 r
  U31/ZN (OAI22_X1)                        0.03       0.06 f
  U30/ZN (AOI221_X1)                       0.07       0.13 r
  U29/ZN (INV_X1)                          0.02       0.14 f
  Op[0] (out)                              0.00       0.15 f
  data arrival time                                   0.15
  -----------------------------------------------------------
  (Path is unconstrained)


  Startpoint: shift_mag[4]
              (input port)
  Endpoint: Op[0] (output port)
  Path Group: (none)
  Path Type: max

  Des/Clust/Port     Wire Load Model       Library
  ------------------------------------------------
  combShifter        5K_hvratio_1_1        NangateOpenCellLibrary

  Point                                    Incr       Path
  -----------------------------------------------------------
  input external delay                     0.00       0.00 f
  shift_mag[4] (in)                        0.00       0.00 f
  U33/ZN (INV_X1)                          0.03       0.03 r
  U31/ZN (OAI22_X1)                        0.03       0.05 f
  U30/ZN (AOI221_X1)                       0.08       0.13 r
  U29/ZN (INV_X1)                          0.02       0.14 f
  Op[0] (out)                              0.00       0.15 f
  data arrival time                                   0.15
  -----------------------------------------------------------
  (Path is unconstrained)


  Startpoint: Ip[0] (input port)
  Endpoint: Op[0] (output port)
  Path Group: (none)
  Path Type: max

  Des/Clust/Port     Wire Load Model       Library
  ------------------------------------------------
  combShifter        5K_hvratio_1_1        NangateOpenCellLibrary

  Point                                    Incr       Path
  -----------------------------------------------------------
  input external delay                     0.00       0.00 f
  Ip[0] (in)                               0.00       0.00 f
  U34/ZN (INV_X1)                          0.03       0.03 r
  U31/ZN (OAI22_X1)                        0.04       0.07 f
  U30/ZN (AOI221_X1)                       0.06       0.13 r
  U29/ZN (INV_X1)                          0.02       0.14 f
  Op[0] (out)                              0.00       0.15 f
  data arrival time                                   0.15
  -----------------------------------------------------------
  (Path is unconstrained)


  Startpoint: Ip[1] (input port)
  Endpoint: Op[0] (output port)
  Path Group: (none)
  Path Type: max

  Des/Clust/Port     Wire Load Model       Library
  ------------------------------------------------
  combShifter        5K_hvratio_1_1        NangateOpenCellLibrary

  Point                                    Incr       Path
  -----------------------------------------------------------
  input external delay                     0.00       0.00 f
  Ip[1] (in)                               0.00       0.00 f
  U32/ZN (INV_X1)                          0.04       0.04 r
  U31/ZN (OAI22_X1)                        0.04       0.07 f
  U30/ZN (AOI221_X1)                       0.05       0.13 r
  U29/ZN (INV_X1)                          0.02       0.14 f
  Op[0] (out)                              0.00       0.15 f
  data arrival time                                   0.15
  -----------------------------------------------------------
  (Path is unconstrained)


  Startpoint: Ip[0] (input port)
  Endpoint: Op[0] (output port)
  Path Group: (none)
  Path Type: max

  Des/Clust/Port     Wire Load Model       Library
  ------------------------------------------------
  combShifter        5K_hvratio_1_1        NangateOpenCellLibrary

  Point                                    Incr       Path
  -----------------------------------------------------------
  input external delay                     0.00       0.00 f
  Ip[0] (in)                               0.00       0.00 f
  U34/ZN (INV_X1)                          0.03       0.03 r
  U31/ZN (OAI22_X1)                        0.03       0.06 f
  U30/ZN (AOI221_X1)                       0.06       0.13 r
  U29/ZN (INV_X1)                          0.02       0.14 f
  Op[0] (out)                              0.00       0.15 f
  data arrival time                                   0.15
  -----------------------------------------------------------
  (Path is unconstrained)


  Startpoint: shift_mag[4]
              (input port)
  Endpoint: Op[0] (output port)
  Path Group: (none)
  Path Type: max

  Des/Clust/Port     Wire Load Model       Library
  ------------------------------------------------
  combShifter        5K_hvratio_1_1        NangateOpenCellLibrary

  Point                                    Incr       Path
  -----------------------------------------------------------
  input external delay                     0.00       0.00 f
  shift_mag[4] (in)                        0.00       0.00 f
  U33/ZN (INV_X1)                          0.03       0.03 r
  U31/ZN (OAI22_X1)                        0.03       0.06 f
  U30/ZN (AOI221_X1)                       0.07       0.13 r
  U29/ZN (INV_X1)                          0.02       0.14 f
  Op[0] (out)                              0.00       0.15 f
  data arrival time                                   0.15
  -----------------------------------------------------------
  (Path is unconstrained)


  Startpoint: shift_mag[3]
              (input port)
  Endpoint: Op[0] (output port)
  Path Group: (none)
  Path Type: max

  Des/Clust/Port     Wire Load Model       Library
  ------------------------------------------------
  combShifter        5K_hvratio_1_1        NangateOpenCellLibrary

  Point                                    Incr       Path
  -----------------------------------------------------------
  input external delay                     0.00       0.00 f
  shift_mag[3] (in)                        0.00       0.00 f
  U35/ZN (INV_X1)                          0.03       0.03 r
  U31/ZN (OAI22_X1)                        0.03       0.06 f
  U30/ZN (AOI221_X1)                       0.07       0.13 r
  U29/ZN (INV_X1)                          0.02       0.14 f
  Op[0] (out)                              0.00       0.14 f
  data arrival time                                   0.14
  -----------------------------------------------------------
  (Path is unconstrained)


  Startpoint: shift_mag[3]
              (input port)
  Endpoint: Op[0] (output port)
  Path Group: (none)
  Path Type: max

  Des/Clust/Port     Wire Load Model       Library
  ------------------------------------------------
  combShifter        5K_hvratio_1_1        NangateOpenCellLibrary

  Point                                    Incr       Path
  -----------------------------------------------------------
  input external delay                     0.00       0.00 f
  shift_mag[3] (in)                        0.00       0.00 f
  U35/ZN (INV_X1)                          0.03       0.03 r
  U31/ZN (OAI22_X1)                        0.03       0.06 f
  U30/ZN (AOI221_X1)                       0.07       0.13 r
  U29/ZN (INV_X1)                          0.02       0.14 f
  Op[0] (out)                              0.00       0.14 f
  data arrival time                                   0.14
  -----------------------------------------------------------
  (Path is unconstrained)


  Startpoint: Ip[1] (input port)
  Endpoint: Op[0] (output port)
  Path Group: (none)
  Path Type: max

  Des/Clust/Port     Wire Load Model       Library
  ------------------------------------------------
  combShifter        5K_hvratio_1_1        NangateOpenCellLibrary

  Point                                    Incr       Path
  -----------------------------------------------------------
  input external delay                     0.00       0.00 f
  Ip[1] (in)                               0.00       0.00 f
  U32/ZN (INV_X1)                          0.04       0.04 r
  U31/ZN (OAI22_X1)                        0.04       0.07 f
  U30/ZN (AOI221_X1)                       0.05       0.13 r
  U29/ZN (INV_X1)                          0.02       0.14 f
  Op[0] (out)                              0.00       0.14 f
  data arrival time                                   0.14
  -----------------------------------------------------------
  (Path is unconstrained)


  Startpoint: shift_mag[3]
              (input port)
  Endpoint: Op[0] (output port)
  Path Group: (none)
  Path Type: max

  Des/Clust/Port     Wire Load Model       Library
  ------------------------------------------------
  combShifter        5K_hvratio_1_1        NangateOpenCellLibrary

  Point                                    Incr       Path
  -----------------------------------------------------------
  input external delay                     0.00       0.00 f
  shift_mag[3] (in)                        0.00       0.00 f
  U35/ZN (INV_X1)                          0.03       0.03 r
  U31/ZN (OAI22_X1)                        0.03       0.06 f
  U30/ZN (AOI221_X1)                       0.07       0.13 r
  U29/ZN (INV_X1)                          0.02       0.14 f
  Op[0] (out)                              0.00       0.14 f
  data arrival time                                   0.14
  -----------------------------------------------------------
  (Path is unconstrained)


  Startpoint: Ip[0] (input port)
  Endpoint: Op[0] (output port)
  Path Group: (none)
  Path Type: max

  Des/Clust/Port     Wire Load Model       Library
  ------------------------------------------------
  combShifter        5K_hvratio_1_1        NangateOpenCellLibrary

  Point                                    Incr       Path
  -----------------------------------------------------------
  input external delay                     0.00       0.00 f
  Ip[0] (in)                               0.00       0.00 f
  U34/ZN (INV_X1)                          0.03       0.03 r
  U31/ZN (OAI22_X1)                        0.03       0.07 f
  U30/ZN (AOI221_X1)                       0.06       0.12 r
  U29/ZN (INV_X1)                          0.02       0.14 f
  Op[0] (out)                              0.00       0.14 f
  data arrival time                                   0.14
  -----------------------------------------------------------
  (Path is unconstrained)


  Startpoint: shift_mag[4]
              (input port)
  Endpoint: Op[0] (output port)
  Path Group: (none)
  Path Type: max

  Des/Clust/Port     Wire Load Model       Library
  ------------------------------------------------
  combShifter        5K_hvratio_1_1        NangateOpenCellLibrary

  Point                                    Incr       Path
  -----------------------------------------------------------
  input external delay                     0.00       0.00 f
  shift_mag[4] (in)                        0.00       0.00 f
  U33/ZN (INV_X1)                          0.03       0.03 r
  U31/ZN (OAI22_X1)                        0.03       0.06 f
  U30/ZN (AOI221_X1)                       0.07       0.12 r
  U29/ZN (INV_X1)                          0.02       0.14 f
  Op[0] (out)                              0.00       0.14 f
  data arrival time                                   0.14
  -----------------------------------------------------------
  (Path is unconstrained)


  Startpoint: shift_mag[4]
              (input port)
  Endpoint: Op[0] (output port)
  Path Group: (none)
  Path Type: max

  Des/Clust/Port     Wire Load Model       Library
  ------------------------------------------------
  combShifter        5K_hvratio_1_1        NangateOpenCellLibrary

  Point                                    Incr       Path
  -----------------------------------------------------------
  input external delay                     0.00       0.00 f
  shift_mag[4] (in)                        0.00       0.00 f
  U33/ZN (INV_X1)                          0.03       0.03 r
  U31/ZN (OAI22_X1)                        0.03       0.05 f
  U30/ZN (AOI221_X1)                       0.07       0.12 r
  U29/ZN (INV_X1)                          0.02       0.14 f
  Op[0] (out)                              0.00       0.14 f
  data arrival time                                   0.14
  -----------------------------------------------------------
  (Path is unconstrained)


  Startpoint: shift_mag[3]
              (input port)
  Endpoint: Op[0] (output port)
  Path Group: (none)
  Path Type: max

  Des/Clust/Port     Wire Load Model       Library
  ------------------------------------------------
  combShifter        5K_hvratio_1_1        NangateOpenCellLibrary

  Point                                    Incr       Path
  -----------------------------------------------------------
  input external delay                     0.00       0.00 f
  shift_mag[3] (in)                        0.00       0.00 f
  U35/ZN (INV_X1)                          0.03       0.03 r
  U31/ZN (OAI22_X1)                        0.03       0.06 f
  U30/ZN (AOI221_X1)                       0.07       0.12 r
  U29/ZN (INV_X1)                          0.02       0.14 f
  Op[0] (out)                              0.00       0.14 f
  data arrival time                                   0.14
  -----------------------------------------------------------
  (Path is unconstrained)


  Startpoint: shift_mag[3]
              (input port)
  Endpoint: Op[0] (output port)
  Path Group: (none)
  Path Type: max

  Des/Clust/Port     Wire Load Model       Library
  ------------------------------------------------
  combShifter        5K_hvratio_1_1        NangateOpenCellLibrary

  Point                                    Incr       Path
  -----------------------------------------------------------
  input external delay                     0.00       0.00 f
  shift_mag[3] (in)                        0.00       0.00 f
  U35/ZN (INV_X1)                          0.03       0.03 r
  U31/ZN (OAI22_X1)                        0.03       0.06 f
  U30/ZN (AOI221_X1)                       0.06       0.12 r
  U29/ZN (INV_X1)                          0.02       0.14 f
  Op[0] (out)                              0.00       0.14 f
  data arrival time                                   0.14
  -----------------------------------------------------------
  (Path is unconstrained)


  Startpoint: shift_mag[3]
              (input port)
  Endpoint: Op[0] (output port)
  Path Group: (none)
  Path Type: max

  Des/Clust/Port     Wire Load Model       Library
  ------------------------------------------------
  combShifter        5K_hvratio_1_1        NangateOpenCellLibrary

  Point                                    Incr       Path
  -----------------------------------------------------------
  input external delay                     0.00       0.00 f
  shift_mag[3] (in)                        0.00       0.00 f
  U35/ZN (INV_X1)                          0.03       0.03 r
  U31/ZN (OAI22_X1)                        0.03       0.06 f
  U30/ZN (AOI221_X1)                       0.07       0.12 r
  U29/ZN (INV_X1)                          0.02       0.14 f
  Op[0] (out)                              0.00       0.14 f
  data arrival time                                   0.14
  -----------------------------------------------------------
  (Path is unconstrained)


  Startpoint: Ip[0] (input port)
  Endpoint: Op[0] (output port)
  Path Group: (none)
  Path Type: max

  Des/Clust/Port     Wire Load Model       Library
  ------------------------------------------------
  combShifter        5K_hvratio_1_1        NangateOpenCellLibrary

  Point                                    Incr       Path
  -----------------------------------------------------------
  input external delay                     0.00       0.00 f
  Ip[0] (in)                               0.00       0.00 f
  U34/ZN (INV_X1)                          0.03       0.03 r
  U31/ZN (OAI22_X1)                        0.04       0.07 f
  U30/ZN (AOI221_X1)                       0.05       0.12 r
  U29/ZN (INV_X1)                          0.02       0.14 f
  Op[0] (out)                              0.00       0.14 f
  data arrival time                                   0.14
  -----------------------------------------------------------
  (Path is unconstrained)


  Startpoint: Ip[0] (input port)
  Endpoint: Op[0] (output port)
  Path Group: (none)
  Path Type: max

  Des/Clust/Port     Wire Load Model       Library
  ------------------------------------------------
  combShifter        5K_hvratio_1_1        NangateOpenCellLibrary

  Point                                    Incr       Path
  -----------------------------------------------------------
  input external delay                     0.00       0.00 f
  Ip[0] (in)                               0.00       0.00 f
  U34/ZN (INV_X1)                          0.03       0.03 r
  U31/ZN (OAI22_X1)                        0.03       0.06 f
  U30/ZN (AOI221_X1)                       0.06       0.12 r
  U29/ZN (INV_X1)                          0.02       0.14 f
  Op[0] (out)                              0.00       0.14 f
  data arrival time                                   0.14
  -----------------------------------------------------------
  (Path is unconstrained)


  Startpoint: shift_mag[4]
              (input port)
  Endpoint: Op[0] (output port)
  Path Group: (none)
  Path Type: max

  Des/Clust/Port     Wire Load Model       Library
  ------------------------------------------------
  combShifter        5K_hvratio_1_1        NangateOpenCellLibrary

  Point                                    Incr       Path
  -----------------------------------------------------------
  input external delay                     0.00       0.00 f
  shift_mag[4] (in)                        0.00       0.00 f
  U33/ZN (INV_X1)                          0.03       0.03 r
  U31/ZN (OAI22_X1)                        0.03       0.05 f
  U30/ZN (AOI221_X1)                       0.07       0.12 r
  U29/ZN (INV_X1)                          0.02       0.14 f
  Op[0] (out)                              0.00       0.14 f
  data arrival time                                   0.14
  -----------------------------------------------------------
  (Path is unconstrained)


  Startpoint: Ip[1] (input port)
  Endpoint: Op[0] (output port)
  Path Group: (none)
  Path Type: max

  Des/Clust/Port     Wire Load Model       Library
  ------------------------------------------------
  combShifter        5K_hvratio_1_1        NangateOpenCellLibrary

  Point                                    Incr       Path
  -----------------------------------------------------------
  input external delay                     0.00       0.00 r
  Ip[1] (in)                               0.00       0.00 r
  U32/ZN (INV_X1)                          0.02       0.02 f
  U31/ZN (OAI22_X1)                        0.06       0.08 r
  U30/ZN (AOI221_X1)                       0.03       0.12 f
  U29/ZN (INV_X1)                          0.02       0.14 r
  Op[0] (out)                              0.00       0.14 r
  data arrival time                                   0.14
  -----------------------------------------------------------
  (Path is unconstrained)


  Startpoint: shift_mag[4]
              (input port)
  Endpoint: Op[0] (output port)
  Path Group: (none)
  Path Type: max

  Des/Clust/Port     Wire Load Model       Library
  ------------------------------------------------
  combShifter        5K_hvratio_1_1        NangateOpenCellLibrary

  Point                                    Incr       Path
  -----------------------------------------------------------
  input external delay                     0.00       0.00 f
  shift_mag[4] (in)                        0.00       0.00 f
  U33/ZN (INV_X1)                          0.03       0.03 r
  U31/ZN (OAI22_X1)                        0.03       0.06 f
  U30/ZN (AOI221_X1)                       0.07       0.12 r
  U29/ZN (INV_X1)                          0.02       0.14 f
  Op[0] (out)                              0.00       0.14 f
  data arrival time                                   0.14
  -----------------------------------------------------------
  (Path is unconstrained)


  Startpoint: Ip[1] (input port)
  Endpoint: Op[0] (output port)
  Path Group: (none)
  Path Type: max

  Des/Clust/Port     Wire Load Model       Library
  ------------------------------------------------
  combShifter        5K_hvratio_1_1        NangateOpenCellLibrary

  Point                                    Incr       Path
  -----------------------------------------------------------
  input external delay                     0.00       0.00 r
  Ip[1] (in)                               0.00       0.00 r
  U32/ZN (INV_X1)                          0.02       0.02 f
  U31/ZN (OAI22_X1)                        0.06       0.08 r
  U30/ZN (AOI221_X1)                       0.03       0.12 f
  U29/ZN (INV_X1)                          0.02       0.14 r
  Op[0] (out)                              0.00       0.14 r
  data arrival time                                   0.14
  -----------------------------------------------------------
  (Path is unconstrained)


  Startpoint: shift_mag[4]
              (input port)
  Endpoint: Op[0] (output port)
  Path Group: (none)
  Path Type: max

  Des/Clust/Port     Wire Load Model       Library
  ------------------------------------------------
  combShifter        5K_hvratio_1_1        NangateOpenCellLibrary

  Point                                    Incr       Path
  -----------------------------------------------------------
  input external delay                     0.00       0.00 f
  shift_mag[4] (in)                        0.00       0.00 f
  U33/ZN (INV_X1)                          0.03       0.03 r
  U31/ZN (OAI22_X1)                        0.03       0.05 f
  U30/ZN (AOI221_X1)                       0.07       0.12 r
  U29/ZN (INV_X1)                          0.02       0.14 f
  Op[0] (out)                              0.00       0.14 f
  data arrival time                                   0.14
  -----------------------------------------------------------
  (Path is unconstrained)


  Startpoint: Ip[1] (input port)
  Endpoint: Op[0] (output port)
  Path Group: (none)
  Path Type: max

  Des/Clust/Port     Wire Load Model       Library
  ------------------------------------------------
  combShifter        5K_hvratio_1_1        NangateOpenCellLibrary

  Point                                    Incr       Path
  -----------------------------------------------------------
  input external delay                     0.00       0.00 r
  Ip[1] (in)                               0.00       0.00 r
  U32/ZN (INV_X1)                          0.02       0.02 f
  U31/ZN (OAI22_X1)                        0.06       0.08 r
  U30/ZN (AOI221_X1)                       0.03       0.12 f
  U29/ZN (INV_X1)                          0.02       0.14 r
  Op[0] (out)                              0.00       0.14 r
  data arrival time                                   0.14
  -----------------------------------------------------------
  (Path is unconstrained)


  Startpoint: shift_mag[3]
              (input port)
  Endpoint: Op[0] (output port)
  Path Group: (none)
  Path Type: max

  Des/Clust/Port     Wire Load Model       Library
  ------------------------------------------------
  combShifter        5K_hvratio_1_1        NangateOpenCellLibrary

  Point                                    Incr       Path
  -----------------------------------------------------------
  input external delay                     0.00       0.00 f
  shift_mag[3] (in)                        0.00       0.00 f
  U35/ZN (INV_X1)                          0.03       0.03 r
  U31/ZN (OAI22_X1)                        0.03       0.06 f
  U30/ZN (AOI221_X1)                       0.07       0.12 r
  U29/ZN (INV_X1)                          0.02       0.14 f
  Op[0] (out)                              0.00       0.14 f
  data arrival time                                   0.14
  -----------------------------------------------------------
  (Path is unconstrained)


  Startpoint: shift_mag[3]
              (input port)
  Endpoint: Op[0] (output port)
  Path Group: (none)
  Path Type: max

  Des/Clust/Port     Wire Load Model       Library
  ------------------------------------------------
  combShifter        5K_hvratio_1_1        NangateOpenCellLibrary

  Point                                    Incr       Path
  -----------------------------------------------------------
  input external delay                     0.00       0.00 f
  shift_mag[3] (in)                        0.00       0.00 f
  U35/ZN (INV_X1)                          0.03       0.03 r
  U31/ZN (OAI22_X1)                        0.03       0.06 f
  U30/ZN (AOI221_X1)                       0.06       0.12 r
  U29/ZN (INV_X1)                          0.02       0.14 f
  Op[0] (out)                              0.00       0.14 f
  data arrival time                                   0.14
  -----------------------------------------------------------
  (Path is unconstrained)


  Startpoint: Ip[1] (input port)
  Endpoint: Op[0] (output port)
  Path Group: (none)
  Path Type: max

  Des/Clust/Port     Wire Load Model       Library
  ------------------------------------------------
  combShifter        5K_hvratio_1_1        NangateOpenCellLibrary

  Point                                    Incr       Path
  -----------------------------------------------------------
  input external delay                     0.00       0.00 r
  Ip[1] (in)                               0.00       0.00 r
  U32/ZN (INV_X1)                          0.02       0.02 f
  U31/ZN (OAI22_X1)                        0.06       0.08 r
  U30/ZN (AOI221_X1)                       0.03       0.11 f
  U29/ZN (INV_X1)                          0.02       0.14 r
  Op[0] (out)                              0.00       0.14 r
  data arrival time                                   0.14
  -----------------------------------------------------------
  (Path is unconstrained)


  Startpoint: Ip[1] (input port)
  Endpoint: Op[0] (output port)
  Path Group: (none)
  Path Type: max

  Des/Clust/Port     Wire Load Model       Library
  ------------------------------------------------
  combShifter        5K_hvratio_1_1        NangateOpenCellLibrary

  Point                                    Incr       Path
  -----------------------------------------------------------
  input external delay                     0.00       0.00 r
  Ip[1] (in)                               0.00       0.00 r
  U32/ZN (INV_X1)                          0.02       0.02 f
  U31/ZN (OAI22_X1)                        0.06       0.08 r
  U30/ZN (AOI221_X1)                       0.03       0.11 f
  U29/ZN (INV_X1)                          0.02       0.14 r
  Op[0] (out)                              0.00       0.14 r
  data arrival time                                   0.14
  -----------------------------------------------------------
  (Path is unconstrained)


  Startpoint: Ip[1] (input port)
  Endpoint: Op[0] (output port)
  Path Group: (none)
  Path Type: max

  Des/Clust/Port     Wire Load Model       Library
  ------------------------------------------------
  combShifter        5K_hvratio_1_1        NangateOpenCellLibrary

  Point                                    Incr       Path
  -----------------------------------------------------------
  input external delay                     0.00       0.00 r
  Ip[1] (in)                               0.00       0.00 r
  U32/ZN (INV_X1)                          0.02       0.02 f
  U31/ZN (OAI22_X1)                        0.06       0.08 r
  U30/ZN (AOI221_X1)                       0.03       0.11 f
  U29/ZN (INV_X1)                          0.02       0.14 r
  Op[0] (out)                              0.00       0.14 r
  data arrival time                                   0.14
  -----------------------------------------------------------
  (Path is unconstrained)


  Startpoint: Ip[1] (input port)
  Endpoint: Op[0] (output port)
  Path Group: (none)
  Path Type: max

  Des/Clust/Port     Wire Load Model       Library
  ------------------------------------------------
  combShifter        5K_hvratio_1_1        NangateOpenCellLibrary

  Point                                    Incr       Path
  -----------------------------------------------------------
  input external delay                     0.00       0.00 r
  Ip[1] (in)                               0.00       0.00 r
  U32/ZN (INV_X1)                          0.02       0.02 f
  U31/ZN (OAI22_X1)                        0.06       0.08 r
  U30/ZN (AOI221_X1)                       0.03       0.11 f
  U29/ZN (INV_X1)                          0.02       0.14 r
  Op[0] (out)                              0.00       0.14 r
  data arrival time                                   0.14
  -----------------------------------------------------------
  (Path is unconstrained)


1
