 
****************************************
Report : area
Design : combShifter
Version: P-2019.03
Date   : Mon Apr 25 16:58:25 2022
****************************************

Library(s) Used:

    NangateOpenCellLibrary (File: /afs/andrew.cmu.edu/course/18/743/backend/45nm_Nangate/pdk_v1.3_v2010_12/NangateOpenCellLibrary_PDKv1_3_v2010_12/Front_End/Liberty/NLDM/NangateOpenCellLibrary_typical.db)

Number of ports:                           15
Number of nets:                            28
Number of cells:                           17
Number of combinational cells:             17
Number of sequential cells:                 0
Number of macros/black boxes:               0
Number of buf/inv:                          6
Number of references:                       8

Combinational area:                 17.290000
Buf/Inv area:                        3.192000
Noncombinational area:               0.000000
Macro/Black Box area:                0.000000
Net Interconnect area:      undefined  (Wire load has zero net area)

Total cell area:                    17.290000
Total area:                 undefined

Hierarchical area distribution
------------------------------

                                  Global cell area          Local cell area
                                  ------------------  --------------------------- 
Hierarchical cell                 Absolute   Percent  Combi-    Noncombi-  Black-
                                  Total      Total    national  national   boxes   Design
--------------------------------  ---------  -------  --------  ---------  ------  ---------
combShifter                         17.2900    100.0   17.2900     0.0000  0.0000  combShifter
--------------------------------  ---------  -------  --------  ---------  ------  ---------
Total                                                  17.2900     0.0000  0.0000

1
