 
****************************************
Report : area
Design : combShifter
Version: P-2019.03
Date   : Tue Apr 26 20:19:31 2022
****************************************

Library(s) Used:

    NangateOpenCellLibrary (File: /afs/andrew.cmu.edu/course/18/743/backend/45nm_Nangate/pdk_v1.3_v2010_12/NangateOpenCellLibrary_PDKv1_3_v2010_12/Front_End/Liberty/NLDM/NangateOpenCellLibrary_typical.db)

Number of ports:                          193
Number of nets:                          2294
Number of cells:                         2107
Number of combinational cells:           2106
Number of sequential cells:                 1
Number of macros/black boxes:               0
Number of buf/inv:                        133
Number of references:                      17

Combinational area:               3110.072013
Buf/Inv area:                       94.429998
Noncombinational area:               0.000000
Macro/Black Box area:                0.000000
Net Interconnect area:      undefined  (Wire load has zero net area)

Total cell area:                  3110.072013
Total area:                 undefined

Information: This design contains black box (unknown) components. (RPT-8)

Hierarchical area distribution
------------------------------

                                  Global cell area          Local cell area
                                  ------------------  ---------------------------- 
Hierarchical cell                 Absolute   Percent  Combi-     Noncombi-  Black-
                                  Total      Total    national   national   boxes   Design
--------------------------------  ---------  -------  ---------  ---------  ------  ---------
combShifter                       3110.0720    100.0  3110.0720     0.0000  0.0000  combShifter
--------------------------------  ---------  -------  ---------  ---------  ------  ---------
Total                                                 3110.0720     0.0000  0.0000

1
