 
****************************************
Report : area
Design : combShifter
Version: P-2019.03
Date   : Tue Apr 26 20:21:49 2022
****************************************

Library(s) Used:

    NangateOpenCellLibrary (File: /afs/andrew.cmu.edu/course/18/743/backend/45nm_Nangate/pdk_v1.3_v2010_12/NangateOpenCellLibrary_PDKv1_3_v2010_12/Front_End/Liberty/NLDM/NangateOpenCellLibrary_typical.db)

Number of ports:                          385
Number of nets:                          9108
Number of cells:                         8730
Number of combinational cells:           8729
Number of sequential cells:                 1
Number of macros/black boxes:               0
Number of buf/inv:                        777
Number of references:                      15

Combinational area:              12655.482051
Buf/Inv area:                      555.673990
Noncombinational area:               0.000000
Macro/Black Box area:                0.000000
Net Interconnect area:      undefined  (Wire load has zero net area)

Total cell area:                 12655.482051
Total area:                 undefined

Information: This design contains black box (unknown) components. (RPT-8)

Hierarchical area distribution
------------------------------

                                  Global cell area            Local cell area
                                  -------------------  ----------------------------- 
Hierarchical cell                 Absolute    Percent  Combi-      Noncombi-  Black-
                                  Total       Total    national    national   boxes   Design
--------------------------------  ----------  -------  ----------  ---------  ------  ---------
combShifter                       12655.4821    100.0  12655.4821     0.0000  0.0000  combShifter
--------------------------------  ----------  -------  ----------  ---------  ------  ---------
Total                                                  12655.4821     0.0000  0.0000

1
