 
****************************************
Report : area
Design : combShifter
Version: P-2019.03
Date   : Tue Apr 26 20:17:56 2022
****************************************

Library(s) Used:

    NangateOpenCellLibrary (File: /afs/andrew.cmu.edu/course/18/743/backend/45nm_Nangate/pdk_v1.3_v2010_12/NangateOpenCellLibrary_PDKv1_3_v2010_12/Front_End/Liberty/NLDM/NangateOpenCellLibrary_typical.db)

Number of ports:                           72
Number of nets:                           110
Number of cells:                           72
Number of combinational cells:             71
Number of sequential cells:                 0
Number of macros/black boxes:               0
Number of buf/inv:                         36
Number of references:                       5

Combinational area:                 89.908001
Buf/Inv area:                       19.950000
Noncombinational area:               0.000000
Macro/Black Box area:                0.000000
Net Interconnect area:      undefined  (Wire load has zero net area)

Total cell area:                    89.908001
Total area:                 undefined

Hierarchical area distribution
------------------------------

                                  Global cell area          Local cell area
                                  ------------------  --------------------------- 
Hierarchical cell                 Absolute   Percent  Combi-    Noncombi-  Black-
                                  Total      Total    national  national   boxes   Design
--------------------------------  ---------  -------  --------  ---------  ------  ----------------------
combShifter                         89.9080    100.0   86.7160     0.0000  0.0000  combShifter
genblk1_binary_2_OneHot              3.1920      3.6    3.1920     0.0000  0.0000  decoder_MAX_SHIFT_MAG1
--------------------------------  ---------  -------  --------  ---------  ------  ----------------------
Total                                                  89.9080     0.0000  0.0000

1
