 
****************************************
Report : area
Design : combShifter
Version: P-2019.03
Date   : Tue Apr 26 20:15:24 2022
****************************************

Library(s) Used:

    NangateOpenCellLibrary (File: /afs/andrew.cmu.edu/course/18/743/backend/45nm_Nangate/pdk_v1.3_v2010_12/NangateOpenCellLibrary_PDKv1_3_v2010_12/Front_End/Liberty/NLDM/NangateOpenCellLibrary_typical.db)

Number of ports:                           21
Number of nets:                            37
Number of cells:                           23
Number of combinational cells:             22
Number of sequential cells:                 0
Number of macros/black boxes:               0
Number of buf/inv:                          9
Number of references:                       7

Combinational area:                 22.078000
Buf/Inv area:                        4.788000
Noncombinational area:               0.000000
Macro/Black Box area:                0.000000
Net Interconnect area:      undefined  (Wire load has zero net area)

Total cell area:                    22.078000
Total area:                 undefined

Hierarchical area distribution
------------------------------

                                  Global cell area          Local cell area
                                  ------------------  --------------------------- 
Hierarchical cell                 Absolute   Percent  Combi-    Noncombi-  Black-
                                  Total      Total    national  national   boxes   Design
--------------------------------  ---------  -------  --------  ---------  ------  ----------------------
combShifter                         22.0780    100.0   15.4280     0.0000  0.0000  combShifter
genblk1_binary_2_OneHot              6.6500     30.1    6.6500     0.0000  0.0000  decoder_MAX_SHIFT_MAG2
--------------------------------  ---------  -------  --------  ---------  ------  ----------------------
Total                                                  22.0780     0.0000  0.0000

1
