 
****************************************
Report : area
Design : combShifter
Version: P-2019.03
Date   : Tue Apr 26 20:20:29 2022
****************************************

Library(s) Used:

    NangateOpenCellLibrary (File: /afs/andrew.cmu.edu/course/18/743/backend/45nm_Nangate/pdk_v1.3_v2010_12/NangateOpenCellLibrary_PDKv1_3_v2010_12/Front_End/Liberty/NLDM/NangateOpenCellLibrary_typical.db)

Number of ports:                          264
Number of nets:                           426
Number of cells:                          292
Number of combinational cells:            291
Number of sequential cells:                 0
Number of macros/black boxes:               0
Number of buf/inv:                        160
Number of references:                       7

Combinational area:                367.080003
Buf/Inv area:                       92.834000
Noncombinational area:               0.000000
Macro/Black Box area:                0.000000
Net Interconnect area:      undefined  (Wire load has zero net area)

Total cell area:                   367.080003
Total area:                 undefined

Hierarchical area distribution
------------------------------

                                  Global cell area          Local cell area
                                  ------------------  --------------------------- 
Hierarchical cell                 Absolute   Percent  Combi-    Noncombi-  Black-
                                  Total      Total    national  national   boxes   Design
--------------------------------  ---------  -------  --------  ---------  ------  ----------------------
combShifter                        367.0800    100.0  363.8880     0.0000  0.0000  combShifter
genblk1_binary_2_OneHot              3.1920      0.9    3.1920     0.0000  0.0000  decoder_MAX_SHIFT_MAG1
--------------------------------  ---------  -------  --------  ---------  ------  ----------------------
Total                                                 367.0800     0.0000  0.0000

1
