 
****************************************
Report : area
Design : combShifter
Version: P-2019.03
Date   : Tue Apr 26 20:16:39 2022
****************************************

Library(s) Used:

    NangateOpenCellLibrary (File: /afs/andrew.cmu.edu/course/18/743/backend/45nm_Nangate/pdk_v1.3_v2010_12/NangateOpenCellLibrary_PDKv1_3_v2010_12/Front_End/Liberty/NLDM/NangateOpenCellLibrary_typical.db)

Number of ports:                           33
Number of nets:                            87
Number of cells:                           51
Number of combinational cells:             50
Number of sequential cells:                 1
Number of macros/black boxes:               0
Number of buf/inv:                          2
Number of references:                       9

Combinational area:                 62.244002
Buf/Inv area:                        1.064000
Noncombinational area:               0.000000
Macro/Black Box area:                0.000000
Net Interconnect area:      undefined  (Wire load has zero net area)

Total cell area:                    62.244002
Total area:                 undefined

Information: This design contains black box (unknown) components. (RPT-8)

Hierarchical area distribution
------------------------------

                                  Global cell area          Local cell area
                                  ------------------  --------------------------- 
Hierarchical cell                 Absolute   Percent  Combi-    Noncombi-  Black-
                                  Total      Total    national  national   boxes   Design
--------------------------------  ---------  -------  --------  ---------  ------  ---------
combShifter                         62.2440    100.0   62.2440     0.0000  0.0000  combShifter
--------------------------------  ---------  -------  --------  ---------  ------  ---------
Total                                                  62.2440     0.0000  0.0000

1
