 
****************************************
Report : timing
        -path full
        -delay max
        -nworst 100
        -max_paths 100
Design : combShifter
Version: P-2019.03
Date   : Tue Apr 19 01:38:19 2022
****************************************

Operating Conditions: typical   Library: NangateOpenCellLibrary
Wire Load Model Mode: top

  Startpoint: shift_mag[1]
              (input port)
  Endpoint: Op[3] (output port)
  Path Group: (none)
  Path Type: max

  Des/Clust/Port     Wire Load Model       Library
  ------------------------------------------------
  combShifter        5K_hvratio_1_1        NangateOpenCellLibrary

  Point                                    Incr       Path
  -----------------------------------------------------------
  input external delay                     0.00       0.00 f
  shift_mag[1] (in)                        0.00       0.00 f
  U41/ZN (AOI222_X1)                       0.11       0.11 r
  U40/ZN (OAI221_X1)                       0.05       0.16 f
  Op[3] (out)                              0.00       0.16 f
  data arrival time                                   0.16
  -----------------------------------------------------------
  (Path is unconstrained)


  Startpoint: shift_mag[1]
              (input port)
  Endpoint: Op[4] (output port)
  Path Group: (none)
  Path Type: max

  Des/Clust/Port     Wire Load Model       Library
  ------------------------------------------------
  combShifter        5K_hvratio_1_1        NangateOpenCellLibrary

  Point                                    Incr       Path
  -----------------------------------------------------------
  input external delay                     0.00       0.00 f
  shift_mag[1] (in)                        0.00       0.00 f
  U38/ZN (AOI222_X1)                       0.11       0.11 r
  U37/ZN (OAI221_X1)                       0.05       0.16 f
  Op[4] (out)                              0.00       0.16 f
  data arrival time                                   0.16
  -----------------------------------------------------------
  (Path is unconstrained)


  Startpoint: shift_mag[1]
              (input port)
  Endpoint: Op[5] (output port)
  Path Group: (none)
  Path Type: max

  Des/Clust/Port     Wire Load Model       Library
  ------------------------------------------------
  combShifter        5K_hvratio_1_1        NangateOpenCellLibrary

  Point                                    Incr       Path
  -----------------------------------------------------------
  input external delay                     0.00       0.00 f
  shift_mag[1] (in)                        0.00       0.00 f
  U35/ZN (AOI222_X1)                       0.11       0.11 r
  U34/ZN (OAI221_X1)                       0.05       0.16 f
  Op[5] (out)                              0.00       0.16 f
  data arrival time                                   0.16
  -----------------------------------------------------------
  (Path is unconstrained)


  Startpoint: shift_mag[0]
              (input port)
  Endpoint: Op[6] (output port)
  Path Group: (none)
  Path Type: max

  Des/Clust/Port     Wire Load Model       Library
  ------------------------------------------------
  combShifter        5K_hvratio_1_1        NangateOpenCellLibrary

  Point                                    Incr       Path
  -----------------------------------------------------------
  input external delay                     0.00       0.00 f
  shift_mag[0] (in)                        0.00       0.00 f
  U32/ZN (AOI222_X1)                       0.11       0.11 r
  U31/ZN (OAI221_X1)                       0.05       0.16 f
  Op[6] (out)                              0.00       0.16 f
  data arrival time                                   0.16
  -----------------------------------------------------------
  (Path is unconstrained)


  Startpoint: Ip[1] (input port)
  Endpoint: Op[2] (output port)
  Path Group: (none)
  Path Type: max

  Des/Clust/Port     Wire Load Model       Library
  ------------------------------------------------
  combShifter        5K_hvratio_1_1        NangateOpenCellLibrary

  Point                                    Incr       Path
  -----------------------------------------------------------
  input external delay                     0.00       0.00 f
  Ip[1] (in)                               0.00       0.00 f
  U44/ZN (AOI222_X1)                       0.11       0.11 r
  U43/ZN (OAI221_X1)                       0.05       0.15 f
  Op[2] (out)                              0.00       0.16 f
  data arrival time                                   0.16
  -----------------------------------------------------------
  (Path is unconstrained)


  Startpoint: Ip[1] (input port)
  Endpoint: Op[7] (output port)
  Path Group: (none)
  Path Type: max

  Des/Clust/Port     Wire Load Model       Library
  ------------------------------------------------
  combShifter        5K_hvratio_1_1        NangateOpenCellLibrary

  Point                                    Incr       Path
  -----------------------------------------------------------
  input external delay                     0.00       0.00 f
  Ip[1] (in)                               0.00       0.00 f
  U29/ZN (AOI222_X1)                       0.11       0.11 r
  U28/ZN (OAI221_X1)                       0.05       0.15 f
  Op[7] (out)                              0.00       0.16 f
  data arrival time                                   0.16
  -----------------------------------------------------------
  (Path is unconstrained)


  Startpoint: shift_mag[1]
              (input port)
  Endpoint: Op[3] (output port)
  Path Group: (none)
  Path Type: max

  Des/Clust/Port     Wire Load Model       Library
  ------------------------------------------------
  combShifter        5K_hvratio_1_1        NangateOpenCellLibrary

  Point                                    Incr       Path
  -----------------------------------------------------------
  input external delay                     0.00       0.00 f
  shift_mag[1] (in)                        0.00       0.00 f
  U41/ZN (AOI222_X1)                       0.11       0.11 r
  U40/ZN (OAI221_X1)                       0.04       0.15 f
  Op[3] (out)                              0.00       0.15 f
  data arrival time                                   0.15
  -----------------------------------------------------------
  (Path is unconstrained)


  Startpoint: shift_mag[1]
              (input port)
  Endpoint: Op[4] (output port)
  Path Group: (none)
  Path Type: max

  Des/Clust/Port     Wire Load Model       Library
  ------------------------------------------------
  combShifter        5K_hvratio_1_1        NangateOpenCellLibrary

  Point                                    Incr       Path
  -----------------------------------------------------------
  input external delay                     0.00       0.00 f
  shift_mag[1] (in)                        0.00       0.00 f
  U38/ZN (AOI222_X1)                       0.11       0.11 r
  U37/ZN (OAI221_X1)                       0.04       0.15 f
  Op[4] (out)                              0.00       0.15 f
  data arrival time                                   0.15
  -----------------------------------------------------------
  (Path is unconstrained)


  Startpoint: shift_mag[1]
              (input port)
  Endpoint: Op[5] (output port)
  Path Group: (none)
  Path Type: max

  Des/Clust/Port     Wire Load Model       Library
  ------------------------------------------------
  combShifter        5K_hvratio_1_1        NangateOpenCellLibrary

  Point                                    Incr       Path
  -----------------------------------------------------------
  input external delay                     0.00       0.00 f
  shift_mag[1] (in)                        0.00       0.00 f
  U35/ZN (AOI222_X1)                       0.11       0.11 r
  U34/ZN (OAI221_X1)                       0.04       0.15 f
  Op[5] (out)                              0.00       0.15 f
  data arrival time                                   0.15
  -----------------------------------------------------------
  (Path is unconstrained)


  Startpoint: shift_mag[1]
              (input port)
  Endpoint: Op[3] (output port)
  Path Group: (none)
  Path Type: max

  Des/Clust/Port     Wire Load Model       Library
  ------------------------------------------------
  combShifter        5K_hvratio_1_1        NangateOpenCellLibrary

  Point                                    Incr       Path
  -----------------------------------------------------------
  input external delay                     0.00       0.00 f
  shift_mag[1] (in)                        0.00       0.00 f
  U41/ZN (AOI222_X1)                       0.11       0.11 r
  U40/ZN (OAI221_X1)                       0.04       0.15 f
  Op[3] (out)                              0.00       0.15 f
  data arrival time                                   0.15
  -----------------------------------------------------------
  (Path is unconstrained)


  Startpoint: shift_mag[1]
              (input port)
  Endpoint: Op[4] (output port)
  Path Group: (none)
  Path Type: max

  Des/Clust/Port     Wire Load Model       Library
  ------------------------------------------------
  combShifter        5K_hvratio_1_1        NangateOpenCellLibrary

  Point                                    Incr       Path
  -----------------------------------------------------------
  input external delay                     0.00       0.00 f
  shift_mag[1] (in)                        0.00       0.00 f
  U38/ZN (AOI222_X1)                       0.11       0.11 r
  U37/ZN (OAI221_X1)                       0.04       0.15 f
  Op[4] (out)                              0.00       0.15 f
  data arrival time                                   0.15
  -----------------------------------------------------------
  (Path is unconstrained)


  Startpoint: shift_mag[1]
              (input port)
  Endpoint: Op[5] (output port)
  Path Group: (none)
  Path Type: max

  Des/Clust/Port     Wire Load Model       Library
  ------------------------------------------------
  combShifter        5K_hvratio_1_1        NangateOpenCellLibrary

  Point                                    Incr       Path
  -----------------------------------------------------------
  input external delay                     0.00       0.00 f
  shift_mag[1] (in)                        0.00       0.00 f
  U35/ZN (AOI222_X1)                       0.11       0.11 r
  U34/ZN (OAI221_X1)                       0.04       0.15 f
  Op[5] (out)                              0.00       0.15 f
  data arrival time                                   0.15
  -----------------------------------------------------------
  (Path is unconstrained)


  Startpoint: shift_mag[1]
              (input port)
  Endpoint: Op[2] (output port)
  Path Group: (none)
  Path Type: max

  Des/Clust/Port     Wire Load Model       Library
  ------------------------------------------------
  combShifter        5K_hvratio_1_1        NangateOpenCellLibrary

  Point                                    Incr       Path
  -----------------------------------------------------------
  input external delay                     0.00       0.00 f
  shift_mag[1] (in)                        0.00       0.00 f
  U44/ZN (AOI222_X1)                       0.10       0.10 r
  U43/ZN (OAI221_X1)                       0.05       0.15 f
  Op[2] (out)                              0.00       0.15 f
  data arrival time                                   0.15
  -----------------------------------------------------------
  (Path is unconstrained)


  Startpoint: shift_mag[0]
              (input port)
  Endpoint: Op[6] (output port)
  Path Group: (none)
  Path Type: max

  Des/Clust/Port     Wire Load Model       Library
  ------------------------------------------------
  combShifter        5K_hvratio_1_1        NangateOpenCellLibrary

  Point                                    Incr       Path
  -----------------------------------------------------------
  input external delay                     0.00       0.00 f
  shift_mag[0] (in)                        0.00       0.00 f
  U32/ZN (AOI222_X1)                       0.11       0.11 r
  U31/ZN (OAI221_X1)                       0.04       0.15 f
  Op[6] (out)                              0.00       0.15 f
  data arrival time                                   0.15
  -----------------------------------------------------------
  (Path is unconstrained)


  Startpoint: shift_mag[0]
              (input port)
  Endpoint: Op[6] (output port)
  Path Group: (none)
  Path Type: max

  Des/Clust/Port     Wire Load Model       Library
  ------------------------------------------------
  combShifter        5K_hvratio_1_1        NangateOpenCellLibrary

  Point                                    Incr       Path
  -----------------------------------------------------------
  input external delay                     0.00       0.00 f
  shift_mag[0] (in)                        0.00       0.00 f
  U32/ZN (AOI222_X1)                       0.11       0.11 r
  U31/ZN (OAI221_X1)                       0.04       0.15 f
  Op[6] (out)                              0.00       0.15 f
  data arrival time                                   0.15
  -----------------------------------------------------------
  (Path is unconstrained)


  Startpoint: Ip[1] (input port)
  Endpoint: Op[2] (output port)
  Path Group: (none)
  Path Type: max

  Des/Clust/Port     Wire Load Model       Library
  ------------------------------------------------
  combShifter        5K_hvratio_1_1        NangateOpenCellLibrary

  Point                                    Incr       Path
  -----------------------------------------------------------
  input external delay                     0.00       0.00 f
  Ip[1] (in)                               0.00       0.00 f
  U44/ZN (AOI222_X1)                       0.11       0.11 r
  U43/ZN (OAI221_X1)                       0.04       0.15 f
  Op[2] (out)                              0.00       0.15 f
  data arrival time                                   0.15
  -----------------------------------------------------------
  (Path is unconstrained)


  Startpoint: Ip[1] (input port)
  Endpoint: Op[7] (output port)
  Path Group: (none)
  Path Type: max

  Des/Clust/Port     Wire Load Model       Library
  ------------------------------------------------
  combShifter        5K_hvratio_1_1        NangateOpenCellLibrary

  Point                                    Incr       Path
  -----------------------------------------------------------
  input external delay                     0.00       0.00 f
  Ip[1] (in)                               0.00       0.00 f
  U29/ZN (AOI222_X1)                       0.11       0.11 r
  U28/ZN (OAI221_X1)                       0.04       0.15 f
  Op[7] (out)                              0.00       0.15 f
  data arrival time                                   0.15
  -----------------------------------------------------------
  (Path is unconstrained)


  Startpoint: shift_mag[1]
              (input port)
  Endpoint: Op[3] (output port)
  Path Group: (none)
  Path Type: max

  Des/Clust/Port     Wire Load Model       Library
  ------------------------------------------------
  combShifter        5K_hvratio_1_1        NangateOpenCellLibrary

  Point                                    Incr       Path
  -----------------------------------------------------------
  input external delay                     0.00       0.00 f
  shift_mag[1] (in)                        0.00       0.00 f
  U41/ZN (AOI222_X1)                       0.10       0.10 r
  U40/ZN (OAI221_X1)                       0.05       0.15 f
  Op[3] (out)                              0.00       0.15 f
  data arrival time                                   0.15
  -----------------------------------------------------------
  (Path is unconstrained)


  Startpoint: shift_mag[1]
              (input port)
  Endpoint: Op[4] (output port)
  Path Group: (none)
  Path Type: max

  Des/Clust/Port     Wire Load Model       Library
  ------------------------------------------------
  combShifter        5K_hvratio_1_1        NangateOpenCellLibrary

  Point                                    Incr       Path
  -----------------------------------------------------------
  input external delay                     0.00       0.00 f
  shift_mag[1] (in)                        0.00       0.00 f
  U38/ZN (AOI222_X1)                       0.10       0.10 r
  U37/ZN (OAI221_X1)                       0.05       0.15 f
  Op[4] (out)                              0.00       0.15 f
  data arrival time                                   0.15
  -----------------------------------------------------------
  (Path is unconstrained)


  Startpoint: shift_mag[1]
              (input port)
  Endpoint: Op[5] (output port)
  Path Group: (none)
  Path Type: max

  Des/Clust/Port     Wire Load Model       Library
  ------------------------------------------------
  combShifter        5K_hvratio_1_1        NangateOpenCellLibrary

  Point                                    Incr       Path
  -----------------------------------------------------------
  input external delay                     0.00       0.00 f
  shift_mag[1] (in)                        0.00       0.00 f
  U35/ZN (AOI222_X1)                       0.10       0.10 r
  U34/ZN (OAI221_X1)                       0.05       0.15 f
  Op[5] (out)                              0.00       0.15 f
  data arrival time                                   0.15
  -----------------------------------------------------------
  (Path is unconstrained)


  Startpoint: Ip[1] (input port)
  Endpoint: Op[2] (output port)
  Path Group: (none)
  Path Type: max

  Des/Clust/Port     Wire Load Model       Library
  ------------------------------------------------
  combShifter        5K_hvratio_1_1        NangateOpenCellLibrary

  Point                                    Incr       Path
  -----------------------------------------------------------
  input external delay                     0.00       0.00 f
  Ip[1] (in)                               0.00       0.00 f
  U44/ZN (AOI222_X1)                       0.11       0.11 r
  U43/ZN (OAI221_X1)                       0.04       0.15 f
  Op[2] (out)                              0.00       0.15 f
  data arrival time                                   0.15
  -----------------------------------------------------------
  (Path is unconstrained)


  Startpoint: Ip[1] (input port)
  Endpoint: Op[7] (output port)
  Path Group: (none)
  Path Type: max

  Des/Clust/Port     Wire Load Model       Library
  ------------------------------------------------
  combShifter        5K_hvratio_1_1        NangateOpenCellLibrary

  Point                                    Incr       Path
  -----------------------------------------------------------
  input external delay                     0.00       0.00 f
  Ip[1] (in)                               0.00       0.00 f
  U29/ZN (AOI222_X1)                       0.11       0.11 r
  U28/ZN (OAI221_X1)                       0.04       0.15 f
  Op[7] (out)                              0.00       0.15 f
  data arrival time                                   0.15
  -----------------------------------------------------------
  (Path is unconstrained)


  Startpoint: Ip[2] (input port)
  Endpoint: Op[3] (output port)
  Path Group: (none)
  Path Type: max

  Des/Clust/Port     Wire Load Model       Library
  ------------------------------------------------
  combShifter        5K_hvratio_1_1        NangateOpenCellLibrary

  Point                                    Incr       Path
  -----------------------------------------------------------
  input external delay                     0.00       0.00 f
  Ip[2] (in)                               0.00       0.00 f
  U41/ZN (AOI222_X1)                       0.10       0.10 r
  U40/ZN (OAI221_X1)                       0.05       0.15 f
  Op[3] (out)                              0.00       0.15 f
  data arrival time                                   0.15
  -----------------------------------------------------------
  (Path is unconstrained)


  Startpoint: shift_mag[1]
              (input port)
  Endpoint: Op[3] (output port)
  Path Group: (none)
  Path Type: max

  Des/Clust/Port     Wire Load Model       Library
  ------------------------------------------------
  combShifter        5K_hvratio_1_1        NangateOpenCellLibrary

  Point                                    Incr       Path
  -----------------------------------------------------------
  input external delay                     0.00       0.00 f
  shift_mag[1] (in)                        0.00       0.00 f
  U41/ZN (AOI222_X1)                       0.11       0.11 r
  U40/ZN (OAI221_X1)                       0.04       0.15 f
  Op[3] (out)                              0.00       0.15 f
  data arrival time                                   0.15
  -----------------------------------------------------------
  (Path is unconstrained)


  Startpoint: shift_mag[1]
              (input port)
  Endpoint: Op[4] (output port)
  Path Group: (none)
  Path Type: max

  Des/Clust/Port     Wire Load Model       Library
  ------------------------------------------------
  combShifter        5K_hvratio_1_1        NangateOpenCellLibrary

  Point                                    Incr       Path
  -----------------------------------------------------------
  input external delay                     0.00       0.00 f
  shift_mag[1] (in)                        0.00       0.00 f
  U38/ZN (AOI222_X1)                       0.11       0.11 r
  U37/ZN (OAI221_X1)                       0.04       0.15 f
  Op[4] (out)                              0.00       0.15 f
  data arrival time                                   0.15
  -----------------------------------------------------------
  (Path is unconstrained)


  Startpoint: shift_mag[1]
              (input port)
  Endpoint: Op[5] (output port)
  Path Group: (none)
  Path Type: max

  Des/Clust/Port     Wire Load Model       Library
  ------------------------------------------------
  combShifter        5K_hvratio_1_1        NangateOpenCellLibrary

  Point                                    Incr       Path
  -----------------------------------------------------------
  input external delay                     0.00       0.00 f
  shift_mag[1] (in)                        0.00       0.00 f
  U35/ZN (AOI222_X1)                       0.11       0.11 r
  U34/ZN (OAI221_X1)                       0.04       0.15 f
  Op[5] (out)                              0.00       0.15 f
  data arrival time                                   0.15
  -----------------------------------------------------------
  (Path is unconstrained)


  Startpoint: Ip[3] (input port)
  Endpoint: Op[4] (output port)
  Path Group: (none)
  Path Type: max

  Des/Clust/Port     Wire Load Model       Library
  ------------------------------------------------
  combShifter        5K_hvratio_1_1        NangateOpenCellLibrary

  Point                                    Incr       Path
  -----------------------------------------------------------
  input external delay                     0.00       0.00 f
  Ip[3] (in)                               0.00       0.00 f
  U38/ZN (AOI222_X1)                       0.10       0.10 r
  U37/ZN (OAI221_X1)                       0.05       0.15 f
  Op[4] (out)                              0.00       0.15 f
  data arrival time                                   0.15
  -----------------------------------------------------------
  (Path is unconstrained)


  Startpoint: Ip[4] (input port)
  Endpoint: Op[5] (output port)
  Path Group: (none)
  Path Type: max

  Des/Clust/Port     Wire Load Model       Library
  ------------------------------------------------
  combShifter        5K_hvratio_1_1        NangateOpenCellLibrary

  Point                                    Incr       Path
  -----------------------------------------------------------
  input external delay                     0.00       0.00 f
  Ip[4] (in)                               0.00       0.00 f
  U35/ZN (AOI222_X1)                       0.10       0.10 r
  U34/ZN (OAI221_X1)                       0.05       0.15 f
  Op[5] (out)                              0.00       0.15 f
  data arrival time                                   0.15
  -----------------------------------------------------------
  (Path is unconstrained)


  Startpoint: Ip[4] (input port)
  Endpoint: Op[6] (output port)
  Path Group: (none)
  Path Type: max

  Des/Clust/Port     Wire Load Model       Library
  ------------------------------------------------
  combShifter        5K_hvratio_1_1        NangateOpenCellLibrary

  Point                                    Incr       Path
  -----------------------------------------------------------
  input external delay                     0.00       0.00 f
  Ip[4] (in)                               0.00       0.00 f
  U32/ZN (AOI222_X1)                       0.10       0.10 r
  U31/ZN (OAI221_X1)                       0.05       0.15 f
  Op[6] (out)                              0.00       0.15 f
  data arrival time                                   0.15
  -----------------------------------------------------------
  (Path is unconstrained)


  Startpoint: shift_mag[4]
              (input port)
  Endpoint: Op[7] (output port)
  Path Group: (none)
  Path Type: max

  Des/Clust/Port     Wire Load Model       Library
  ------------------------------------------------
  combShifter        5K_hvratio_1_1        NangateOpenCellLibrary

  Point                                    Incr       Path
  -----------------------------------------------------------
  input external delay                     0.00       0.00 f
  shift_mag[4] (in)                        0.00       0.00 f
  U29/ZN (AOI222_X1)                       0.10       0.10 r
  U28/ZN (OAI221_X1)                       0.05       0.15 f
  Op[7] (out)                              0.00       0.15 f
  data arrival time                                   0.15
  -----------------------------------------------------------
  (Path is unconstrained)


  Startpoint: shift_mag[0]
              (input port)
  Endpoint: Op[6] (output port)
  Path Group: (none)
  Path Type: max

  Des/Clust/Port     Wire Load Model       Library
  ------------------------------------------------
  combShifter        5K_hvratio_1_1        NangateOpenCellLibrary

  Point                                    Incr       Path
  -----------------------------------------------------------
  input external delay                     0.00       0.00 f
  shift_mag[0] (in)                        0.00       0.00 f
  U32/ZN (AOI222_X1)                       0.10       0.10 r
  U31/ZN (OAI221_X1)                       0.05       0.15 f
  Op[6] (out)                              0.00       0.15 f
  data arrival time                                   0.15
  -----------------------------------------------------------
  (Path is unconstrained)


  Startpoint: shift_mag[0]
              (input port)
  Endpoint: Op[4] (output port)
  Path Group: (none)
  Path Type: max

  Des/Clust/Port     Wire Load Model       Library
  ------------------------------------------------
  combShifter        5K_hvratio_1_1        NangateOpenCellLibrary

  Point                                    Incr       Path
  -----------------------------------------------------------
  input external delay                     0.00       0.00 f
  shift_mag[0] (in)                        0.00       0.00 f
  U38/ZN (AOI222_X1)                       0.10       0.10 r
  U37/ZN (OAI221_X1)                       0.05       0.15 f
  Op[4] (out)                              0.00       0.15 f
  data arrival time                                   0.15
  -----------------------------------------------------------
  (Path is unconstrained)


  Startpoint: shift_mag[0]
              (input port)
  Endpoint: Op[5] (output port)
  Path Group: (none)
  Path Type: max

  Des/Clust/Port     Wire Load Model       Library
  ------------------------------------------------
  combShifter        5K_hvratio_1_1        NangateOpenCellLibrary

  Point                                    Incr       Path
  -----------------------------------------------------------
  input external delay                     0.00       0.00 f
  shift_mag[0] (in)                        0.00       0.00 f
  U35/ZN (AOI222_X1)                       0.10       0.10 r
  U34/ZN (OAI221_X1)                       0.05       0.15 f
  Op[5] (out)                              0.00       0.15 f
  data arrival time                                   0.15
  -----------------------------------------------------------
  (Path is unconstrained)


  Startpoint: Ip[1] (input port)
  Endpoint: Op[2] (output port)
  Path Group: (none)
  Path Type: max

  Des/Clust/Port     Wire Load Model       Library
  ------------------------------------------------
  combShifter        5K_hvratio_1_1        NangateOpenCellLibrary

  Point                                    Incr       Path
  -----------------------------------------------------------
  input external delay                     0.00       0.00 f
  Ip[1] (in)                               0.00       0.00 f
  U44/ZN (AOI222_X1)                       0.10       0.10 r
  U43/ZN (OAI221_X1)                       0.05       0.15 f
  Op[2] (out)                              0.00       0.15 f
  data arrival time                                   0.15
  -----------------------------------------------------------
  (Path is unconstrained)


  Startpoint: Ip[1] (input port)
  Endpoint: Op[7] (output port)
  Path Group: (none)
  Path Type: max

  Des/Clust/Port     Wire Load Model       Library
  ------------------------------------------------
  combShifter        5K_hvratio_1_1        NangateOpenCellLibrary

  Point                                    Incr       Path
  -----------------------------------------------------------
  input external delay                     0.00       0.00 f
  Ip[1] (in)                               0.00       0.00 f
  U29/ZN (AOI222_X1)                       0.10       0.10 r
  U28/ZN (OAI221_X1)                       0.05       0.15 f
  Op[7] (out)                              0.00       0.15 f
  data arrival time                                   0.15
  -----------------------------------------------------------
  (Path is unconstrained)


  Startpoint: shift_mag[0]
              (input port)
  Endpoint: Op[6] (output port)
  Path Group: (none)
  Path Type: max

  Des/Clust/Port     Wire Load Model       Library
  ------------------------------------------------
  combShifter        5K_hvratio_1_1        NangateOpenCellLibrary

  Point                                    Incr       Path
  -----------------------------------------------------------
  input external delay                     0.00       0.00 f
  shift_mag[0] (in)                        0.00       0.00 f
  U32/ZN (AOI222_X1)                       0.11       0.11 r
  U31/ZN (OAI221_X1)                       0.04       0.15 f
  Op[6] (out)                              0.00       0.15 f
  data arrival time                                   0.15
  -----------------------------------------------------------
  (Path is unconstrained)


  Startpoint: Ip[0] (input port)
  Endpoint: Op[2] (output port)
  Path Group: (none)
  Path Type: max

  Des/Clust/Port     Wire Load Model       Library
  ------------------------------------------------
  combShifter        5K_hvratio_1_1        NangateOpenCellLibrary

  Point                                    Incr       Path
  -----------------------------------------------------------
  input external delay                     0.00       0.00 f
  Ip[0] (in)                               0.00       0.00 f
  U44/ZN (AOI222_X1)                       0.10       0.10 r
  U43/ZN (OAI221_X1)                       0.05       0.15 f
  Op[2] (out)                              0.00       0.15 f
  data arrival time                                   0.15
  -----------------------------------------------------------
  (Path is unconstrained)


  Startpoint: Ip[1] (input port)
  Endpoint: Op[3] (output port)
  Path Group: (none)
  Path Type: max

  Des/Clust/Port     Wire Load Model       Library
  ------------------------------------------------
  combShifter        5K_hvratio_1_1        NangateOpenCellLibrary

  Point                                    Incr       Path
  -----------------------------------------------------------
  input external delay                     0.00       0.00 f
  Ip[1] (in)                               0.00       0.00 f
  U41/ZN (AOI222_X1)                       0.10       0.10 r
  U40/ZN (OAI221_X1)                       0.05       0.15 f
  Op[3] (out)                              0.00       0.15 f
  data arrival time                                   0.15
  -----------------------------------------------------------
  (Path is unconstrained)


  Startpoint: Ip[0] (input port)
  Endpoint: Op[6] (output port)
  Path Group: (none)
  Path Type: max

  Des/Clust/Port     Wire Load Model       Library
  ------------------------------------------------
  combShifter        5K_hvratio_1_1        NangateOpenCellLibrary

  Point                                    Incr       Path
  -----------------------------------------------------------
  input external delay                     0.00       0.00 f
  Ip[0] (in)                               0.00       0.00 f
  U32/ZN (AOI222_X1)                       0.10       0.10 r
  U31/ZN (OAI221_X1)                       0.05       0.15 f
  Op[6] (out)                              0.00       0.15 f
  data arrival time                                   0.15
  -----------------------------------------------------------
  (Path is unconstrained)


  Startpoint: Ip[0] (input port)
  Endpoint: Op[7] (output port)
  Path Group: (none)
  Path Type: max

  Des/Clust/Port     Wire Load Model       Library
  ------------------------------------------------
  combShifter        5K_hvratio_1_1        NangateOpenCellLibrary

  Point                                    Incr       Path
  -----------------------------------------------------------
  input external delay                     0.00       0.00 f
  Ip[0] (in)                               0.00       0.00 f
  U29/ZN (AOI222_X1)                       0.10       0.10 r
  U28/ZN (OAI221_X1)                       0.05       0.15 f
  Op[7] (out)                              0.00       0.15 f
  data arrival time                                   0.15
  -----------------------------------------------------------
  (Path is unconstrained)


  Startpoint: shift_mag[1]
              (input port)
  Endpoint: Op[3] (output port)
  Path Group: (none)
  Path Type: max

  Des/Clust/Port     Wire Load Model       Library
  ------------------------------------------------
  combShifter        5K_hvratio_1_1        NangateOpenCellLibrary

  Point                                    Incr       Path
  -----------------------------------------------------------
  input external delay                     0.00       0.00 f
  shift_mag[1] (in)                        0.00       0.00 f
  U41/ZN (AOI222_X1)                       0.11       0.11 r
  U40/ZN (OAI221_X1)                       0.04       0.15 f
  Op[3] (out)                              0.00       0.15 f
  data arrival time                                   0.15
  -----------------------------------------------------------
  (Path is unconstrained)


  Startpoint: shift_mag[1]
              (input port)
  Endpoint: Op[4] (output port)
  Path Group: (none)
  Path Type: max

  Des/Clust/Port     Wire Load Model       Library
  ------------------------------------------------
  combShifter        5K_hvratio_1_1        NangateOpenCellLibrary

  Point                                    Incr       Path
  -----------------------------------------------------------
  input external delay                     0.00       0.00 f
  shift_mag[1] (in)                        0.00       0.00 f
  U38/ZN (AOI222_X1)                       0.11       0.11 r
  U37/ZN (OAI221_X1)                       0.04       0.15 f
  Op[4] (out)                              0.00       0.15 f
  data arrival time                                   0.15
  -----------------------------------------------------------
  (Path is unconstrained)


  Startpoint: shift_mag[1]
              (input port)
  Endpoint: Op[5] (output port)
  Path Group: (none)
  Path Type: max

  Des/Clust/Port     Wire Load Model       Library
  ------------------------------------------------
  combShifter        5K_hvratio_1_1        NangateOpenCellLibrary

  Point                                    Incr       Path
  -----------------------------------------------------------
  input external delay                     0.00       0.00 f
  shift_mag[1] (in)                        0.00       0.00 f
  U35/ZN (AOI222_X1)                       0.11       0.11 r
  U34/ZN (OAI221_X1)                       0.04       0.15 f
  Op[5] (out)                              0.00       0.15 f
  data arrival time                                   0.15
  -----------------------------------------------------------
  (Path is unconstrained)


  Startpoint: Ip[1] (input port)
  Endpoint: Op[2] (output port)
  Path Group: (none)
  Path Type: max

  Des/Clust/Port     Wire Load Model       Library
  ------------------------------------------------
  combShifter        5K_hvratio_1_1        NangateOpenCellLibrary

  Point                                    Incr       Path
  -----------------------------------------------------------
  input external delay                     0.00       0.00 f
  Ip[1] (in)                               0.00       0.00 f
  U44/ZN (AOI222_X1)                       0.11       0.11 r
  U43/ZN (OAI221_X1)                       0.04       0.15 f
  Op[2] (out)                              0.00       0.15 f
  data arrival time                                   0.15
  -----------------------------------------------------------
  (Path is unconstrained)


  Startpoint: Ip[1] (input port)
  Endpoint: Op[7] (output port)
  Path Group: (none)
  Path Type: max

  Des/Clust/Port     Wire Load Model       Library
  ------------------------------------------------
  combShifter        5K_hvratio_1_1        NangateOpenCellLibrary

  Point                                    Incr       Path
  -----------------------------------------------------------
  input external delay                     0.00       0.00 f
  Ip[1] (in)                               0.00       0.00 f
  U29/ZN (AOI222_X1)                       0.11       0.11 r
  U28/ZN (OAI221_X1)                       0.04       0.15 f
  Op[7] (out)                              0.00       0.15 f
  data arrival time                                   0.15
  -----------------------------------------------------------
  (Path is unconstrained)


  Startpoint: shift_mag[1]
              (input port)
  Endpoint: Op[3] (output port)
  Path Group: (none)
  Path Type: max

  Des/Clust/Port     Wire Load Model       Library
  ------------------------------------------------
  combShifter        5K_hvratio_1_1        NangateOpenCellLibrary

  Point                                    Incr       Path
  -----------------------------------------------------------
  input external delay                     0.00       0.00 f
  shift_mag[1] (in)                        0.00       0.00 f
  U41/ZN (AOI222_X1)                       0.11       0.11 r
  U40/ZN (OAI221_X1)                       0.04       0.14 f
  Op[3] (out)                              0.00       0.15 f
  data arrival time                                   0.15
  -----------------------------------------------------------
  (Path is unconstrained)


  Startpoint: shift_mag[1]
              (input port)
  Endpoint: Op[4] (output port)
  Path Group: (none)
  Path Type: max

  Des/Clust/Port     Wire Load Model       Library
  ------------------------------------------------
  combShifter        5K_hvratio_1_1        NangateOpenCellLibrary

  Point                                    Incr       Path
  -----------------------------------------------------------
  input external delay                     0.00       0.00 f
  shift_mag[1] (in)                        0.00       0.00 f
  U38/ZN (AOI222_X1)                       0.11       0.11 r
  U37/ZN (OAI221_X1)                       0.04       0.14 f
  Op[4] (out)                              0.00       0.15 f
  data arrival time                                   0.15
  -----------------------------------------------------------
  (Path is unconstrained)


  Startpoint: shift_mag[1]
              (input port)
  Endpoint: Op[5] (output port)
  Path Group: (none)
  Path Type: max

  Des/Clust/Port     Wire Load Model       Library
  ------------------------------------------------
  combShifter        5K_hvratio_1_1        NangateOpenCellLibrary

  Point                                    Incr       Path
  -----------------------------------------------------------
  input external delay                     0.00       0.00 f
  shift_mag[1] (in)                        0.00       0.00 f
  U35/ZN (AOI222_X1)                       0.11       0.11 r
  U34/ZN (OAI221_X1)                       0.04       0.14 f
  Op[5] (out)                              0.00       0.15 f
  data arrival time                                   0.15
  -----------------------------------------------------------
  (Path is unconstrained)


  Startpoint: shift_mag[1]
              (input port)
  Endpoint: Op[2] (output port)
  Path Group: (none)
  Path Type: max

  Des/Clust/Port     Wire Load Model       Library
  ------------------------------------------------
  combShifter        5K_hvratio_1_1        NangateOpenCellLibrary

  Point                                    Incr       Path
  -----------------------------------------------------------
  input external delay                     0.00       0.00 f
  shift_mag[1] (in)                        0.00       0.00 f
  U44/ZN (AOI222_X1)                       0.10       0.10 r
  U43/ZN (OAI221_X1)                       0.04       0.14 f
  Op[2] (out)                              0.00       0.15 f
  data arrival time                                   0.15
  -----------------------------------------------------------
  (Path is unconstrained)


  Startpoint: shift_mag[1]
              (input port)
  Endpoint: Op[2] (output port)
  Path Group: (none)
  Path Type: max

  Des/Clust/Port     Wire Load Model       Library
  ------------------------------------------------
  combShifter        5K_hvratio_1_1        NangateOpenCellLibrary

  Point                                    Incr       Path
  -----------------------------------------------------------
  input external delay                     0.00       0.00 f
  shift_mag[1] (in)                        0.00       0.00 f
  U44/ZN (AOI222_X1)                       0.10       0.10 r
  U43/ZN (OAI221_X1)                       0.04       0.14 f
  Op[2] (out)                              0.00       0.15 f
  data arrival time                                   0.15
  -----------------------------------------------------------
  (Path is unconstrained)


  Startpoint: shift_mag[0]
              (input port)
  Endpoint: Op[6] (output port)
  Path Group: (none)
  Path Type: max

  Des/Clust/Port     Wire Load Model       Library
  ------------------------------------------------
  combShifter        5K_hvratio_1_1        NangateOpenCellLibrary

  Point                                    Incr       Path
  -----------------------------------------------------------
  input external delay                     0.00       0.00 f
  shift_mag[0] (in)                        0.00       0.00 f
  U32/ZN (AOI222_X1)                       0.11       0.11 r
  U31/ZN (OAI221_X1)                       0.04       0.14 f
  Op[6] (out)                              0.00       0.15 f
  data arrival time                                   0.15
  -----------------------------------------------------------
  (Path is unconstrained)


  Startpoint: shift_mag[0]
              (input port)
  Endpoint: Op[6] (output port)
  Path Group: (none)
  Path Type: max

  Des/Clust/Port     Wire Load Model       Library
  ------------------------------------------------
  combShifter        5K_hvratio_1_1        NangateOpenCellLibrary

  Point                                    Incr       Path
  -----------------------------------------------------------
  input external delay                     0.00       0.00 f
  shift_mag[0] (in)                        0.00       0.00 f
  U32/ZN (AOI222_X1)                       0.11       0.11 r
  U31/ZN (OAI221_X1)                       0.04       0.14 f
  Op[6] (out)                              0.00       0.15 f
  data arrival time                                   0.15
  -----------------------------------------------------------
  (Path is unconstrained)


  Startpoint: Ip[1] (input port)
  Endpoint: Op[2] (output port)
  Path Group: (none)
  Path Type: max

  Des/Clust/Port     Wire Load Model       Library
  ------------------------------------------------
  combShifter        5K_hvratio_1_1        NangateOpenCellLibrary

  Point                                    Incr       Path
  -----------------------------------------------------------
  input external delay                     0.00       0.00 f
  Ip[1] (in)                               0.00       0.00 f
  U44/ZN (AOI222_X1)                       0.11       0.11 r
  U43/ZN (OAI221_X1)                       0.04       0.14 f
  Op[2] (out)                              0.00       0.15 f
  data arrival time                                   0.15
  -----------------------------------------------------------
  (Path is unconstrained)


  Startpoint: Ip[1] (input port)
  Endpoint: Op[7] (output port)
  Path Group: (none)
  Path Type: max

  Des/Clust/Port     Wire Load Model       Library
  ------------------------------------------------
  combShifter        5K_hvratio_1_1        NangateOpenCellLibrary

  Point                                    Incr       Path
  -----------------------------------------------------------
  input external delay                     0.00       0.00 f
  Ip[1] (in)                               0.00       0.00 f
  U29/ZN (AOI222_X1)                       0.11       0.11 r
  U28/ZN (OAI221_X1)                       0.04       0.14 f
  Op[7] (out)                              0.00       0.15 f
  data arrival time                                   0.15
  -----------------------------------------------------------
  (Path is unconstrained)


  Startpoint: shift_mag[1]
              (input port)
  Endpoint: Op[3] (output port)
  Path Group: (none)
  Path Type: max

  Des/Clust/Port     Wire Load Model       Library
  ------------------------------------------------
  combShifter        5K_hvratio_1_1        NangateOpenCellLibrary

  Point                                    Incr       Path
  -----------------------------------------------------------
  input external delay                     0.00       0.00 f
  shift_mag[1] (in)                        0.00       0.00 f
  U41/ZN (AOI222_X1)                       0.10       0.10 r
  U40/ZN (OAI221_X1)                       0.04       0.14 f
  Op[3] (out)                              0.00       0.14 f
  data arrival time                                   0.14
  -----------------------------------------------------------
  (Path is unconstrained)


  Startpoint: shift_mag[1]
              (input port)
  Endpoint: Op[4] (output port)
  Path Group: (none)
  Path Type: max

  Des/Clust/Port     Wire Load Model       Library
  ------------------------------------------------
  combShifter        5K_hvratio_1_1        NangateOpenCellLibrary

  Point                                    Incr       Path
  -----------------------------------------------------------
  input external delay                     0.00       0.00 f
  shift_mag[1] (in)                        0.00       0.00 f
  U38/ZN (AOI222_X1)                       0.10       0.10 r
  U37/ZN (OAI221_X1)                       0.04       0.14 f
  Op[4] (out)                              0.00       0.14 f
  data arrival time                                   0.14
  -----------------------------------------------------------
  (Path is unconstrained)


  Startpoint: shift_mag[1]
              (input port)
  Endpoint: Op[5] (output port)
  Path Group: (none)
  Path Type: max

  Des/Clust/Port     Wire Load Model       Library
  ------------------------------------------------
  combShifter        5K_hvratio_1_1        NangateOpenCellLibrary

  Point                                    Incr       Path
  -----------------------------------------------------------
  input external delay                     0.00       0.00 f
  shift_mag[1] (in)                        0.00       0.00 f
  U35/ZN (AOI222_X1)                       0.10       0.10 r
  U34/ZN (OAI221_X1)                       0.04       0.14 f
  Op[5] (out)                              0.00       0.14 f
  data arrival time                                   0.14
  -----------------------------------------------------------
  (Path is unconstrained)


  Startpoint: Ip[1] (input port)
  Endpoint: Op[2] (output port)
  Path Group: (none)
  Path Type: max

  Des/Clust/Port     Wire Load Model       Library
  ------------------------------------------------
  combShifter        5K_hvratio_1_1        NangateOpenCellLibrary

  Point                                    Incr       Path
  -----------------------------------------------------------
  input external delay                     0.00       0.00 f
  Ip[1] (in)                               0.00       0.00 f
  U44/ZN (AOI222_X1)                       0.11       0.11 r
  U43/ZN (OAI221_X1)                       0.04       0.14 f
  Op[2] (out)                              0.00       0.14 f
  data arrival time                                   0.14
  -----------------------------------------------------------
  (Path is unconstrained)


  Startpoint: Ip[1] (input port)
  Endpoint: Op[7] (output port)
  Path Group: (none)
  Path Type: max

  Des/Clust/Port     Wire Load Model       Library
  ------------------------------------------------
  combShifter        5K_hvratio_1_1        NangateOpenCellLibrary

  Point                                    Incr       Path
  -----------------------------------------------------------
  input external delay                     0.00       0.00 f
  Ip[1] (in)                               0.00       0.00 f
  U29/ZN (AOI222_X1)                       0.11       0.11 r
  U28/ZN (OAI221_X1)                       0.04       0.14 f
  Op[7] (out)                              0.00       0.14 f
  data arrival time                                   0.14
  -----------------------------------------------------------
  (Path is unconstrained)


  Startpoint: shift_mag[1]
              (input port)
  Endpoint: Op[3] (output port)
  Path Group: (none)
  Path Type: max

  Des/Clust/Port     Wire Load Model       Library
  ------------------------------------------------
  combShifter        5K_hvratio_1_1        NangateOpenCellLibrary

  Point                                    Incr       Path
  -----------------------------------------------------------
  input external delay                     0.00       0.00 f
  shift_mag[1] (in)                        0.00       0.00 f
  U41/ZN (AOI222_X1)                       0.11       0.11 r
  U40/ZN (OAI221_X1)                       0.03       0.14 f
  Op[3] (out)                              0.00       0.14 f
  data arrival time                                   0.14
  -----------------------------------------------------------
  (Path is unconstrained)


  Startpoint: shift_mag[1]
              (input port)
  Endpoint: Op[4] (output port)
  Path Group: (none)
  Path Type: max

  Des/Clust/Port     Wire Load Model       Library
  ------------------------------------------------
  combShifter        5K_hvratio_1_1        NangateOpenCellLibrary

  Point                                    Incr       Path
  -----------------------------------------------------------
  input external delay                     0.00       0.00 f
  shift_mag[1] (in)                        0.00       0.00 f
  U38/ZN (AOI222_X1)                       0.11       0.11 r
  U37/ZN (OAI221_X1)                       0.03       0.14 f
  Op[4] (out)                              0.00       0.14 f
  data arrival time                                   0.14
  -----------------------------------------------------------
  (Path is unconstrained)


  Startpoint: shift_mag[1]
              (input port)
  Endpoint: Op[5] (output port)
  Path Group: (none)
  Path Type: max

  Des/Clust/Port     Wire Load Model       Library
  ------------------------------------------------
  combShifter        5K_hvratio_1_1        NangateOpenCellLibrary

  Point                                    Incr       Path
  -----------------------------------------------------------
  input external delay                     0.00       0.00 f
  shift_mag[1] (in)                        0.00       0.00 f
  U35/ZN (AOI222_X1)                       0.11       0.11 r
  U34/ZN (OAI221_X1)                       0.03       0.14 f
  Op[5] (out)                              0.00       0.14 f
  data arrival time                                   0.14
  -----------------------------------------------------------
  (Path is unconstrained)


  Startpoint: Ip[2] (input port)
  Endpoint: Op[3] (output port)
  Path Group: (none)
  Path Type: max

  Des/Clust/Port     Wire Load Model       Library
  ------------------------------------------------
  combShifter        5K_hvratio_1_1        NangateOpenCellLibrary

  Point                                    Incr       Path
  -----------------------------------------------------------
  input external delay                     0.00       0.00 f
  Ip[2] (in)                               0.00       0.00 f
  U41/ZN (AOI222_X1)                       0.10       0.10 r
  U40/ZN (OAI221_X1)                       0.04       0.14 f
  Op[3] (out)                              0.00       0.14 f
  data arrival time                                   0.14
  -----------------------------------------------------------
  (Path is unconstrained)


  Startpoint: shift_mag[1]
              (input port)
  Endpoint: Op[3] (output port)
  Path Group: (none)
  Path Type: max

  Des/Clust/Port     Wire Load Model       Library
  ------------------------------------------------
  combShifter        5K_hvratio_1_1        NangateOpenCellLibrary

  Point                                    Incr       Path
  -----------------------------------------------------------
  input external delay                     0.00       0.00 f
  shift_mag[1] (in)                        0.00       0.00 f
  U41/ZN (AOI222_X1)                       0.10       0.10 r
  U40/ZN (OAI221_X1)                       0.04       0.14 f
  Op[3] (out)                              0.00       0.14 f
  data arrival time                                   0.14
  -----------------------------------------------------------
  (Path is unconstrained)


  Startpoint: shift_mag[1]
              (input port)
  Endpoint: Op[4] (output port)
  Path Group: (none)
  Path Type: max

  Des/Clust/Port     Wire Load Model       Library
  ------------------------------------------------
  combShifter        5K_hvratio_1_1        NangateOpenCellLibrary

  Point                                    Incr       Path
  -----------------------------------------------------------
  input external delay                     0.00       0.00 f
  shift_mag[1] (in)                        0.00       0.00 f
  U38/ZN (AOI222_X1)                       0.10       0.10 r
  U37/ZN (OAI221_X1)                       0.04       0.14 f
  Op[4] (out)                              0.00       0.14 f
  data arrival time                                   0.14
  -----------------------------------------------------------
  (Path is unconstrained)


  Startpoint: shift_mag[1]
              (input port)
  Endpoint: Op[5] (output port)
  Path Group: (none)
  Path Type: max

  Des/Clust/Port     Wire Load Model       Library
  ------------------------------------------------
  combShifter        5K_hvratio_1_1        NangateOpenCellLibrary

  Point                                    Incr       Path
  -----------------------------------------------------------
  input external delay                     0.00       0.00 f
  shift_mag[1] (in)                        0.00       0.00 f
  U35/ZN (AOI222_X1)                       0.10       0.10 r
  U34/ZN (OAI221_X1)                       0.04       0.14 f
  Op[5] (out)                              0.00       0.14 f
  data arrival time                                   0.14
  -----------------------------------------------------------
  (Path is unconstrained)


  Startpoint: shift_mag[1]
              (input port)
  Endpoint: Op[3] (output port)
  Path Group: (none)
  Path Type: max

  Des/Clust/Port     Wire Load Model       Library
  ------------------------------------------------
  combShifter        5K_hvratio_1_1        NangateOpenCellLibrary

  Point                                    Incr       Path
  -----------------------------------------------------------
  input external delay                     0.00       0.00 f
  shift_mag[1] (in)                        0.00       0.00 f
  U41/ZN (AOI222_X1)                       0.11       0.11 r
  U40/ZN (OAI221_X1)                       0.03       0.14 f
  Op[3] (out)                              0.00       0.14 f
  data arrival time                                   0.14
  -----------------------------------------------------------
  (Path is unconstrained)


  Startpoint: shift_mag[1]
              (input port)
  Endpoint: Op[4] (output port)
  Path Group: (none)
  Path Type: max

  Des/Clust/Port     Wire Load Model       Library
  ------------------------------------------------
  combShifter        5K_hvratio_1_1        NangateOpenCellLibrary

  Point                                    Incr       Path
  -----------------------------------------------------------
  input external delay                     0.00       0.00 f
  shift_mag[1] (in)                        0.00       0.00 f
  U38/ZN (AOI222_X1)                       0.11       0.11 r
  U37/ZN (OAI221_X1)                       0.03       0.14 f
  Op[4] (out)                              0.00       0.14 f
  data arrival time                                   0.14
  -----------------------------------------------------------
  (Path is unconstrained)


  Startpoint: shift_mag[1]
              (input port)
  Endpoint: Op[5] (output port)
  Path Group: (none)
  Path Type: max

  Des/Clust/Port     Wire Load Model       Library
  ------------------------------------------------
  combShifter        5K_hvratio_1_1        NangateOpenCellLibrary

  Point                                    Incr       Path
  -----------------------------------------------------------
  input external delay                     0.00       0.00 f
  shift_mag[1] (in)                        0.00       0.00 f
  U35/ZN (AOI222_X1)                       0.11       0.11 r
  U34/ZN (OAI221_X1)                       0.03       0.14 f
  Op[5] (out)                              0.00       0.14 f
  data arrival time                                   0.14
  -----------------------------------------------------------
  (Path is unconstrained)


  Startpoint: shift_mag[1]
              (input port)
  Endpoint: Op[2] (output port)
  Path Group: (none)
  Path Type: max

  Des/Clust/Port     Wire Load Model       Library
  ------------------------------------------------
  combShifter        5K_hvratio_1_1        NangateOpenCellLibrary

  Point                                    Incr       Path
  -----------------------------------------------------------
  input external delay                     0.00       0.00 f
  shift_mag[1] (in)                        0.00       0.00 f
  U44/ZN (AOI222_X1)                       0.09       0.09 r
  U43/ZN (OAI221_X1)                       0.05       0.14 f
  Op[2] (out)                              0.00       0.14 f
  data arrival time                                   0.14
  -----------------------------------------------------------
  (Path is unconstrained)


  Startpoint: Ip[3] (input port)
  Endpoint: Op[4] (output port)
  Path Group: (none)
  Path Type: max

  Des/Clust/Port     Wire Load Model       Library
  ------------------------------------------------
  combShifter        5K_hvratio_1_1        NangateOpenCellLibrary

  Point                                    Incr       Path
  -----------------------------------------------------------
  input external delay                     0.00       0.00 f
  Ip[3] (in)                               0.00       0.00 f
  U38/ZN (AOI222_X1)                       0.10       0.10 r
  U37/ZN (OAI221_X1)                       0.04       0.14 f
  Op[4] (out)                              0.00       0.14 f
  data arrival time                                   0.14
  -----------------------------------------------------------
  (Path is unconstrained)


  Startpoint: Ip[4] (input port)
  Endpoint: Op[5] (output port)
  Path Group: (none)
  Path Type: max

  Des/Clust/Port     Wire Load Model       Library
  ------------------------------------------------
  combShifter        5K_hvratio_1_1        NangateOpenCellLibrary

  Point                                    Incr       Path
  -----------------------------------------------------------
  input external delay                     0.00       0.00 f
  Ip[4] (in)                               0.00       0.00 f
  U35/ZN (AOI222_X1)                       0.10       0.10 r
  U34/ZN (OAI221_X1)                       0.04       0.14 f
  Op[5] (out)                              0.00       0.14 f
  data arrival time                                   0.14
  -----------------------------------------------------------
  (Path is unconstrained)


  Startpoint: Ip[4] (input port)
  Endpoint: Op[6] (output port)
  Path Group: (none)
  Path Type: max

  Des/Clust/Port     Wire Load Model       Library
  ------------------------------------------------
  combShifter        5K_hvratio_1_1        NangateOpenCellLibrary

  Point                                    Incr       Path
  -----------------------------------------------------------
  input external delay                     0.00       0.00 f
  Ip[4] (in)                               0.00       0.00 f
  U32/ZN (AOI222_X1)                       0.10       0.10 r
  U31/ZN (OAI221_X1)                       0.04       0.14 f
  Op[6] (out)                              0.00       0.14 f
  data arrival time                                   0.14
  -----------------------------------------------------------
  (Path is unconstrained)


  Startpoint: shift_mag[4]
              (input port)
  Endpoint: Op[7] (output port)
  Path Group: (none)
  Path Type: max

  Des/Clust/Port     Wire Load Model       Library
  ------------------------------------------------
  combShifter        5K_hvratio_1_1        NangateOpenCellLibrary

  Point                                    Incr       Path
  -----------------------------------------------------------
  input external delay                     0.00       0.00 f
  shift_mag[4] (in)                        0.00       0.00 f
  U29/ZN (AOI222_X1)                       0.10       0.10 r
  U28/ZN (OAI221_X1)                       0.04       0.14 f
  Op[7] (out)                              0.00       0.14 f
  data arrival time                                   0.14
  -----------------------------------------------------------
  (Path is unconstrained)


  Startpoint: Ip[2] (input port)
  Endpoint: Op[3] (output port)
  Path Group: (none)
  Path Type: max

  Des/Clust/Port     Wire Load Model       Library
  ------------------------------------------------
  combShifter        5K_hvratio_1_1        NangateOpenCellLibrary

  Point                                    Incr       Path
  -----------------------------------------------------------
  input external delay                     0.00       0.00 f
  Ip[2] (in)                               0.00       0.00 f
  U41/ZN (AOI222_X1)                       0.10       0.10 r
  U40/ZN (OAI221_X1)                       0.04       0.14 f
  Op[3] (out)                              0.00       0.14 f
  data arrival time                                   0.14
  -----------------------------------------------------------
  (Path is unconstrained)


  Startpoint: shift_mag[0]
              (input port)
  Endpoint: Op[6] (output port)
  Path Group: (none)
  Path Type: max

  Des/Clust/Port     Wire Load Model       Library
  ------------------------------------------------
  combShifter        5K_hvratio_1_1        NangateOpenCellLibrary

  Point                                    Incr       Path
  -----------------------------------------------------------
  input external delay                     0.00       0.00 f
  shift_mag[0] (in)                        0.00       0.00 f
  U32/ZN (AOI222_X1)                       0.10       0.10 r
  U31/ZN (OAI221_X1)                       0.04       0.14 f
  Op[6] (out)                              0.00       0.14 f
  data arrival time                                   0.14
  -----------------------------------------------------------
  (Path is unconstrained)


  Startpoint: shift_mag[0]
              (input port)
  Endpoint: Op[4] (output port)
  Path Group: (none)
  Path Type: max

  Des/Clust/Port     Wire Load Model       Library
  ------------------------------------------------
  combShifter        5K_hvratio_1_1        NangateOpenCellLibrary

  Point                                    Incr       Path
  -----------------------------------------------------------
  input external delay                     0.00       0.00 f
  shift_mag[0] (in)                        0.00       0.00 f
  U38/ZN (AOI222_X1)                       0.10       0.10 r
  U37/ZN (OAI221_X1)                       0.04       0.14 f
  Op[4] (out)                              0.00       0.14 f
  data arrival time                                   0.14
  -----------------------------------------------------------
  (Path is unconstrained)


  Startpoint: shift_mag[0]
              (input port)
  Endpoint: Op[5] (output port)
  Path Group: (none)
  Path Type: max

  Des/Clust/Port     Wire Load Model       Library
  ------------------------------------------------
  combShifter        5K_hvratio_1_1        NangateOpenCellLibrary

  Point                                    Incr       Path
  -----------------------------------------------------------
  input external delay                     0.00       0.00 f
  shift_mag[0] (in)                        0.00       0.00 f
  U35/ZN (AOI222_X1)                       0.10       0.10 r
  U34/ZN (OAI221_X1)                       0.04       0.14 f
  Op[5] (out)                              0.00       0.14 f
  data arrival time                                   0.14
  -----------------------------------------------------------
  (Path is unconstrained)


  Startpoint: shift_mag[1]
              (input port)
  Endpoint: Op[2] (output port)
  Path Group: (none)
  Path Type: max

  Des/Clust/Port     Wire Load Model       Library
  ------------------------------------------------
  combShifter        5K_hvratio_1_1        NangateOpenCellLibrary

  Point                                    Incr       Path
  -----------------------------------------------------------
  input external delay                     0.00       0.00 f
  shift_mag[1] (in)                        0.00       0.00 f
  U44/ZN (AOI222_X1)                       0.10       0.10 r
  U43/ZN (OAI221_X1)                       0.04       0.14 f
  Op[2] (out)                              0.00       0.14 f
  data arrival time                                   0.14
  -----------------------------------------------------------
  (Path is unconstrained)


  Startpoint: Ip[3] (input port)
  Endpoint: Op[4] (output port)
  Path Group: (none)
  Path Type: max

  Des/Clust/Port     Wire Load Model       Library
  ------------------------------------------------
  combShifter        5K_hvratio_1_1        NangateOpenCellLibrary

  Point                                    Incr       Path
  -----------------------------------------------------------
  input external delay                     0.00       0.00 f
  Ip[3] (in)                               0.00       0.00 f
  U38/ZN (AOI222_X1)                       0.10       0.10 r
  U37/ZN (OAI221_X1)                       0.04       0.14 f
  Op[4] (out)                              0.00       0.14 f
  data arrival time                                   0.14
  -----------------------------------------------------------
  (Path is unconstrained)


  Startpoint: Ip[4] (input port)
  Endpoint: Op[5] (output port)
  Path Group: (none)
  Path Type: max

  Des/Clust/Port     Wire Load Model       Library
  ------------------------------------------------
  combShifter        5K_hvratio_1_1        NangateOpenCellLibrary

  Point                                    Incr       Path
  -----------------------------------------------------------
  input external delay                     0.00       0.00 f
  Ip[4] (in)                               0.00       0.00 f
  U35/ZN (AOI222_X1)                       0.10       0.10 r
  U34/ZN (OAI221_X1)                       0.04       0.14 f
  Op[5] (out)                              0.00       0.14 f
  data arrival time                                   0.14
  -----------------------------------------------------------
  (Path is unconstrained)


  Startpoint: Ip[4] (input port)
  Endpoint: Op[6] (output port)
  Path Group: (none)
  Path Type: max

  Des/Clust/Port     Wire Load Model       Library
  ------------------------------------------------
  combShifter        5K_hvratio_1_1        NangateOpenCellLibrary

  Point                                    Incr       Path
  -----------------------------------------------------------
  input external delay                     0.00       0.00 f
  Ip[4] (in)                               0.00       0.00 f
  U32/ZN (AOI222_X1)                       0.10       0.10 r
  U31/ZN (OAI221_X1)                       0.04       0.14 f
  Op[6] (out)                              0.00       0.14 f
  data arrival time                                   0.14
  -----------------------------------------------------------
  (Path is unconstrained)


  Startpoint: shift_mag[4]
              (input port)
  Endpoint: Op[7] (output port)
  Path Group: (none)
  Path Type: max

  Des/Clust/Port     Wire Load Model       Library
  ------------------------------------------------
  combShifter        5K_hvratio_1_1        NangateOpenCellLibrary

  Point                                    Incr       Path
  -----------------------------------------------------------
  input external delay                     0.00       0.00 f
  shift_mag[4] (in)                        0.00       0.00 f
  U29/ZN (AOI222_X1)                       0.10       0.10 r
  U28/ZN (OAI221_X1)                       0.04       0.14 f
  Op[7] (out)                              0.00       0.14 f
  data arrival time                                   0.14
  -----------------------------------------------------------
  (Path is unconstrained)


  Startpoint: shift_mag[0]
              (input port)
  Endpoint: Op[6] (output port)
  Path Group: (none)
  Path Type: max

  Des/Clust/Port     Wire Load Model       Library
  ------------------------------------------------
  combShifter        5K_hvratio_1_1        NangateOpenCellLibrary

  Point                                    Incr       Path
  -----------------------------------------------------------
  input external delay                     0.00       0.00 f
  shift_mag[0] (in)                        0.00       0.00 f
  U32/ZN (AOI222_X1)                       0.11       0.11 r
  U31/ZN (OAI221_X1)                       0.03       0.14 f
  Op[6] (out)                              0.00       0.14 f
  data arrival time                                   0.14
  -----------------------------------------------------------
  (Path is unconstrained)


  Startpoint: shift_mag[0]
              (input port)
  Endpoint: Op[6] (output port)
  Path Group: (none)
  Path Type: max

  Des/Clust/Port     Wire Load Model       Library
  ------------------------------------------------
  combShifter        5K_hvratio_1_1        NangateOpenCellLibrary

  Point                                    Incr       Path
  -----------------------------------------------------------
  input external delay                     0.00       0.00 f
  shift_mag[0] (in)                        0.00       0.00 f
  U32/ZN (AOI222_X1)                       0.10       0.10 r
  U31/ZN (OAI221_X1)                       0.04       0.14 f
  Op[6] (out)                              0.00       0.14 f
  data arrival time                                   0.14
  -----------------------------------------------------------
  (Path is unconstrained)


  Startpoint: shift_mag[1]
              (input port)
  Endpoint: Op[3] (output port)
  Path Group: (none)
  Path Type: max

  Des/Clust/Port     Wire Load Model       Library
  ------------------------------------------------
  combShifter        5K_hvratio_1_1        NangateOpenCellLibrary

  Point                                    Incr       Path
  -----------------------------------------------------------
  input external delay                     0.00       0.00 f
  shift_mag[1] (in)                        0.00       0.00 f
  U41/ZN (AOI222_X1)                       0.09       0.09 r
  U40/ZN (OAI221_X1)                       0.05       0.14 f
  Op[3] (out)                              0.00       0.14 f
  data arrival time                                   0.14
  -----------------------------------------------------------
  (Path is unconstrained)


  Startpoint: shift_mag[1]
              (input port)
  Endpoint: Op[4] (output port)
  Path Group: (none)
  Path Type: max

  Des/Clust/Port     Wire Load Model       Library
  ------------------------------------------------
  combShifter        5K_hvratio_1_1        NangateOpenCellLibrary

  Point                                    Incr       Path
  -----------------------------------------------------------
  input external delay                     0.00       0.00 f
  shift_mag[1] (in)                        0.00       0.00 f
  U38/ZN (AOI222_X1)                       0.09       0.09 r
  U37/ZN (OAI221_X1)                       0.05       0.14 f
  Op[4] (out)                              0.00       0.14 f
  data arrival time                                   0.14
  -----------------------------------------------------------
  (Path is unconstrained)


  Startpoint: shift_mag[1]
              (input port)
  Endpoint: Op[5] (output port)
  Path Group: (none)
  Path Type: max

  Des/Clust/Port     Wire Load Model       Library
  ------------------------------------------------
  combShifter        5K_hvratio_1_1        NangateOpenCellLibrary

  Point                                    Incr       Path
  -----------------------------------------------------------
  input external delay                     0.00       0.00 f
  shift_mag[1] (in)                        0.00       0.00 f
  U35/ZN (AOI222_X1)                       0.09       0.09 r
  U34/ZN (OAI221_X1)                       0.05       0.14 f
  Op[5] (out)                              0.00       0.14 f
  data arrival time                                   0.14
  -----------------------------------------------------------
  (Path is unconstrained)


  Startpoint: Ip[1] (input port)
  Endpoint: Op[2] (output port)
  Path Group: (none)
  Path Type: max

  Des/Clust/Port     Wire Load Model       Library
  ------------------------------------------------
  combShifter        5K_hvratio_1_1        NangateOpenCellLibrary

  Point                                    Incr       Path
  -----------------------------------------------------------
  input external delay                     0.00       0.00 f
  Ip[1] (in)                               0.00       0.00 f
  U44/ZN (AOI222_X1)                       0.10       0.10 r
  U43/ZN (OAI221_X1)                       0.04       0.14 f
  Op[2] (out)                              0.00       0.14 f
  data arrival time                                   0.14
  -----------------------------------------------------------
  (Path is unconstrained)


  Startpoint: Ip[1] (input port)
  Endpoint: Op[7] (output port)
  Path Group: (none)
  Path Type: max

  Des/Clust/Port     Wire Load Model       Library
  ------------------------------------------------
  combShifter        5K_hvratio_1_1        NangateOpenCellLibrary

  Point                                    Incr       Path
  -----------------------------------------------------------
  input external delay                     0.00       0.00 f
  Ip[1] (in)                               0.00       0.00 f
  U29/ZN (AOI222_X1)                       0.10       0.10 r
  U28/ZN (OAI221_X1)                       0.04       0.14 f
  Op[7] (out)                              0.00       0.14 f
  data arrival time                                   0.14
  -----------------------------------------------------------
  (Path is unconstrained)


  Startpoint: shift_mag[0]
              (input port)
  Endpoint: Op[4] (output port)
  Path Group: (none)
  Path Type: max

  Des/Clust/Port     Wire Load Model       Library
  ------------------------------------------------
  combShifter        5K_hvratio_1_1        NangateOpenCellLibrary

  Point                                    Incr       Path
  -----------------------------------------------------------
  input external delay                     0.00       0.00 f
  shift_mag[0] (in)                        0.00       0.00 f
  U38/ZN (AOI222_X1)                       0.10       0.10 r
  U37/ZN (OAI221_X1)                       0.04       0.14 f
  Op[4] (out)                              0.00       0.14 f
  data arrival time                                   0.14
  -----------------------------------------------------------
  (Path is unconstrained)


  Startpoint: shift_mag[0]
              (input port)
  Endpoint: Op[5] (output port)
  Path Group: (none)
  Path Type: max

  Des/Clust/Port     Wire Load Model       Library
  ------------------------------------------------
  combShifter        5K_hvratio_1_1        NangateOpenCellLibrary

  Point                                    Incr       Path
  -----------------------------------------------------------
  input external delay                     0.00       0.00 f
  shift_mag[0] (in)                        0.00       0.00 f
  U35/ZN (AOI222_X1)                       0.10       0.10 r
  U34/ZN (OAI221_X1)                       0.04       0.14 f
  Op[5] (out)                              0.00       0.14 f
  data arrival time                                   0.14
  -----------------------------------------------------------
  (Path is unconstrained)


  Startpoint: Ip[0] (input port)
  Endpoint: Op[2] (output port)
  Path Group: (none)
  Path Type: max

  Des/Clust/Port     Wire Load Model       Library
  ------------------------------------------------
  combShifter        5K_hvratio_1_1        NangateOpenCellLibrary

  Point                                    Incr       Path
  -----------------------------------------------------------
  input external delay                     0.00       0.00 f
  Ip[0] (in)                               0.00       0.00 f
  U44/ZN (AOI222_X1)                       0.10       0.10 r
  U43/ZN (OAI221_X1)                       0.04       0.14 f
  Op[2] (out)                              0.00       0.14 f
  data arrival time                                   0.14
  -----------------------------------------------------------
  (Path is unconstrained)


  Startpoint: Ip[1] (input port)
  Endpoint: Op[3] (output port)
  Path Group: (none)
  Path Type: max

  Des/Clust/Port     Wire Load Model       Library
  ------------------------------------------------
  combShifter        5K_hvratio_1_1        NangateOpenCellLibrary

  Point                                    Incr       Path
  -----------------------------------------------------------
  input external delay                     0.00       0.00 f
  Ip[1] (in)                               0.00       0.00 f
  U41/ZN (AOI222_X1)                       0.10       0.10 r
  U40/ZN (OAI221_X1)                       0.04       0.14 f
  Op[3] (out)                              0.00       0.14 f
  data arrival time                                   0.14
  -----------------------------------------------------------
  (Path is unconstrained)


  Startpoint: Ip[0] (input port)
  Endpoint: Op[6] (output port)
  Path Group: (none)
  Path Type: max

  Des/Clust/Port     Wire Load Model       Library
  ------------------------------------------------
  combShifter        5K_hvratio_1_1        NangateOpenCellLibrary

  Point                                    Incr       Path
  -----------------------------------------------------------
  input external delay                     0.00       0.00 f
  Ip[0] (in)                               0.00       0.00 f
  U32/ZN (AOI222_X1)                       0.10       0.10 r
  U31/ZN (OAI221_X1)                       0.04       0.14 f
  Op[6] (out)                              0.00       0.14 f
  data arrival time                                   0.14
  -----------------------------------------------------------
  (Path is unconstrained)


  Startpoint: Ip[0] (input port)
  Endpoint: Op[7] (output port)
  Path Group: (none)
  Path Type: max

  Des/Clust/Port     Wire Load Model       Library
  ------------------------------------------------
  combShifter        5K_hvratio_1_1        NangateOpenCellLibrary

  Point                                    Incr       Path
  -----------------------------------------------------------
  input external delay                     0.00       0.00 f
  Ip[0] (in)                               0.00       0.00 f
  U29/ZN (AOI222_X1)                       0.10       0.10 r
  U28/ZN (OAI221_X1)                       0.04       0.14 f
  Op[7] (out)                              0.00       0.14 f
  data arrival time                                   0.14
  -----------------------------------------------------------
  (Path is unconstrained)


  Startpoint: shift_mag[0]
              (input port)
  Endpoint: Op[6] (output port)
  Path Group: (none)
  Path Type: max

  Des/Clust/Port     Wire Load Model       Library
  ------------------------------------------------
  combShifter        5K_hvratio_1_1        NangateOpenCellLibrary

  Point                                    Incr       Path
  -----------------------------------------------------------
  input external delay                     0.00       0.00 f
  shift_mag[0] (in)                        0.00       0.00 f
  U32/ZN (AOI222_X1)                       0.11       0.11 r
  U31/ZN (OAI221_X1)                       0.03       0.14 f
  Op[6] (out)                              0.00       0.14 f
  data arrival time                                   0.14
  -----------------------------------------------------------
  (Path is unconstrained)


  Startpoint: shift_mag[1]
              (input port)
  Endpoint: Op[3] (output port)
  Path Group: (none)
  Path Type: max

  Des/Clust/Port     Wire Load Model       Library
  ------------------------------------------------
  combShifter        5K_hvratio_1_1        NangateOpenCellLibrary

  Point                                    Incr       Path
  -----------------------------------------------------------
  input external delay                     0.00       0.00 f
  shift_mag[1] (in)                        0.00       0.00 f
  U41/ZN (AOI222_X1)                       0.09       0.09 r
  U40/ZN (OAI221_X1)                       0.05       0.14 f
  Op[3] (out)                              0.00       0.14 f
  data arrival time                                   0.14
  -----------------------------------------------------------
  (Path is unconstrained)


  Startpoint: shift_mag[1]
              (input port)
  Endpoint: Op[4] (output port)
  Path Group: (none)
  Path Type: max

  Des/Clust/Port     Wire Load Model       Library
  ------------------------------------------------
  combShifter        5K_hvratio_1_1        NangateOpenCellLibrary

  Point                                    Incr       Path
  -----------------------------------------------------------
  input external delay                     0.00       0.00 f
  shift_mag[1] (in)                        0.00       0.00 f
  U38/ZN (AOI222_X1)                       0.09       0.09 r
  U37/ZN (OAI221_X1)                       0.05       0.14 f
  Op[4] (out)                              0.00       0.14 f
  data arrival time                                   0.14
  -----------------------------------------------------------
  (Path is unconstrained)


  Startpoint: shift_mag[1]
              (input port)
  Endpoint: Op[5] (output port)
  Path Group: (none)
  Path Type: max

  Des/Clust/Port     Wire Load Model       Library
  ------------------------------------------------
  combShifter        5K_hvratio_1_1        NangateOpenCellLibrary

  Point                                    Incr       Path
  -----------------------------------------------------------
  input external delay                     0.00       0.00 f
  shift_mag[1] (in)                        0.00       0.00 f
  U35/ZN (AOI222_X1)                       0.09       0.09 r
  U34/ZN (OAI221_X1)                       0.05       0.14 f
  Op[5] (out)                              0.00       0.14 f
  data arrival time                                   0.14
  -----------------------------------------------------------
  (Path is unconstrained)


1
