 
****************************************
Report : area
Design : barrelShifter
Version: P-2019.03
Date   : Tue Apr 26 23:24:35 2022
****************************************

Library(s) Used:

    NangateOpenCellLibrary (File: /afs/andrew.cmu.edu/course/18/743/backend/45nm_Nangate/pdk_v1.3_v2010_12/NangateOpenCellLibrary_PDKv1_3_v2010_12/Front_End/Liberty/NLDM/NangateOpenCellLibrary_typical.db)

Number of ports:                           25
Number of nets:                            36
Number of cells:                           16
Number of combinational cells:             13
Number of sequential cells:                 0
Number of macros/black boxes:               0
Number of buf/inv:                          4
Number of references:                       5

Combinational area:                 14.630000
Buf/Inv area:                        2.394000
Noncombinational area:               0.000000
Macro/Black Box area:                0.000000
Net Interconnect area:      undefined  (Wire load has zero net area)

Total cell area:                    14.630000
Total area:                 undefined

Hierarchical area distribution
------------------------------

                                  Global cell area          Local cell area
                                  ------------------  --------------------------- 
Hierarchical cell                 Absolute   Percent  Combi-    Noncombi-  Black-
                                  Total      Total    national  national   boxes   Design
--------------------------------  ---------  -------  --------  ---------  ------  ----------------------
barrelShifter                       14.6300    100.0    4.5220     0.0000  0.0000  barrelShifter
genblk1_OneHot_2_binary              6.3840     43.6    6.3840     0.0000  0.0000  encoder_MAX_SHIFT_MAG2
genblk2_layer_1_0__m1_layer          1.8620     12.7    1.8620     0.0000  0.0000  MUX2_1
genblk2_layer_1_1__m1_layer          1.8620     12.7    1.8620     0.0000  0.0000  MUX2_0
--------------------------------  ---------  -------  --------  ---------  ------  ----------------------
Total                                                  14.6300     0.0000  0.0000

1
