 
****************************************
Report : area
Design : barrelShifter
Version: P-2019.03
Date   : Tue Apr 26 22:51:06 2022
****************************************

Library(s) Used:

    NangateOpenCellLibrary (File: /afs/andrew.cmu.edu/course/18/743/backend/45nm_Nangate/pdk_v1.3_v2010_12/NangateOpenCellLibrary_PDKv1_3_v2010_12/Front_End/Liberty/NLDM/NangateOpenCellLibrary_typical.db)

Number of ports:                           70
Number of nets:                           186
Number of cells:                          133
Number of combinational cells:            124
Number of sequential cells:                 0
Number of macros/black boxes:               0
Number of buf/inv:                         27
Number of references:                      24

Combinational area:                146.300000
Buf/Inv area:                       14.630000
Noncombinational area:               0.000000
Macro/Black Box area:                0.000000
Net Interconnect area:      undefined  (Wire load has zero net area)

Total cell area:                   146.300000
Total area:                 undefined

Hierarchical area distribution
------------------------------

                                  Global cell area          Local cell area
                                  ------------------  --------------------------- 
Hierarchical cell                 Absolute   Percent  Combi-    Noncombi-  Black-
                                  Total      Total    national  national   boxes   Design
--------------------------------  ---------  -------  --------  ---------  ------  ----------------------
barrelShifter                      146.3000    100.0  116.7740     0.0000  0.0000  barrelShifter
genblk1_OneHot_2_binary             14.6300     10.0   14.6300     0.0000  0.0000  encoder_MAX_SHIFT_MAG4
genblk2_layer_1_0__m1_layer          1.8620      1.3    1.8620     0.0000  0.0000  MUX2_7
genblk2_layer_1_1__m1_layer          1.8620      1.3    1.8620     0.0000  0.0000  MUX2_6
genblk2_layer_1_2__m1_layer          1.8620      1.3    1.8620     0.0000  0.0000  MUX2_5
genblk2_layer_1_3__m1_layer          1.8620      1.3    1.8620     0.0000  0.0000  MUX2_4
genblk2_layer_1_4__m1_layer          1.8620      1.3    1.8620     0.0000  0.0000  MUX2_3
genblk2_layer_1_5__m1_layer          1.8620      1.3    1.8620     0.0000  0.0000  MUX2_2
genblk2_layer_1_6__m1_layer          1.8620      1.3    1.8620     0.0000  0.0000  MUX2_1
genblk2_layer_1_7__m1_layer          1.8620      1.3    1.8620     0.0000  0.0000  MUX2_0
--------------------------------  ---------  -------  --------  ---------  ------  ----------------------
Total                                                 146.3000     0.0000  0.0000

1
