 
****************************************
Report : area
Design : barrelShifter
Version: P-2019.03
Date   : Tue Apr 26 22:50:08 2022
****************************************

Library(s) Used:

    NangateOpenCellLibrary (File: /afs/andrew.cmu.edu/course/18/743/backend/45nm_Nangate/pdk_v1.3_v2010_12/NangateOpenCellLibrary_PDKv1_3_v2010_12/Front_End/Liberty/NLDM/NangateOpenCellLibrary_typical.db)

Number of ports:                           37
Number of nets:                            60
Number of cells:                           32
Number of combinational cells:             27
Number of sequential cells:                 0
Number of macros/black boxes:               0
Number of buf/inv:                          5
Number of references:                       9

Combinational area:                 38.570000
Buf/Inv area:                        2.926000
Noncombinational area:               0.000000
Macro/Black Box area:                0.000000
Net Interconnect area:      undefined  (Wire load has zero net area)

Total cell area:                    38.570000
Total area:                 undefined

Hierarchical area distribution
------------------------------

                                  Global cell area          Local cell area
                                  ------------------  --------------------------- 
Hierarchical cell                 Absolute   Percent  Combi-    Noncombi-  Black-
                                  Total      Total    national  national   boxes   Design
--------------------------------  ---------  -------  --------  ---------  ------  ----------------------
barrelShifter                       38.5700    100.0   24.7380     0.0000  0.0000  barrelShifter
genblk1_OneHot_2_binary              6.3840     16.6    6.3840     0.0000  0.0000  encoder_MAX_SHIFT_MAG2
genblk2_layer_1_0__m1_layer          1.8620      4.8    1.8620     0.0000  0.0000  MUX2_3
genblk2_layer_1_1__m1_layer          1.8620      4.8    1.8620     0.0000  0.0000  MUX2_2
genblk2_layer_1_2__m1_layer          1.8620      4.8    1.8620     0.0000  0.0000  MUX2_1
genblk2_layer_1_3__m1_layer          1.8620      4.8    1.8620     0.0000  0.0000  MUX2_0
--------------------------------  ---------  -------  --------  ---------  ------  ----------------------
Total                                                  38.5700     0.0000  0.0000

1
