 
****************************************
Report : area
Design : barrelShifter
Version: P-2019.03
Date   : Tue Apr 26 22:49:29 2022
****************************************

Library(s) Used:

    NangateOpenCellLibrary (File: /afs/andrew.cmu.edu/course/18/743/backend/45nm_Nangate/pdk_v1.3_v2010_12/NangateOpenCellLibrary_PDKv1_3_v2010_12/Front_End/Liberty/NLDM/NangateOpenCellLibrary_typical.db)

Number of ports:                           25
Number of nets:                            44
Number of cells:                           24
Number of combinational cells:             21
Number of sequential cells:                 0
Number of macros/black boxes:               0
Number of buf/inv:                          7
Number of references:                       6

Combinational area:                 22.344000
Buf/Inv area:                        3.990000
Noncombinational area:               0.000000
Macro/Black Box area:                0.000000
Net Interconnect area:      undefined  (Wire load has zero net area)

Total cell area:                    22.344000
Total area:                 undefined

Hierarchical area distribution
------------------------------

                                  Global cell area          Local cell area
                                  ------------------  --------------------------- 
Hierarchical cell                 Absolute   Percent  Combi-    Noncombi-  Black-
                                  Total      Total    national  national   boxes   Design
--------------------------------  ---------  -------  --------  ---------  ------  ----------------------
barrelShifter                       22.3440    100.0   12.2360     0.0000  0.0000  barrelShifter
genblk1_OneHot_2_binary              6.3840     28.6    6.3840     0.0000  0.0000  encoder_MAX_SHIFT_MAG2
genblk2_layer_1_0__m1_layer          1.8620      8.3    1.8620     0.0000  0.0000  MUX2_1
genblk2_layer_1_1__m1_layer          1.8620      8.3    1.8620     0.0000  0.0000  MUX2_0
--------------------------------  ---------  -------  --------  ---------  ------  ----------------------
Total                                                  22.3440     0.0000  0.0000

1
