 
****************************************
Report : area
Design : regShifter
Version: P-2019.03
Date   : Tue Apr 26 22:25:58 2022
****************************************

Library(s) Used:

    NangateOpenCellLibrary (File: /afs/andrew.cmu.edu/course/18/743/backend/45nm_Nangate/pdk_v1.3_v2010_12/NangateOpenCellLibrary_PDKv1_3_v2010_12/Front_End/Liberty/NLDM/NangateOpenCellLibrary_typical.db)

Number of ports:                           36
Number of nets:                            86
Number of cells:                           67
Number of combinational cells:             51
Number of sequential cells:                16
Number of macros/black boxes:               0
Number of buf/inv:                         16
Number of references:                       5

Combinational area:                 80.598001
Buf/Inv area:                        8.512000
Noncombinational area:              97.888000
Macro/Black Box area:                0.000000
Net Interconnect area:      undefined  (Wire load has zero net area)

Total cell area:                   178.486001
Total area:                 undefined

Hierarchical area distribution
------------------------------

                                  Global cell area          Local cell area
                                  ------------------  --------------------------- 
Hierarchical cell                 Absolute   Percent  Combi-    Noncombi-  Black-
                                  Total      Total    national  national   boxes   Design
--------------------------------  ---------  -------  --------  ---------  ------  ---------
regShifter                         178.4860    100.0   80.5980    97.8880  0.0000  regShifter
--------------------------------  ---------  -------  --------  ---------  ------  ---------
Total                                                  80.5980    97.8880  0.0000

1
