 
****************************************
Report : area
Design : regShifter
Version: P-2019.03
Date   : Tue Apr 26 22:26:58 2022
****************************************

Library(s) Used:

    NangateOpenCellLibrary (File: /afs/andrew.cmu.edu/course/18/743/backend/45nm_Nangate/pdk_v1.3_v2010_12/NangateOpenCellLibrary_PDKv1_3_v2010_12/Front_End/Liberty/NLDM/NangateOpenCellLibrary_typical.db)

Number of ports:                           68
Number of nets:                           173
Number of cells:                          138
Number of combinational cells:            106
Number of sequential cells:                32
Number of macros/black boxes:               0
Number of buf/inv:                         39
Number of references:                       6

Combinational area:                161.728001
Buf/Inv area:                       22.344000
Noncombinational area:             195.776001
Macro/Black Box area:                0.000000
Net Interconnect area:      undefined  (Wire load has zero net area)

Total cell area:                   357.504002
Total area:                 undefined

Hierarchical area distribution
------------------------------

                                  Global cell area          Local cell area
                                  ------------------  --------------------------- 
Hierarchical cell                 Absolute   Percent  Combi-    Noncombi-  Black-
                                  Total      Total    national  national   boxes   Design
--------------------------------  ---------  -------  --------  ---------  ------  ---------
regShifter                         357.5040    100.0  161.7280   195.7760  0.0000  regShifter
--------------------------------  ---------  -------  --------  ---------  ------  ---------
Total                                                 161.7280   195.7760  0.0000

1
