 
****************************************
Report : area
Design : regShifter
Version: P-2019.03
Date   : Tue Apr 26 22:29:10 2022
****************************************

Library(s) Used:

    NangateOpenCellLibrary (File: /afs/andrew.cmu.edu/course/18/743/backend/45nm_Nangate/pdk_v1.3_v2010_12/NangateOpenCellLibrary_PDKv1_3_v2010_12/Front_End/Liberty/NLDM/NangateOpenCellLibrary_typical.db)

Number of ports:                          260
Number of nets:                           757
Number of cells:                          626
Number of combinational cells:            498
Number of sequential cells:               128
Number of macros/black boxes:               0
Number of buf/inv:                        239
Number of references:                       7

Combinational area:                703.836004
Buf/Inv area:                      156.673998
Noncombinational area:             783.104004
Macro/Black Box area:                0.000000
Net Interconnect area:      undefined  (Wire load has zero net area)

Total cell area:                  1486.940007
Total area:                 undefined

Hierarchical area distribution
------------------------------

                                  Global cell area          Local cell area
                                  ------------------  --------------------------- 
Hierarchical cell                 Absolute   Percent  Combi-    Noncombi-  Black-
                                  Total      Total    national  national   boxes   Design
--------------------------------  ---------  -------  --------  ---------  ------  ---------
regShifter                        1486.9400    100.0  703.8360   783.1040  0.0000  regShifter
--------------------------------  ---------  -------  --------  ---------  ------  ---------
Total                                                 703.8360   783.1040  0.0000

1
