 
****************************************
Report : area
Design : regShifter
Version: P-2019.03
Date   : Tue Apr 26 22:25:00 2022
****************************************

Library(s) Used:

    NangateOpenCellLibrary (File: /afs/andrew.cmu.edu/course/18/743/backend/45nm_Nangate/pdk_v1.3_v2010_12/NangateOpenCellLibrary_PDKv1_3_v2010_12/Front_End/Liberty/NLDM/NangateOpenCellLibrary_typical.db)

Number of ports:                           20
Number of nets:                            46
Number of cells:                           35
Number of combinational cells:             27
Number of sequential cells:                 8
Number of macros/black boxes:               0
Number of buf/inv:                          8
Number of references:                       5

Combinational area:                 40.698000
Buf/Inv area:                        4.256000
Noncombinational area:              48.944000
Macro/Black Box area:                0.000000
Net Interconnect area:      undefined  (Wire load has zero net area)

Total cell area:                    89.642001
Total area:                 undefined

Hierarchical area distribution
------------------------------

                                  Global cell area          Local cell area
                                  ------------------  --------------------------- 
Hierarchical cell                 Absolute   Percent  Combi-    Noncombi-  Black-
                                  Total      Total    national  national   boxes   Design
--------------------------------  ---------  -------  --------  ---------  ------  ---------
regShifter                          89.6420    100.0   40.6980    48.9440  0.0000  regShifter
--------------------------------  ---------  -------  --------  ---------  ------  ---------
Total                                                  40.6980    48.9440  0.0000

1
