 
****************************************
Report : area
Design : regShifter
Version: P-2019.03
Date   : Tue Apr 26 22:23:24 2022
****************************************

Library(s) Used:

    NangateOpenCellLibrary (File: /afs/andrew.cmu.edu/course/18/743/backend/45nm_Nangate/pdk_v1.3_v2010_12/NangateOpenCellLibrary_PDKv1_3_v2010_12/Front_End/Liberty/NLDM/NangateOpenCellLibrary_typical.db)

Number of ports:                            8
Number of nets:                             6
Number of cells:                            2
Number of combinational cells:              0
Number of sequential cells:                 2
Number of macros/black boxes:               0
Number of buf/inv:                          0
Number of references:                       1

Combinational area:                  0.000000
Buf/Inv area:                        0.000000
Noncombinational area:              12.236000
Macro/Black Box area:                0.000000
Net Interconnect area:      undefined  (Wire load has zero net area)

Total cell area:                    12.236000
Total area:                 undefined

Hierarchical area distribution
------------------------------

                                  Global cell area          Local cell area
                                  ------------------  --------------------------- 
Hierarchical cell                 Absolute   Percent  Combi-    Noncombi-  Black-
                                  Total      Total    national  national   boxes   Design
--------------------------------  ---------  -------  --------  ---------  ------  ---------
regShifter                          12.2360    100.0    0.0000    12.2360  0.0000  regShifter
--------------------------------  ---------  -------  --------  ---------  ------  ---------
Total                                                   0.0000    12.2360  0.0000

1
