 
****************************************
Report : area
Design : regShifter
Version: P-2019.03
Date   : Tue Apr 26 22:23:43 2022
****************************************

Library(s) Used:

    NangateOpenCellLibrary (File: /afs/andrew.cmu.edu/course/18/743/backend/45nm_Nangate/pdk_v1.3_v2010_12/NangateOpenCellLibrary_PDKv1_3_v2010_12/Front_End/Liberty/NLDM/NangateOpenCellLibrary_typical.db)

Number of ports:                           10
Number of nets:                            16
Number of cells:                           10
Number of combinational cells:              8
Number of sequential cells:                 2
Number of macros/black boxes:               0
Number of buf/inv:                          2
Number of references:                       6

Combinational area:                  8.512000
Buf/Inv area:                        1.064000
Noncombinational area:               9.044000
Macro/Black Box area:                0.000000
Net Interconnect area:      undefined  (Wire load has zero net area)

Total cell area:                    17.556000
Total area:                 undefined

Hierarchical area distribution
------------------------------

                                  Global cell area          Local cell area
                                  ------------------  --------------------------- 
Hierarchical cell                 Absolute   Percent  Combi-    Noncombi-  Black-
                                  Total      Total    national  national   boxes   Design
--------------------------------  ---------  -------  --------  ---------  ------  ---------
regShifter                          17.5560    100.0    8.5120     9.0440  0.0000  regShifter
--------------------------------  ---------  -------  --------  ---------  ------  ---------
Total                                                   8.5120     9.0440  0.0000

1
