Warning: Design 'tranShifter' has '1' unresolved references. For more detailed information, use the "link" command. (UID-341)
 
****************************************
Report : timing
        -path full
        -delay max
        -nworst 100
        -max_paths 100
Design : tranShifter
Version: P-2019.03
Date   : Tue Apr 19 01:47:38 2022
****************************************

Operating Conditions: typical   Library: NangateOpenCellLibrary
Wire Load Model Mode: top

  Startpoint: genblk1_0__genblk1_2__genblk1_genblk1_tgate/p1 (internal pin)
  Endpoint: Op[0] (output port)
  Path Group: (none)
  Path Type: max

  Des/Clust/Port     Wire Load Model       Library
  ------------------------------------------------
  tranShifter        5K_hvratio_1_1        NangateOpenCellLibrary

  Point                                                   Incr       Path
  --------------------------------------------------------------------------
  genblk1_0__genblk1_2__genblk1_genblk1_tgate/p1 (custom_tgate)
                                                          0.00       0.00 f
  U32/ZN (OR3_X1)                                         0.08       0.08 f
  U31/ZN (OR3_X1)                                         0.08       0.16 f
  Op[0] (out)                                             0.00       0.16 f
  data arrival time                                                  0.16
  --------------------------------------------------------------------------
  (Path is unconstrained)


  Startpoint: genblk1_1__genblk1_2__genblk1_genblk1_tgate/p1 (internal pin)
  Endpoint: Op[1] (output port)
  Path Group: (none)
  Path Type: max

  Des/Clust/Port     Wire Load Model       Library
  ------------------------------------------------
  tranShifter        5K_hvratio_1_1        NangateOpenCellLibrary

  Point                                                   Incr       Path
  --------------------------------------------------------------------------
  genblk1_1__genblk1_2__genblk1_genblk1_tgate/p1 (custom_tgate)
                                                          0.00       0.00 f
  U30/ZN (OR3_X1)                                         0.08       0.08 f
  U29/ZN (OR3_X1)                                         0.08       0.16 f
  Op[1] (out)                                             0.00       0.16 f
  data arrival time                                                  0.16
  --------------------------------------------------------------------------
  (Path is unconstrained)


  Startpoint: genblk1_2__genblk1_2__genblk1_genblk1_tgate/p1 (internal pin)
  Endpoint: Op[2] (output port)
  Path Group: (none)
  Path Type: max

  Des/Clust/Port     Wire Load Model       Library
  ------------------------------------------------
  tranShifter        5K_hvratio_1_1        NangateOpenCellLibrary

  Point                                                   Incr       Path
  --------------------------------------------------------------------------
  genblk1_2__genblk1_2__genblk1_genblk1_tgate/p1 (custom_tgate)
                                                          0.00       0.00 f
  U28/ZN (OR3_X1)                                         0.08       0.08 f
  U27/ZN (OR3_X1)                                         0.08       0.16 f
  Op[2] (out)                                             0.00       0.16 f
  data arrival time                                                  0.16
  --------------------------------------------------------------------------
  (Path is unconstrained)


  Startpoint: genblk1_3__genblk1_2__genblk1_genblk1_tgate/p1 (internal pin)
  Endpoint: Op[3] (output port)
  Path Group: (none)
  Path Type: max

  Des/Clust/Port     Wire Load Model       Library
  ------------------------------------------------
  tranShifter        5K_hvratio_1_1        NangateOpenCellLibrary

  Point                                                   Incr       Path
  --------------------------------------------------------------------------
  genblk1_3__genblk1_2__genblk1_genblk1_tgate/p1 (custom_tgate)
                                                          0.00       0.00 f
  U26/ZN (OR3_X1)                                         0.08       0.08 f
  U25/ZN (OR3_X1)                                         0.08       0.16 f
  Op[3] (out)                                             0.00       0.16 f
  data arrival time                                                  0.16
  --------------------------------------------------------------------------
  (Path is unconstrained)


  Startpoint: genblk1_4__genblk1_2__genblk1_genblk1_tgate/p1 (internal pin)
  Endpoint: Op[4] (output port)
  Path Group: (none)
  Path Type: max

  Des/Clust/Port     Wire Load Model       Library
  ------------------------------------------------
  tranShifter        5K_hvratio_1_1        NangateOpenCellLibrary

  Point                                                   Incr       Path
  --------------------------------------------------------------------------
  genblk1_4__genblk1_2__genblk1_genblk1_tgate/p1 (custom_tgate)
                                                          0.00       0.00 f
  U24/ZN (OR3_X1)                                         0.08       0.08 f
  U23/ZN (OR3_X1)                                         0.08       0.16 f
  Op[4] (out)                                             0.00       0.16 f
  data arrival time                                                  0.16
  --------------------------------------------------------------------------
  (Path is unconstrained)


  Startpoint: genblk1_5__genblk1_2__genblk1_genblk1_tgate/p1 (internal pin)
  Endpoint: Op[5] (output port)
  Path Group: (none)
  Path Type: max

  Des/Clust/Port     Wire Load Model       Library
  ------------------------------------------------
  tranShifter        5K_hvratio_1_1        NangateOpenCellLibrary

  Point                                                   Incr       Path
  --------------------------------------------------------------------------
  genblk1_5__genblk1_2__genblk1_genblk1_tgate/p1 (custom_tgate)
                                                          0.00       0.00 f
  U22/ZN (OR3_X1)                                         0.08       0.08 f
  U21/ZN (OR3_X1)                                         0.08       0.16 f
  Op[5] (out)                                             0.00       0.16 f
  data arrival time                                                  0.16
  --------------------------------------------------------------------------
  (Path is unconstrained)


  Startpoint: genblk1_6__genblk1_2__genblk1_genblk1_tgate/p1 (internal pin)
  Endpoint: Op[6] (output port)
  Path Group: (none)
  Path Type: max

  Des/Clust/Port     Wire Load Model       Library
  ------------------------------------------------
  tranShifter        5K_hvratio_1_1        NangateOpenCellLibrary

  Point                                                   Incr       Path
  --------------------------------------------------------------------------
  genblk1_6__genblk1_2__genblk1_genblk1_tgate/p1 (custom_tgate)
                                                          0.00       0.00 f
  U20/ZN (OR3_X1)                                         0.08       0.08 f
  U19/ZN (OR3_X1)                                         0.08       0.16 f
  Op[6] (out)                                             0.00       0.16 f
  data arrival time                                                  0.16
  --------------------------------------------------------------------------
  (Path is unconstrained)


  Startpoint: genblk1_7__genblk1_2__genblk1_genblk1_tgate/p1 (internal pin)
  Endpoint: Op[7] (output port)
  Path Group: (none)
  Path Type: max

  Des/Clust/Port     Wire Load Model       Library
  ------------------------------------------------
  tranShifter        5K_hvratio_1_1        NangateOpenCellLibrary

  Point                                                   Incr       Path
  --------------------------------------------------------------------------
  genblk1_7__genblk1_2__genblk1_genblk1_tgate/p1 (custom_tgate)
                                                          0.00       0.00 f
  U18/ZN (OR3_X1)                                         0.08       0.08 f
  U17/ZN (OR3_X1)                                         0.08       0.16 f
  Op[7] (out)                                             0.00       0.16 f
  data arrival time                                                  0.16
  --------------------------------------------------------------------------
  (Path is unconstrained)


  Startpoint: genblk1_0__genblk1_3__genblk1_genblk1_tgate/p1 (internal pin)
  Endpoint: Op[0] (output port)
  Path Group: (none)
  Path Type: max

  Des/Clust/Port     Wire Load Model       Library
  ------------------------------------------------
  tranShifter        5K_hvratio_1_1        NangateOpenCellLibrary

  Point                                                   Incr       Path
  --------------------------------------------------------------------------
  genblk1_0__genblk1_3__genblk1_genblk1_tgate/p1 (custom_tgate)
                                                          0.00       0.00 f
  U32/ZN (OR3_X1)                                         0.08       0.08 f
  U31/ZN (OR3_X1)                                         0.08       0.16 f
  Op[0] (out)                                             0.00       0.16 f
  data arrival time                                                  0.16
  --------------------------------------------------------------------------
  (Path is unconstrained)


  Startpoint: genblk1_1__genblk1_3__genblk1_genblk1_tgate/p1 (internal pin)
  Endpoint: Op[1] (output port)
  Path Group: (none)
  Path Type: max

  Des/Clust/Port     Wire Load Model       Library
  ------------------------------------------------
  tranShifter        5K_hvratio_1_1        NangateOpenCellLibrary

  Point                                                   Incr       Path
  --------------------------------------------------------------------------
  genblk1_1__genblk1_3__genblk1_genblk1_tgate/p1 (custom_tgate)
                                                          0.00       0.00 f
  U30/ZN (OR3_X1)                                         0.08       0.08 f
  U29/ZN (OR3_X1)                                         0.08       0.16 f
  Op[1] (out)                                             0.00       0.16 f
  data arrival time                                                  0.16
  --------------------------------------------------------------------------
  (Path is unconstrained)


  Startpoint: genblk1_2__genblk1_3__genblk1_genblk1_tgate/p1 (internal pin)
  Endpoint: Op[2] (output port)
  Path Group: (none)
  Path Type: max

  Des/Clust/Port     Wire Load Model       Library
  ------------------------------------------------
  tranShifter        5K_hvratio_1_1        NangateOpenCellLibrary

  Point                                                   Incr       Path
  --------------------------------------------------------------------------
  genblk1_2__genblk1_3__genblk1_genblk1_tgate/p1 (custom_tgate)
                                                          0.00       0.00 f
  U28/ZN (OR3_X1)                                         0.08       0.08 f
  U27/ZN (OR3_X1)                                         0.08       0.16 f
  Op[2] (out)                                             0.00       0.16 f
  data arrival time                                                  0.16
  --------------------------------------------------------------------------
  (Path is unconstrained)


  Startpoint: genblk1_3__genblk1_3__genblk1_genblk1_tgate/p1 (internal pin)
  Endpoint: Op[3] (output port)
  Path Group: (none)
  Path Type: max

  Des/Clust/Port     Wire Load Model       Library
  ------------------------------------------------
  tranShifter        5K_hvratio_1_1        NangateOpenCellLibrary

  Point                                                   Incr       Path
  --------------------------------------------------------------------------
  genblk1_3__genblk1_3__genblk1_genblk1_tgate/p1 (custom_tgate)
                                                          0.00       0.00 f
  U26/ZN (OR3_X1)                                         0.08       0.08 f
  U25/ZN (OR3_X1)                                         0.08       0.16 f
  Op[3] (out)                                             0.00       0.16 f
  data arrival time                                                  0.16
  --------------------------------------------------------------------------
  (Path is unconstrained)


  Startpoint: genblk1_4__genblk1_3__genblk1_genblk1_tgate/p1 (internal pin)
  Endpoint: Op[4] (output port)
  Path Group: (none)
  Path Type: max

  Des/Clust/Port     Wire Load Model       Library
  ------------------------------------------------
  tranShifter        5K_hvratio_1_1        NangateOpenCellLibrary

  Point                                                   Incr       Path
  --------------------------------------------------------------------------
  genblk1_4__genblk1_3__genblk1_genblk1_tgate/p1 (custom_tgate)
                                                          0.00       0.00 f
  U24/ZN (OR3_X1)                                         0.08       0.08 f
  U23/ZN (OR3_X1)                                         0.08       0.16 f
  Op[4] (out)                                             0.00       0.16 f
  data arrival time                                                  0.16
  --------------------------------------------------------------------------
  (Path is unconstrained)


  Startpoint: genblk1_5__genblk1_3__genblk1_genblk1_tgate/p1 (internal pin)
  Endpoint: Op[5] (output port)
  Path Group: (none)
  Path Type: max

  Des/Clust/Port     Wire Load Model       Library
  ------------------------------------------------
  tranShifter        5K_hvratio_1_1        NangateOpenCellLibrary

  Point                                                   Incr       Path
  --------------------------------------------------------------------------
  genblk1_5__genblk1_3__genblk1_genblk1_tgate/p1 (custom_tgate)
                                                          0.00       0.00 f
  U22/ZN (OR3_X1)                                         0.08       0.08 f
  U21/ZN (OR3_X1)                                         0.08       0.16 f
  Op[5] (out)                                             0.00       0.16 f
  data arrival time                                                  0.16
  --------------------------------------------------------------------------
  (Path is unconstrained)


  Startpoint: genblk1_6__genblk1_3__genblk1_genblk1_tgate/p1 (internal pin)
  Endpoint: Op[6] (output port)
  Path Group: (none)
  Path Type: max

  Des/Clust/Port     Wire Load Model       Library
  ------------------------------------------------
  tranShifter        5K_hvratio_1_1        NangateOpenCellLibrary

  Point                                                   Incr       Path
  --------------------------------------------------------------------------
  genblk1_6__genblk1_3__genblk1_genblk1_tgate/p1 (custom_tgate)
                                                          0.00       0.00 f
  U20/ZN (OR3_X1)                                         0.08       0.08 f
  U19/ZN (OR3_X1)                                         0.08       0.16 f
  Op[6] (out)                                             0.00       0.16 f
  data arrival time                                                  0.16
  --------------------------------------------------------------------------
  (Path is unconstrained)


  Startpoint: genblk1_7__genblk1_3__genblk1_genblk1_tgate/p1 (internal pin)
  Endpoint: Op[7] (output port)
  Path Group: (none)
  Path Type: max

  Des/Clust/Port     Wire Load Model       Library
  ------------------------------------------------
  tranShifter        5K_hvratio_1_1        NangateOpenCellLibrary

  Point                                                   Incr       Path
  --------------------------------------------------------------------------
  genblk1_7__genblk1_3__genblk1_genblk1_tgate/p1 (custom_tgate)
                                                          0.00       0.00 f
  U18/ZN (OR3_X1)                                         0.08       0.08 f
  U17/ZN (OR3_X1)                                         0.08       0.16 f
  Op[7] (out)                                             0.00       0.16 f
  data arrival time                                                  0.16
  --------------------------------------------------------------------------
  (Path is unconstrained)


  Startpoint: genblk1_0__genblk1_4__genblk1_genblk1_tgate/p1 (internal pin)
  Endpoint: Op[0] (output port)
  Path Group: (none)
  Path Type: max

  Des/Clust/Port     Wire Load Model       Library
  ------------------------------------------------
  tranShifter        5K_hvratio_1_1        NangateOpenCellLibrary

  Point                                                   Incr       Path
  --------------------------------------------------------------------------
  genblk1_0__genblk1_4__genblk1_genblk1_tgate/p1 (custom_tgate)
                                                          0.00       0.00 f
  U32/ZN (OR3_X1)                                         0.06       0.06 f
  U31/ZN (OR3_X1)                                         0.08       0.15 f
  Op[0] (out)                                             0.00       0.15 f
  data arrival time                                                  0.15
  --------------------------------------------------------------------------
  (Path is unconstrained)


  Startpoint: genblk1_1__genblk1_4__genblk1_genblk1_tgate/p1 (internal pin)
  Endpoint: Op[1] (output port)
  Path Group: (none)
  Path Type: max

  Des/Clust/Port     Wire Load Model       Library
  ------------------------------------------------
  tranShifter        5K_hvratio_1_1        NangateOpenCellLibrary

  Point                                                   Incr       Path
  --------------------------------------------------------------------------
  genblk1_1__genblk1_4__genblk1_genblk1_tgate/p1 (custom_tgate)
                                                          0.00       0.00 f
  U30/ZN (OR3_X1)                                         0.06       0.06 f
  U29/ZN (OR3_X1)                                         0.08       0.15 f
  Op[1] (out)                                             0.00       0.15 f
  data arrival time                                                  0.15
  --------------------------------------------------------------------------
  (Path is unconstrained)


  Startpoint: genblk1_2__genblk1_4__genblk1_genblk1_tgate/p1 (internal pin)
  Endpoint: Op[2] (output port)
  Path Group: (none)
  Path Type: max

  Des/Clust/Port     Wire Load Model       Library
  ------------------------------------------------
  tranShifter        5K_hvratio_1_1        NangateOpenCellLibrary

  Point                                                   Incr       Path
  --------------------------------------------------------------------------
  genblk1_2__genblk1_4__genblk1_genblk1_tgate/p1 (custom_tgate)
                                                          0.00       0.00 f
  U28/ZN (OR3_X1)                                         0.06       0.06 f
  U27/ZN (OR3_X1)                                         0.08       0.15 f
  Op[2] (out)                                             0.00       0.15 f
  data arrival time                                                  0.15
  --------------------------------------------------------------------------
  (Path is unconstrained)


  Startpoint: genblk1_3__genblk1_4__genblk1_genblk1_tgate/p1 (internal pin)
  Endpoint: Op[3] (output port)
  Path Group: (none)
  Path Type: max

  Des/Clust/Port     Wire Load Model       Library
  ------------------------------------------------
  tranShifter        5K_hvratio_1_1        NangateOpenCellLibrary

  Point                                                   Incr       Path
  --------------------------------------------------------------------------
  genblk1_3__genblk1_4__genblk1_genblk1_tgate/p1 (custom_tgate)
                                                          0.00       0.00 f
  U26/ZN (OR3_X1)                                         0.06       0.06 f
  U25/ZN (OR3_X1)                                         0.08       0.15 f
  Op[3] (out)                                             0.00       0.15 f
  data arrival time                                                  0.15
  --------------------------------------------------------------------------
  (Path is unconstrained)


  Startpoint: genblk1_4__genblk1_4__genblk1_genblk1_tgate/p1 (internal pin)
  Endpoint: Op[4] (output port)
  Path Group: (none)
  Path Type: max

  Des/Clust/Port     Wire Load Model       Library
  ------------------------------------------------
  tranShifter        5K_hvratio_1_1        NangateOpenCellLibrary

  Point                                                   Incr       Path
  --------------------------------------------------------------------------
  genblk1_4__genblk1_4__genblk1_genblk1_tgate/p1 (custom_tgate)
                                                          0.00       0.00 f
  U24/ZN (OR3_X1)                                         0.06       0.06 f
  U23/ZN (OR3_X1)                                         0.08       0.15 f
  Op[4] (out)                                             0.00       0.15 f
  data arrival time                                                  0.15
  --------------------------------------------------------------------------
  (Path is unconstrained)


  Startpoint: genblk1_5__genblk1_4__genblk1_genblk1_tgate/p1 (internal pin)
  Endpoint: Op[5] (output port)
  Path Group: (none)
  Path Type: max

  Des/Clust/Port     Wire Load Model       Library
  ------------------------------------------------
  tranShifter        5K_hvratio_1_1        NangateOpenCellLibrary

  Point                                                   Incr       Path
  --------------------------------------------------------------------------
  genblk1_5__genblk1_4__genblk1_genblk1_tgate/p1 (custom_tgate)
                                                          0.00       0.00 f
  U22/ZN (OR3_X1)                                         0.06       0.06 f
  U21/ZN (OR3_X1)                                         0.08       0.15 f
  Op[5] (out)                                             0.00       0.15 f
  data arrival time                                                  0.15
  --------------------------------------------------------------------------
  (Path is unconstrained)


  Startpoint: genblk1_6__genblk1_4__genblk1_genblk1_tgate/p1 (internal pin)
  Endpoint: Op[6] (output port)
  Path Group: (none)
  Path Type: max

  Des/Clust/Port     Wire Load Model       Library
  ------------------------------------------------
  tranShifter        5K_hvratio_1_1        NangateOpenCellLibrary

  Point                                                   Incr       Path
  --------------------------------------------------------------------------
  genblk1_6__genblk1_4__genblk1_genblk1_tgate/p1 (custom_tgate)
                                                          0.00       0.00 f
  U20/ZN (OR3_X1)                                         0.06       0.06 f
  U19/ZN (OR3_X1)                                         0.08       0.15 f
  Op[6] (out)                                             0.00       0.15 f
  data arrival time                                                  0.15
  --------------------------------------------------------------------------
  (Path is unconstrained)


  Startpoint: genblk1_7__genblk1_4__genblk1_genblk1_tgate/p1 (internal pin)
  Endpoint: Op[7] (output port)
  Path Group: (none)
  Path Type: max

  Des/Clust/Port     Wire Load Model       Library
  ------------------------------------------------
  tranShifter        5K_hvratio_1_1        NangateOpenCellLibrary

  Point                                                   Incr       Path
  --------------------------------------------------------------------------
  genblk1_7__genblk1_4__genblk1_genblk1_tgate/p1 (custom_tgate)
                                                          0.00       0.00 f
  U18/ZN (OR3_X1)                                         0.06       0.06 f
  U17/ZN (OR3_X1)                                         0.08       0.15 f
  Op[7] (out)                                             0.00       0.15 f
  data arrival time                                                  0.15
  --------------------------------------------------------------------------
  (Path is unconstrained)


  Startpoint: genblk1_0__genblk1_0__genblk1_genblk1_tgate/p1 (internal pin)
  Endpoint: Op[0] (output port)
  Path Group: (none)
  Path Type: max

  Des/Clust/Port     Wire Load Model       Library
  ------------------------------------------------
  tranShifter        5K_hvratio_1_1        NangateOpenCellLibrary

  Point                                                   Incr       Path
  --------------------------------------------------------------------------
  genblk1_0__genblk1_0__genblk1_genblk1_tgate/p1 (custom_tgate)
                                                          0.00       0.00 f
  U31/ZN (OR3_X1)                                         0.07       0.07 f
  Op[0] (out)                                             0.00       0.07 f
  data arrival time                                                  0.07
  --------------------------------------------------------------------------
  (Path is unconstrained)


  Startpoint: genblk1_1__genblk1_0__genblk1_genblk1_tgate/p1 (internal pin)
  Endpoint: Op[1] (output port)
  Path Group: (none)
  Path Type: max

  Des/Clust/Port     Wire Load Model       Library
  ------------------------------------------------
  tranShifter        5K_hvratio_1_1        NangateOpenCellLibrary

  Point                                                   Incr       Path
  --------------------------------------------------------------------------
  genblk1_1__genblk1_0__genblk1_genblk1_tgate/p1 (custom_tgate)
                                                          0.00       0.00 f
  U29/ZN (OR3_X1)                                         0.07       0.07 f
  Op[1] (out)                                             0.00       0.07 f
  data arrival time                                                  0.07
  --------------------------------------------------------------------------
  (Path is unconstrained)


  Startpoint: genblk1_2__genblk1_0__genblk1_genblk1_tgate/p1 (internal pin)
  Endpoint: Op[2] (output port)
  Path Group: (none)
  Path Type: max

  Des/Clust/Port     Wire Load Model       Library
  ------------------------------------------------
  tranShifter        5K_hvratio_1_1        NangateOpenCellLibrary

  Point                                                   Incr       Path
  --------------------------------------------------------------------------
  genblk1_2__genblk1_0__genblk1_genblk1_tgate/p1 (custom_tgate)
                                                          0.00       0.00 f
  U27/ZN (OR3_X1)                                         0.07       0.07 f
  Op[2] (out)                                             0.00       0.07 f
  data arrival time                                                  0.07
  --------------------------------------------------------------------------
  (Path is unconstrained)


  Startpoint: genblk1_3__genblk1_0__genblk1_genblk1_tgate/p1 (internal pin)
  Endpoint: Op[3] (output port)
  Path Group: (none)
  Path Type: max

  Des/Clust/Port     Wire Load Model       Library
  ------------------------------------------------
  tranShifter        5K_hvratio_1_1        NangateOpenCellLibrary

  Point                                                   Incr       Path
  --------------------------------------------------------------------------
  genblk1_3__genblk1_0__genblk1_genblk1_tgate/p1 (custom_tgate)
                                                          0.00       0.00 f
  U25/ZN (OR3_X1)                                         0.07       0.07 f
  Op[3] (out)                                             0.00       0.07 f
  data arrival time                                                  0.07
  --------------------------------------------------------------------------
  (Path is unconstrained)


  Startpoint: genblk1_4__genblk1_0__genblk1_genblk1_tgate/p1 (internal pin)
  Endpoint: Op[4] (output port)
  Path Group: (none)
  Path Type: max

  Des/Clust/Port     Wire Load Model       Library
  ------------------------------------------------
  tranShifter        5K_hvratio_1_1        NangateOpenCellLibrary

  Point                                                   Incr       Path
  --------------------------------------------------------------------------
  genblk1_4__genblk1_0__genblk1_genblk1_tgate/p1 (custom_tgate)
                                                          0.00       0.00 f
  U23/ZN (OR3_X1)                                         0.07       0.07 f
  Op[4] (out)                                             0.00       0.07 f
  data arrival time                                                  0.07
  --------------------------------------------------------------------------
  (Path is unconstrained)


  Startpoint: genblk1_5__genblk1_0__genblk1_genblk1_tgate/p1 (internal pin)
  Endpoint: Op[5] (output port)
  Path Group: (none)
  Path Type: max

  Des/Clust/Port     Wire Load Model       Library
  ------------------------------------------------
  tranShifter        5K_hvratio_1_1        NangateOpenCellLibrary

  Point                                                   Incr       Path
  --------------------------------------------------------------------------
  genblk1_5__genblk1_0__genblk1_genblk1_tgate/p1 (custom_tgate)
                                                          0.00       0.00 f
  U21/ZN (OR3_X1)                                         0.07       0.07 f
  Op[5] (out)                                             0.00       0.07 f
  data arrival time                                                  0.07
  --------------------------------------------------------------------------
  (Path is unconstrained)


  Startpoint: genblk1_6__genblk1_0__genblk1_genblk1_tgate/p1 (internal pin)
  Endpoint: Op[6] (output port)
  Path Group: (none)
  Path Type: max

  Des/Clust/Port     Wire Load Model       Library
  ------------------------------------------------
  tranShifter        5K_hvratio_1_1        NangateOpenCellLibrary

  Point                                                   Incr       Path
  --------------------------------------------------------------------------
  genblk1_6__genblk1_0__genblk1_genblk1_tgate/p1 (custom_tgate)
                                                          0.00       0.00 f
  U19/ZN (OR3_X1)                                         0.07       0.07 f
  Op[6] (out)                                             0.00       0.07 f
  data arrival time                                                  0.07
  --------------------------------------------------------------------------
  (Path is unconstrained)


  Startpoint: genblk1_7__genblk1_0__genblk1_genblk1_tgate/p1 (internal pin)
  Endpoint: Op[7] (output port)
  Path Group: (none)
  Path Type: max

  Des/Clust/Port     Wire Load Model       Library
  ------------------------------------------------
  tranShifter        5K_hvratio_1_1        NangateOpenCellLibrary

  Point                                                   Incr       Path
  --------------------------------------------------------------------------
  genblk1_7__genblk1_0__genblk1_genblk1_tgate/p1 (custom_tgate)
                                                          0.00       0.00 f
  U17/ZN (OR3_X1)                                         0.07       0.07 f
  Op[7] (out)                                             0.00       0.07 f
  data arrival time                                                  0.07
  --------------------------------------------------------------------------
  (Path is unconstrained)


  Startpoint: genblk1_0__genblk1_1__genblk1_genblk1_tgate/p1 (internal pin)
  Endpoint: Op[0] (output port)
  Path Group: (none)
  Path Type: max

  Des/Clust/Port     Wire Load Model       Library
  ------------------------------------------------
  tranShifter        5K_hvratio_1_1        NangateOpenCellLibrary

  Point                                                   Incr       Path
  --------------------------------------------------------------------------
  genblk1_0__genblk1_1__genblk1_genblk1_tgate/p1 (custom_tgate)
                                                          0.00       0.00 f
  U31/ZN (OR3_X1)                                         0.06       0.06 f
  Op[0] (out)                                             0.00       0.06 f
  data arrival time                                                  0.06
  --------------------------------------------------------------------------
  (Path is unconstrained)


  Startpoint: genblk1_1__genblk1_1__genblk1_genblk1_tgate/p1 (internal pin)
  Endpoint: Op[1] (output port)
  Path Group: (none)
  Path Type: max

  Des/Clust/Port     Wire Load Model       Library
  ------------------------------------------------
  tranShifter        5K_hvratio_1_1        NangateOpenCellLibrary

  Point                                                   Incr       Path
  --------------------------------------------------------------------------
  genblk1_1__genblk1_1__genblk1_genblk1_tgate/p1 (custom_tgate)
                                                          0.00       0.00 f
  U29/ZN (OR3_X1)                                         0.06       0.06 f
  Op[1] (out)                                             0.00       0.06 f
  data arrival time                                                  0.06
  --------------------------------------------------------------------------
  (Path is unconstrained)


  Startpoint: genblk1_2__genblk1_1__genblk1_genblk1_tgate/p1 (internal pin)
  Endpoint: Op[2] (output port)
  Path Group: (none)
  Path Type: max

  Des/Clust/Port     Wire Load Model       Library
  ------------------------------------------------
  tranShifter        5K_hvratio_1_1        NangateOpenCellLibrary

  Point                                                   Incr       Path
  --------------------------------------------------------------------------
  genblk1_2__genblk1_1__genblk1_genblk1_tgate/p1 (custom_tgate)
                                                          0.00       0.00 f
  U27/ZN (OR3_X1)                                         0.06       0.06 f
  Op[2] (out)                                             0.00       0.06 f
  data arrival time                                                  0.06
  --------------------------------------------------------------------------
  (Path is unconstrained)


  Startpoint: genblk1_3__genblk1_1__genblk1_genblk1_tgate/p1 (internal pin)
  Endpoint: Op[3] (output port)
  Path Group: (none)
  Path Type: max

  Des/Clust/Port     Wire Load Model       Library
  ------------------------------------------------
  tranShifter        5K_hvratio_1_1        NangateOpenCellLibrary

  Point                                                   Incr       Path
  --------------------------------------------------------------------------
  genblk1_3__genblk1_1__genblk1_genblk1_tgate/p1 (custom_tgate)
                                                          0.00       0.00 f
  U25/ZN (OR3_X1)                                         0.06       0.06 f
  Op[3] (out)                                             0.00       0.06 f
  data arrival time                                                  0.06
  --------------------------------------------------------------------------
  (Path is unconstrained)


  Startpoint: genblk1_4__genblk1_1__genblk1_genblk1_tgate/p1 (internal pin)
  Endpoint: Op[4] (output port)
  Path Group: (none)
  Path Type: max

  Des/Clust/Port     Wire Load Model       Library
  ------------------------------------------------
  tranShifter        5K_hvratio_1_1        NangateOpenCellLibrary

  Point                                                   Incr       Path
  --------------------------------------------------------------------------
  genblk1_4__genblk1_1__genblk1_genblk1_tgate/p1 (custom_tgate)
                                                          0.00       0.00 f
  U23/ZN (OR3_X1)                                         0.06       0.06 f
  Op[4] (out)                                             0.00       0.06 f
  data arrival time                                                  0.06
  --------------------------------------------------------------------------
  (Path is unconstrained)


  Startpoint: genblk1_5__genblk1_1__genblk1_genblk1_tgate/p1 (internal pin)
  Endpoint: Op[5] (output port)
  Path Group: (none)
  Path Type: max

  Des/Clust/Port     Wire Load Model       Library
  ------------------------------------------------
  tranShifter        5K_hvratio_1_1        NangateOpenCellLibrary

  Point                                                   Incr       Path
  --------------------------------------------------------------------------
  genblk1_5__genblk1_1__genblk1_genblk1_tgate/p1 (custom_tgate)
                                                          0.00       0.00 f
  U21/ZN (OR3_X1)                                         0.06       0.06 f
  Op[5] (out)                                             0.00       0.06 f
  data arrival time                                                  0.06
  --------------------------------------------------------------------------
  (Path is unconstrained)


  Startpoint: genblk1_6__genblk1_1__genblk1_genblk1_tgate/p1 (internal pin)
  Endpoint: Op[6] (output port)
  Path Group: (none)
  Path Type: max

  Des/Clust/Port     Wire Load Model       Library
  ------------------------------------------------
  tranShifter        5K_hvratio_1_1        NangateOpenCellLibrary

  Point                                                   Incr       Path
  --------------------------------------------------------------------------
  genblk1_6__genblk1_1__genblk1_genblk1_tgate/p1 (custom_tgate)
                                                          0.00       0.00 f
  U19/ZN (OR3_X1)                                         0.06       0.06 f
  Op[6] (out)                                             0.00       0.06 f
  data arrival time                                                  0.06
  --------------------------------------------------------------------------
  (Path is unconstrained)


  Startpoint: genblk1_7__genblk1_1__genblk1_genblk1_tgate/p1 (internal pin)
  Endpoint: Op[7] (output port)
  Path Group: (none)
  Path Type: max

  Des/Clust/Port     Wire Load Model       Library
  ------------------------------------------------
  tranShifter        5K_hvratio_1_1        NangateOpenCellLibrary

  Point                                                   Incr       Path
  --------------------------------------------------------------------------
  genblk1_7__genblk1_1__genblk1_genblk1_tgate/p1 (custom_tgate)
                                                          0.00       0.00 f
  U17/ZN (OR3_X1)                                         0.06       0.06 f
  Op[7] (out)                                             0.00       0.06 f
  data arrival time                                                  0.06
  --------------------------------------------------------------------------
  (Path is unconstrained)


  Startpoint: genblk1_0__genblk1_2__genblk1_genblk1_tgate/p1 (internal pin)
  Endpoint: Op[0] (output port)
  Path Group: (none)
  Path Type: max

  Des/Clust/Port     Wire Load Model       Library
  ------------------------------------------------
  tranShifter        5K_hvratio_1_1        NangateOpenCellLibrary

  Point                                                   Incr       Path
  --------------------------------------------------------------------------
  genblk1_0__genblk1_2__genblk1_genblk1_tgate/p1 (custom_tgate)
                                                          0.00       0.00 r
  U32/ZN (OR3_X1)                                         0.02       0.02 r
  U31/ZN (OR3_X1)                                         0.03       0.05 r
  Op[0] (out)                                             0.00       0.06 r
  data arrival time                                                  0.06
  --------------------------------------------------------------------------
  (Path is unconstrained)


  Startpoint: genblk1_1__genblk1_2__genblk1_genblk1_tgate/p1 (internal pin)
  Endpoint: Op[1] (output port)
  Path Group: (none)
  Path Type: max

  Des/Clust/Port     Wire Load Model       Library
  ------------------------------------------------
  tranShifter        5K_hvratio_1_1        NangateOpenCellLibrary

  Point                                                   Incr       Path
  --------------------------------------------------------------------------
  genblk1_1__genblk1_2__genblk1_genblk1_tgate/p1 (custom_tgate)
                                                          0.00       0.00 r
  U30/ZN (OR3_X1)                                         0.02       0.02 r
  U29/ZN (OR3_X1)                                         0.03       0.05 r
  Op[1] (out)                                             0.00       0.06 r
  data arrival time                                                  0.06
  --------------------------------------------------------------------------
  (Path is unconstrained)


  Startpoint: genblk1_2__genblk1_2__genblk1_genblk1_tgate/p1 (internal pin)
  Endpoint: Op[2] (output port)
  Path Group: (none)
  Path Type: max

  Des/Clust/Port     Wire Load Model       Library
  ------------------------------------------------
  tranShifter        5K_hvratio_1_1        NangateOpenCellLibrary

  Point                                                   Incr       Path
  --------------------------------------------------------------------------
  genblk1_2__genblk1_2__genblk1_genblk1_tgate/p1 (custom_tgate)
                                                          0.00       0.00 r
  U28/ZN (OR3_X1)                                         0.02       0.02 r
  U27/ZN (OR3_X1)                                         0.03       0.05 r
  Op[2] (out)                                             0.00       0.06 r
  data arrival time                                                  0.06
  --------------------------------------------------------------------------
  (Path is unconstrained)


  Startpoint: genblk1_3__genblk1_2__genblk1_genblk1_tgate/p1 (internal pin)
  Endpoint: Op[3] (output port)
  Path Group: (none)
  Path Type: max

  Des/Clust/Port     Wire Load Model       Library
  ------------------------------------------------
  tranShifter        5K_hvratio_1_1        NangateOpenCellLibrary

  Point                                                   Incr       Path
  --------------------------------------------------------------------------
  genblk1_3__genblk1_2__genblk1_genblk1_tgate/p1 (custom_tgate)
                                                          0.00       0.00 r
  U26/ZN (OR3_X1)                                         0.02       0.02 r
  U25/ZN (OR3_X1)                                         0.03       0.05 r
  Op[3] (out)                                             0.00       0.06 r
  data arrival time                                                  0.06
  --------------------------------------------------------------------------
  (Path is unconstrained)


  Startpoint: genblk1_4__genblk1_2__genblk1_genblk1_tgate/p1 (internal pin)
  Endpoint: Op[4] (output port)
  Path Group: (none)
  Path Type: max

  Des/Clust/Port     Wire Load Model       Library
  ------------------------------------------------
  tranShifter        5K_hvratio_1_1        NangateOpenCellLibrary

  Point                                                   Incr       Path
  --------------------------------------------------------------------------
  genblk1_4__genblk1_2__genblk1_genblk1_tgate/p1 (custom_tgate)
                                                          0.00       0.00 r
  U24/ZN (OR3_X1)                                         0.02       0.02 r
  U23/ZN (OR3_X1)                                         0.03       0.05 r
  Op[4] (out)                                             0.00       0.06 r
  data arrival time                                                  0.06
  --------------------------------------------------------------------------
  (Path is unconstrained)


  Startpoint: genblk1_5__genblk1_2__genblk1_genblk1_tgate/p1 (internal pin)
  Endpoint: Op[5] (output port)
  Path Group: (none)
  Path Type: max

  Des/Clust/Port     Wire Load Model       Library
  ------------------------------------------------
  tranShifter        5K_hvratio_1_1        NangateOpenCellLibrary

  Point                                                   Incr       Path
  --------------------------------------------------------------------------
  genblk1_5__genblk1_2__genblk1_genblk1_tgate/p1 (custom_tgate)
                                                          0.00       0.00 r
  U22/ZN (OR3_X1)                                         0.02       0.02 r
  U21/ZN (OR3_X1)                                         0.03       0.05 r
  Op[5] (out)                                             0.00       0.06 r
  data arrival time                                                  0.06
  --------------------------------------------------------------------------
  (Path is unconstrained)


  Startpoint: genblk1_6__genblk1_2__genblk1_genblk1_tgate/p1 (internal pin)
  Endpoint: Op[6] (output port)
  Path Group: (none)
  Path Type: max

  Des/Clust/Port     Wire Load Model       Library
  ------------------------------------------------
  tranShifter        5K_hvratio_1_1        NangateOpenCellLibrary

  Point                                                   Incr       Path
  --------------------------------------------------------------------------
  genblk1_6__genblk1_2__genblk1_genblk1_tgate/p1 (custom_tgate)
                                                          0.00       0.00 r
  U20/ZN (OR3_X1)                                         0.02       0.02 r
  U19/ZN (OR3_X1)                                         0.03       0.05 r
  Op[6] (out)                                             0.00       0.06 r
  data arrival time                                                  0.06
  --------------------------------------------------------------------------
  (Path is unconstrained)


  Startpoint: genblk1_7__genblk1_2__genblk1_genblk1_tgate/p1 (internal pin)
  Endpoint: Op[7] (output port)
  Path Group: (none)
  Path Type: max

  Des/Clust/Port     Wire Load Model       Library
  ------------------------------------------------
  tranShifter        5K_hvratio_1_1        NangateOpenCellLibrary

  Point                                                   Incr       Path
  --------------------------------------------------------------------------
  genblk1_7__genblk1_2__genblk1_genblk1_tgate/p1 (custom_tgate)
                                                          0.00       0.00 r
  U18/ZN (OR3_X1)                                         0.02       0.02 r
  U17/ZN (OR3_X1)                                         0.03       0.05 r
  Op[7] (out)                                             0.00       0.06 r
  data arrival time                                                  0.06
  --------------------------------------------------------------------------
  (Path is unconstrained)


  Startpoint: genblk1_0__genblk1_3__genblk1_genblk1_tgate/p1 (internal pin)
  Endpoint: Op[0] (output port)
  Path Group: (none)
  Path Type: max

  Des/Clust/Port     Wire Load Model       Library
  ------------------------------------------------
  tranShifter        5K_hvratio_1_1        NangateOpenCellLibrary

  Point                                                   Incr       Path
  --------------------------------------------------------------------------
  genblk1_0__genblk1_3__genblk1_genblk1_tgate/p1 (custom_tgate)
                                                          0.00       0.00 r
  U32/ZN (OR3_X1)                                         0.02       0.02 r
  U31/ZN (OR3_X1)                                         0.03       0.05 r
  Op[0] (out)                                             0.00       0.05 r
  data arrival time                                                  0.05
  --------------------------------------------------------------------------
  (Path is unconstrained)


  Startpoint: genblk1_1__genblk1_3__genblk1_genblk1_tgate/p1 (internal pin)
  Endpoint: Op[1] (output port)
  Path Group: (none)
  Path Type: max

  Des/Clust/Port     Wire Load Model       Library
  ------------------------------------------------
  tranShifter        5K_hvratio_1_1        NangateOpenCellLibrary

  Point                                                   Incr       Path
  --------------------------------------------------------------------------
  genblk1_1__genblk1_3__genblk1_genblk1_tgate/p1 (custom_tgate)
                                                          0.00       0.00 r
  U30/ZN (OR3_X1)                                         0.02       0.02 r
  U29/ZN (OR3_X1)                                         0.03       0.05 r
  Op[1] (out)                                             0.00       0.05 r
  data arrival time                                                  0.05
  --------------------------------------------------------------------------
  (Path is unconstrained)


  Startpoint: genblk1_2__genblk1_3__genblk1_genblk1_tgate/p1 (internal pin)
  Endpoint: Op[2] (output port)
  Path Group: (none)
  Path Type: max

  Des/Clust/Port     Wire Load Model       Library
  ------------------------------------------------
  tranShifter        5K_hvratio_1_1        NangateOpenCellLibrary

  Point                                                   Incr       Path
  --------------------------------------------------------------------------
  genblk1_2__genblk1_3__genblk1_genblk1_tgate/p1 (custom_tgate)
                                                          0.00       0.00 r
  U28/ZN (OR3_X1)                                         0.02       0.02 r
  U27/ZN (OR3_X1)                                         0.03       0.05 r
  Op[2] (out)                                             0.00       0.05 r
  data arrival time                                                  0.05
  --------------------------------------------------------------------------
  (Path is unconstrained)


  Startpoint: genblk1_3__genblk1_3__genblk1_genblk1_tgate/p1 (internal pin)
  Endpoint: Op[3] (output port)
  Path Group: (none)
  Path Type: max

  Des/Clust/Port     Wire Load Model       Library
  ------------------------------------------------
  tranShifter        5K_hvratio_1_1        NangateOpenCellLibrary

  Point                                                   Incr       Path
  --------------------------------------------------------------------------
  genblk1_3__genblk1_3__genblk1_genblk1_tgate/p1 (custom_tgate)
                                                          0.00       0.00 r
  U26/ZN (OR3_X1)                                         0.02       0.02 r
  U25/ZN (OR3_X1)                                         0.03       0.05 r
  Op[3] (out)                                             0.00       0.05 r
  data arrival time                                                  0.05
  --------------------------------------------------------------------------
  (Path is unconstrained)


  Startpoint: genblk1_4__genblk1_3__genblk1_genblk1_tgate/p1 (internal pin)
  Endpoint: Op[4] (output port)
  Path Group: (none)
  Path Type: max

  Des/Clust/Port     Wire Load Model       Library
  ------------------------------------------------
  tranShifter        5K_hvratio_1_1        NangateOpenCellLibrary

  Point                                                   Incr       Path
  --------------------------------------------------------------------------
  genblk1_4__genblk1_3__genblk1_genblk1_tgate/p1 (custom_tgate)
                                                          0.00       0.00 r
  U24/ZN (OR3_X1)                                         0.02       0.02 r
  U23/ZN (OR3_X1)                                         0.03       0.05 r
  Op[4] (out)                                             0.00       0.05 r
  data arrival time                                                  0.05
  --------------------------------------------------------------------------
  (Path is unconstrained)


  Startpoint: genblk1_5__genblk1_3__genblk1_genblk1_tgate/p1 (internal pin)
  Endpoint: Op[5] (output port)
  Path Group: (none)
  Path Type: max

  Des/Clust/Port     Wire Load Model       Library
  ------------------------------------------------
  tranShifter        5K_hvratio_1_1        NangateOpenCellLibrary

  Point                                                   Incr       Path
  --------------------------------------------------------------------------
  genblk1_5__genblk1_3__genblk1_genblk1_tgate/p1 (custom_tgate)
                                                          0.00       0.00 r
  U22/ZN (OR3_X1)                                         0.02       0.02 r
  U21/ZN (OR3_X1)                                         0.03       0.05 r
  Op[5] (out)                                             0.00       0.05 r
  data arrival time                                                  0.05
  --------------------------------------------------------------------------
  (Path is unconstrained)


  Startpoint: genblk1_6__genblk1_3__genblk1_genblk1_tgate/p1 (internal pin)
  Endpoint: Op[6] (output port)
  Path Group: (none)
  Path Type: max

  Des/Clust/Port     Wire Load Model       Library
  ------------------------------------------------
  tranShifter        5K_hvratio_1_1        NangateOpenCellLibrary

  Point                                                   Incr       Path
  --------------------------------------------------------------------------
  genblk1_6__genblk1_3__genblk1_genblk1_tgate/p1 (custom_tgate)
                                                          0.00       0.00 r
  U20/ZN (OR3_X1)                                         0.02       0.02 r
  U19/ZN (OR3_X1)                                         0.03       0.05 r
  Op[6] (out)                                             0.00       0.05 r
  data arrival time                                                  0.05
  --------------------------------------------------------------------------
  (Path is unconstrained)


  Startpoint: genblk1_7__genblk1_3__genblk1_genblk1_tgate/p1 (internal pin)
  Endpoint: Op[7] (output port)
  Path Group: (none)
  Path Type: max

  Des/Clust/Port     Wire Load Model       Library
  ------------------------------------------------
  tranShifter        5K_hvratio_1_1        NangateOpenCellLibrary

  Point                                                   Incr       Path
  --------------------------------------------------------------------------
  genblk1_7__genblk1_3__genblk1_genblk1_tgate/p1 (custom_tgate)
                                                          0.00       0.00 r
  U18/ZN (OR3_X1)                                         0.02       0.02 r
  U17/ZN (OR3_X1)                                         0.03       0.05 r
  Op[7] (out)                                             0.00       0.05 r
  data arrival time                                                  0.05
  --------------------------------------------------------------------------
  (Path is unconstrained)


  Startpoint: genblk1_0__genblk1_4__genblk1_genblk1_tgate/p1 (internal pin)
  Endpoint: Op[0] (output port)
  Path Group: (none)
  Path Type: max

  Des/Clust/Port     Wire Load Model       Library
  ------------------------------------------------
  tranShifter        5K_hvratio_1_1        NangateOpenCellLibrary

  Point                                                   Incr       Path
  --------------------------------------------------------------------------
  genblk1_0__genblk1_4__genblk1_genblk1_tgate/p1 (custom_tgate)
                                                          0.00       0.00 r
  U32/ZN (OR3_X1)                                         0.02       0.02 r
  U31/ZN (OR3_X1)                                         0.03       0.05 r
  Op[0] (out)                                             0.00       0.05 r
  data arrival time                                                  0.05
  --------------------------------------------------------------------------
  (Path is unconstrained)


  Startpoint: genblk1_1__genblk1_4__genblk1_genblk1_tgate/p1 (internal pin)
  Endpoint: Op[1] (output port)
  Path Group: (none)
  Path Type: max

  Des/Clust/Port     Wire Load Model       Library
  ------------------------------------------------
  tranShifter        5K_hvratio_1_1        NangateOpenCellLibrary

  Point                                                   Incr       Path
  --------------------------------------------------------------------------
  genblk1_1__genblk1_4__genblk1_genblk1_tgate/p1 (custom_tgate)
                                                          0.00       0.00 r
  U30/ZN (OR3_X1)                                         0.02       0.02 r
  U29/ZN (OR3_X1)                                         0.03       0.05 r
  Op[1] (out)                                             0.00       0.05 r
  data arrival time                                                  0.05
  --------------------------------------------------------------------------
  (Path is unconstrained)


  Startpoint: genblk1_2__genblk1_4__genblk1_genblk1_tgate/p1 (internal pin)
  Endpoint: Op[2] (output port)
  Path Group: (none)
  Path Type: max

  Des/Clust/Port     Wire Load Model       Library
  ------------------------------------------------
  tranShifter        5K_hvratio_1_1        NangateOpenCellLibrary

  Point                                                   Incr       Path
  --------------------------------------------------------------------------
  genblk1_2__genblk1_4__genblk1_genblk1_tgate/p1 (custom_tgate)
                                                          0.00       0.00 r
  U28/ZN (OR3_X1)                                         0.02       0.02 r
  U27/ZN (OR3_X1)                                         0.03       0.05 r
  Op[2] (out)                                             0.00       0.05 r
  data arrival time                                                  0.05
  --------------------------------------------------------------------------
  (Path is unconstrained)


  Startpoint: genblk1_3__genblk1_4__genblk1_genblk1_tgate/p1 (internal pin)
  Endpoint: Op[3] (output port)
  Path Group: (none)
  Path Type: max

  Des/Clust/Port     Wire Load Model       Library
  ------------------------------------------------
  tranShifter        5K_hvratio_1_1        NangateOpenCellLibrary

  Point                                                   Incr       Path
  --------------------------------------------------------------------------
  genblk1_3__genblk1_4__genblk1_genblk1_tgate/p1 (custom_tgate)
                                                          0.00       0.00 r
  U26/ZN (OR3_X1)                                         0.02       0.02 r
  U25/ZN (OR3_X1)                                         0.03       0.05 r
  Op[3] (out)                                             0.00       0.05 r
  data arrival time                                                  0.05
  --------------------------------------------------------------------------
  (Path is unconstrained)


  Startpoint: genblk1_4__genblk1_4__genblk1_genblk1_tgate/p1 (internal pin)
  Endpoint: Op[4] (output port)
  Path Group: (none)
  Path Type: max

  Des/Clust/Port     Wire Load Model       Library
  ------------------------------------------------
  tranShifter        5K_hvratio_1_1        NangateOpenCellLibrary

  Point                                                   Incr       Path
  --------------------------------------------------------------------------
  genblk1_4__genblk1_4__genblk1_genblk1_tgate/p1 (custom_tgate)
                                                          0.00       0.00 r
  U24/ZN (OR3_X1)                                         0.02       0.02 r
  U23/ZN (OR3_X1)                                         0.03       0.05 r
  Op[4] (out)                                             0.00       0.05 r
  data arrival time                                                  0.05
  --------------------------------------------------------------------------
  (Path is unconstrained)


  Startpoint: genblk1_5__genblk1_4__genblk1_genblk1_tgate/p1 (internal pin)
  Endpoint: Op[5] (output port)
  Path Group: (none)
  Path Type: max

  Des/Clust/Port     Wire Load Model       Library
  ------------------------------------------------
  tranShifter        5K_hvratio_1_1        NangateOpenCellLibrary

  Point                                                   Incr       Path
  --------------------------------------------------------------------------
  genblk1_5__genblk1_4__genblk1_genblk1_tgate/p1 (custom_tgate)
                                                          0.00       0.00 r
  U22/ZN (OR3_X1)                                         0.02       0.02 r
  U21/ZN (OR3_X1)                                         0.03       0.05 r
  Op[5] (out)                                             0.00       0.05 r
  data arrival time                                                  0.05
  --------------------------------------------------------------------------
  (Path is unconstrained)


  Startpoint: genblk1_6__genblk1_4__genblk1_genblk1_tgate/p1 (internal pin)
  Endpoint: Op[6] (output port)
  Path Group: (none)
  Path Type: max

  Des/Clust/Port     Wire Load Model       Library
  ------------------------------------------------
  tranShifter        5K_hvratio_1_1        NangateOpenCellLibrary

  Point                                                   Incr       Path
  --------------------------------------------------------------------------
  genblk1_6__genblk1_4__genblk1_genblk1_tgate/p1 (custom_tgate)
                                                          0.00       0.00 r
  U20/ZN (OR3_X1)                                         0.02       0.02 r
  U19/ZN (OR3_X1)                                         0.03       0.05 r
  Op[6] (out)                                             0.00       0.05 r
  data arrival time                                                  0.05
  --------------------------------------------------------------------------
  (Path is unconstrained)


  Startpoint: genblk1_7__genblk1_4__genblk1_genblk1_tgate/p1 (internal pin)
  Endpoint: Op[7] (output port)
  Path Group: (none)
  Path Type: max

  Des/Clust/Port     Wire Load Model       Library
  ------------------------------------------------
  tranShifter        5K_hvratio_1_1        NangateOpenCellLibrary

  Point                                                   Incr       Path
  --------------------------------------------------------------------------
  genblk1_7__genblk1_4__genblk1_genblk1_tgate/p1 (custom_tgate)
                                                          0.00       0.00 r
  U18/ZN (OR3_X1)                                         0.02       0.02 r
  U17/ZN (OR3_X1)                                         0.03       0.05 r
  Op[7] (out)                                             0.00       0.05 r
  data arrival time                                                  0.05
  --------------------------------------------------------------------------
  (Path is unconstrained)


  Startpoint: genblk1_0__genblk1_0__genblk1_genblk1_tgate/p1 (internal pin)
  Endpoint: Op[0] (output port)
  Path Group: (none)
  Path Type: max

  Des/Clust/Port     Wire Load Model       Library
  ------------------------------------------------
  tranShifter        5K_hvratio_1_1        NangateOpenCellLibrary

  Point                                                   Incr       Path
  --------------------------------------------------------------------------
  genblk1_0__genblk1_0__genblk1_genblk1_tgate/p1 (custom_tgate)
                                                          0.00       0.00 r
  U31/ZN (OR3_X1)                                         0.02       0.02 r
  Op[0] (out)                                             0.00       0.02 r
  data arrival time                                                  0.02
  --------------------------------------------------------------------------
  (Path is unconstrained)


  Startpoint: genblk1_1__genblk1_0__genblk1_genblk1_tgate/p1 (internal pin)
  Endpoint: Op[1] (output port)
  Path Group: (none)
  Path Type: max

  Des/Clust/Port     Wire Load Model       Library
  ------------------------------------------------
  tranShifter        5K_hvratio_1_1        NangateOpenCellLibrary

  Point                                                   Incr       Path
  --------------------------------------------------------------------------
  genblk1_1__genblk1_0__genblk1_genblk1_tgate/p1 (custom_tgate)
                                                          0.00       0.00 r
  U29/ZN (OR3_X1)                                         0.02       0.02 r
  Op[1] (out)                                             0.00       0.02 r
  data arrival time                                                  0.02
  --------------------------------------------------------------------------
  (Path is unconstrained)


  Startpoint: genblk1_2__genblk1_0__genblk1_genblk1_tgate/p1 (internal pin)
  Endpoint: Op[2] (output port)
  Path Group: (none)
  Path Type: max

  Des/Clust/Port     Wire Load Model       Library
  ------------------------------------------------
  tranShifter        5K_hvratio_1_1        NangateOpenCellLibrary

  Point                                                   Incr       Path
  --------------------------------------------------------------------------
  genblk1_2__genblk1_0__genblk1_genblk1_tgate/p1 (custom_tgate)
                                                          0.00       0.00 r
  U27/ZN (OR3_X1)                                         0.02       0.02 r
  Op[2] (out)                                             0.00       0.02 r
  data arrival time                                                  0.02
  --------------------------------------------------------------------------
  (Path is unconstrained)


  Startpoint: genblk1_3__genblk1_0__genblk1_genblk1_tgate/p1 (internal pin)
  Endpoint: Op[3] (output port)
  Path Group: (none)
  Path Type: max

  Des/Clust/Port     Wire Load Model       Library
  ------------------------------------------------
  tranShifter        5K_hvratio_1_1        NangateOpenCellLibrary

  Point                                                   Incr       Path
  --------------------------------------------------------------------------
  genblk1_3__genblk1_0__genblk1_genblk1_tgate/p1 (custom_tgate)
                                                          0.00       0.00 r
  U25/ZN (OR3_X1)                                         0.02       0.02 r
  Op[3] (out)                                             0.00       0.02 r
  data arrival time                                                  0.02
  --------------------------------------------------------------------------
  (Path is unconstrained)


  Startpoint: genblk1_4__genblk1_0__genblk1_genblk1_tgate/p1 (internal pin)
  Endpoint: Op[4] (output port)
  Path Group: (none)
  Path Type: max

  Des/Clust/Port     Wire Load Model       Library
  ------------------------------------------------
  tranShifter        5K_hvratio_1_1        NangateOpenCellLibrary

  Point                                                   Incr       Path
  --------------------------------------------------------------------------
  genblk1_4__genblk1_0__genblk1_genblk1_tgate/p1 (custom_tgate)
                                                          0.00       0.00 r
  U23/ZN (OR3_X1)                                         0.02       0.02 r
  Op[4] (out)                                             0.00       0.02 r
  data arrival time                                                  0.02
  --------------------------------------------------------------------------
  (Path is unconstrained)


  Startpoint: genblk1_5__genblk1_0__genblk1_genblk1_tgate/p1 (internal pin)
  Endpoint: Op[5] (output port)
  Path Group: (none)
  Path Type: max

  Des/Clust/Port     Wire Load Model       Library
  ------------------------------------------------
  tranShifter        5K_hvratio_1_1        NangateOpenCellLibrary

  Point                                                   Incr       Path
  --------------------------------------------------------------------------
  genblk1_5__genblk1_0__genblk1_genblk1_tgate/p1 (custom_tgate)
                                                          0.00       0.00 r
  U21/ZN (OR3_X1)                                         0.02       0.02 r
  Op[5] (out)                                             0.00       0.02 r
  data arrival time                                                  0.02
  --------------------------------------------------------------------------
  (Path is unconstrained)


  Startpoint: genblk1_6__genblk1_0__genblk1_genblk1_tgate/p1 (internal pin)
  Endpoint: Op[6] (output port)
  Path Group: (none)
  Path Type: max

  Des/Clust/Port     Wire Load Model       Library
  ------------------------------------------------
  tranShifter        5K_hvratio_1_1        NangateOpenCellLibrary

  Point                                                   Incr       Path
  --------------------------------------------------------------------------
  genblk1_6__genblk1_0__genblk1_genblk1_tgate/p1 (custom_tgate)
                                                          0.00       0.00 r
  U19/ZN (OR3_X1)                                         0.02       0.02 r
  Op[6] (out)                                             0.00       0.02 r
  data arrival time                                                  0.02
  --------------------------------------------------------------------------
  (Path is unconstrained)


  Startpoint: genblk1_7__genblk1_0__genblk1_genblk1_tgate/p1 (internal pin)
  Endpoint: Op[7] (output port)
  Path Group: (none)
  Path Type: max

  Des/Clust/Port     Wire Load Model       Library
  ------------------------------------------------
  tranShifter        5K_hvratio_1_1        NangateOpenCellLibrary

  Point                                                   Incr       Path
  --------------------------------------------------------------------------
  genblk1_7__genblk1_0__genblk1_genblk1_tgate/p1 (custom_tgate)
                                                          0.00       0.00 r
  U17/ZN (OR3_X1)                                         0.02       0.02 r
  Op[7] (out)                                             0.00       0.02 r
  data arrival time                                                  0.02
  --------------------------------------------------------------------------
  (Path is unconstrained)


  Startpoint: genblk1_0__genblk1_1__genblk1_genblk1_tgate/p1 (internal pin)
  Endpoint: Op[0] (output port)
  Path Group: (none)
  Path Type: max

  Des/Clust/Port     Wire Load Model       Library
  ------------------------------------------------
  tranShifter        5K_hvratio_1_1        NangateOpenCellLibrary

  Point                                                   Incr       Path
  --------------------------------------------------------------------------
  genblk1_0__genblk1_1__genblk1_genblk1_tgate/p1 (custom_tgate)
                                                          0.00       0.00 r
  U31/ZN (OR3_X1)                                         0.02       0.02 r
  Op[0] (out)                                             0.00       0.02 r
  data arrival time                                                  0.02
  --------------------------------------------------------------------------
  (Path is unconstrained)


  Startpoint: genblk1_1__genblk1_1__genblk1_genblk1_tgate/p1 (internal pin)
  Endpoint: Op[1] (output port)
  Path Group: (none)
  Path Type: max

  Des/Clust/Port     Wire Load Model       Library
  ------------------------------------------------
  tranShifter        5K_hvratio_1_1        NangateOpenCellLibrary

  Point                                                   Incr       Path
  --------------------------------------------------------------------------
  genblk1_1__genblk1_1__genblk1_genblk1_tgate/p1 (custom_tgate)
                                                          0.00       0.00 r
  U29/ZN (OR3_X1)                                         0.02       0.02 r
  Op[1] (out)                                             0.00       0.02 r
  data arrival time                                                  0.02
  --------------------------------------------------------------------------
  (Path is unconstrained)


  Startpoint: genblk1_2__genblk1_1__genblk1_genblk1_tgate/p1 (internal pin)
  Endpoint: Op[2] (output port)
  Path Group: (none)
  Path Type: max

  Des/Clust/Port     Wire Load Model       Library
  ------------------------------------------------
  tranShifter        5K_hvratio_1_1        NangateOpenCellLibrary

  Point                                                   Incr       Path
  --------------------------------------------------------------------------
  genblk1_2__genblk1_1__genblk1_genblk1_tgate/p1 (custom_tgate)
                                                          0.00       0.00 r
  U27/ZN (OR3_X1)                                         0.02       0.02 r
  Op[2] (out)                                             0.00       0.02 r
  data arrival time                                                  0.02
  --------------------------------------------------------------------------
  (Path is unconstrained)


  Startpoint: genblk1_3__genblk1_1__genblk1_genblk1_tgate/p1 (internal pin)
  Endpoint: Op[3] (output port)
  Path Group: (none)
  Path Type: max

  Des/Clust/Port     Wire Load Model       Library
  ------------------------------------------------
  tranShifter        5K_hvratio_1_1        NangateOpenCellLibrary

  Point                                                   Incr       Path
  --------------------------------------------------------------------------
  genblk1_3__genblk1_1__genblk1_genblk1_tgate/p1 (custom_tgate)
                                                          0.00       0.00 r
  U25/ZN (OR3_X1)                                         0.02       0.02 r
  Op[3] (out)                                             0.00       0.02 r
  data arrival time                                                  0.02
  --------------------------------------------------------------------------
  (Path is unconstrained)


  Startpoint: genblk1_4__genblk1_1__genblk1_genblk1_tgate/p1 (internal pin)
  Endpoint: Op[4] (output port)
  Path Group: (none)
  Path Type: max

  Des/Clust/Port     Wire Load Model       Library
  ------------------------------------------------
  tranShifter        5K_hvratio_1_1        NangateOpenCellLibrary

  Point                                                   Incr       Path
  --------------------------------------------------------------------------
  genblk1_4__genblk1_1__genblk1_genblk1_tgate/p1 (custom_tgate)
                                                          0.00       0.00 r
  U23/ZN (OR3_X1)                                         0.02       0.02 r
  Op[4] (out)                                             0.00       0.02 r
  data arrival time                                                  0.02
  --------------------------------------------------------------------------
  (Path is unconstrained)


  Startpoint: genblk1_5__genblk1_1__genblk1_genblk1_tgate/p1 (internal pin)
  Endpoint: Op[5] (output port)
  Path Group: (none)
  Path Type: max

  Des/Clust/Port     Wire Load Model       Library
  ------------------------------------------------
  tranShifter        5K_hvratio_1_1        NangateOpenCellLibrary

  Point                                                   Incr       Path
  --------------------------------------------------------------------------
  genblk1_5__genblk1_1__genblk1_genblk1_tgate/p1 (custom_tgate)
                                                          0.00       0.00 r
  U21/ZN (OR3_X1)                                         0.02       0.02 r
  Op[5] (out)                                             0.00       0.02 r
  data arrival time                                                  0.02
  --------------------------------------------------------------------------
  (Path is unconstrained)


  Startpoint: genblk1_6__genblk1_1__genblk1_genblk1_tgate/p1 (internal pin)
  Endpoint: Op[6] (output port)
  Path Group: (none)
  Path Type: max

  Des/Clust/Port     Wire Load Model       Library
  ------------------------------------------------
  tranShifter        5K_hvratio_1_1        NangateOpenCellLibrary

  Point                                                   Incr       Path
  --------------------------------------------------------------------------
  genblk1_6__genblk1_1__genblk1_genblk1_tgate/p1 (custom_tgate)
                                                          0.00       0.00 r
  U19/ZN (OR3_X1)                                         0.02       0.02 r
  Op[6] (out)                                             0.00       0.02 r
  data arrival time                                                  0.02
  --------------------------------------------------------------------------
  (Path is unconstrained)


  Startpoint: genblk1_7__genblk1_1__genblk1_genblk1_tgate/p1 (internal pin)
  Endpoint: Op[7] (output port)
  Path Group: (none)
  Path Type: max

  Des/Clust/Port     Wire Load Model       Library
  ------------------------------------------------
  tranShifter        5K_hvratio_1_1        NangateOpenCellLibrary

  Point                                                   Incr       Path
  --------------------------------------------------------------------------
  genblk1_7__genblk1_1__genblk1_genblk1_tgate/p1 (custom_tgate)
                                                          0.00       0.00 r
  U17/ZN (OR3_X1)                                         0.02       0.02 r
  Op[7] (out)                                             0.00       0.02 r
  data arrival time                                                  0.02
  --------------------------------------------------------------------------
  (Path is unconstrained)


1
