Warning: Design 'tranShifter' has '1' unresolved references. For more detailed information, use the "link" command. (UID-341)
 
****************************************
Report : area
Design : tranShifter
Version: P-2019.03
Date   : Tue Apr 19 15:20:16 2022
****************************************

Library(s) Used:

    NangateOpenCellLibrary (File: /afs/andrew.cmu.edu/course/18/743/backend/45nm_Nangate/pdk_v1.3_v2010_12/NangateOpenCellLibrary_PDKv1_3_v2010_12/Front_End/Liberty/NLDM/NangateOpenCellLibrary_typical.db)

Number of ports:                           11
Number of nets:                            29
Number of cells:                           21
Number of combinational cells:              6
Number of sequential cells:                15
Number of macros/black boxes:               0
Number of buf/inv:                          0
Number of references:                       2

Combinational area:                  7.980000
Buf/Inv area:                        0.000000
Noncombinational area:               0.000000
Macro/Black Box area:                0.000000
Net Interconnect area:      undefined  (Wire load has zero net area)

Total cell area:                     7.980000
Total area:                 undefined

Information: This design contains black box (unknown) components. (RPT-8)

Hierarchical area distribution
------------------------------

                                  Global cell area          Local cell area
                                  ------------------  --------------------------- 
Hierarchical cell                 Absolute   Percent  Combi-    Noncombi-  Black-
                                  Total      Total    national  national   boxes   Design
--------------------------------  ---------  -------  --------  ---------  ------  ---------
tranShifter                          7.9800    100.0    7.9800     0.0000  0.0000  tranShifter
--------------------------------  ---------  -------  --------  ---------  ------  ---------
Total                                                   7.9800     0.0000  0.0000

1
