 
****************************************
Report : area
Design : regShifter
Version: P-2019.03
Date   : Tue Apr 26 23:37:45 2022
****************************************

Library(s) Used:

    NangateOpenCellLibrary (File: /afs/andrew.cmu.edu/course/18/743/backend/45nm_Nangate/pdk_v1.3_v2010_12/NangateOpenCellLibrary_PDKv1_3_v2010_12/Front_End/Liberty/NLDM/NangateOpenCellLibrary_typical.db)

Number of ports:                          157
Number of nets:                           682
Number of cells:                          557
Number of combinational cells:            522
Number of sequential cells:                32
Number of macros/black boxes:               0
Number of buf/inv:                        157
Number of references:                      22

Combinational area:                590.786000
Buf/Inv area:                       86.184001
Noncombinational area:             195.776001
Macro/Black Box area:                0.000000
Net Interconnect area:      undefined  (Wire load has zero net area)

Total cell area:                   786.562001
Total area:                 undefined

Hierarchical area distribution
------------------------------

                                  Global cell area          Local cell area
                                  ------------------  --------------------------- 
Hierarchical cell                 Absolute   Percent  Combi-    Noncombi-  Black-
                                  Total      Total    national  national   boxes   Design
--------------------------------  ---------  -------  --------  ---------  ------  -----------------------
regShifter                         786.5620    100.0  494.4940   195.7760  0.0000  regShifter
genblk1_OneHot_2_binary             68.8940      8.8   68.8940     0.0000  0.0000  encoder_MAX_SHIFT_MAG16
r311                                27.3980      3.5   27.3980     0.0000  0.0000  regShifter_DW01_sub_0
--------------------------------  ---------  -------  --------  ---------  ------  -----------------------
Total                                                 590.7860   195.7760  0.0000

1
