 
****************************************
Report : area
Design : regShifter
Version: P-2019.03
Date   : Mon Apr 25 17:37:45 2022
****************************************

Library(s) Used:

    NangateOpenCellLibrary (File: /afs/andrew.cmu.edu/course/18/743/backend/45nm_Nangate/pdk_v1.3_v2010_12/NangateOpenCellLibrary_PDKv1_3_v2010_12/Front_End/Liberty/NLDM/NangateOpenCellLibrary_typical.db)

Number of ports:                           27
Number of nets:                            75
Number of cells:                           54
Number of combinational cells:             48
Number of sequential cells:                 4
Number of macros/black boxes:               0
Number of buf/inv:                         15
Number of references:                      13

Combinational area:                 47.614000
Buf/Inv area:                        7.980000
Noncombinational area:              18.087999
Macro/Black Box area:                0.000000
Net Interconnect area:      undefined  (Wire load has zero net area)

Total cell area:                    65.701999
Total area:                 undefined

Hierarchical area distribution
------------------------------

                                  Global cell area          Local cell area
                                  ------------------  --------------------------- 
Hierarchical cell                 Absolute   Percent  Combi-    Noncombi-  Black-
                                  Total      Total    national  national   boxes   Design
--------------------------------  ---------  -------  --------  ---------  ------  ----------------------
regShifter                          65.7020    100.0   36.7080    18.0880  0.0000  regShifter
OneHot_2_binary                     10.9060     16.6   10.9060     0.0000  0.0000  encoder_MAX_SHIFT_MAG3
--------------------------------  ---------  -------  --------  ---------  ------  ----------------------
Total                                                  47.6140    18.0880  0.0000

1
