 
****************************************
Report : area
Design : regShifter
Version: P-2019.03
Date   : Mon Apr 25 17:37:09 2022
****************************************

Library(s) Used:

    NangateOpenCellLibrary (File: /afs/andrew.cmu.edu/course/18/743/backend/45nm_Nangate/pdk_v1.3_v2010_12/NangateOpenCellLibrary_PDKv1_3_v2010_12/Front_End/Liberty/NLDM/NangateOpenCellLibrary_typical.db)

Number of ports:                           17
Number of nets:                            39
Number of cells:                           27
Number of combinational cells:             22
Number of sequential cells:                 4
Number of macros/black boxes:               0
Number of buf/inv:                         10
Number of references:                      11

Combinational area:                 21.014000
Buf/Inv area:                        5.586000
Noncombinational area:              18.087999
Macro/Black Box area:                0.000000
Net Interconnect area:      undefined  (Wire load has zero net area)

Total cell area:                    39.101999
Total area:                 undefined

Hierarchical area distribution
------------------------------

                                  Global cell area          Local cell area
                                  ------------------  --------------------------- 
Hierarchical cell                 Absolute   Percent  Combi-    Noncombi-  Black-
                                  Total      Total    national  national   boxes   Design
--------------------------------  ---------  -------  --------  ---------  ------  ----------------------
regShifter                          39.1020    100.0   18.6200    18.0880  0.0000  regShifter
OneHot_2_binary                      2.3940      6.1    2.3940     0.0000  0.0000  encoder_MAX_SHIFT_MAG1
--------------------------------  ---------  -------  --------  ---------  ------  ----------------------
Total                                                  21.0140    18.0880  0.0000

1
