 
****************************************
Report : area
Design : regShifter
Version: P-2019.03
Date   : Tue Apr 26 23:37:25 2022
****************************************

Library(s) Used:

    NangateOpenCellLibrary (File: /afs/andrew.cmu.edu/course/18/743/backend/45nm_Nangate/pdk_v1.3_v2010_12/NangateOpenCellLibrary_PDKv1_3_v2010_12/Front_End/Liberty/NLDM/NangateOpenCellLibrary_typical.db)

Number of ports:                           73
Number of nets:                           185
Number of cells:                          145
Number of combinational cells:            112
Number of sequential cells:                32
Number of macros/black boxes:               0
Number of buf/inv:                         44
Number of references:                      11

Combinational area:                160.664001
Buf/Inv area:                       25.536000
Noncombinational area:             195.776001
Macro/Black Box area:                0.000000
Net Interconnect area:      undefined  (Wire load has zero net area)

Total cell area:                   356.440002
Total area:                 undefined

Hierarchical area distribution
------------------------------

                                  Global cell area          Local cell area
                                  ------------------  --------------------------- 
Hierarchical cell                 Absolute   Percent  Combi-    Noncombi-  Black-
                                  Total      Total    national  national   boxes   Design
--------------------------------  ---------  -------  --------  ---------  ------  ----------------------
regShifter                         356.4400    100.0  156.9400   195.7760  0.0000  regShifter
genblk1_OneHot_2_binary              3.7240      1.0    3.7240     0.0000  0.0000  encoder_MAX_SHIFT_MAG1
--------------------------------  ---------  -------  --------  ---------  ------  ----------------------
Total                                                 160.6640   195.7760  0.0000

1
