 
****************************************
Report : area
Design : regShifter
Version: P-2019.03
Date   : Tue Apr 26 23:39:53 2022
****************************************

Library(s) Used:

    NangateOpenCellLibrary (File: /afs/andrew.cmu.edu/course/18/743/backend/45nm_Nangate/pdk_v1.3_v2010_12/NangateOpenCellLibrary_PDKv1_3_v2010_12/Front_End/Liberty/NLDM/NangateOpenCellLibrary_typical.db)

Number of ports:                          549
Number of nets:                          3380
Number of cells:                         2957
Number of combinational cells:           2826
Number of sequential cells:               128
Number of macros/black boxes:               0
Number of buf/inv:                        943
Number of references:                      27

Combinational area:               3204.235998
Buf/Inv area:                      558.333999
Noncombinational area:             783.104004
Macro/Black Box area:                0.000000
Net Interconnect area:      undefined  (Wire load has zero net area)

Total cell area:                  3987.340002
Total area:                 undefined

Hierarchical area distribution
------------------------------

                                  Global cell area          Local cell area
                                  ------------------  ---------------------------- 
Hierarchical cell                 Absolute   Percent  Combi-     Noncombi-  Black-
                                  Total      Total    national   national   boxes   Design
--------------------------------  ---------  -------  ---------  ---------  ------  -----------------------
regShifter                        3987.3400    100.0  2865.3520   783.1040  0.0000  regShifter
genblk1_OneHot_2_binary            299.7820      7.5   299.7820     0.0000  0.0000  encoder_MAX_SHIFT_MAG64
r311                                39.1020      1.0    39.1020     0.0000  0.0000  regShifter_DW01_sub_0
--------------------------------  ---------  -------  ---------  ---------  ------  -----------------------
Total                                                 3204.2360   783.1040  0.0000

1
