 
****************************************
Report : area
Design : regShifter
Version: P-2019.03
Date   : Tue Apr 26 23:38:45 2022
****************************************

Library(s) Used:

    NangateOpenCellLibrary (File: /afs/andrew.cmu.edu/course/18/743/backend/45nm_Nangate/pdk_v1.3_v2010_12/NangateOpenCellLibrary_PDKv1_3_v2010_12/Front_End/Liberty/NLDM/NangateOpenCellLibrary_typical.db)

Number of ports:                          289
Number of nets:                          1414
Number of cells:                         1188
Number of combinational cells:           1121
Number of sequential cells:                64
Number of macros/black boxes:               0
Number of buf/inv:                        303
Number of references:                      23

Combinational area:               1314.838005
Buf/Inv area:                      167.580001
Noncombinational area:             391.552002
Macro/Black Box area:                0.000000
Net Interconnect area:      undefined  (Wire load has zero net area)

Total cell area:                  1706.390007
Total area:                 undefined

Hierarchical area distribution
------------------------------

                                  Global cell area          Local cell area
                                  ------------------  ---------------------------- 
Hierarchical cell                 Absolute   Percent  Combi-     Noncombi-  Black-
                                  Total      Total    national   national   boxes   Design
--------------------------------  ---------  -------  ---------  ---------  ------  -----------------------
regShifter                        1706.3900    100.0  1138.7460   391.5520  0.0000  regShifter
genblk1_OneHot_2_binary            142.5760      8.4   142.5760     0.0000  0.0000  encoder_MAX_SHIFT_MAG32
r311                                33.5160      2.0    33.5160     0.0000  0.0000  regShifter_DW01_sub_0
--------------------------------  ---------  -------  ---------  ---------  ------  -----------------------
Total                                                 1314.8380   391.5520  0.0000

1
