 
****************************************
Report : area
Design : regShifter
Version: P-2019.03
Date   : Mon Apr 25 17:36:14 2022
****************************************

Library(s) Used:

    NangateOpenCellLibrary (File: /afs/andrew.cmu.edu/course/18/743/backend/45nm_Nangate/pdk_v1.3_v2010_12/NangateOpenCellLibrary_PDKv1_3_v2010_12/Front_End/Liberty/NLDM/NangateOpenCellLibrary_typical.db)

Number of ports:                           13
Number of nets:                            25
Number of cells:                           15
Number of combinational cells:             12
Number of sequential cells:                 2
Number of macros/black boxes:               0
Number of buf/inv:                          4
Number of references:                       8

Combinational area:                 11.704000
Buf/Inv area:                        2.394000
Noncombinational area:               9.044000
Macro/Black Box area:                0.000000
Net Interconnect area:      undefined  (Wire load has zero net area)

Total cell area:                    20.748000
Total area:                 undefined

Hierarchical area distribution
------------------------------

                                  Global cell area          Local cell area
                                  ------------------  --------------------------- 
Hierarchical cell                 Absolute   Percent  Combi-    Noncombi-  Black-
                                  Total      Total    national  national   boxes   Design
--------------------------------  ---------  -------  --------  ---------  ------  ----------------------
regShifter                          20.7480    100.0    9.3100     9.0440  0.0000  regShifter
OneHot_2_binary                      2.3940     11.5    2.3940     0.0000  0.0000  encoder_MAX_SHIFT_MAG1
--------------------------------  ---------  -------  --------  ---------  ------  ----------------------
Total                                                  11.7040     9.0440  0.0000

1
