 
****************************************
Report : area
Design : regShifter
Version: P-2019.03
Date   : Tue Apr 26 23:36:45 2022
****************************************

Library(s) Used:

    NangateOpenCellLibrary (File: /afs/andrew.cmu.edu/course/18/743/backend/45nm_Nangate/pdk_v1.3_v2010_12/NangateOpenCellLibrary_PDKv1_3_v2010_12/Front_End/Liberty/NLDM/NangateOpenCellLibrary_typical.db)

Number of ports:                           72
Number of nets:                           269
Number of cells:                          214
Number of combinational cells:            197
Number of sequential cells:                16
Number of macros/black boxes:               0
Number of buf/inv:                         55
Number of references:                      21

Combinational area:                220.248001
Buf/Inv area:                       29.526000
Noncombinational area:              97.888000
Macro/Black Box area:                0.000000
Net Interconnect area:      undefined  (Wire load has zero net area)

Total cell area:                   318.136001
Total area:                 undefined

Hierarchical area distribution
------------------------------

                                  Global cell area          Local cell area
                                  ------------------  --------------------------- 
Hierarchical cell                 Absolute   Percent  Combi-    Noncombi-  Black-
                                  Total      Total    national  national   boxes   Design
--------------------------------  ---------  -------  --------  ---------  ------  ----------------------
regShifter                         318.1360    100.0  187.7960    97.8880  0.0000  regShifter
genblk1_OneHot_2_binary             32.4520     10.2   32.4520     0.0000  0.0000  encoder_MAX_SHIFT_MAG8
--------------------------------  ---------  -------  --------  ---------  ------  ----------------------
Total                                                 220.2480    97.8880  0.0000

1
