 
****************************************
Report : area
Design : regShifter
Version: P-2019.03
Date   : Mon Apr 25 17:36:51 2022
****************************************

Library(s) Used:

    NangateOpenCellLibrary (File: /afs/andrew.cmu.edu/course/18/743/backend/45nm_Nangate/pdk_v1.3_v2010_12/NangateOpenCellLibrary_PDKv1_3_v2010_12/Front_End/Liberty/NLDM/NangateOpenCellLibrary_typical.db)

Number of ports:                           20
Number of nets:                            45
Number of cells:                           29
Number of combinational cells:             25
Number of sequential cells:                 3
Number of macros/black boxes:               0
Number of buf/inv:                          8
Number of references:                      11

Combinational area:                 23.940000
Buf/Inv area:                        4.522000
Noncombinational area:              13.566000
Macro/Black Box area:                0.000000
Net Interconnect area:      undefined  (Wire load has zero net area)

Total cell area:                    37.506000
Total area:                 undefined

Hierarchical area distribution
------------------------------

                                  Global cell area          Local cell area
                                  ------------------  --------------------------- 
Hierarchical cell                 Absolute   Percent  Combi-    Noncombi-  Black-
                                  Total      Total    national  national   boxes   Design
--------------------------------  ---------  -------  --------  ---------  ------  ----------------------
regShifter                          37.5060    100.0   17.5560    13.5660  0.0000  regShifter
OneHot_2_binary                      6.3840     17.0    6.3840     0.0000  0.0000  encoder_MAX_SHIFT_MAG2
--------------------------------  ---------  -------  --------  ---------  ------  ----------------------
Total                                                  23.9400    13.5660  0.0000

1
