 
****************************************
Report : timing
        -path full
        -delay max
        -nworst 100
        -max_paths 100
Design : combShifter
Version: P-2019.03
Date   : Tue Apr 26 23:15:00 2022
****************************************

Operating Conditions: typical   Library: NangateOpenCellLibrary
Wire Load Model Mode: top

  Startpoint: shift_mag[1]
              (input port)
  Endpoint: Op[3] (output port)
  Path Group: (none)
  Path Type: max

  Des/Clust/Port     Wire Load Model       Library
  ------------------------------------------------
  combShifter        5K_hvratio_1_1        NangateOpenCellLibrary

  Point                                    Incr       Path
  -----------------------------------------------------------
  input external delay                     0.00       0.00 r
  shift_mag[1] (in)                        0.00       0.00 r
  U20/ZN (INV_X1)                          0.02       0.02 f
  U13/ZN (OAI222_X1)                       0.06       0.09 r
  Op[3] (out)                              0.00       0.09 r
  data arrival time                                   0.09
  -----------------------------------------------------------
  (Path is unconstrained)


  Startpoint: shift_mag[1]
              (input port)
  Endpoint: Op[3] (output port)
  Path Group: (none)
  Path Type: max

  Des/Clust/Port     Wire Load Model       Library
  ------------------------------------------------
  combShifter        5K_hvratio_1_1        NangateOpenCellLibrary

  Point                                    Incr       Path
  -----------------------------------------------------------
  input external delay                     0.00       0.00 f
  shift_mag[1] (in)                        0.00       0.00 f
  U20/ZN (INV_X1)                          0.04       0.04 r
  U13/ZN (OAI222_X1)                       0.05       0.09 f
  Op[3] (out)                              0.00       0.09 f
  data arrival time                                   0.09
  -----------------------------------------------------------
  (Path is unconstrained)


  Startpoint: shift_mag[2]
              (input port)
  Endpoint: Op[3] (output port)
  Path Group: (none)
  Path Type: max

  Des/Clust/Port     Wire Load Model       Library
  ------------------------------------------------
  combShifter        5K_hvratio_1_1        NangateOpenCellLibrary

  Point                                    Incr       Path
  -----------------------------------------------------------
  input external delay                     0.00       0.00 f
  shift_mag[2] (in)                        0.00       0.00 f
  U23/ZN (INV_X1)                          0.04       0.04 r
  U13/ZN (OAI222_X1)                       0.05       0.09 f
  Op[3] (out)                              0.00       0.09 f
  data arrival time                                   0.09
  -----------------------------------------------------------
  (Path is unconstrained)


  Startpoint: shift_mag[1]
              (input port)
  Endpoint: Op[3] (output port)
  Path Group: (none)
  Path Type: max

  Des/Clust/Port     Wire Load Model       Library
  ------------------------------------------------
  combShifter        5K_hvratio_1_1        NangateOpenCellLibrary

  Point                                    Incr       Path
  -----------------------------------------------------------
  input external delay                     0.00       0.00 r
  shift_mag[1] (in)                        0.00       0.00 r
  U20/ZN (INV_X1)                          0.02       0.02 f
  U13/ZN (OAI222_X1)                       0.06       0.09 r
  Op[3] (out)                              0.00       0.09 r
  data arrival time                                   0.09
  -----------------------------------------------------------
  (Path is unconstrained)


  Startpoint: shift_mag[1]
              (input port)
  Endpoint: Op[3] (output port)
  Path Group: (none)
  Path Type: max

  Des/Clust/Port     Wire Load Model       Library
  ------------------------------------------------
  combShifter        5K_hvratio_1_1        NangateOpenCellLibrary

  Point                                    Incr       Path
  -----------------------------------------------------------
  input external delay                     0.00       0.00 r
  shift_mag[1] (in)                        0.00       0.00 r
  U20/ZN (INV_X1)                          0.02       0.02 f
  U13/ZN (OAI222_X1)                       0.06       0.09 r
  Op[3] (out)                              0.00       0.09 r
  data arrival time                                   0.09
  -----------------------------------------------------------
  (Path is unconstrained)


  Startpoint: shift_mag[1]
              (input port)
  Endpoint: Op[3] (output port)
  Path Group: (none)
  Path Type: max

  Des/Clust/Port     Wire Load Model       Library
  ------------------------------------------------
  combShifter        5K_hvratio_1_1        NangateOpenCellLibrary

  Point                                    Incr       Path
  -----------------------------------------------------------
  input external delay                     0.00       0.00 r
  shift_mag[1] (in)                        0.00       0.00 r
  U20/ZN (INV_X1)                          0.02       0.02 f
  U13/ZN (OAI222_X1)                       0.06       0.09 r
  Op[3] (out)                              0.00       0.09 r
  data arrival time                                   0.09
  -----------------------------------------------------------
  (Path is unconstrained)


  Startpoint: shift_mag[1]
              (input port)
  Endpoint: Op[3] (output port)
  Path Group: (none)
  Path Type: max

  Des/Clust/Port     Wire Load Model       Library
  ------------------------------------------------
  combShifter        5K_hvratio_1_1        NangateOpenCellLibrary

  Point                                    Incr       Path
  -----------------------------------------------------------
  input external delay                     0.00       0.00 r
  shift_mag[1] (in)                        0.00       0.00 r
  U20/ZN (INV_X1)                          0.02       0.02 f
  U13/ZN (OAI222_X1)                       0.06       0.08 r
  Op[3] (out)                              0.00       0.09 r
  data arrival time                                   0.09
  -----------------------------------------------------------
  (Path is unconstrained)


  Startpoint: shift_mag[2]
              (input port)
  Endpoint: Op[1] (output port)
  Path Group: (none)
  Path Type: max

  Des/Clust/Port     Wire Load Model       Library
  ------------------------------------------------
  combShifter        5K_hvratio_1_1        NangateOpenCellLibrary

  Point                                    Incr       Path
  -----------------------------------------------------------
  input external delay                     0.00       0.00 f
  shift_mag[2] (in)                        0.00       0.00 f
  U23/ZN (INV_X1)                          0.04       0.04 r
  U16/ZN (OAI222_X1)                       0.05       0.08 f
  Op[1] (out)                              0.00       0.09 f
  data arrival time                                   0.09
  -----------------------------------------------------------
  (Path is unconstrained)


  Startpoint: shift_mag[2]
              (input port)
  Endpoint: Op[2] (output port)
  Path Group: (none)
  Path Type: max

  Des/Clust/Port     Wire Load Model       Library
  ------------------------------------------------
  combShifter        5K_hvratio_1_1        NangateOpenCellLibrary

  Point                                    Incr       Path
  -----------------------------------------------------------
  input external delay                     0.00       0.00 f
  shift_mag[2] (in)                        0.00       0.00 f
  U23/ZN (INV_X1)                          0.04       0.04 r
  U14/ZN (OAI222_X1)                       0.05       0.08 f
  Op[2] (out)                              0.00       0.09 f
  data arrival time                                   0.09
  -----------------------------------------------------------
  (Path is unconstrained)


  Startpoint: shift_mag[1]
              (input port)
  Endpoint: Op[3] (output port)
  Path Group: (none)
  Path Type: max

  Des/Clust/Port     Wire Load Model       Library
  ------------------------------------------------
  combShifter        5K_hvratio_1_1        NangateOpenCellLibrary

  Point                                    Incr       Path
  -----------------------------------------------------------
  input external delay                     0.00       0.00 r
  shift_mag[1] (in)                        0.00       0.00 r
  U20/ZN (INV_X1)                          0.02       0.02 f
  U13/ZN (OAI222_X1)                       0.06       0.08 r
  Op[3] (out)                              0.00       0.09 r
  data arrival time                                   0.09
  -----------------------------------------------------------
  (Path is unconstrained)


  Startpoint: Ip[2] (input port)
  Endpoint: Op[1] (output port)
  Path Group: (none)
  Path Type: max

  Des/Clust/Port     Wire Load Model       Library
  ------------------------------------------------
  combShifter        5K_hvratio_1_1        NangateOpenCellLibrary

  Point                                    Incr       Path
  -----------------------------------------------------------
  input external delay                     0.00       0.00 r
  Ip[2] (in)                               0.00       0.00 r
  U17/ZN (INV_X1)                          0.02       0.02 f
  U16/ZN (OAI222_X1)                       0.06       0.08 r
  Op[1] (out)                              0.00       0.09 r
  data arrival time                                   0.09
  -----------------------------------------------------------
  (Path is unconstrained)


  Startpoint: shift_mag[1]
              (input port)
  Endpoint: Op[3] (output port)
  Path Group: (none)
  Path Type: max

  Des/Clust/Port     Wire Load Model       Library
  ------------------------------------------------
  combShifter        5K_hvratio_1_1        NangateOpenCellLibrary

  Point                                    Incr       Path
  -----------------------------------------------------------
  input external delay                     0.00       0.00 f
  shift_mag[1] (in)                        0.00       0.00 f
  U20/ZN (INV_X1)                          0.04       0.04 r
  U13/ZN (OAI222_X1)                       0.05       0.08 f
  Op[3] (out)                              0.00       0.09 f
  data arrival time                                   0.09
  -----------------------------------------------------------
  (Path is unconstrained)


  Startpoint: shift_mag[2]
              (input port)
  Endpoint: Op[3] (output port)
  Path Group: (none)
  Path Type: max

  Des/Clust/Port     Wire Load Model       Library
  ------------------------------------------------
  combShifter        5K_hvratio_1_1        NangateOpenCellLibrary

  Point                                    Incr       Path
  -----------------------------------------------------------
  input external delay                     0.00       0.00 f
  shift_mag[2] (in)                        0.00       0.00 f
  U23/ZN (INV_X1)                          0.04       0.04 r
  U13/ZN (OAI222_X1)                       0.05       0.08 f
  Op[3] (out)                              0.00       0.08 f
  data arrival time                                   0.08
  -----------------------------------------------------------
  (Path is unconstrained)


  Startpoint: shift_mag[2]
              (input port)
  Endpoint: Op[1] (output port)
  Path Group: (none)
  Path Type: max

  Des/Clust/Port     Wire Load Model       Library
  ------------------------------------------------
  combShifter        5K_hvratio_1_1        NangateOpenCellLibrary

  Point                                    Incr       Path
  -----------------------------------------------------------
  input external delay                     0.00       0.00 r
  shift_mag[2] (in)                        0.00       0.00 r
  U23/ZN (INV_X1)                          0.02       0.02 f
  U16/ZN (OAI222_X1)                       0.06       0.08 r
  Op[1] (out)                              0.00       0.08 r
  data arrival time                                   0.08
  -----------------------------------------------------------
  (Path is unconstrained)


  Startpoint: shift_mag[2]
              (input port)
  Endpoint: Op[2] (output port)
  Path Group: (none)
  Path Type: max

  Des/Clust/Port     Wire Load Model       Library
  ------------------------------------------------
  combShifter        5K_hvratio_1_1        NangateOpenCellLibrary

  Point                                    Incr       Path
  -----------------------------------------------------------
  input external delay                     0.00       0.00 r
  shift_mag[2] (in)                        0.00       0.00 r
  U23/ZN (INV_X1)                          0.02       0.02 f
  U14/ZN (OAI222_X1)                       0.06       0.08 r
  Op[2] (out)                              0.00       0.08 r
  data arrival time                                   0.08
  -----------------------------------------------------------
  (Path is unconstrained)


  Startpoint: Ip[2] (input port)
  Endpoint: Op[1] (output port)
  Path Group: (none)
  Path Type: max

  Des/Clust/Port     Wire Load Model       Library
  ------------------------------------------------
  combShifter        5K_hvratio_1_1        NangateOpenCellLibrary

  Point                                    Incr       Path
  -----------------------------------------------------------
  input external delay                     0.00       0.00 r
  Ip[2] (in)                               0.00       0.00 r
  U17/ZN (INV_X1)                          0.02       0.02 f
  U16/ZN (OAI222_X1)                       0.06       0.08 r
  Op[1] (out)                              0.00       0.08 r
  data arrival time                                   0.08
  -----------------------------------------------------------
  (Path is unconstrained)


  Startpoint: shift_mag[1]
              (input port)
  Endpoint: Op[2] (output port)
  Path Group: (none)
  Path Type: max

  Des/Clust/Port     Wire Load Model       Library
  ------------------------------------------------
  combShifter        5K_hvratio_1_1        NangateOpenCellLibrary

  Point                                    Incr       Path
  -----------------------------------------------------------
  input external delay                     0.00       0.00 f
  shift_mag[1] (in)                        0.00       0.00 f
  U20/ZN (INV_X1)                          0.04       0.04 r
  U14/ZN (OAI222_X1)                       0.05       0.08 f
  Op[2] (out)                              0.00       0.08 f
  data arrival time                                   0.08
  -----------------------------------------------------------
  (Path is unconstrained)


  Startpoint: shift_mag[1]
              (input port)
  Endpoint: Op[3] (output port)
  Path Group: (none)
  Path Type: max

  Des/Clust/Port     Wire Load Model       Library
  ------------------------------------------------
  combShifter        5K_hvratio_1_1        NangateOpenCellLibrary

  Point                                    Incr       Path
  -----------------------------------------------------------
  input external delay                     0.00       0.00 f
  shift_mag[1] (in)                        0.00       0.00 f
  U20/ZN (INV_X1)                          0.04       0.04 r
  U13/ZN (OAI222_X1)                       0.05       0.08 f
  Op[3] (out)                              0.00       0.08 f
  data arrival time                                   0.08
  -----------------------------------------------------------
  (Path is unconstrained)


  Startpoint: Ip[2] (input port)
  Endpoint: Op[1] (output port)
  Path Group: (none)
  Path Type: max

  Des/Clust/Port     Wire Load Model       Library
  ------------------------------------------------
  combShifter        5K_hvratio_1_1        NangateOpenCellLibrary

  Point                                    Incr       Path
  -----------------------------------------------------------
  input external delay                     0.00       0.00 r
  Ip[2] (in)                               0.00       0.00 r
  U17/ZN (INV_X1)                          0.02       0.02 f
  U16/ZN (OAI222_X1)                       0.06       0.08 r
  Op[1] (out)                              0.00       0.08 r
  data arrival time                                   0.08
  -----------------------------------------------------------
  (Path is unconstrained)


  Startpoint: Ip[2] (input port)
  Endpoint: Op[1] (output port)
  Path Group: (none)
  Path Type: max

  Des/Clust/Port     Wire Load Model       Library
  ------------------------------------------------
  combShifter        5K_hvratio_1_1        NangateOpenCellLibrary

  Point                                    Incr       Path
  -----------------------------------------------------------
  input external delay                     0.00       0.00 r
  Ip[2] (in)                               0.00       0.00 r
  U17/ZN (INV_X1)                          0.02       0.02 f
  U16/ZN (OAI222_X1)                       0.06       0.08 r
  Op[1] (out)                              0.00       0.08 r
  data arrival time                                   0.08
  -----------------------------------------------------------
  (Path is unconstrained)


  Startpoint: shift_mag[2]
              (input port)
  Endpoint: Op[3] (output port)
  Path Group: (none)
  Path Type: max

  Des/Clust/Port     Wire Load Model       Library
  ------------------------------------------------
  combShifter        5K_hvratio_1_1        NangateOpenCellLibrary

  Point                                    Incr       Path
  -----------------------------------------------------------
  input external delay                     0.00       0.00 f
  shift_mag[2] (in)                        0.00       0.00 f
  U23/ZN (INV_X1)                          0.04       0.04 r
  U13/ZN (OAI222_X1)                       0.04       0.08 f
  Op[3] (out)                              0.00       0.08 f
  data arrival time                                   0.08
  -----------------------------------------------------------
  (Path is unconstrained)


  Startpoint: Ip[2] (input port)
  Endpoint: Op[1] (output port)
  Path Group: (none)
  Path Type: max

  Des/Clust/Port     Wire Load Model       Library
  ------------------------------------------------
  combShifter        5K_hvratio_1_1        NangateOpenCellLibrary

  Point                                    Incr       Path
  -----------------------------------------------------------
  input external delay                     0.00       0.00 f
  Ip[2] (in)                               0.00       0.00 f
  U17/ZN (INV_X1)                          0.03       0.03 r
  U16/ZN (OAI222_X1)                       0.05       0.08 f
  Op[1] (out)                              0.00       0.08 f
  data arrival time                                   0.08
  -----------------------------------------------------------
  (Path is unconstrained)


  Startpoint: shift_mag[2]
              (input port)
  Endpoint: Op[1] (output port)
  Path Group: (none)
  Path Type: max

  Des/Clust/Port     Wire Load Model       Library
  ------------------------------------------------
  combShifter        5K_hvratio_1_1        NangateOpenCellLibrary

  Point                                    Incr       Path
  -----------------------------------------------------------
  input external delay                     0.00       0.00 f
  shift_mag[2] (in)                        0.00       0.00 f
  U23/ZN (INV_X1)                          0.04       0.04 r
  U16/ZN (OAI222_X1)                       0.04       0.08 f
  Op[1] (out)                              0.00       0.08 f
  data arrival time                                   0.08
  -----------------------------------------------------------
  (Path is unconstrained)


  Startpoint: shift_mag[2]
              (input port)
  Endpoint: Op[2] (output port)
  Path Group: (none)
  Path Type: max

  Des/Clust/Port     Wire Load Model       Library
  ------------------------------------------------
  combShifter        5K_hvratio_1_1        NangateOpenCellLibrary

  Point                                    Incr       Path
  -----------------------------------------------------------
  input external delay                     0.00       0.00 f
  shift_mag[2] (in)                        0.00       0.00 f
  U23/ZN (INV_X1)                          0.04       0.04 r
  U14/ZN (OAI222_X1)                       0.04       0.08 f
  Op[2] (out)                              0.00       0.08 f
  data arrival time                                   0.08
  -----------------------------------------------------------
  (Path is unconstrained)


  Startpoint: shift_mag[2]
              (input port)
  Endpoint: Op[3] (output port)
  Path Group: (none)
  Path Type: max

  Des/Clust/Port     Wire Load Model       Library
  ------------------------------------------------
  combShifter        5K_hvratio_1_1        NangateOpenCellLibrary

  Point                                    Incr       Path
  -----------------------------------------------------------
  input external delay                     0.00       0.00 r
  shift_mag[2] (in)                        0.00       0.00 r
  U23/ZN (INV_X1)                          0.02       0.02 f
  U13/ZN (OAI222_X1)                       0.06       0.08 r
  Op[3] (out)                              0.00       0.08 r
  data arrival time                                   0.08
  -----------------------------------------------------------
  (Path is unconstrained)


  Startpoint: shift_mag[2]
              (input port)
  Endpoint: Op[1] (output port)
  Path Group: (none)
  Path Type: max

  Des/Clust/Port     Wire Load Model       Library
  ------------------------------------------------
  combShifter        5K_hvratio_1_1        NangateOpenCellLibrary

  Point                                    Incr       Path
  -----------------------------------------------------------
  input external delay                     0.00       0.00 r
  shift_mag[2] (in)                        0.00       0.00 r
  U23/ZN (INV_X1)                          0.02       0.02 f
  U16/ZN (OAI222_X1)                       0.06       0.08 r
  Op[1] (out)                              0.00       0.08 r
  data arrival time                                   0.08
  -----------------------------------------------------------
  (Path is unconstrained)


  Startpoint: shift_mag[2]
              (input port)
  Endpoint: Op[2] (output port)
  Path Group: (none)
  Path Type: max

  Des/Clust/Port     Wire Load Model       Library
  ------------------------------------------------
  combShifter        5K_hvratio_1_1        NangateOpenCellLibrary

  Point                                    Incr       Path
  -----------------------------------------------------------
  input external delay                     0.00       0.00 r
  shift_mag[2] (in)                        0.00       0.00 r
  U23/ZN (INV_X1)                          0.02       0.02 f
  U14/ZN (OAI222_X1)                       0.06       0.08 r
  Op[2] (out)                              0.00       0.08 r
  data arrival time                                   0.08
  -----------------------------------------------------------
  (Path is unconstrained)


  Startpoint: Ip[2] (input port)
  Endpoint: Op[1] (output port)
  Path Group: (none)
  Path Type: max

  Des/Clust/Port     Wire Load Model       Library
  ------------------------------------------------
  combShifter        5K_hvratio_1_1        NangateOpenCellLibrary

  Point                                    Incr       Path
  -----------------------------------------------------------
  input external delay                     0.00       0.00 r
  Ip[2] (in)                               0.00       0.00 r
  U17/ZN (INV_X1)                          0.02       0.02 f
  U16/ZN (OAI222_X1)                       0.06       0.08 r
  Op[1] (out)                              0.00       0.08 r
  data arrival time                                   0.08
  -----------------------------------------------------------
  (Path is unconstrained)


  Startpoint: shift_mag[2]
              (input port)
  Endpoint: Op[3] (output port)
  Path Group: (none)
  Path Type: max

  Des/Clust/Port     Wire Load Model       Library
  ------------------------------------------------
  combShifter        5K_hvratio_1_1        NangateOpenCellLibrary

  Point                                    Incr       Path
  -----------------------------------------------------------
  input external delay                     0.00       0.00 r
  shift_mag[2] (in)                        0.00       0.00 r
  U23/ZN (INV_X1)                          0.02       0.02 f
  U13/ZN (OAI222_X1)                       0.06       0.08 r
  Op[3] (out)                              0.00       0.08 r
  data arrival time                                   0.08
  -----------------------------------------------------------
  (Path is unconstrained)


  Startpoint: shift_mag[1]
              (input port)
  Endpoint: Op[3] (output port)
  Path Group: (none)
  Path Type: max

  Des/Clust/Port     Wire Load Model       Library
  ------------------------------------------------
  combShifter        5K_hvratio_1_1        NangateOpenCellLibrary

  Point                                    Incr       Path
  -----------------------------------------------------------
  input external delay                     0.00       0.00 f
  shift_mag[1] (in)                        0.00       0.00 f
  U20/ZN (INV_X1)                          0.04       0.04 r
  U13/ZN (OAI222_X1)                       0.04       0.08 f
  Op[3] (out)                              0.00       0.08 f
  data arrival time                                   0.08
  -----------------------------------------------------------
  (Path is unconstrained)


  Startpoint: Ip[3] (input port)
  Endpoint: Op[2] (output port)
  Path Group: (none)
  Path Type: max

  Des/Clust/Port     Wire Load Model       Library
  ------------------------------------------------
  combShifter        5K_hvratio_1_1        NangateOpenCellLibrary

  Point                                    Incr       Path
  -----------------------------------------------------------
  input external delay                     0.00       0.00 r
  Ip[3] (in)                               0.00       0.00 r
  U15/ZN (INV_X1)                          0.02       0.02 f
  U14/ZN (OAI222_X1)                       0.06       0.08 r
  Op[2] (out)                              0.00       0.08 r
  data arrival time                                   0.08
  -----------------------------------------------------------
  (Path is unconstrained)


  Startpoint: shift_mag[2]
              (input port)
  Endpoint: Op[1] (output port)
  Path Group: (none)
  Path Type: max

  Des/Clust/Port     Wire Load Model       Library
  ------------------------------------------------
  combShifter        5K_hvratio_1_1        NangateOpenCellLibrary

  Point                                    Incr       Path
  -----------------------------------------------------------
  input external delay                     0.00       0.00 r
  shift_mag[2] (in)                        0.00       0.00 r
  U23/ZN (INV_X1)                          0.02       0.02 f
  U16/ZN (OAI222_X1)                       0.05       0.08 r
  Op[1] (out)                              0.00       0.08 r
  data arrival time                                   0.08
  -----------------------------------------------------------
  (Path is unconstrained)


  Startpoint: shift_mag[2]
              (input port)
  Endpoint: Op[2] (output port)
  Path Group: (none)
  Path Type: max

  Des/Clust/Port     Wire Load Model       Library
  ------------------------------------------------
  combShifter        5K_hvratio_1_1        NangateOpenCellLibrary

  Point                                    Incr       Path
  -----------------------------------------------------------
  input external delay                     0.00       0.00 r
  shift_mag[2] (in)                        0.00       0.00 r
  U23/ZN (INV_X1)                          0.02       0.02 f
  U14/ZN (OAI222_X1)                       0.05       0.08 r
  Op[2] (out)                              0.00       0.08 r
  data arrival time                                   0.08
  -----------------------------------------------------------
  (Path is unconstrained)


  Startpoint: shift_mag[2]
              (input port)
  Endpoint: Op[1] (output port)
  Path Group: (none)
  Path Type: max

  Des/Clust/Port     Wire Load Model       Library
  ------------------------------------------------
  combShifter        5K_hvratio_1_1        NangateOpenCellLibrary

  Point                                    Incr       Path
  -----------------------------------------------------------
  input external delay                     0.00       0.00 r
  shift_mag[2] (in)                        0.00       0.00 r
  U23/ZN (INV_X1)                          0.02       0.02 f
  U16/ZN (OAI222_X1)                       0.05       0.08 r
  Op[1] (out)                              0.00       0.08 r
  data arrival time                                   0.08
  -----------------------------------------------------------
  (Path is unconstrained)


  Startpoint: shift_mag[2]
              (input port)
  Endpoint: Op[2] (output port)
  Path Group: (none)
  Path Type: max

  Des/Clust/Port     Wire Load Model       Library
  ------------------------------------------------
  combShifter        5K_hvratio_1_1        NangateOpenCellLibrary

  Point                                    Incr       Path
  -----------------------------------------------------------
  input external delay                     0.00       0.00 r
  shift_mag[2] (in)                        0.00       0.00 r
  U23/ZN (INV_X1)                          0.02       0.02 f
  U14/ZN (OAI222_X1)                       0.05       0.08 r
  Op[2] (out)                              0.00       0.08 r
  data arrival time                                   0.08
  -----------------------------------------------------------
  (Path is unconstrained)


  Startpoint: shift_mag[0]
              (input port)
  Endpoint: Op[1] (output port)
  Path Group: (none)
  Path Type: max

  Des/Clust/Port     Wire Load Model       Library
  ------------------------------------------------
  combShifter        5K_hvratio_1_1        NangateOpenCellLibrary

  Point                                    Incr       Path
  -----------------------------------------------------------
  input external delay                     0.00       0.00 f
  shift_mag[0] (in)                        0.00       0.00 f
  U18/ZN (INV_X1)                          0.03       0.03 r
  U16/ZN (OAI222_X1)                       0.05       0.08 f
  Op[1] (out)                              0.00       0.08 f
  data arrival time                                   0.08
  -----------------------------------------------------------
  (Path is unconstrained)


  Startpoint: shift_mag[2]
              (input port)
  Endpoint: Op[3] (output port)
  Path Group: (none)
  Path Type: max

  Des/Clust/Port     Wire Load Model       Library
  ------------------------------------------------
  combShifter        5K_hvratio_1_1        NangateOpenCellLibrary

  Point                                    Incr       Path
  -----------------------------------------------------------
  input external delay                     0.00       0.00 r
  shift_mag[2] (in)                        0.00       0.00 r
  U23/ZN (INV_X1)                          0.02       0.02 f
  U13/ZN (OAI222_X1)                       0.05       0.08 r
  Op[3] (out)                              0.00       0.08 r
  data arrival time                                   0.08
  -----------------------------------------------------------
  (Path is unconstrained)


  Startpoint: Ip[2] (input port)
  Endpoint: Op[1] (output port)
  Path Group: (none)
  Path Type: max

  Des/Clust/Port     Wire Load Model       Library
  ------------------------------------------------
  combShifter        5K_hvratio_1_1        NangateOpenCellLibrary

  Point                                    Incr       Path
  -----------------------------------------------------------
  input external delay                     0.00       0.00 r
  Ip[2] (in)                               0.00       0.00 r
  U17/ZN (INV_X1)                          0.02       0.02 f
  U16/ZN (OAI222_X1)                       0.06       0.08 r
  Op[1] (out)                              0.00       0.08 r
  data arrival time                                   0.08
  -----------------------------------------------------------
  (Path is unconstrained)


  Startpoint: shift_mag[2]
              (input port)
  Endpoint: Op[3] (output port)
  Path Group: (none)
  Path Type: max

  Des/Clust/Port     Wire Load Model       Library
  ------------------------------------------------
  combShifter        5K_hvratio_1_1        NangateOpenCellLibrary

  Point                                    Incr       Path
  -----------------------------------------------------------
  input external delay                     0.00       0.00 f
  shift_mag[2] (in)                        0.00       0.00 f
  U23/ZN (INV_X1)                          0.04       0.04 r
  U13/ZN (OAI222_X1)                       0.04       0.08 f
  Op[3] (out)                              0.00       0.08 f
  data arrival time                                   0.08
  -----------------------------------------------------------
  (Path is unconstrained)


  Startpoint: Ip[1] (input port)
  Endpoint: Op[2] (output port)
  Path Group: (none)
  Path Type: max

  Des/Clust/Port     Wire Load Model       Library
  ------------------------------------------------
  combShifter        5K_hvratio_1_1        NangateOpenCellLibrary

  Point                                    Incr       Path
  -----------------------------------------------------------
  input external delay                     0.00       0.00 f
  Ip[1] (in)                               0.00       0.00 f
  U22/ZN (INV_X1)                          0.03       0.03 r
  U14/ZN (OAI222_X1)                       0.05       0.08 f
  Op[2] (out)                              0.00       0.08 f
  data arrival time                                   0.08
  -----------------------------------------------------------
  (Path is unconstrained)


  Startpoint: shift_mag[2]
              (input port)
  Endpoint: Op[3] (output port)
  Path Group: (none)
  Path Type: max

  Des/Clust/Port     Wire Load Model       Library
  ------------------------------------------------
  combShifter        5K_hvratio_1_1        NangateOpenCellLibrary

  Point                                    Incr       Path
  -----------------------------------------------------------
  input external delay                     0.00       0.00 r
  shift_mag[2] (in)                        0.00       0.00 r
  U23/ZN (INV_X1)                          0.02       0.02 f
  U13/ZN (OAI222_X1)                       0.05       0.08 r
  Op[3] (out)                              0.00       0.08 r
  data arrival time                                   0.08
  -----------------------------------------------------------
  (Path is unconstrained)


  Startpoint: shift_mag[2]
              (input port)
  Endpoint: Op[3] (output port)
  Path Group: (none)
  Path Type: max

  Des/Clust/Port     Wire Load Model       Library
  ------------------------------------------------
  combShifter        5K_hvratio_1_1        NangateOpenCellLibrary

  Point                                    Incr       Path
  -----------------------------------------------------------
  input external delay                     0.00       0.00 f
  shift_mag[2] (in)                        0.00       0.00 f
  U23/ZN (INV_X1)                          0.04       0.04 r
  U13/ZN (OAI222_X1)                       0.04       0.08 f
  Op[3] (out)                              0.00       0.08 f
  data arrival time                                   0.08
  -----------------------------------------------------------
  (Path is unconstrained)


  Startpoint: shift_mag[2]
              (input port)
  Endpoint: Op[1] (output port)
  Path Group: (none)
  Path Type: max

  Des/Clust/Port     Wire Load Model       Library
  ------------------------------------------------
  combShifter        5K_hvratio_1_1        NangateOpenCellLibrary

  Point                                    Incr       Path
  -----------------------------------------------------------
  input external delay                     0.00       0.00 f
  shift_mag[2] (in)                        0.00       0.00 f
  U23/ZN (INV_X1)                          0.04       0.04 r
  U16/ZN (OAI222_X1)                       0.04       0.08 f
  Op[1] (out)                              0.00       0.08 f
  data arrival time                                   0.08
  -----------------------------------------------------------
  (Path is unconstrained)


  Startpoint: shift_mag[2]
              (input port)
  Endpoint: Op[2] (output port)
  Path Group: (none)
  Path Type: max

  Des/Clust/Port     Wire Load Model       Library
  ------------------------------------------------
  combShifter        5K_hvratio_1_1        NangateOpenCellLibrary

  Point                                    Incr       Path
  -----------------------------------------------------------
  input external delay                     0.00       0.00 f
  shift_mag[2] (in)                        0.00       0.00 f
  U23/ZN (INV_X1)                          0.04       0.04 r
  U14/ZN (OAI222_X1)                       0.04       0.08 f
  Op[2] (out)                              0.00       0.08 f
  data arrival time                                   0.08
  -----------------------------------------------------------
  (Path is unconstrained)


  Startpoint: shift_mag[2]
              (input port)
  Endpoint: Op[1] (output port)
  Path Group: (none)
  Path Type: max

  Des/Clust/Port     Wire Load Model       Library
  ------------------------------------------------
  combShifter        5K_hvratio_1_1        NangateOpenCellLibrary

  Point                                    Incr       Path
  -----------------------------------------------------------
  input external delay                     0.00       0.00 r
  shift_mag[2] (in)                        0.00       0.00 r
  U23/ZN (INV_X1)                          0.02       0.02 f
  U16/ZN (OAI222_X1)                       0.05       0.08 r
  Op[1] (out)                              0.00       0.08 r
  data arrival time                                   0.08
  -----------------------------------------------------------
  (Path is unconstrained)


  Startpoint: shift_mag[2]
              (input port)
  Endpoint: Op[2] (output port)
  Path Group: (none)
  Path Type: max

  Des/Clust/Port     Wire Load Model       Library
  ------------------------------------------------
  combShifter        5K_hvratio_1_1        NangateOpenCellLibrary

  Point                                    Incr       Path
  -----------------------------------------------------------
  input external delay                     0.00       0.00 r
  shift_mag[2] (in)                        0.00       0.00 r
  U23/ZN (INV_X1)                          0.02       0.02 f
  U14/ZN (OAI222_X1)                       0.05       0.08 r
  Op[2] (out)                              0.00       0.08 r
  data arrival time                                   0.08
  -----------------------------------------------------------
  (Path is unconstrained)


  Startpoint: shift_mag[2]
              (input port)
  Endpoint: Op[3] (output port)
  Path Group: (none)
  Path Type: max

  Des/Clust/Port     Wire Load Model       Library
  ------------------------------------------------
  combShifter        5K_hvratio_1_1        NangateOpenCellLibrary

  Point                                    Incr       Path
  -----------------------------------------------------------
  input external delay                     0.00       0.00 r
  shift_mag[2] (in)                        0.00       0.00 r
  U23/ZN (INV_X1)                          0.02       0.02 f
  U13/ZN (OAI222_X1)                       0.05       0.08 r
  Op[3] (out)                              0.00       0.08 r
  data arrival time                                   0.08
  -----------------------------------------------------------
  (Path is unconstrained)


  Startpoint: shift_mag[1]
              (input port)
  Endpoint: Op[1] (output port)
  Path Group: (none)
  Path Type: max

  Des/Clust/Port     Wire Load Model       Library
  ------------------------------------------------
  combShifter        5K_hvratio_1_1        NangateOpenCellLibrary

  Point                                    Incr       Path
  -----------------------------------------------------------
  input external delay                     0.00       0.00 f
  shift_mag[1] (in)                        0.00       0.00 f
  U20/ZN (INV_X1)                          0.04       0.04 r
  U16/ZN (OAI222_X1)                       0.04       0.08 f
  Op[1] (out)                              0.00       0.08 f
  data arrival time                                   0.08
  -----------------------------------------------------------
  (Path is unconstrained)


  Startpoint: shift_mag[2]
              (input port)
  Endpoint: Op[3] (output port)
  Path Group: (none)
  Path Type: max

  Des/Clust/Port     Wire Load Model       Library
  ------------------------------------------------
  combShifter        5K_hvratio_1_1        NangateOpenCellLibrary

  Point                                    Incr       Path
  -----------------------------------------------------------
  input external delay                     0.00       0.00 r
  shift_mag[2] (in)                        0.00       0.00 r
  U23/ZN (INV_X1)                          0.02       0.02 f
  U13/ZN (OAI222_X1)                       0.05       0.08 r
  Op[3] (out)                              0.00       0.08 r
  data arrival time                                   0.08
  -----------------------------------------------------------
  (Path is unconstrained)


  Startpoint: shift_mag[2]
              (input port)
  Endpoint: Op[1] (output port)
  Path Group: (none)
  Path Type: max

  Des/Clust/Port     Wire Load Model       Library
  ------------------------------------------------
  combShifter        5K_hvratio_1_1        NangateOpenCellLibrary

  Point                                    Incr       Path
  -----------------------------------------------------------
  input external delay                     0.00       0.00 r
  shift_mag[2] (in)                        0.00       0.00 r
  U23/ZN (INV_X1)                          0.02       0.02 f
  U16/ZN (OAI222_X1)                       0.05       0.08 r
  Op[1] (out)                              0.00       0.08 r
  data arrival time                                   0.08
  -----------------------------------------------------------
  (Path is unconstrained)


  Startpoint: shift_mag[2]
              (input port)
  Endpoint: Op[2] (output port)
  Path Group: (none)
  Path Type: max

  Des/Clust/Port     Wire Load Model       Library
  ------------------------------------------------
  combShifter        5K_hvratio_1_1        NangateOpenCellLibrary

  Point                                    Incr       Path
  -----------------------------------------------------------
  input external delay                     0.00       0.00 r
  shift_mag[2] (in)                        0.00       0.00 r
  U23/ZN (INV_X1)                          0.02       0.02 f
  U14/ZN (OAI222_X1)                       0.05       0.08 r
  Op[2] (out)                              0.00       0.08 r
  data arrival time                                   0.08
  -----------------------------------------------------------
  (Path is unconstrained)


  Startpoint: shift_mag[1]
              (input port)
  Endpoint: Op[3] (output port)
  Path Group: (none)
  Path Type: max

  Des/Clust/Port     Wire Load Model       Library
  ------------------------------------------------
  combShifter        5K_hvratio_1_1        NangateOpenCellLibrary

  Point                                    Incr       Path
  -----------------------------------------------------------
  input external delay                     0.00       0.00 f
  shift_mag[1] (in)                        0.00       0.00 f
  U20/ZN (INV_X1)                          0.04       0.04 r
  U13/ZN (OAI222_X1)                       0.04       0.08 f
  Op[3] (out)                              0.00       0.08 f
  data arrival time                                   0.08
  -----------------------------------------------------------
  (Path is unconstrained)


  Startpoint: Ip[3] (input port)
  Endpoint: Op[2] (output port)
  Path Group: (none)
  Path Type: max

  Des/Clust/Port     Wire Load Model       Library
  ------------------------------------------------
  combShifter        5K_hvratio_1_1        NangateOpenCellLibrary

  Point                                    Incr       Path
  -----------------------------------------------------------
  input external delay                     0.00       0.00 r
  Ip[3] (in)                               0.00       0.00 r
  U15/ZN (INV_X1)                          0.02       0.02 f
  U14/ZN (OAI222_X1)                       0.06       0.08 r
  Op[2] (out)                              0.00       0.08 r
  data arrival time                                   0.08
  -----------------------------------------------------------
  (Path is unconstrained)


  Startpoint: shift_mag[2]
              (input port)
  Endpoint: Op[3] (output port)
  Path Group: (none)
  Path Type: max

  Des/Clust/Port     Wire Load Model       Library
  ------------------------------------------------
  combShifter        5K_hvratio_1_1        NangateOpenCellLibrary

  Point                                    Incr       Path
  -----------------------------------------------------------
  input external delay                     0.00       0.00 f
  shift_mag[2] (in)                        0.00       0.00 f
  U23/ZN (INV_X1)                          0.04       0.04 r
  U13/ZN (OAI222_X1)                       0.04       0.08 f
  Op[3] (out)                              0.00       0.08 f
  data arrival time                                   0.08
  -----------------------------------------------------------
  (Path is unconstrained)


  Startpoint: shift_mag[2]
              (input port)
  Endpoint: Op[3] (output port)
  Path Group: (none)
  Path Type: max

  Des/Clust/Port     Wire Load Model       Library
  ------------------------------------------------
  combShifter        5K_hvratio_1_1        NangateOpenCellLibrary

  Point                                    Incr       Path
  -----------------------------------------------------------
  input external delay                     0.00       0.00 r
  shift_mag[2] (in)                        0.00       0.00 r
  U23/ZN (INV_X1)                          0.02       0.02 f
  U13/ZN (OAI222_X1)                       0.05       0.08 r
  Op[3] (out)                              0.00       0.08 r
  data arrival time                                   0.08
  -----------------------------------------------------------
  (Path is unconstrained)


  Startpoint: shift_mag[1]
              (input port)
  Endpoint: Op[2] (output port)
  Path Group: (none)
  Path Type: max

  Des/Clust/Port     Wire Load Model       Library
  ------------------------------------------------
  combShifter        5K_hvratio_1_1        NangateOpenCellLibrary

  Point                                    Incr       Path
  -----------------------------------------------------------
  input external delay                     0.00       0.00 f
  shift_mag[1] (in)                        0.00       0.00 f
  U20/ZN (INV_X1)                          0.04       0.04 r
  U14/ZN (OAI222_X1)                       0.04       0.08 f
  Op[2] (out)                              0.00       0.08 f
  data arrival time                                   0.08
  -----------------------------------------------------------
  (Path is unconstrained)


  Startpoint: shift_mag[2]
              (input port)
  Endpoint: Op[3] (output port)
  Path Group: (none)
  Path Type: max

  Des/Clust/Port     Wire Load Model       Library
  ------------------------------------------------
  combShifter        5K_hvratio_1_1        NangateOpenCellLibrary

  Point                                    Incr       Path
  -----------------------------------------------------------
  input external delay                     0.00       0.00 r
  shift_mag[2] (in)                        0.00       0.00 r
  U23/ZN (INV_X1)                          0.02       0.02 f
  U13/ZN (OAI222_X1)                       0.05       0.08 r
  Op[3] (out)                              0.00       0.08 r
  data arrival time                                   0.08
  -----------------------------------------------------------
  (Path is unconstrained)


  Startpoint: shift_mag[2]
              (input port)
  Endpoint: Op[1] (output port)
  Path Group: (none)
  Path Type: max

  Des/Clust/Port     Wire Load Model       Library
  ------------------------------------------------
  combShifter        5K_hvratio_1_1        NangateOpenCellLibrary

  Point                                    Incr       Path
  -----------------------------------------------------------
  input external delay                     0.00       0.00 f
  shift_mag[2] (in)                        0.00       0.00 f
  U23/ZN (INV_X1)                          0.04       0.04 r
  U16/ZN (OAI222_X1)                       0.04       0.08 f
  Op[1] (out)                              0.00       0.08 f
  data arrival time                                   0.08
  -----------------------------------------------------------
  (Path is unconstrained)


  Startpoint: shift_mag[2]
              (input port)
  Endpoint: Op[2] (output port)
  Path Group: (none)
  Path Type: max

  Des/Clust/Port     Wire Load Model       Library
  ------------------------------------------------
  combShifter        5K_hvratio_1_1        NangateOpenCellLibrary

  Point                                    Incr       Path
  -----------------------------------------------------------
  input external delay                     0.00       0.00 f
  shift_mag[2] (in)                        0.00       0.00 f
  U23/ZN (INV_X1)                          0.04       0.04 r
  U14/ZN (OAI222_X1)                       0.04       0.08 f
  Op[2] (out)                              0.00       0.08 f
  data arrival time                                   0.08
  -----------------------------------------------------------
  (Path is unconstrained)


  Startpoint: Ip[1] (input port)
  Endpoint: Op[2] (output port)
  Path Group: (none)
  Path Type: max

  Des/Clust/Port     Wire Load Model       Library
  ------------------------------------------------
  combShifter        5K_hvratio_1_1        NangateOpenCellLibrary

  Point                                    Incr       Path
  -----------------------------------------------------------
  input external delay                     0.00       0.00 r
  Ip[1] (in)                               0.00       0.00 r
  U22/ZN (INV_X1)                          0.02       0.02 f
  U14/ZN (OAI222_X1)                       0.05       0.08 r
  Op[2] (out)                              0.00       0.08 r
  data arrival time                                   0.08
  -----------------------------------------------------------
  (Path is unconstrained)


  Startpoint: Ip[3] (input port)
  Endpoint: Op[2] (output port)
  Path Group: (none)
  Path Type: max

  Des/Clust/Port     Wire Load Model       Library
  ------------------------------------------------
  combShifter        5K_hvratio_1_1        NangateOpenCellLibrary

  Point                                    Incr       Path
  -----------------------------------------------------------
  input external delay                     0.00       0.00 r
  Ip[3] (in)                               0.00       0.00 r
  U15/ZN (INV_X1)                          0.02       0.02 f
  U14/ZN (OAI222_X1)                       0.06       0.08 r
  Op[2] (out)                              0.00       0.08 r
  data arrival time                                   0.08
  -----------------------------------------------------------
  (Path is unconstrained)


  Startpoint: Ip[3] (input port)
  Endpoint: Op[2] (output port)
  Path Group: (none)
  Path Type: max

  Des/Clust/Port     Wire Load Model       Library
  ------------------------------------------------
  combShifter        5K_hvratio_1_1        NangateOpenCellLibrary

  Point                                    Incr       Path
  -----------------------------------------------------------
  input external delay                     0.00       0.00 r
  Ip[3] (in)                               0.00       0.00 r
  U15/ZN (INV_X1)                          0.02       0.02 f
  U14/ZN (OAI222_X1)                       0.06       0.08 r
  Op[2] (out)                              0.00       0.08 r
  data arrival time                                   0.08
  -----------------------------------------------------------
  (Path is unconstrained)


  Startpoint: Ip[2] (input port)
  Endpoint: Op[1] (output port)
  Path Group: (none)
  Path Type: max

  Des/Clust/Port     Wire Load Model       Library
  ------------------------------------------------
  combShifter        5K_hvratio_1_1        NangateOpenCellLibrary

  Point                                    Incr       Path
  -----------------------------------------------------------
  input external delay                     0.00       0.00 f
  Ip[2] (in)                               0.00       0.00 f
  U17/ZN (INV_X1)                          0.03       0.03 r
  U16/ZN (OAI222_X1)                       0.05       0.08 f
  Op[1] (out)                              0.00       0.08 f
  data arrival time                                   0.08
  -----------------------------------------------------------
  (Path is unconstrained)


  Startpoint: shift_mag[0]
              (input port)
  Endpoint: Op[1] (output port)
  Path Group: (none)
  Path Type: max

  Des/Clust/Port     Wire Load Model       Library
  ------------------------------------------------
  combShifter        5K_hvratio_1_1        NangateOpenCellLibrary

  Point                                    Incr       Path
  -----------------------------------------------------------
  input external delay                     0.00       0.00 r
  shift_mag[0] (in)                        0.00       0.00 r
  U18/ZN (INV_X1)                          0.02       0.02 f
  U16/ZN (OAI222_X1)                       0.05       0.08 r
  Op[1] (out)                              0.00       0.08 r
  data arrival time                                   0.08
  -----------------------------------------------------------
  (Path is unconstrained)


  Startpoint: shift_mag[1]
              (input port)
  Endpoint: Op[0] (output port)
  Path Group: (none)
  Path Type: max

  Des/Clust/Port     Wire Load Model       Library
  ------------------------------------------------
  combShifter        5K_hvratio_1_1        NangateOpenCellLibrary

  Point                                    Incr       Path
  -----------------------------------------------------------
  input external delay                     0.00       0.00 r
  shift_mag[1] (in)                        0.00       0.00 r
  U20/ZN (INV_X1)                          0.02       0.02 f
  U19/ZN (OAI22_X1)                        0.05       0.08 r
  Op[0] (out)                              0.00       0.08 r
  data arrival time                                   0.08
  -----------------------------------------------------------
  (Path is unconstrained)


  Startpoint: Ip[0] (input port)
  Endpoint: Op[1] (output port)
  Path Group: (none)
  Path Type: max

  Des/Clust/Port     Wire Load Model       Library
  ------------------------------------------------
  combShifter        5K_hvratio_1_1        NangateOpenCellLibrary

  Point                                    Incr       Path
  -----------------------------------------------------------
  input external delay                     0.00       0.00 f
  Ip[0] (in)                               0.00       0.00 f
  U21/ZN (INV_X1)                          0.03       0.03 r
  U16/ZN (OAI222_X1)                       0.04       0.08 f
  Op[1] (out)                              0.00       0.08 f
  data arrival time                                   0.08
  -----------------------------------------------------------
  (Path is unconstrained)


  Startpoint: Ip[0] (input port)
  Endpoint: Op[3] (output port)
  Path Group: (none)
  Path Type: max

  Des/Clust/Port     Wire Load Model       Library
  ------------------------------------------------
  combShifter        5K_hvratio_1_1        NangateOpenCellLibrary

  Point                                    Incr       Path
  -----------------------------------------------------------
  input external delay                     0.00       0.00 f
  Ip[0] (in)                               0.00       0.00 f
  U21/ZN (INV_X1)                          0.03       0.03 r
  U13/ZN (OAI222_X1)                       0.04       0.08 f
  Op[3] (out)                              0.00       0.08 f
  data arrival time                                   0.08
  -----------------------------------------------------------
  (Path is unconstrained)


  Startpoint: Ip[1] (input port)
  Endpoint: Op[2] (output port)
  Path Group: (none)
  Path Type: max

  Des/Clust/Port     Wire Load Model       Library
  ------------------------------------------------
  combShifter        5K_hvratio_1_1        NangateOpenCellLibrary

  Point                                    Incr       Path
  -----------------------------------------------------------
  input external delay                     0.00       0.00 r
  Ip[1] (in)                               0.00       0.00 r
  U22/ZN (INV_X1)                          0.02       0.02 f
  U14/ZN (OAI222_X1)                       0.05       0.08 r
  Op[2] (out)                              0.00       0.08 r
  data arrival time                                   0.08
  -----------------------------------------------------------
  (Path is unconstrained)


  Startpoint: shift_mag[2]
              (input port)
  Endpoint: Op[3] (output port)
  Path Group: (none)
  Path Type: max

  Des/Clust/Port     Wire Load Model       Library
  ------------------------------------------------
  combShifter        5K_hvratio_1_1        NangateOpenCellLibrary

  Point                                    Incr       Path
  -----------------------------------------------------------
  input external delay                     0.00       0.00 f
  shift_mag[2] (in)                        0.00       0.00 f
  U23/ZN (INV_X1)                          0.04       0.04 r
  U13/ZN (OAI222_X1)                       0.04       0.08 f
  Op[3] (out)                              0.00       0.08 f
  data arrival time                                   0.08
  -----------------------------------------------------------
  (Path is unconstrained)


  Startpoint: shift_mag[0]
              (input port)
  Endpoint: Op[2] (output port)
  Path Group: (none)
  Path Type: max

  Des/Clust/Port     Wire Load Model       Library
  ------------------------------------------------
  combShifter        5K_hvratio_1_1        NangateOpenCellLibrary

  Point                                    Incr       Path
  -----------------------------------------------------------
  input external delay                     0.00       0.00 f
  shift_mag[0] (in)                        0.00       0.00 f
  U18/ZN (INV_X1)                          0.03       0.03 r
  U14/ZN (OAI222_X1)                       0.04       0.08 f
  Op[2] (out)                              0.00       0.08 f
  data arrival time                                   0.08
  -----------------------------------------------------------
  (Path is unconstrained)


  Startpoint: Ip[1] (input port)
  Endpoint: Op[2] (output port)
  Path Group: (none)
  Path Type: max

  Des/Clust/Port     Wire Load Model       Library
  ------------------------------------------------
  combShifter        5K_hvratio_1_1        NangateOpenCellLibrary

  Point                                    Incr       Path
  -----------------------------------------------------------
  input external delay                     0.00       0.00 r
  Ip[1] (in)                               0.00       0.00 r
  U22/ZN (INV_X1)                          0.02       0.02 f
  U14/ZN (OAI222_X1)                       0.05       0.08 r
  Op[2] (out)                              0.00       0.08 r
  data arrival time                                   0.08
  -----------------------------------------------------------
  (Path is unconstrained)


  Startpoint: shift_mag[0]
              (input port)
  Endpoint: Op[1] (output port)
  Path Group: (none)
  Path Type: max

  Des/Clust/Port     Wire Load Model       Library
  ------------------------------------------------
  combShifter        5K_hvratio_1_1        NangateOpenCellLibrary

  Point                                    Incr       Path
  -----------------------------------------------------------
  input external delay                     0.00       0.00 r
  shift_mag[0] (in)                        0.00       0.00 r
  U18/ZN (INV_X1)                          0.02       0.02 f
  U16/ZN (OAI222_X1)                       0.05       0.08 r
  Op[1] (out)                              0.00       0.08 r
  data arrival time                                   0.08
  -----------------------------------------------------------
  (Path is unconstrained)


  Startpoint: Ip[3] (input port)
  Endpoint: Op[2] (output port)
  Path Group: (none)
  Path Type: max

  Des/Clust/Port     Wire Load Model       Library
  ------------------------------------------------
  combShifter        5K_hvratio_1_1        NangateOpenCellLibrary

  Point                                    Incr       Path
  -----------------------------------------------------------
  input external delay                     0.00       0.00 r
  Ip[3] (in)                               0.00       0.00 r
  U15/ZN (INV_X1)                          0.02       0.02 f
  U14/ZN (OAI222_X1)                       0.06       0.08 r
  Op[2] (out)                              0.00       0.08 r
  data arrival time                                   0.08
  -----------------------------------------------------------
  (Path is unconstrained)


  Startpoint: shift_mag[1]
              (input port)
  Endpoint: Op[3] (output port)
  Path Group: (none)
  Path Type: max

  Des/Clust/Port     Wire Load Model       Library
  ------------------------------------------------
  combShifter        5K_hvratio_1_1        NangateOpenCellLibrary

  Point                                    Incr       Path
  -----------------------------------------------------------
  input external delay                     0.00       0.00 f
  shift_mag[1] (in)                        0.00       0.00 f
  U20/ZN (INV_X1)                          0.04       0.04 r
  U13/ZN (OAI222_X1)                       0.04       0.08 f
  Op[3] (out)                              0.00       0.08 f
  data arrival time                                   0.08
  -----------------------------------------------------------
  (Path is unconstrained)


  Startpoint: shift_mag[0]
              (input port)
  Endpoint: Op[1] (output port)
  Path Group: (none)
  Path Type: max

  Des/Clust/Port     Wire Load Model       Library
  ------------------------------------------------
  combShifter        5K_hvratio_1_1        NangateOpenCellLibrary

  Point                                    Incr       Path
  -----------------------------------------------------------
  input external delay                     0.00       0.00 r
  shift_mag[0] (in)                        0.00       0.00 r
  U18/ZN (INV_X1)                          0.02       0.02 f
  U16/ZN (OAI222_X1)                       0.05       0.07 r
  Op[1] (out)                              0.00       0.08 r
  data arrival time                                   0.08
  -----------------------------------------------------------
  (Path is unconstrained)


  Startpoint: shift_mag[2]
              (input port)
  Endpoint: Op[1] (output port)
  Path Group: (none)
  Path Type: max

  Des/Clust/Port     Wire Load Model       Library
  ------------------------------------------------
  combShifter        5K_hvratio_1_1        NangateOpenCellLibrary

  Point                                    Incr       Path
  -----------------------------------------------------------
  input external delay                     0.00       0.00 f
  shift_mag[2] (in)                        0.00       0.00 f
  U23/ZN (INV_X1)                          0.04       0.04 r
  U16/ZN (OAI222_X1)                       0.04       0.07 f
  Op[1] (out)                              0.00       0.08 f
  data arrival time                                   0.08
  -----------------------------------------------------------
  (Path is unconstrained)


  Startpoint: shift_mag[2]
              (input port)
  Endpoint: Op[2] (output port)
  Path Group: (none)
  Path Type: max

  Des/Clust/Port     Wire Load Model       Library
  ------------------------------------------------
  combShifter        5K_hvratio_1_1        NangateOpenCellLibrary

  Point                                    Incr       Path
  -----------------------------------------------------------
  input external delay                     0.00       0.00 f
  shift_mag[2] (in)                        0.00       0.00 f
  U23/ZN (INV_X1)                          0.04       0.04 r
  U14/ZN (OAI222_X1)                       0.04       0.07 f
  Op[2] (out)                              0.00       0.08 f
  data arrival time                                   0.08
  -----------------------------------------------------------
  (Path is unconstrained)


  Startpoint: shift_mag[0]
              (input port)
  Endpoint: Op[1] (output port)
  Path Group: (none)
  Path Type: max

  Des/Clust/Port     Wire Load Model       Library
  ------------------------------------------------
  combShifter        5K_hvratio_1_1        NangateOpenCellLibrary

  Point                                    Incr       Path
  -----------------------------------------------------------
  input external delay                     0.00       0.00 f
  shift_mag[0] (in)                        0.00       0.00 f
  U18/ZN (INV_X1)                          0.03       0.03 r
  U16/ZN (OAI222_X1)                       0.04       0.07 f
  Op[1] (out)                              0.00       0.08 f
  data arrival time                                   0.08
  -----------------------------------------------------------
  (Path is unconstrained)


  Startpoint: Ip[1] (input port)
  Endpoint: Op[2] (output port)
  Path Group: (none)
  Path Type: max

  Des/Clust/Port     Wire Load Model       Library
  ------------------------------------------------
  combShifter        5K_hvratio_1_1        NangateOpenCellLibrary

  Point                                    Incr       Path
  -----------------------------------------------------------
  input external delay                     0.00       0.00 r
  Ip[1] (in)                               0.00       0.00 r
  U22/ZN (INV_X1)                          0.02       0.02 f
  U14/ZN (OAI222_X1)                       0.05       0.07 r
  Op[2] (out)                              0.00       0.08 r
  data arrival time                                   0.08
  -----------------------------------------------------------
  (Path is unconstrained)


  Startpoint: Ip[1] (input port)
  Endpoint: Op[2] (output port)
  Path Group: (none)
  Path Type: max

  Des/Clust/Port     Wire Load Model       Library
  ------------------------------------------------
  combShifter        5K_hvratio_1_1        NangateOpenCellLibrary

  Point                                    Incr       Path
  -----------------------------------------------------------
  input external delay                     0.00       0.00 f
  Ip[1] (in)                               0.00       0.00 f
  U22/ZN (INV_X1)                          0.03       0.03 r
  U14/ZN (OAI222_X1)                       0.04       0.07 f
  Op[2] (out)                              0.00       0.08 f
  data arrival time                                   0.08
  -----------------------------------------------------------
  (Path is unconstrained)


  Startpoint: shift_mag[0]
              (input port)
  Endpoint: Op[1] (output port)
  Path Group: (none)
  Path Type: max

  Des/Clust/Port     Wire Load Model       Library
  ------------------------------------------------
  combShifter        5K_hvratio_1_1        NangateOpenCellLibrary

  Point                                    Incr       Path
  -----------------------------------------------------------
  input external delay                     0.00       0.00 r
  shift_mag[0] (in)                        0.00       0.00 r
  U18/ZN (INV_X1)                          0.02       0.02 f
  U16/ZN (OAI222_X1)                       0.05       0.07 r
  Op[1] (out)                              0.00       0.08 r
  data arrival time                                   0.08
  -----------------------------------------------------------
  (Path is unconstrained)


  Startpoint: shift_mag[1]
              (input port)
  Endpoint: Op[0] (output port)
  Path Group: (none)
  Path Type: max

  Des/Clust/Port     Wire Load Model       Library
  ------------------------------------------------
  combShifter        5K_hvratio_1_1        NangateOpenCellLibrary

  Point                                    Incr       Path
  -----------------------------------------------------------
  input external delay                     0.00       0.00 r
  shift_mag[1] (in)                        0.00       0.00 r
  U20/ZN (INV_X1)                          0.02       0.02 f
  U19/ZN (OAI22_X1)                        0.05       0.07 r
  Op[0] (out)                              0.00       0.08 r
  data arrival time                                   0.08
  -----------------------------------------------------------
  (Path is unconstrained)


  Startpoint: Ip[3] (input port)
  Endpoint: Op[2] (output port)
  Path Group: (none)
  Path Type: max

  Des/Clust/Port     Wire Load Model       Library
  ------------------------------------------------
  combShifter        5K_hvratio_1_1        NangateOpenCellLibrary

  Point                                    Incr       Path
  -----------------------------------------------------------
  input external delay                     0.00       0.00 r
  Ip[3] (in)                               0.00       0.00 r
  U15/ZN (INV_X1)                          0.02       0.02 f
  U14/ZN (OAI222_X1)                       0.05       0.07 r
  Op[2] (out)                              0.00       0.08 r
  data arrival time                                   0.08
  -----------------------------------------------------------
  (Path is unconstrained)


  Startpoint: shift_mag[1]
              (input port)
  Endpoint: Op[2] (output port)
  Path Group: (none)
  Path Type: max

  Des/Clust/Port     Wire Load Model       Library
  ------------------------------------------------
  combShifter        5K_hvratio_1_1        NangateOpenCellLibrary

  Point                                    Incr       Path
  -----------------------------------------------------------
  input external delay                     0.00       0.00 f
  shift_mag[1] (in)                        0.00       0.00 f
  U20/ZN (INV_X1)                          0.04       0.04 r
  U14/ZN (OAI222_X1)                       0.04       0.07 f
  Op[2] (out)                              0.00       0.08 f
  data arrival time                                   0.08
  -----------------------------------------------------------
  (Path is unconstrained)


  Startpoint: shift_mag[2]
              (input port)
  Endpoint: Op[3] (output port)
  Path Group: (none)
  Path Type: max

  Des/Clust/Port     Wire Load Model       Library
  ------------------------------------------------
  combShifter        5K_hvratio_1_1        NangateOpenCellLibrary

  Point                                    Incr       Path
  -----------------------------------------------------------
  input external delay                     0.00       0.00 f
  shift_mag[2] (in)                        0.00       0.00 f
  U23/ZN (INV_X1)                          0.04       0.04 r
  U13/ZN (OAI222_X1)                       0.04       0.07 f
  Op[3] (out)                              0.00       0.08 f
  data arrival time                                   0.08
  -----------------------------------------------------------
  (Path is unconstrained)


  Startpoint: Ip[1] (input port)
  Endpoint: Op[2] (output port)
  Path Group: (none)
  Path Type: max

  Des/Clust/Port     Wire Load Model       Library
  ------------------------------------------------
  combShifter        5K_hvratio_1_1        NangateOpenCellLibrary

  Point                                    Incr       Path
  -----------------------------------------------------------
  input external delay                     0.00       0.00 r
  Ip[1] (in)                               0.00       0.00 r
  U22/ZN (INV_X1)                          0.02       0.02 f
  U14/ZN (OAI222_X1)                       0.05       0.07 r
  Op[2] (out)                              0.00       0.08 r
  data arrival time                                   0.08
  -----------------------------------------------------------
  (Path is unconstrained)


  Startpoint: Ip[1] (input port)
  Endpoint: Op[2] (output port)
  Path Group: (none)
  Path Type: max

  Des/Clust/Port     Wire Load Model       Library
  ------------------------------------------------
  combShifter        5K_hvratio_1_1        NangateOpenCellLibrary

  Point                                    Incr       Path
  -----------------------------------------------------------
  input external delay                     0.00       0.00 r
  Ip[1] (in)                               0.00       0.00 r
  U22/ZN (INV_X1)                          0.02       0.02 f
  U14/ZN (OAI222_X1)                       0.05       0.07 r
  Op[2] (out)                              0.00       0.08 r
  data arrival time                                   0.08
  -----------------------------------------------------------
  (Path is unconstrained)


  Startpoint: shift_mag[0]
              (input port)
  Endpoint: Op[1] (output port)
  Path Group: (none)
  Path Type: max

  Des/Clust/Port     Wire Load Model       Library
  ------------------------------------------------
  combShifter        5K_hvratio_1_1        NangateOpenCellLibrary

  Point                                    Incr       Path
  -----------------------------------------------------------
  input external delay                     0.00       0.00 r
  shift_mag[0] (in)                        0.00       0.00 r
  U18/ZN (INV_X1)                          0.02       0.02 f
  U16/ZN (OAI222_X1)                       0.05       0.07 r
  Op[1] (out)                              0.00       0.08 r
  data arrival time                                   0.08
  -----------------------------------------------------------
  (Path is unconstrained)


  Startpoint: shift_mag[1]
              (input port)
  Endpoint: Op[0] (output port)
  Path Group: (none)
  Path Type: max

  Des/Clust/Port     Wire Load Model       Library
  ------------------------------------------------
  combShifter        5K_hvratio_1_1        NangateOpenCellLibrary

  Point                                    Incr       Path
  -----------------------------------------------------------
  input external delay                     0.00       0.00 r
  shift_mag[1] (in)                        0.00       0.00 r
  U20/ZN (INV_X1)                          0.02       0.02 f
  U19/ZN (OAI22_X1)                        0.05       0.07 r
  Op[0] (out)                              0.00       0.08 r
  data arrival time                                   0.08
  -----------------------------------------------------------
  (Path is unconstrained)


  Startpoint: Ip[3] (input port)
  Endpoint: Op[3] (output port)
  Path Group: (none)
  Path Type: max

  Des/Clust/Port     Wire Load Model       Library
  ------------------------------------------------
  combShifter        5K_hvratio_1_1        NangateOpenCellLibrary

  Point                                    Incr       Path
  -----------------------------------------------------------
  input external delay                     0.00       0.00 r
  Ip[3] (in)                               0.00       0.00 r
  U15/ZN (INV_X1)                          0.02       0.02 f
  U13/ZN (OAI222_X1)                       0.05       0.07 r
  Op[3] (out)                              0.00       0.08 r
  data arrival time                                   0.08
  -----------------------------------------------------------
  (Path is unconstrained)


  Startpoint: shift_mag[0]
              (input port)
  Endpoint: Op[1] (output port)
  Path Group: (none)
  Path Type: max

  Des/Clust/Port     Wire Load Model       Library
  ------------------------------------------------
  combShifter        5K_hvratio_1_1        NangateOpenCellLibrary

  Point                                    Incr       Path
  -----------------------------------------------------------
  input external delay                     0.00       0.00 r
  shift_mag[0] (in)                        0.00       0.00 r
  U18/ZN (INV_X1)                          0.02       0.02 f
  U16/ZN (OAI222_X1)                       0.05       0.07 r
  Op[1] (out)                              0.00       0.08 r
  data arrival time                                   0.08
  -----------------------------------------------------------
  (Path is unconstrained)


  Startpoint: shift_mag[1]
              (input port)
  Endpoint: Op[1] (output port)
  Path Group: (none)
  Path Type: max

  Des/Clust/Port     Wire Load Model       Library
  ------------------------------------------------
  combShifter        5K_hvratio_1_1        NangateOpenCellLibrary

  Point                                    Incr       Path
  -----------------------------------------------------------
  input external delay                     0.00       0.00 f
  shift_mag[1] (in)                        0.00       0.00 f
  U20/ZN (INV_X1)                          0.04       0.04 r
  U16/ZN (OAI222_X1)                       0.04       0.07 f
  Op[1] (out)                              0.00       0.08 f
  data arrival time                                   0.08
  -----------------------------------------------------------
  (Path is unconstrained)


  Startpoint: shift_mag[0]
              (input port)
  Endpoint: Op[3] (output port)
  Path Group: (none)
  Path Type: max

  Des/Clust/Port     Wire Load Model       Library
  ------------------------------------------------
  combShifter        5K_hvratio_1_1        NangateOpenCellLibrary

  Point                                    Incr       Path
  -----------------------------------------------------------
  input external delay                     0.00       0.00 f
  shift_mag[0] (in)                        0.00       0.00 f
  U18/ZN (INV_X1)                          0.03       0.03 r
  U13/ZN (OAI222_X1)                       0.04       0.07 f
  Op[3] (out)                              0.00       0.08 f
  data arrival time                                   0.08
  -----------------------------------------------------------
  (Path is unconstrained)


  Startpoint: shift_mag[2]
              (input port)
  Endpoint: Op[1] (output port)
  Path Group: (none)
  Path Type: max

  Des/Clust/Port     Wire Load Model       Library
  ------------------------------------------------
  combShifter        5K_hvratio_1_1        NangateOpenCellLibrary

  Point                                    Incr       Path
  -----------------------------------------------------------
  input external delay                     0.00       0.00 f
  shift_mag[2] (in)                        0.00       0.00 f
  U23/ZN (INV_X1)                          0.04       0.04 r
  U16/ZN (OAI222_X1)                       0.04       0.07 f
  Op[1] (out)                              0.00       0.08 f
  data arrival time                                   0.08
  -----------------------------------------------------------
  (Path is unconstrained)


  Startpoint: shift_mag[2]
              (input port)
  Endpoint: Op[2] (output port)
  Path Group: (none)
  Path Type: max

  Des/Clust/Port     Wire Load Model       Library
  ------------------------------------------------
  combShifter        5K_hvratio_1_1        NangateOpenCellLibrary

  Point                                    Incr       Path
  -----------------------------------------------------------
  input external delay                     0.00       0.00 f
  shift_mag[2] (in)                        0.00       0.00 f
  U23/ZN (INV_X1)                          0.04       0.04 r
  U14/ZN (OAI222_X1)                       0.04       0.07 f
  Op[2] (out)                              0.00       0.08 f
  data arrival time                                   0.08
  -----------------------------------------------------------
  (Path is unconstrained)


  Startpoint: Ip[1] (input port)
  Endpoint: Op[1] (output port)
  Path Group: (none)
  Path Type: max

  Des/Clust/Port     Wire Load Model       Library
  ------------------------------------------------
  combShifter        5K_hvratio_1_1        NangateOpenCellLibrary

  Point                                    Incr       Path
  -----------------------------------------------------------
  input external delay                     0.00       0.00 f
  Ip[1] (in)                               0.00       0.00 f
  U22/ZN (INV_X1)                          0.03       0.03 r
  U16/ZN (OAI222_X1)                       0.04       0.07 f
  Op[1] (out)                              0.00       0.08 f
  data arrival time                                   0.08
  -----------------------------------------------------------
  (Path is unconstrained)


  Startpoint: shift_mag[1]
              (input port)
  Endpoint: Op[0] (output port)
  Path Group: (none)
  Path Type: max

  Des/Clust/Port     Wire Load Model       Library
  ------------------------------------------------
  combShifter        5K_hvratio_1_1        NangateOpenCellLibrary

  Point                                    Incr       Path
  -----------------------------------------------------------
  input external delay                     0.00       0.00 f
  shift_mag[1] (in)                        0.00       0.00 f
  U20/ZN (INV_X1)                          0.04       0.04 r
  U19/ZN (OAI22_X1)                        0.04       0.07 f
  Op[0] (out)                              0.00       0.08 f
  data arrival time                                   0.08
  -----------------------------------------------------------
  (Path is unconstrained)


  Startpoint: Ip[2] (input port)
  Endpoint: Op[1] (output port)
  Path Group: (none)
  Path Type: max

  Des/Clust/Port     Wire Load Model       Library
  ------------------------------------------------
  combShifter        5K_hvratio_1_1        NangateOpenCellLibrary

  Point                                    Incr       Path
  -----------------------------------------------------------
  input external delay                     0.00       0.00 f
  Ip[2] (in)                               0.00       0.00 f
  U17/ZN (INV_X1)                          0.03       0.03 r
  U16/ZN (OAI222_X1)                       0.04       0.07 f
  Op[1] (out)                              0.00       0.08 f
  data arrival time                                   0.08
  -----------------------------------------------------------
  (Path is unconstrained)


  Startpoint: Ip[1] (input port)
  Endpoint: Op[2] (output port)
  Path Group: (none)
  Path Type: max

  Des/Clust/Port     Wire Load Model       Library
  ------------------------------------------------
  combShifter        5K_hvratio_1_1        NangateOpenCellLibrary

  Point                                    Incr       Path
  -----------------------------------------------------------
  input external delay                     0.00       0.00 r
  Ip[1] (in)                               0.00       0.00 r
  U22/ZN (INV_X1)                          0.02       0.02 f
  U14/ZN (OAI222_X1)                       0.05       0.07 r
  Op[2] (out)                              0.00       0.07 r
  data arrival time                                   0.07
  -----------------------------------------------------------
  (Path is unconstrained)


  Startpoint: Ip[1] (input port)
  Endpoint: Op[2] (output port)
  Path Group: (none)
  Path Type: max

  Des/Clust/Port     Wire Load Model       Library
  ------------------------------------------------
  combShifter        5K_hvratio_1_1        NangateOpenCellLibrary

  Point                                    Incr       Path
  -----------------------------------------------------------
  input external delay                     0.00       0.00 r
  Ip[1] (in)                               0.00       0.00 r
  U22/ZN (INV_X1)                          0.02       0.02 f
  U14/ZN (OAI222_X1)                       0.05       0.07 r
  Op[2] (out)                              0.00       0.07 r
  data arrival time                                   0.07
  -----------------------------------------------------------
  (Path is unconstrained)


1
