 
****************************************
Report : area
Design : combShifter
Version: P-2019.03
Date   : Tue Apr 26 23:18:39 2022
****************************************

Library(s) Used:

    NangateOpenCellLibrary (File: /afs/andrew.cmu.edu/course/18/743/backend/45nm_Nangate/pdk_v1.3_v2010_12/NangateOpenCellLibrary_PDKv1_3_v2010_12/Front_End/Liberty/NLDM/NangateOpenCellLibrary_typical.db)

Number of ports:                          129
Number of nets:                           825
Number of cells:                          729
Number of combinational cells:            729
Number of sequential cells:                 0
Number of macros/black boxes:               0
Number of buf/inv:                         89
Number of references:                      15

Combinational area:                938.714002
Buf/Inv area:                       47.880000
Noncombinational area:               0.000000
Macro/Black Box area:                0.000000
Net Interconnect area:      undefined  (Wire load has zero net area)

Total cell area:                   938.714002
Total area:                 undefined

Hierarchical area distribution
------------------------------

                                  Global cell area          Local cell area
                                  ------------------  --------------------------- 
Hierarchical cell                 Absolute   Percent  Combi-    Noncombi-  Black-
                                  Total      Total    national  national   boxes   Design
--------------------------------  ---------  -------  --------  ---------  ------  ---------
combShifter                        938.7140    100.0  938.7140     0.0000  0.0000  combShifter
--------------------------------  ---------  -------  --------  ---------  ------  ---------
Total                                                 938.7140     0.0000  0.0000

1
