 
****************************************
Report : area
Design : combShifter
Version: P-2019.03
Date   : Tue Apr 26 23:17:35 2022
****************************************

Library(s) Used:

    NangateOpenCellLibrary (File: /afs/andrew.cmu.edu/course/18/743/backend/45nm_Nangate/pdk_v1.3_v2010_12/NangateOpenCellLibrary_PDKv1_3_v2010_12/Front_End/Liberty/NLDM/NangateOpenCellLibrary_typical.db)

Number of ports:                           65
Number of nets:                           250
Number of cells:                          202
Number of combinational cells:            202
Number of sequential cells:                 0
Number of macros/black boxes:               0
Number of buf/inv:                         42
Number of references:                       8

Combinational area:                243.922001
Buf/Inv area:                       22.344000
Noncombinational area:               0.000000
Macro/Black Box area:                0.000000
Net Interconnect area:      undefined  (Wire load has zero net area)

Total cell area:                   243.922001
Total area:                 undefined

Hierarchical area distribution
------------------------------

                                  Global cell area          Local cell area
                                  ------------------  --------------------------- 
Hierarchical cell                 Absolute   Percent  Combi-    Noncombi-  Black-
                                  Total      Total    national  national   boxes   Design
--------------------------------  ---------  -------  --------  ---------  ------  ---------
combShifter                        243.9220    100.0  243.9220     0.0000  0.0000  combShifter
--------------------------------  ---------  -------  --------  ---------  ------  ---------
Total                                                 243.9220     0.0000  0.0000

1
