 
****************************************
Report : area
Design : combShifter
Version: P-2019.03
Date   : Tue Apr 26 23:21:47 2022
****************************************

Library(s) Used:

    NangateOpenCellLibrary (File: /afs/andrew.cmu.edu/course/18/743/backend/45nm_Nangate/pdk_v1.3_v2010_12/NangateOpenCellLibrary_PDKv1_3_v2010_12/Front_End/Liberty/NLDM/NangateOpenCellLibrary_typical.db)

Number of ports:                          385
Number of nets:                          8891
Number of cells:                         8634
Number of combinational cells:           8634
Number of sequential cells:                 0
Number of macros/black boxes:               0
Number of buf/inv:                        682
Number of references:                      14

Combinational area:              12582.066052
Buf/Inv area:                      482.257992
Noncombinational area:               0.000000
Macro/Black Box area:                0.000000
Net Interconnect area:      undefined  (Wire load has zero net area)

Total cell area:                 12582.066052
Total area:                 undefined

Hierarchical area distribution
------------------------------

                                  Global cell area            Local cell area
                                  -------------------  ----------------------------- 
Hierarchical cell                 Absolute    Percent  Combi-      Noncombi-  Black-
                                  Total       Total    national    national   boxes   Design
--------------------------------  ----------  -------  ----------  ---------  ------  ---------
combShifter                       12582.0661    100.0  12582.0661     0.0000  0.0000  combShifter
--------------------------------  ----------  -------  ----------  ---------  ------  ---------
Total                                                  12582.0661     0.0000  0.0000

1
