 
****************************************
Report : area
Design : regShifter
Version: P-2019.03
Date   : Tue Apr 26 20:38:24 2022
****************************************

Library(s) Used:

    NangateOpenCellLibrary (File: /afs/andrew.cmu.edu/course/18/743/backend/45nm_Nangate/pdk_v1.3_v2010_12/NangateOpenCellLibrary_PDKv1_3_v2010_12/Front_End/Liberty/NLDM/NangateOpenCellLibrary_typical.db)

Number of ports:                          132
Number of nets:                           351
Number of cells:                          284
Number of combinational cells:            220
Number of sequential cells:                64
Number of macros/black boxes:               0
Number of buf/inv:                         89
Number of references:                      11

Combinational area:                323.190002
Buf/Inv area:                       52.934000
Noncombinational area:             391.552002
Macro/Black Box area:                0.000000
Net Interconnect area:      undefined  (Wire load has zero net area)

Total cell area:                   714.742004
Total area:                 undefined

Hierarchical area distribution
------------------------------

                                  Global cell area          Local cell area
                                  ------------------  --------------------------- 
Hierarchical cell                 Absolute   Percent  Combi-    Noncombi-  Black-
                                  Total      Total    national  national   boxes   Design
--------------------------------  ---------  -------  --------  ---------  ------  ---------
regShifter                         714.7420    100.0  323.1900   391.5520  0.0000  regShifter
--------------------------------  ---------  -------  --------  ---------  ------  ---------
Total                                                 323.1900   391.5520  0.0000

1
