 
****************************************
Report : area
Design : regShifter
Version: P-2019.03
Date   : Tue Apr 26 20:37:42 2022
****************************************

Library(s) Used:

    NangateOpenCellLibrary (File: /afs/andrew.cmu.edu/course/18/743/backend/45nm_Nangate/pdk_v1.3_v2010_12/NangateOpenCellLibrary_PDKv1_3_v2010_12/Front_End/Liberty/NLDM/NangateOpenCellLibrary_typical.db)

Number of ports:                          118
Number of nets:                           540
Number of cells:                          480
Number of combinational cells:            446
Number of sequential cells:                32
Number of macros/black boxes:               0
Number of buf/inv:                        132
Number of references:                      21

Combinational area:                521.891999
Buf/Inv area:                       72.618000
Noncombinational area:             195.776001
Macro/Black Box area:                0.000000
Net Interconnect area:      undefined  (Wire load has zero net area)

Total cell area:                   717.668000
Total area:                 undefined

Hierarchical area distribution
------------------------------

                                  Global cell area          Local cell area
                                  ------------------  --------------------------- 
Hierarchical cell                 Absolute   Percent  Combi-    Noncombi-  Black-
                                  Total      Total    national  national   boxes   Design
--------------------------------  ---------  -------  --------  ---------  ------  ---------------------
regShifter                         717.6680    100.0  494.4940   195.7760  0.0000  regShifter
r311                                27.3980      3.8   27.3980     0.0000  0.0000  regShifter_DW01_sub_0
--------------------------------  ---------  -------  --------  ---------  ------  ---------------------
Total                                                 521.8920   195.7760  0.0000

1
