 
****************************************
Report : area
Design : regShifter
Version: P-2019.03
Date   : Tue Apr 26 20:36:04 2022
****************************************

Library(s) Used:

    NangateOpenCellLibrary (File: /afs/andrew.cmu.edu/course/18/743/backend/45nm_Nangate/pdk_v1.3_v2010_12/NangateOpenCellLibrary_PDKv1_3_v2010_12/Front_End/Liberty/NLDM/NangateOpenCellLibrary_typical.db)

Number of ports:                           34
Number of nets:                           110
Number of cells:                           96
Number of combinational cells:             88
Number of sequential cells:                 8
Number of macros/black boxes:               0
Number of buf/inv:                         24
Number of references:                      18

Combinational area:                 88.578000
Buf/Inv area:                       12.768000
Noncombinational area:              48.944000
Macro/Black Box area:                0.000000
Net Interconnect area:      undefined  (Wire load has zero net area)

Total cell area:                   137.522000
Total area:                 undefined

Hierarchical area distribution
------------------------------

                                  Global cell area          Local cell area
                                  ------------------  --------------------------- 
Hierarchical cell                 Absolute   Percent  Combi-    Noncombi-  Black-
                                  Total      Total    national  national   boxes   Design
--------------------------------  ---------  -------  --------  ---------  ------  ---------
regShifter                         137.5220    100.0   88.5780    48.9440  0.0000  regShifter
--------------------------------  ---------  -------  --------  ---------  ------  ---------
Total                                                  88.5780    48.9440  0.0000

1
