 
****************************************
Report : area
Design : regShifter
Version: P-2019.03
Date   : Tue Apr 26 20:35:26 2022
****************************************

Library(s) Used:

    NangateOpenCellLibrary (File: /afs/andrew.cmu.edu/course/18/743/backend/45nm_Nangate/pdk_v1.3_v2010_12/NangateOpenCellLibrary_PDKv1_3_v2010_12/Front_End/Liberty/NLDM/NangateOpenCellLibrary_typical.db)

Number of ports:                           20
Number of nets:                            48
Number of cells:                           37
Number of combinational cells:             29
Number of sequential cells:                 8
Number of macros/black boxes:               0
Number of buf/inv:                         10
Number of references:                       7

Combinational area:                 36.442000
Buf/Inv area:                        5.320000
Noncombinational area:              48.944000
Macro/Black Box area:                0.000000
Net Interconnect area:      undefined  (Wire load has zero net area)

Total cell area:                    85.386000
Total area:                 undefined

Hierarchical area distribution
------------------------------

                                  Global cell area          Local cell area
                                  ------------------  --------------------------- 
Hierarchical cell                 Absolute   Percent  Combi-    Noncombi-  Black-
                                  Total      Total    national  national   boxes   Design
--------------------------------  ---------  -------  --------  ---------  ------  ---------
regShifter                          85.3860    100.0   36.4420    48.9440  0.0000  regShifter
--------------------------------  ---------  -------  --------  ---------  ------  ---------
Total                                                  36.4420    48.9440  0.0000

1
