 
****************************************
Report : area
Design : regShifter
Version: P-2019.03
Date   : Tue Apr 26 20:38:03 2022
****************************************

Library(s) Used:

    NangateOpenCellLibrary (File: /afs/andrew.cmu.edu/course/18/743/backend/45nm_Nangate/pdk_v1.3_v2010_12/NangateOpenCellLibrary_PDKv1_3_v2010_12/Front_End/Liberty/NLDM/NangateOpenCellLibrary_typical.db)

Number of ports:                          153
Number of nets:                           571
Number of cells:                          506
Number of combinational cells:            472
Number of sequential cells:                32
Number of macros/black boxes:               0
Number of buf/inv:                        134
Number of references:                      20

Combinational area:                540.246001
Buf/Inv area:                       73.948000
Noncombinational area:             195.776001
Macro/Black Box area:                0.000000
Net Interconnect area:      undefined  (Wire load has zero net area)

Total cell area:                   736.022002
Total area:                 undefined

Hierarchical area distribution
------------------------------

                                  Global cell area          Local cell area
                                  ------------------  --------------------------- 
Hierarchical cell                 Absolute   Percent  Combi-    Noncombi-  Black-
                                  Total      Total    national  national   boxes   Design
--------------------------------  ---------  -------  --------  ---------  ------  ---------------------
regShifter                         736.0220    100.0  508.0600   195.7760  0.0000  regShifter
r311                                32.1860      4.4   32.1860     0.0000  0.0000  regShifter_DW01_sub_0
--------------------------------  ---------  -------  --------  ---------  ------  ---------------------
Total                                                 540.2460   195.7760  0.0000

1
