 
****************************************
Report : area
Design : regShifter
Version: P-2019.03
Date   : Tue Apr 26 20:38:46 2022
****************************************

Library(s) Used:

    NangateOpenCellLibrary (File: /afs/andrew.cmu.edu/course/18/743/backend/45nm_Nangate/pdk_v1.3_v2010_12/NangateOpenCellLibrary_PDKv1_3_v2010_12/Front_End/Liberty/NLDM/NangateOpenCellLibrary_typical.db)

Number of ports:                          217
Number of nets:                          1128
Number of cells:                         1031
Number of combinational cells:            965
Number of sequential cells:                64
Number of macros/black boxes:               0
Number of buf/inv:                        252
Number of references:                      22

Combinational area:               1172.262003
Buf/Inv area:                      140.182001
Noncombinational area:             391.552002
Macro/Black Box area:                0.000000
Net Interconnect area:      undefined  (Wire load has zero net area)

Total cell area:                  1563.814005
Total area:                 undefined

Hierarchical area distribution
------------------------------

                                  Global cell area          Local cell area
                                  ------------------  ---------------------------- 
Hierarchical cell                 Absolute   Percent  Combi-     Noncombi-  Black-
                                  Total      Total    national   national   boxes   Design
--------------------------------  ---------  -------  ---------  ---------  ------  ---------------------
regShifter                        1563.8140    100.0  1138.7460   391.5520  0.0000  regShifter
r311                                33.5160      2.1    33.5160     0.0000  0.0000  regShifter_DW01_sub_0
--------------------------------  ---------  -------  ---------  ---------  ------  ---------------------
Total                                                 1172.2620   391.5520  0.0000

1
