 
****************************************
Report : area
Design : regShifter
Version: P-2019.03
Date   : Tue Apr 26 20:37:02 2022
****************************************

Library(s) Used:

    NangateOpenCellLibrary (File: /afs/andrew.cmu.edu/course/18/743/backend/45nm_Nangate/pdk_v1.3_v2010_12/NangateOpenCellLibrary_PDKv1_3_v2010_12/Front_End/Liberty/NLDM/NangateOpenCellLibrary_typical.db)

Number of ports:                           86
Number of nets:                           248
Number of cells:                          204
Number of combinational cells:            186
Number of sequential cells:                16
Number of macros/black boxes:               0
Number of buf/inv:                         47
Number of references:                      18

Combinational area:                223.440000
Buf/Inv area:                       25.004000
Noncombinational area:              97.888000
Macro/Black Box area:                0.000000
Net Interconnect area:      undefined  (Wire load has zero net area)

Total cell area:                   321.328001
Total area:                 undefined

Hierarchical area distribution
------------------------------

                                  Global cell area          Local cell area
                                  ------------------  --------------------------- 
Hierarchical cell                 Absolute   Percent  Combi-    Noncombi-  Black-
                                  Total      Total    national  national   boxes   Design
--------------------------------  ---------  -------  --------  ---------  ------  ---------------------
regShifter                         321.3280    100.0  196.0420    97.8880  0.0000  regShifter
r311                                27.3980      8.5   27.3980     0.0000  0.0000  regShifter_DW01_sub_0
--------------------------------  ---------  -------  --------  ---------  ------  ---------------------
Total                                                 223.4400    97.8880  0.0000

1
