 
****************************************
Report : area
Design : regShifter
Version: P-2019.03
Date   : Tue Apr 26 20:36:23 2022
****************************************

Library(s) Used:

    NangateOpenCellLibrary (File: /afs/andrew.cmu.edu/course/18/743/backend/45nm_Nangate/pdk_v1.3_v2010_12/NangateOpenCellLibrary_PDKv1_3_v2010_12/Front_End/Liberty/NLDM/NangateOpenCellLibrary_typical.db)

Number of ports:                           36
Number of nets:                            89
Number of cells:                           70
Number of combinational cells:             54
Number of sequential cells:                16
Number of macros/black boxes:               0
Number of buf/inv:                         19
Number of references:                      10

Combinational area:                 76.874001
Buf/Inv area:                       10.374000
Noncombinational area:              97.888000
Macro/Black Box area:                0.000000
Net Interconnect area:      undefined  (Wire load has zero net area)

Total cell area:                   174.762001
Total area:                 undefined

Hierarchical area distribution
------------------------------

                                  Global cell area          Local cell area
                                  ------------------  --------------------------- 
Hierarchical cell                 Absolute   Percent  Combi-    Noncombi-  Black-
                                  Total      Total    national  national   boxes   Design
--------------------------------  ---------  -------  --------  ---------  ------  ---------
regShifter                         174.7620    100.0   76.8740    97.8880  0.0000  regShifter
--------------------------------  ---------  -------  --------  ---------  ------  ---------
Total                                                  76.8740    97.8880  0.0000

1
