 
****************************************
Report : area
Design : regShifter
Version: P-2019.03
Date   : Tue Apr 26 20:39:30 2022
****************************************

Library(s) Used:

    NangateOpenCellLibrary (File: /afs/andrew.cmu.edu/course/18/743/backend/45nm_Nangate/pdk_v1.3_v2010_12/NangateOpenCellLibrary_PDKv1_3_v2010_12/Front_End/Liberty/NLDM/NangateOpenCellLibrary_typical.db)

Number of ports:                          260
Number of nets:                           759
Number of cells:                          628
Number of combinational cells:            500
Number of sequential cells:               128
Number of macros/black boxes:               0
Number of buf/inv:                        241
Number of references:                       9

Combinational area:                699.580003
Buf/Inv area:                      157.737998
Noncombinational area:             783.104004
Macro/Black Box area:                0.000000
Net Interconnect area:      undefined  (Wire load has zero net area)

Total cell area:                  1482.684007
Total area:                 undefined

Hierarchical area distribution
------------------------------

                                  Global cell area          Local cell area
                                  ------------------  --------------------------- 
Hierarchical cell                 Absolute   Percent  Combi-    Noncombi-  Black-
                                  Total      Total    national  national   boxes   Design
--------------------------------  ---------  -------  --------  ---------  ------  ---------
regShifter                        1482.6840    100.0  699.5800   783.1040  0.0000  regShifter
--------------------------------  ---------  -------  --------  ---------  ------  ---------
Total                                                 699.5800   783.1040  0.0000

1
