 
****************************************
Report : area
Design : regShifter
Version: P-2019.03
Date   : Tue Apr 26 20:39:58 2022
****************************************

Library(s) Used:

    NangateOpenCellLibrary (File: /afs/andrew.cmu.edu/course/18/743/backend/45nm_Nangate/pdk_v1.3_v2010_12/NangateOpenCellLibrary_PDKv1_3_v2010_12/Front_End/Liberty/NLDM/NangateOpenCellLibrary_typical.db)

Number of ports:                          412
Number of nets:                          2800
Number of cells:                         2634
Number of combinational cells:           2504
Number of sequential cells:               128
Number of macros/black boxes:               0
Number of buf/inv:                        844
Number of references:                      26

Combinational area:               2904.453994
Buf/Inv area:                      505.399999
Noncombinational area:             783.104004
Macro/Black Box area:                0.000000
Net Interconnect area:      undefined  (Wire load has zero net area)

Total cell area:                  3687.557998
Total area:                 undefined

Hierarchical area distribution
------------------------------

                                  Global cell area          Local cell area
                                  ------------------  ---------------------------- 
Hierarchical cell                 Absolute   Percent  Combi-     Noncombi-  Black-
                                  Total      Total    national   national   boxes   Design
--------------------------------  ---------  -------  ---------  ---------  ------  ---------------------
regShifter                        3687.5580    100.0  2865.3520   783.1040  0.0000  regShifter
r311                                39.1020      1.1    39.1020     0.0000  0.0000  regShifter_DW01_sub_0
--------------------------------  ---------  -------  ---------  ---------  ------  ---------------------
Total                                                 2904.4540   783.1040  0.0000

1
