 
****************************************
Report : area
Design : barrelShifter
Version: P-2019.03
Date   : Tue Apr 26 20:25:00 2022
****************************************

Library(s) Used:

    NangateOpenCellLibrary (File: /afs/andrew.cmu.edu/course/18/743/backend/45nm_Nangate/pdk_v1.3_v2010_12/NangateOpenCellLibrary_PDKv1_3_v2010_12/Front_End/Liberty/NLDM/NangateOpenCellLibrary_typical.db)

Number of ports:                           27
Number of nets:                            41
Number of cells:                           23
Number of combinational cells:             19
Number of sequential cells:                 0
Number of macros/black boxes:               0
Number of buf/inv:                          6
Number of references:                       9

Combinational area:                 25.270000
Buf/Inv area:                        3.192000
Noncombinational area:               0.000000
Macro/Black Box area:                0.000000
Net Interconnect area:      undefined  (Wire load has zero net area)

Total cell area:                    25.270000
Total area:                 undefined

Hierarchical area distribution
------------------------------

                                  Global cell area          Local cell area
                                  ------------------  --------------------------- 
Hierarchical cell                 Absolute   Percent  Combi-    Noncombi-  Black-
                                  Total      Total    national  national   boxes   Design
--------------------------------  ---------  -------  --------  ---------  ------  ---------
barrelShifter                       25.2700    100.0   17.8220     0.0000  0.0000  barrelShifter
genblk2_layer_1_0__m1_layer          1.8620      7.4    1.8620     0.0000  0.0000  MUX2_3
genblk2_layer_1_1__m1_layer          1.8620      7.4    1.8620     0.0000  0.0000  MUX2_2
genblk2_layer_1_2__m1_layer          1.8620      7.4    1.8620     0.0000  0.0000  MUX2_1
genblk2_layer_1_3__m1_layer          1.8620      7.4    1.8620     0.0000  0.0000  MUX2_0
--------------------------------  ---------  -------  --------  ---------  ------  ---------
Total                                                  25.2700     0.0000  0.0000

1
