 
****************************************
Report : timing
        -path full
        -delay max
        -nworst 100
        -max_paths 100
Design : barrelShifter
Version: P-2019.03
Date   : Tue Apr 26 20:24:41 2022
****************************************

Operating Conditions: typical   Library: NangateOpenCellLibrary
Wire Load Model Mode: top

  Startpoint: shift_mag[4]
              (input port)
  Endpoint: Op[1] (output port)
  Path Group: (none)
  Path Type: max

  Des/Clust/Port     Wire Load Model       Library
  ------------------------------------------------
  barrelShifter      5K_hvratio_1_1        NangateOpenCellLibrary

  Point                                                   Incr       Path
  --------------------------------------------------------------------------
  input external delay                                    0.00       0.00 r
  shift_mag[4] (in)                                       0.00       0.00 r
  U10/Z (MUX2_X1)                                         0.07       0.07 f
  genblk2_layer_1_1__m1_layer/B (MUX2_0)                  0.00       0.07 f
  genblk2_layer_1_1__m1_layer/U1/Z (MUX2_X1)              0.06       0.13 f
  genblk2_layer_1_1__m1_layer/Y (MUX2_0)                  0.00       0.13 f
  Op[1] (out)                                             0.00       0.13 f
  data arrival time                                                  0.13
  --------------------------------------------------------------------------
  (Path is unconstrained)


  Startpoint: shift_mag[4]
              (input port)
  Endpoint: Op[1] (output port)
  Path Group: (none)
  Path Type: max

  Des/Clust/Port     Wire Load Model       Library
  ------------------------------------------------
  barrelShifter      5K_hvratio_1_1        NangateOpenCellLibrary

  Point                                                   Incr       Path
  --------------------------------------------------------------------------
  input external delay                                    0.00       0.00 r
  shift_mag[4] (in)                                       0.00       0.00 r
  U10/Z (MUX2_X1)                                         0.07       0.07 f
  genblk2_layer_1_1__m1_layer/B (MUX2_0)                  0.00       0.07 f
  genblk2_layer_1_1__m1_layer/U1/Z (MUX2_X1)              0.06       0.13 f
  genblk2_layer_1_1__m1_layer/Y (MUX2_0)                  0.00       0.13 f
  Op[1] (out)                                             0.00       0.13 f
  data arrival time                                                  0.13
  --------------------------------------------------------------------------
  (Path is unconstrained)


  Startpoint: shift_mag[4]
              (input port)
  Endpoint: Op[0] (output port)
  Path Group: (none)
  Path Type: max

  Des/Clust/Port     Wire Load Model       Library
  ------------------------------------------------
  barrelShifter      5K_hvratio_1_1        NangateOpenCellLibrary

  Point                                                   Incr       Path
  --------------------------------------------------------------------------
  input external delay                                    0.00       0.00 r
  shift_mag[4] (in)                                       0.00       0.00 r
  U11/Z (MUX2_X1)                                         0.07       0.07 f
  genblk2_layer_1_0__m1_layer/A (MUX2_1)                  0.00       0.07 f
  genblk2_layer_1_0__m1_layer/U1/Z (MUX2_X1)              0.06       0.13 f
  genblk2_layer_1_0__m1_layer/Y (MUX2_1)                  0.00       0.13 f
  Op[0] (out)                                             0.00       0.13 f
  data arrival time                                                  0.13
  --------------------------------------------------------------------------
  (Path is unconstrained)


  Startpoint: shift_mag[4]
              (input port)
  Endpoint: Op[0] (output port)
  Path Group: (none)
  Path Type: max

  Des/Clust/Port     Wire Load Model       Library
  ------------------------------------------------
  barrelShifter      5K_hvratio_1_1        NangateOpenCellLibrary

  Point                                                   Incr       Path
  --------------------------------------------------------------------------
  input external delay                                    0.00       0.00 r
  shift_mag[4] (in)                                       0.00       0.00 r
  U11/Z (MUX2_X1)                                         0.07       0.07 f
  genblk2_layer_1_0__m1_layer/A (MUX2_1)                  0.00       0.07 f
  genblk2_layer_1_0__m1_layer/U1/Z (MUX2_X1)              0.06       0.13 f
  genblk2_layer_1_0__m1_layer/Y (MUX2_1)                  0.00       0.13 f
  Op[0] (out)                                             0.00       0.13 f
  data arrival time                                                  0.13
  --------------------------------------------------------------------------
  (Path is unconstrained)


  Startpoint: Ip[0] (input port)
  Endpoint: Op[1] (output port)
  Path Group: (none)
  Path Type: max

  Des/Clust/Port     Wire Load Model       Library
  ------------------------------------------------
  barrelShifter      5K_hvratio_1_1        NangateOpenCellLibrary

  Point                                                   Incr       Path
  --------------------------------------------------------------------------
  input external delay                                    0.00       0.00 f
  Ip[0] (in)                                              0.00       0.00 f
  U10/Z (MUX2_X1)                                         0.06       0.06 f
  genblk2_layer_1_1__m1_layer/B (MUX2_0)                  0.00       0.06 f
  genblk2_layer_1_1__m1_layer/U1/Z (MUX2_X1)              0.06       0.12 f
  genblk2_layer_1_1__m1_layer/Y (MUX2_0)                  0.00       0.12 f
  Op[1] (out)                                             0.00       0.13 f
  data arrival time                                                  0.13
  --------------------------------------------------------------------------
  (Path is unconstrained)


  Startpoint: Ip[0] (input port)
  Endpoint: Op[1] (output port)
  Path Group: (none)
  Path Type: max

  Des/Clust/Port     Wire Load Model       Library
  ------------------------------------------------
  barrelShifter      5K_hvratio_1_1        NangateOpenCellLibrary

  Point                                                   Incr       Path
  --------------------------------------------------------------------------
  input external delay                                    0.00       0.00 f
  Ip[0] (in)                                              0.00       0.00 f
  U10/Z (MUX2_X1)                                         0.06       0.06 f
  genblk2_layer_1_1__m1_layer/B (MUX2_0)                  0.00       0.06 f
  genblk2_layer_1_1__m1_layer/U1/Z (MUX2_X1)              0.06       0.12 f
  genblk2_layer_1_1__m1_layer/Y (MUX2_0)                  0.00       0.12 f
  Op[1] (out)                                             0.00       0.13 f
  data arrival time                                                  0.13
  --------------------------------------------------------------------------
  (Path is unconstrained)


  Startpoint: Ip[0] (input port)
  Endpoint: Op[1] (output port)
  Path Group: (none)
  Path Type: max

  Des/Clust/Port     Wire Load Model       Library
  ------------------------------------------------
  barrelShifter      5K_hvratio_1_1        NangateOpenCellLibrary

  Point                                                   Incr       Path
  --------------------------------------------------------------------------
  input external delay                                    0.00       0.00 f
  Ip[0] (in)                                              0.00       0.00 f
  U10/Z (MUX2_X1)                                         0.06       0.06 f
  genblk2_layer_1_1__m1_layer/B (MUX2_0)                  0.00       0.06 f
  genblk2_layer_1_1__m1_layer/U1/Z (MUX2_X1)              0.06       0.12 f
  genblk2_layer_1_1__m1_layer/Y (MUX2_0)                  0.00       0.12 f
  Op[1] (out)                                             0.00       0.13 f
  data arrival time                                                  0.13
  --------------------------------------------------------------------------
  (Path is unconstrained)


  Startpoint: Ip[0] (input port)
  Endpoint: Op[1] (output port)
  Path Group: (none)
  Path Type: max

  Des/Clust/Port     Wire Load Model       Library
  ------------------------------------------------
  barrelShifter      5K_hvratio_1_1        NangateOpenCellLibrary

  Point                                                   Incr       Path
  --------------------------------------------------------------------------
  input external delay                                    0.00       0.00 f
  Ip[0] (in)                                              0.00       0.00 f
  U10/Z (MUX2_X1)                                         0.06       0.06 f
  genblk2_layer_1_1__m1_layer/B (MUX2_0)                  0.00       0.06 f
  genblk2_layer_1_1__m1_layer/U1/Z (MUX2_X1)              0.06       0.12 f
  genblk2_layer_1_1__m1_layer/Y (MUX2_0)                  0.00       0.12 f
  Op[1] (out)                                             0.00       0.13 f
  data arrival time                                                  0.13
  --------------------------------------------------------------------------
  (Path is unconstrained)


  Startpoint: Ip[1] (input port)
  Endpoint: Op[0] (output port)
  Path Group: (none)
  Path Type: max

  Des/Clust/Port     Wire Load Model       Library
  ------------------------------------------------
  barrelShifter      5K_hvratio_1_1        NangateOpenCellLibrary

  Point                                                   Incr       Path
  --------------------------------------------------------------------------
  input external delay                                    0.00       0.00 f
  Ip[1] (in)                                              0.00       0.00 f
  U11/Z (MUX2_X1)                                         0.06       0.06 f
  genblk2_layer_1_0__m1_layer/A (MUX2_1)                  0.00       0.06 f
  genblk2_layer_1_0__m1_layer/U1/Z (MUX2_X1)              0.06       0.12 f
  genblk2_layer_1_0__m1_layer/Y (MUX2_1)                  0.00       0.12 f
  Op[0] (out)                                             0.00       0.13 f
  data arrival time                                                  0.13
  --------------------------------------------------------------------------
  (Path is unconstrained)


  Startpoint: Ip[1] (input port)
  Endpoint: Op[0] (output port)
  Path Group: (none)
  Path Type: max

  Des/Clust/Port     Wire Load Model       Library
  ------------------------------------------------
  barrelShifter      5K_hvratio_1_1        NangateOpenCellLibrary

  Point                                                   Incr       Path
  --------------------------------------------------------------------------
  input external delay                                    0.00       0.00 f
  Ip[1] (in)                                              0.00       0.00 f
  U11/Z (MUX2_X1)                                         0.06       0.06 f
  genblk2_layer_1_0__m1_layer/A (MUX2_1)                  0.00       0.06 f
  genblk2_layer_1_0__m1_layer/U1/Z (MUX2_X1)              0.06       0.12 f
  genblk2_layer_1_0__m1_layer/Y (MUX2_1)                  0.00       0.12 f
  Op[0] (out)                                             0.00       0.13 f
  data arrival time                                                  0.13
  --------------------------------------------------------------------------
  (Path is unconstrained)


  Startpoint: Ip[1] (input port)
  Endpoint: Op[0] (output port)
  Path Group: (none)
  Path Type: max

  Des/Clust/Port     Wire Load Model       Library
  ------------------------------------------------
  barrelShifter      5K_hvratio_1_1        NangateOpenCellLibrary

  Point                                                   Incr       Path
  --------------------------------------------------------------------------
  input external delay                                    0.00       0.00 f
  Ip[1] (in)                                              0.00       0.00 f
  U11/Z (MUX2_X1)                                         0.06       0.06 f
  genblk2_layer_1_0__m1_layer/A (MUX2_1)                  0.00       0.06 f
  genblk2_layer_1_0__m1_layer/U1/Z (MUX2_X1)              0.06       0.12 f
  genblk2_layer_1_0__m1_layer/Y (MUX2_1)                  0.00       0.12 f
  Op[0] (out)                                             0.00       0.13 f
  data arrival time                                                  0.13
  --------------------------------------------------------------------------
  (Path is unconstrained)


  Startpoint: Ip[1] (input port)
  Endpoint: Op[0] (output port)
  Path Group: (none)
  Path Type: max

  Des/Clust/Port     Wire Load Model       Library
  ------------------------------------------------
  barrelShifter      5K_hvratio_1_1        NangateOpenCellLibrary

  Point                                                   Incr       Path
  --------------------------------------------------------------------------
  input external delay                                    0.00       0.00 f
  Ip[1] (in)                                              0.00       0.00 f
  U11/Z (MUX2_X1)                                         0.06       0.06 f
  genblk2_layer_1_0__m1_layer/A (MUX2_1)                  0.00       0.06 f
  genblk2_layer_1_0__m1_layer/U1/Z (MUX2_X1)              0.06       0.12 f
  genblk2_layer_1_0__m1_layer/Y (MUX2_1)                  0.00       0.12 f
  Op[0] (out)                                             0.00       0.13 f
  data arrival time                                                  0.13
  --------------------------------------------------------------------------
  (Path is unconstrained)


  Startpoint: Ip[1] (input port)
  Endpoint: Op[1] (output port)
  Path Group: (none)
  Path Type: max

  Des/Clust/Port     Wire Load Model       Library
  ------------------------------------------------
  barrelShifter      5K_hvratio_1_1        NangateOpenCellLibrary

  Point                                                   Incr       Path
  --------------------------------------------------------------------------
  input external delay                                    0.00       0.00 f
  Ip[1] (in)                                              0.00       0.00 f
  U10/Z (MUX2_X1)                                         0.06       0.06 f
  genblk2_layer_1_1__m1_layer/B (MUX2_0)                  0.00       0.06 f
  genblk2_layer_1_1__m1_layer/U1/Z (MUX2_X1)              0.06       0.12 f
  genblk2_layer_1_1__m1_layer/Y (MUX2_0)                  0.00       0.12 f
  Op[1] (out)                                             0.00       0.13 f
  data arrival time                                                  0.13
  --------------------------------------------------------------------------
  (Path is unconstrained)


  Startpoint: Ip[1] (input port)
  Endpoint: Op[1] (output port)
  Path Group: (none)
  Path Type: max

  Des/Clust/Port     Wire Load Model       Library
  ------------------------------------------------
  barrelShifter      5K_hvratio_1_1        NangateOpenCellLibrary

  Point                                                   Incr       Path
  --------------------------------------------------------------------------
  input external delay                                    0.00       0.00 f
  Ip[1] (in)                                              0.00       0.00 f
  U10/Z (MUX2_X1)                                         0.06       0.06 f
  genblk2_layer_1_1__m1_layer/B (MUX2_0)                  0.00       0.06 f
  genblk2_layer_1_1__m1_layer/U1/Z (MUX2_X1)              0.06       0.12 f
  genblk2_layer_1_1__m1_layer/Y (MUX2_0)                  0.00       0.12 f
  Op[1] (out)                                             0.00       0.13 f
  data arrival time                                                  0.13
  --------------------------------------------------------------------------
  (Path is unconstrained)


  Startpoint: Ip[1] (input port)
  Endpoint: Op[1] (output port)
  Path Group: (none)
  Path Type: max

  Des/Clust/Port     Wire Load Model       Library
  ------------------------------------------------
  barrelShifter      5K_hvratio_1_1        NangateOpenCellLibrary

  Point                                                   Incr       Path
  --------------------------------------------------------------------------
  input external delay                                    0.00       0.00 f
  Ip[1] (in)                                              0.00       0.00 f
  U10/Z (MUX2_X1)                                         0.06       0.06 f
  genblk2_layer_1_1__m1_layer/B (MUX2_0)                  0.00       0.06 f
  genblk2_layer_1_1__m1_layer/U1/Z (MUX2_X1)              0.06       0.12 f
  genblk2_layer_1_1__m1_layer/Y (MUX2_0)                  0.00       0.12 f
  Op[1] (out)                                             0.00       0.13 f
  data arrival time                                                  0.13
  --------------------------------------------------------------------------
  (Path is unconstrained)


  Startpoint: Ip[1] (input port)
  Endpoint: Op[1] (output port)
  Path Group: (none)
  Path Type: max

  Des/Clust/Port     Wire Load Model       Library
  ------------------------------------------------
  barrelShifter      5K_hvratio_1_1        NangateOpenCellLibrary

  Point                                                   Incr       Path
  --------------------------------------------------------------------------
  input external delay                                    0.00       0.00 f
  Ip[1] (in)                                              0.00       0.00 f
  U10/Z (MUX2_X1)                                         0.06       0.06 f
  genblk2_layer_1_1__m1_layer/B (MUX2_0)                  0.00       0.06 f
  genblk2_layer_1_1__m1_layer/U1/Z (MUX2_X1)              0.06       0.12 f
  genblk2_layer_1_1__m1_layer/Y (MUX2_0)                  0.00       0.12 f
  Op[1] (out)                                             0.00       0.13 f
  data arrival time                                                  0.13
  --------------------------------------------------------------------------
  (Path is unconstrained)


  Startpoint: Ip[0] (input port)
  Endpoint: Op[0] (output port)
  Path Group: (none)
  Path Type: max

  Des/Clust/Port     Wire Load Model       Library
  ------------------------------------------------
  barrelShifter      5K_hvratio_1_1        NangateOpenCellLibrary

  Point                                                   Incr       Path
  --------------------------------------------------------------------------
  input external delay                                    0.00       0.00 f
  Ip[0] (in)                                              0.00       0.00 f
  U11/Z (MUX2_X1)                                         0.06       0.06 f
  genblk2_layer_1_0__m1_layer/A (MUX2_1)                  0.00       0.06 f
  genblk2_layer_1_0__m1_layer/U1/Z (MUX2_X1)              0.06       0.12 f
  genblk2_layer_1_0__m1_layer/Y (MUX2_1)                  0.00       0.12 f
  Op[0] (out)                                             0.00       0.13 f
  data arrival time                                                  0.13
  --------------------------------------------------------------------------
  (Path is unconstrained)


  Startpoint: Ip[0] (input port)
  Endpoint: Op[0] (output port)
  Path Group: (none)
  Path Type: max

  Des/Clust/Port     Wire Load Model       Library
  ------------------------------------------------
  barrelShifter      5K_hvratio_1_1        NangateOpenCellLibrary

  Point                                                   Incr       Path
  --------------------------------------------------------------------------
  input external delay                                    0.00       0.00 f
  Ip[0] (in)                                              0.00       0.00 f
  U11/Z (MUX2_X1)                                         0.06       0.06 f
  genblk2_layer_1_0__m1_layer/A (MUX2_1)                  0.00       0.06 f
  genblk2_layer_1_0__m1_layer/U1/Z (MUX2_X1)              0.06       0.12 f
  genblk2_layer_1_0__m1_layer/Y (MUX2_1)                  0.00       0.12 f
  Op[0] (out)                                             0.00       0.13 f
  data arrival time                                                  0.13
  --------------------------------------------------------------------------
  (Path is unconstrained)


  Startpoint: Ip[0] (input port)
  Endpoint: Op[0] (output port)
  Path Group: (none)
  Path Type: max

  Des/Clust/Port     Wire Load Model       Library
  ------------------------------------------------
  barrelShifter      5K_hvratio_1_1        NangateOpenCellLibrary

  Point                                                   Incr       Path
  --------------------------------------------------------------------------
  input external delay                                    0.00       0.00 f
  Ip[0] (in)                                              0.00       0.00 f
  U11/Z (MUX2_X1)                                         0.06       0.06 f
  genblk2_layer_1_0__m1_layer/A (MUX2_1)                  0.00       0.06 f
  genblk2_layer_1_0__m1_layer/U1/Z (MUX2_X1)              0.06       0.12 f
  genblk2_layer_1_0__m1_layer/Y (MUX2_1)                  0.00       0.12 f
  Op[0] (out)                                             0.00       0.13 f
  data arrival time                                                  0.13
  --------------------------------------------------------------------------
  (Path is unconstrained)


  Startpoint: Ip[0] (input port)
  Endpoint: Op[0] (output port)
  Path Group: (none)
  Path Type: max

  Des/Clust/Port     Wire Load Model       Library
  ------------------------------------------------
  barrelShifter      5K_hvratio_1_1        NangateOpenCellLibrary

  Point                                                   Incr       Path
  --------------------------------------------------------------------------
  input external delay                                    0.00       0.00 f
  Ip[0] (in)                                              0.00       0.00 f
  U11/Z (MUX2_X1)                                         0.06       0.06 f
  genblk2_layer_1_0__m1_layer/A (MUX2_1)                  0.00       0.06 f
  genblk2_layer_1_0__m1_layer/U1/Z (MUX2_X1)              0.06       0.12 f
  genblk2_layer_1_0__m1_layer/Y (MUX2_1)                  0.00       0.12 f
  Op[0] (out)                                             0.00       0.13 f
  data arrival time                                                  0.13
  --------------------------------------------------------------------------
  (Path is unconstrained)


  Startpoint: shift_mag[2]
              (input port)
  Endpoint: Op[0] (output port)
  Path Group: (none)
  Path Type: max

  Des/Clust/Port     Wire Load Model       Library
  ------------------------------------------------
  barrelShifter      5K_hvratio_1_1        NangateOpenCellLibrary

  Point                                                   Incr       Path
  --------------------------------------------------------------------------
  input external delay                                    0.00       0.00 f
  shift_mag[2] (in)                                       0.00       0.00 f
  U9/ZN (NOR2_X1)                                         0.05       0.05 r
  genblk2_layer_1_0__m1_layer/sel (MUX2_1)                0.00       0.05 r
  genblk2_layer_1_0__m1_layer/U1/Z (MUX2_X1)              0.07       0.12 f
  genblk2_layer_1_0__m1_layer/Y (MUX2_1)                  0.00       0.12 f
  Op[0] (out)                                             0.00       0.13 f
  data arrival time                                                  0.13
  --------------------------------------------------------------------------
  (Path is unconstrained)


  Startpoint: shift_mag[2]
              (input port)
  Endpoint: Op[1] (output port)
  Path Group: (none)
  Path Type: max

  Des/Clust/Port     Wire Load Model       Library
  ------------------------------------------------
  barrelShifter      5K_hvratio_1_1        NangateOpenCellLibrary

  Point                                                   Incr       Path
  --------------------------------------------------------------------------
  input external delay                                    0.00       0.00 f
  shift_mag[2] (in)                                       0.00       0.00 f
  U9/ZN (NOR2_X1)                                         0.05       0.05 r
  genblk2_layer_1_1__m1_layer/sel (MUX2_0)                0.00       0.05 r
  genblk2_layer_1_1__m1_layer/U1/Z (MUX2_X1)              0.07       0.12 f
  genblk2_layer_1_1__m1_layer/Y (MUX2_0)                  0.00       0.12 f
  Op[1] (out)                                             0.00       0.13 f
  data arrival time                                                  0.13
  --------------------------------------------------------------------------
  (Path is unconstrained)


  Startpoint: shift_mag[4]
              (input port)
  Endpoint: Op[1] (output port)
  Path Group: (none)
  Path Type: max

  Des/Clust/Port     Wire Load Model       Library
  ------------------------------------------------
  barrelShifter      5K_hvratio_1_1        NangateOpenCellLibrary

  Point                                                   Incr       Path
  --------------------------------------------------------------------------
  input external delay                                    0.00       0.00 f
  shift_mag[4] (in)                                       0.00       0.00 f
  U10/Z (MUX2_X1)                                         0.06       0.06 f
  genblk2_layer_1_1__m1_layer/B (MUX2_0)                  0.00       0.06 f
  genblk2_layer_1_1__m1_layer/U1/Z (MUX2_X1)              0.06       0.12 f
  genblk2_layer_1_1__m1_layer/Y (MUX2_0)                  0.00       0.12 f
  Op[1] (out)                                             0.00       0.12 f
  data arrival time                                                  0.12
  --------------------------------------------------------------------------
  (Path is unconstrained)


  Startpoint: shift_mag[4]
              (input port)
  Endpoint: Op[1] (output port)
  Path Group: (none)
  Path Type: max

  Des/Clust/Port     Wire Load Model       Library
  ------------------------------------------------
  barrelShifter      5K_hvratio_1_1        NangateOpenCellLibrary

  Point                                                   Incr       Path
  --------------------------------------------------------------------------
  input external delay                                    0.00       0.00 f
  shift_mag[4] (in)                                       0.00       0.00 f
  U10/Z (MUX2_X1)                                         0.06       0.06 f
  genblk2_layer_1_1__m1_layer/B (MUX2_0)                  0.00       0.06 f
  genblk2_layer_1_1__m1_layer/U1/Z (MUX2_X1)              0.06       0.12 f
  genblk2_layer_1_1__m1_layer/Y (MUX2_0)                  0.00       0.12 f
  Op[1] (out)                                             0.00       0.12 f
  data arrival time                                                  0.12
  --------------------------------------------------------------------------
  (Path is unconstrained)


  Startpoint: shift_mag[4]
              (input port)
  Endpoint: Op[0] (output port)
  Path Group: (none)
  Path Type: max

  Des/Clust/Port     Wire Load Model       Library
  ------------------------------------------------
  barrelShifter      5K_hvratio_1_1        NangateOpenCellLibrary

  Point                                                   Incr       Path
  --------------------------------------------------------------------------
  input external delay                                    0.00       0.00 f
  shift_mag[4] (in)                                       0.00       0.00 f
  U11/Z (MUX2_X1)                                         0.06       0.06 f
  genblk2_layer_1_0__m1_layer/A (MUX2_1)                  0.00       0.06 f
  genblk2_layer_1_0__m1_layer/U1/Z (MUX2_X1)              0.06       0.12 f
  genblk2_layer_1_0__m1_layer/Y (MUX2_1)                  0.00       0.12 f
  Op[0] (out)                                             0.00       0.12 f
  data arrival time                                                  0.12
  --------------------------------------------------------------------------
  (Path is unconstrained)


  Startpoint: shift_mag[4]
              (input port)
  Endpoint: Op[0] (output port)
  Path Group: (none)
  Path Type: max

  Des/Clust/Port     Wire Load Model       Library
  ------------------------------------------------
  barrelShifter      5K_hvratio_1_1        NangateOpenCellLibrary

  Point                                                   Incr       Path
  --------------------------------------------------------------------------
  input external delay                                    0.00       0.00 f
  shift_mag[4] (in)                                       0.00       0.00 f
  U11/Z (MUX2_X1)                                         0.06       0.06 f
  genblk2_layer_1_0__m1_layer/A (MUX2_1)                  0.00       0.06 f
  genblk2_layer_1_0__m1_layer/U1/Z (MUX2_X1)              0.06       0.12 f
  genblk2_layer_1_0__m1_layer/Y (MUX2_1)                  0.00       0.12 f
  Op[0] (out)                                             0.00       0.12 f
  data arrival time                                                  0.12
  --------------------------------------------------------------------------
  (Path is unconstrained)


  Startpoint: shift_mag[3]
              (input port)
  Endpoint: Op[0] (output port)
  Path Group: (none)
  Path Type: max

  Des/Clust/Port     Wire Load Model       Library
  ------------------------------------------------
  barrelShifter      5K_hvratio_1_1        NangateOpenCellLibrary

  Point                                                   Incr       Path
  --------------------------------------------------------------------------
  input external delay                                    0.00       0.00 f
  shift_mag[3] (in)                                       0.00       0.00 f
  U9/ZN (NOR2_X1)                                         0.05       0.05 r
  genblk2_layer_1_0__m1_layer/sel (MUX2_1)                0.00       0.05 r
  genblk2_layer_1_0__m1_layer/U1/Z (MUX2_X1)              0.07       0.12 f
  genblk2_layer_1_0__m1_layer/Y (MUX2_1)                  0.00       0.12 f
  Op[0] (out)                                             0.00       0.12 f
  data arrival time                                                  0.12
  --------------------------------------------------------------------------
  (Path is unconstrained)


  Startpoint: shift_mag[3]
              (input port)
  Endpoint: Op[1] (output port)
  Path Group: (none)
  Path Type: max

  Des/Clust/Port     Wire Load Model       Library
  ------------------------------------------------
  barrelShifter      5K_hvratio_1_1        NangateOpenCellLibrary

  Point                                                   Incr       Path
  --------------------------------------------------------------------------
  input external delay                                    0.00       0.00 f
  shift_mag[3] (in)                                       0.00       0.00 f
  U9/ZN (NOR2_X1)                                         0.05       0.05 r
  genblk2_layer_1_1__m1_layer/sel (MUX2_0)                0.00       0.05 r
  genblk2_layer_1_1__m1_layer/U1/Z (MUX2_X1)              0.07       0.12 f
  genblk2_layer_1_1__m1_layer/Y (MUX2_0)                  0.00       0.12 f
  Op[1] (out)                                             0.00       0.12 f
  data arrival time                                                  0.12
  --------------------------------------------------------------------------
  (Path is unconstrained)


  Startpoint: shift_mag[2]
              (input port)
  Endpoint: Op[0] (output port)
  Path Group: (none)
  Path Type: max

  Des/Clust/Port     Wire Load Model       Library
  ------------------------------------------------
  barrelShifter      5K_hvratio_1_1        NangateOpenCellLibrary

  Point                                                   Incr       Path
  --------------------------------------------------------------------------
  input external delay                                    0.00       0.00 f
  shift_mag[2] (in)                                       0.00       0.00 f
  U9/ZN (NOR2_X1)                                         0.05       0.05 r
  genblk2_layer_1_0__m1_layer/sel (MUX2_1)                0.00       0.05 r
  genblk2_layer_1_0__m1_layer/U1/Z (MUX2_X1)              0.05       0.10 r
  genblk2_layer_1_0__m1_layer/Y (MUX2_1)                  0.00       0.10 r
  Op[0] (out)                                             0.00       0.10 r
  data arrival time                                                  0.10
  --------------------------------------------------------------------------
  (Path is unconstrained)


  Startpoint: shift_mag[2]
              (input port)
  Endpoint: Op[1] (output port)
  Path Group: (none)
  Path Type: max

  Des/Clust/Port     Wire Load Model       Library
  ------------------------------------------------
  barrelShifter      5K_hvratio_1_1        NangateOpenCellLibrary

  Point                                                   Incr       Path
  --------------------------------------------------------------------------
  input external delay                                    0.00       0.00 f
  shift_mag[2] (in)                                       0.00       0.00 f
  U9/ZN (NOR2_X1)                                         0.05       0.05 r
  genblk2_layer_1_1__m1_layer/sel (MUX2_0)                0.00       0.05 r
  genblk2_layer_1_1__m1_layer/U1/Z (MUX2_X1)              0.05       0.10 r
  genblk2_layer_1_1__m1_layer/Y (MUX2_0)                  0.00       0.10 r
  Op[1] (out)                                             0.00       0.10 r
  data arrival time                                                  0.10
  --------------------------------------------------------------------------
  (Path is unconstrained)


  Startpoint: shift_mag[4]
              (input port)
  Endpoint: Op[0] (output port)
  Path Group: (none)
  Path Type: max

  Des/Clust/Port     Wire Load Model       Library
  ------------------------------------------------
  barrelShifter      5K_hvratio_1_1        NangateOpenCellLibrary

  Point                                                   Incr       Path
  --------------------------------------------------------------------------
  input external delay                                    0.00       0.00 f
  shift_mag[4] (in)                                       0.00       0.00 f
  U11/Z (MUX2_X1)                                         0.06       0.06 r
  genblk2_layer_1_0__m1_layer/A (MUX2_1)                  0.00       0.06 r
  genblk2_layer_1_0__m1_layer/U1/Z (MUX2_X1)              0.04       0.10 r
  genblk2_layer_1_0__m1_layer/Y (MUX2_1)                  0.00       0.10 r
  Op[0] (out)                                             0.00       0.10 r
  data arrival time                                                  0.10
  --------------------------------------------------------------------------
  (Path is unconstrained)


  Startpoint: shift_mag[4]
              (input port)
  Endpoint: Op[0] (output port)
  Path Group: (none)
  Path Type: max

  Des/Clust/Port     Wire Load Model       Library
  ------------------------------------------------
  barrelShifter      5K_hvratio_1_1        NangateOpenCellLibrary

  Point                                                   Incr       Path
  --------------------------------------------------------------------------
  input external delay                                    0.00       0.00 f
  shift_mag[4] (in)                                       0.00       0.00 f
  U11/Z (MUX2_X1)                                         0.06       0.06 r
  genblk2_layer_1_0__m1_layer/A (MUX2_1)                  0.00       0.06 r
  genblk2_layer_1_0__m1_layer/U1/Z (MUX2_X1)              0.04       0.10 r
  genblk2_layer_1_0__m1_layer/Y (MUX2_1)                  0.00       0.10 r
  Op[0] (out)                                             0.00       0.10 r
  data arrival time                                                  0.10
  --------------------------------------------------------------------------
  (Path is unconstrained)


  Startpoint: shift_mag[4]
              (input port)
  Endpoint: Op[1] (output port)
  Path Group: (none)
  Path Type: max

  Des/Clust/Port     Wire Load Model       Library
  ------------------------------------------------
  barrelShifter      5K_hvratio_1_1        NangateOpenCellLibrary

  Point                                                   Incr       Path
  --------------------------------------------------------------------------
  input external delay                                    0.00       0.00 f
  shift_mag[4] (in)                                       0.00       0.00 f
  U10/Z (MUX2_X1)                                         0.06       0.06 r
  genblk2_layer_1_1__m1_layer/B (MUX2_0)                  0.00       0.06 r
  genblk2_layer_1_1__m1_layer/U1/Z (MUX2_X1)              0.04       0.10 r
  genblk2_layer_1_1__m1_layer/Y (MUX2_0)                  0.00       0.10 r
  Op[1] (out)                                             0.00       0.10 r
  data arrival time                                                  0.10
  --------------------------------------------------------------------------
  (Path is unconstrained)


  Startpoint: shift_mag[4]
              (input port)
  Endpoint: Op[1] (output port)
  Path Group: (none)
  Path Type: max

  Des/Clust/Port     Wire Load Model       Library
  ------------------------------------------------
  barrelShifter      5K_hvratio_1_1        NangateOpenCellLibrary

  Point                                                   Incr       Path
  --------------------------------------------------------------------------
  input external delay                                    0.00       0.00 f
  shift_mag[4] (in)                                       0.00       0.00 f
  U10/Z (MUX2_X1)                                         0.06       0.06 r
  genblk2_layer_1_1__m1_layer/B (MUX2_0)                  0.00       0.06 r
  genblk2_layer_1_1__m1_layer/U1/Z (MUX2_X1)              0.04       0.10 r
  genblk2_layer_1_1__m1_layer/Y (MUX2_0)                  0.00       0.10 r
  Op[1] (out)                                             0.00       0.10 r
  data arrival time                                                  0.10
  --------------------------------------------------------------------------
  (Path is unconstrained)


  Startpoint: shift_mag[3]
              (input port)
  Endpoint: Op[0] (output port)
  Path Group: (none)
  Path Type: max

  Des/Clust/Port     Wire Load Model       Library
  ------------------------------------------------
  barrelShifter      5K_hvratio_1_1        NangateOpenCellLibrary

  Point                                                   Incr       Path
  --------------------------------------------------------------------------
  input external delay                                    0.00       0.00 f
  shift_mag[3] (in)                                       0.00       0.00 f
  U9/ZN (NOR2_X1)                                         0.05       0.05 r
  genblk2_layer_1_0__m1_layer/sel (MUX2_1)                0.00       0.05 r
  genblk2_layer_1_0__m1_layer/U1/Z (MUX2_X1)              0.05       0.10 r
  genblk2_layer_1_0__m1_layer/Y (MUX2_1)                  0.00       0.10 r
  Op[0] (out)                                             0.00       0.10 r
  data arrival time                                                  0.10
  --------------------------------------------------------------------------
  (Path is unconstrained)


  Startpoint: shift_mag[3]
              (input port)
  Endpoint: Op[1] (output port)
  Path Group: (none)
  Path Type: max

  Des/Clust/Port     Wire Load Model       Library
  ------------------------------------------------
  barrelShifter      5K_hvratio_1_1        NangateOpenCellLibrary

  Point                                                   Incr       Path
  --------------------------------------------------------------------------
  input external delay                                    0.00       0.00 f
  shift_mag[3] (in)                                       0.00       0.00 f
  U9/ZN (NOR2_X1)                                         0.05       0.05 r
  genblk2_layer_1_1__m1_layer/sel (MUX2_0)                0.00       0.05 r
  genblk2_layer_1_1__m1_layer/U1/Z (MUX2_X1)              0.05       0.10 r
  genblk2_layer_1_1__m1_layer/Y (MUX2_0)                  0.00       0.10 r
  Op[1] (out)                                             0.00       0.10 r
  data arrival time                                                  0.10
  --------------------------------------------------------------------------
  (Path is unconstrained)


  Startpoint: shift_mag[4]
              (input port)
  Endpoint: Op[0] (output port)
  Path Group: (none)
  Path Type: max

  Des/Clust/Port     Wire Load Model       Library
  ------------------------------------------------
  barrelShifter      5K_hvratio_1_1        NangateOpenCellLibrary

  Point                                                   Incr       Path
  --------------------------------------------------------------------------
  input external delay                                    0.00       0.00 r
  shift_mag[4] (in)                                       0.00       0.00 r
  U11/Z (MUX2_X1)                                         0.04       0.04 r
  genblk2_layer_1_0__m1_layer/A (MUX2_1)                  0.00       0.04 r
  genblk2_layer_1_0__m1_layer/U1/Z (MUX2_X1)              0.04       0.08 r
  genblk2_layer_1_0__m1_layer/Y (MUX2_1)                  0.00       0.08 r
  Op[0] (out)                                             0.00       0.08 r
  data arrival time                                                  0.08
  --------------------------------------------------------------------------
  (Path is unconstrained)


  Startpoint: shift_mag[4]
              (input port)
  Endpoint: Op[0] (output port)
  Path Group: (none)
  Path Type: max

  Des/Clust/Port     Wire Load Model       Library
  ------------------------------------------------
  barrelShifter      5K_hvratio_1_1        NangateOpenCellLibrary

  Point                                                   Incr       Path
  --------------------------------------------------------------------------
  input external delay                                    0.00       0.00 r
  shift_mag[4] (in)                                       0.00       0.00 r
  U11/Z (MUX2_X1)                                         0.04       0.04 r
  genblk2_layer_1_0__m1_layer/A (MUX2_1)                  0.00       0.04 r
  genblk2_layer_1_0__m1_layer/U1/Z (MUX2_X1)              0.04       0.08 r
  genblk2_layer_1_0__m1_layer/Y (MUX2_1)                  0.00       0.08 r
  Op[0] (out)                                             0.00       0.08 r
  data arrival time                                                  0.08
  --------------------------------------------------------------------------
  (Path is unconstrained)


  Startpoint: Ip[0] (input port)
  Endpoint: Op[0] (output port)
  Path Group: (none)
  Path Type: max

  Des/Clust/Port     Wire Load Model       Library
  ------------------------------------------------
  barrelShifter      5K_hvratio_1_1        NangateOpenCellLibrary

  Point                                                   Incr       Path
  --------------------------------------------------------------------------
  input external delay                                    0.00       0.00 r
  Ip[0] (in)                                              0.00       0.00 r
  U11/Z (MUX2_X1)                                         0.04       0.04 r
  genblk2_layer_1_0__m1_layer/A (MUX2_1)                  0.00       0.04 r
  genblk2_layer_1_0__m1_layer/U1/Z (MUX2_X1)              0.04       0.08 r
  genblk2_layer_1_0__m1_layer/Y (MUX2_1)                  0.00       0.08 r
  Op[0] (out)                                             0.00       0.08 r
  data arrival time                                                  0.08
  --------------------------------------------------------------------------
  (Path is unconstrained)


  Startpoint: Ip[0] (input port)
  Endpoint: Op[0] (output port)
  Path Group: (none)
  Path Type: max

  Des/Clust/Port     Wire Load Model       Library
  ------------------------------------------------
  barrelShifter      5K_hvratio_1_1        NangateOpenCellLibrary

  Point                                                   Incr       Path
  --------------------------------------------------------------------------
  input external delay                                    0.00       0.00 r
  Ip[0] (in)                                              0.00       0.00 r
  U11/Z (MUX2_X1)                                         0.04       0.04 r
  genblk2_layer_1_0__m1_layer/A (MUX2_1)                  0.00       0.04 r
  genblk2_layer_1_0__m1_layer/U1/Z (MUX2_X1)              0.04       0.08 r
  genblk2_layer_1_0__m1_layer/Y (MUX2_1)                  0.00       0.08 r
  Op[0] (out)                                             0.00       0.08 r
  data arrival time                                                  0.08
  --------------------------------------------------------------------------
  (Path is unconstrained)


  Startpoint: Ip[0] (input port)
  Endpoint: Op[0] (output port)
  Path Group: (none)
  Path Type: max

  Des/Clust/Port     Wire Load Model       Library
  ------------------------------------------------
  barrelShifter      5K_hvratio_1_1        NangateOpenCellLibrary

  Point                                                   Incr       Path
  --------------------------------------------------------------------------
  input external delay                                    0.00       0.00 r
  Ip[0] (in)                                              0.00       0.00 r
  U11/Z (MUX2_X1)                                         0.04       0.04 r
  genblk2_layer_1_0__m1_layer/A (MUX2_1)                  0.00       0.04 r
  genblk2_layer_1_0__m1_layer/U1/Z (MUX2_X1)              0.04       0.08 r
  genblk2_layer_1_0__m1_layer/Y (MUX2_1)                  0.00       0.08 r
  Op[0] (out)                                             0.00       0.08 r
  data arrival time                                                  0.08
  --------------------------------------------------------------------------
  (Path is unconstrained)


  Startpoint: Ip[0] (input port)
  Endpoint: Op[0] (output port)
  Path Group: (none)
  Path Type: max

  Des/Clust/Port     Wire Load Model       Library
  ------------------------------------------------
  barrelShifter      5K_hvratio_1_1        NangateOpenCellLibrary

  Point                                                   Incr       Path
  --------------------------------------------------------------------------
  input external delay                                    0.00       0.00 r
  Ip[0] (in)                                              0.00       0.00 r
  U11/Z (MUX2_X1)                                         0.04       0.04 r
  genblk2_layer_1_0__m1_layer/A (MUX2_1)                  0.00       0.04 r
  genblk2_layer_1_0__m1_layer/U1/Z (MUX2_X1)              0.04       0.08 r
  genblk2_layer_1_0__m1_layer/Y (MUX2_1)                  0.00       0.08 r
  Op[0] (out)                                             0.00       0.08 r
  data arrival time                                                  0.08
  --------------------------------------------------------------------------
  (Path is unconstrained)


  Startpoint: shift_mag[4]
              (input port)
  Endpoint: Op[1] (output port)
  Path Group: (none)
  Path Type: max

  Des/Clust/Port     Wire Load Model       Library
  ------------------------------------------------
  barrelShifter      5K_hvratio_1_1        NangateOpenCellLibrary

  Point                                                   Incr       Path
  --------------------------------------------------------------------------
  input external delay                                    0.00       0.00 r
  shift_mag[4] (in)                                       0.00       0.00 r
  U10/Z (MUX2_X1)                                         0.04       0.04 r
  genblk2_layer_1_1__m1_layer/B (MUX2_0)                  0.00       0.04 r
  genblk2_layer_1_1__m1_layer/U1/Z (MUX2_X1)              0.04       0.08 r
  genblk2_layer_1_1__m1_layer/Y (MUX2_0)                  0.00       0.08 r
  Op[1] (out)                                             0.00       0.08 r
  data arrival time                                                  0.08
  --------------------------------------------------------------------------
  (Path is unconstrained)


  Startpoint: shift_mag[4]
              (input port)
  Endpoint: Op[1] (output port)
  Path Group: (none)
  Path Type: max

  Des/Clust/Port     Wire Load Model       Library
  ------------------------------------------------
  barrelShifter      5K_hvratio_1_1        NangateOpenCellLibrary

  Point                                                   Incr       Path
  --------------------------------------------------------------------------
  input external delay                                    0.00       0.00 r
  shift_mag[4] (in)                                       0.00       0.00 r
  U10/Z (MUX2_X1)                                         0.04       0.04 r
  genblk2_layer_1_1__m1_layer/B (MUX2_0)                  0.00       0.04 r
  genblk2_layer_1_1__m1_layer/U1/Z (MUX2_X1)              0.04       0.08 r
  genblk2_layer_1_1__m1_layer/Y (MUX2_0)                  0.00       0.08 r
  Op[1] (out)                                             0.00       0.08 r
  data arrival time                                                  0.08
  --------------------------------------------------------------------------
  (Path is unconstrained)


  Startpoint: shift_mag[2]
              (input port)
  Endpoint: Op[0] (output port)
  Path Group: (none)
  Path Type: max

  Des/Clust/Port     Wire Load Model       Library
  ------------------------------------------------
  barrelShifter      5K_hvratio_1_1        NangateOpenCellLibrary

  Point                                                   Incr       Path
  --------------------------------------------------------------------------
  input external delay                                    0.00       0.00 r
  shift_mag[2] (in)                                       0.00       0.00 r
  U9/ZN (NOR2_X1)                                         0.02       0.02 f
  genblk2_layer_1_0__m1_layer/sel (MUX2_1)                0.00       0.02 f
  genblk2_layer_1_0__m1_layer/U1/Z (MUX2_X1)              0.06       0.08 r
  genblk2_layer_1_0__m1_layer/Y (MUX2_1)                  0.00       0.08 r
  Op[0] (out)                                             0.00       0.08 r
  data arrival time                                                  0.08
  --------------------------------------------------------------------------
  (Path is unconstrained)


  Startpoint: shift_mag[2]
              (input port)
  Endpoint: Op[1] (output port)
  Path Group: (none)
  Path Type: max

  Des/Clust/Port     Wire Load Model       Library
  ------------------------------------------------
  barrelShifter      5K_hvratio_1_1        NangateOpenCellLibrary

  Point                                                   Incr       Path
  --------------------------------------------------------------------------
  input external delay                                    0.00       0.00 r
  shift_mag[2] (in)                                       0.00       0.00 r
  U9/ZN (NOR2_X1)                                         0.02       0.02 f
  genblk2_layer_1_1__m1_layer/sel (MUX2_0)                0.00       0.02 f
  genblk2_layer_1_1__m1_layer/U1/Z (MUX2_X1)              0.06       0.08 r
  genblk2_layer_1_1__m1_layer/Y (MUX2_0)                  0.00       0.08 r
  Op[1] (out)                                             0.00       0.08 r
  data arrival time                                                  0.08
  --------------------------------------------------------------------------
  (Path is unconstrained)


  Startpoint: Ip[1] (input port)
  Endpoint: Op[1] (output port)
  Path Group: (none)
  Path Type: max

  Des/Clust/Port     Wire Load Model       Library
  ------------------------------------------------
  barrelShifter      5K_hvratio_1_1        NangateOpenCellLibrary

  Point                                                   Incr       Path
  --------------------------------------------------------------------------
  input external delay                                    0.00       0.00 r
  Ip[1] (in)                                              0.00       0.00 r
  U10/Z (MUX2_X1)                                         0.04       0.04 r
  genblk2_layer_1_1__m1_layer/B (MUX2_0)                  0.00       0.04 r
  genblk2_layer_1_1__m1_layer/U1/Z (MUX2_X1)              0.04       0.08 r
  genblk2_layer_1_1__m1_layer/Y (MUX2_0)                  0.00       0.08 r
  Op[1] (out)                                             0.00       0.08 r
  data arrival time                                                  0.08
  --------------------------------------------------------------------------
  (Path is unconstrained)


  Startpoint: Ip[1] (input port)
  Endpoint: Op[1] (output port)
  Path Group: (none)
  Path Type: max

  Des/Clust/Port     Wire Load Model       Library
  ------------------------------------------------
  barrelShifter      5K_hvratio_1_1        NangateOpenCellLibrary

  Point                                                   Incr       Path
  --------------------------------------------------------------------------
  input external delay                                    0.00       0.00 r
  Ip[1] (in)                                              0.00       0.00 r
  U10/Z (MUX2_X1)                                         0.04       0.04 r
  genblk2_layer_1_1__m1_layer/B (MUX2_0)                  0.00       0.04 r
  genblk2_layer_1_1__m1_layer/U1/Z (MUX2_X1)              0.04       0.08 r
  genblk2_layer_1_1__m1_layer/Y (MUX2_0)                  0.00       0.08 r
  Op[1] (out)                                             0.00       0.08 r
  data arrival time                                                  0.08
  --------------------------------------------------------------------------
  (Path is unconstrained)


  Startpoint: Ip[1] (input port)
  Endpoint: Op[1] (output port)
  Path Group: (none)
  Path Type: max

  Des/Clust/Port     Wire Load Model       Library
  ------------------------------------------------
  barrelShifter      5K_hvratio_1_1        NangateOpenCellLibrary

  Point                                                   Incr       Path
  --------------------------------------------------------------------------
  input external delay                                    0.00       0.00 r
  Ip[1] (in)                                              0.00       0.00 r
  U10/Z (MUX2_X1)                                         0.04       0.04 r
  genblk2_layer_1_1__m1_layer/B (MUX2_0)                  0.00       0.04 r
  genblk2_layer_1_1__m1_layer/U1/Z (MUX2_X1)              0.04       0.08 r
  genblk2_layer_1_1__m1_layer/Y (MUX2_0)                  0.00       0.08 r
  Op[1] (out)                                             0.00       0.08 r
  data arrival time                                                  0.08
  --------------------------------------------------------------------------
  (Path is unconstrained)


  Startpoint: Ip[1] (input port)
  Endpoint: Op[1] (output port)
  Path Group: (none)
  Path Type: max

  Des/Clust/Port     Wire Load Model       Library
  ------------------------------------------------
  barrelShifter      5K_hvratio_1_1        NangateOpenCellLibrary

  Point                                                   Incr       Path
  --------------------------------------------------------------------------
  input external delay                                    0.00       0.00 r
  Ip[1] (in)                                              0.00       0.00 r
  U10/Z (MUX2_X1)                                         0.04       0.04 r
  genblk2_layer_1_1__m1_layer/B (MUX2_0)                  0.00       0.04 r
  genblk2_layer_1_1__m1_layer/U1/Z (MUX2_X1)              0.04       0.08 r
  genblk2_layer_1_1__m1_layer/Y (MUX2_0)                  0.00       0.08 r
  Op[1] (out)                                             0.00       0.08 r
  data arrival time                                                  0.08
  --------------------------------------------------------------------------
  (Path is unconstrained)


  Startpoint: Ip[1] (input port)
  Endpoint: Op[0] (output port)
  Path Group: (none)
  Path Type: max

  Des/Clust/Port     Wire Load Model       Library
  ------------------------------------------------
  barrelShifter      5K_hvratio_1_1        NangateOpenCellLibrary

  Point                                                   Incr       Path
  --------------------------------------------------------------------------
  input external delay                                    0.00       0.00 r
  Ip[1] (in)                                              0.00       0.00 r
  U11/Z (MUX2_X1)                                         0.04       0.04 r
  genblk2_layer_1_0__m1_layer/A (MUX2_1)                  0.00       0.04 r
  genblk2_layer_1_0__m1_layer/U1/Z (MUX2_X1)              0.04       0.08 r
  genblk2_layer_1_0__m1_layer/Y (MUX2_1)                  0.00       0.08 r
  Op[0] (out)                                             0.00       0.08 r
  data arrival time                                                  0.08
  --------------------------------------------------------------------------
  (Path is unconstrained)


  Startpoint: Ip[1] (input port)
  Endpoint: Op[0] (output port)
  Path Group: (none)
  Path Type: max

  Des/Clust/Port     Wire Load Model       Library
  ------------------------------------------------
  barrelShifter      5K_hvratio_1_1        NangateOpenCellLibrary

  Point                                                   Incr       Path
  --------------------------------------------------------------------------
  input external delay                                    0.00       0.00 r
  Ip[1] (in)                                              0.00       0.00 r
  U11/Z (MUX2_X1)                                         0.04       0.04 r
  genblk2_layer_1_0__m1_layer/A (MUX2_1)                  0.00       0.04 r
  genblk2_layer_1_0__m1_layer/U1/Z (MUX2_X1)              0.04       0.08 r
  genblk2_layer_1_0__m1_layer/Y (MUX2_1)                  0.00       0.08 r
  Op[0] (out)                                             0.00       0.08 r
  data arrival time                                                  0.08
  --------------------------------------------------------------------------
  (Path is unconstrained)


  Startpoint: Ip[1] (input port)
  Endpoint: Op[0] (output port)
  Path Group: (none)
  Path Type: max

  Des/Clust/Port     Wire Load Model       Library
  ------------------------------------------------
  barrelShifter      5K_hvratio_1_1        NangateOpenCellLibrary

  Point                                                   Incr       Path
  --------------------------------------------------------------------------
  input external delay                                    0.00       0.00 r
  Ip[1] (in)                                              0.00       0.00 r
  U11/Z (MUX2_X1)                                         0.04       0.04 r
  genblk2_layer_1_0__m1_layer/A (MUX2_1)                  0.00       0.04 r
  genblk2_layer_1_0__m1_layer/U1/Z (MUX2_X1)              0.04       0.08 r
  genblk2_layer_1_0__m1_layer/Y (MUX2_1)                  0.00       0.08 r
  Op[0] (out)                                             0.00       0.08 r
  data arrival time                                                  0.08
  --------------------------------------------------------------------------
  (Path is unconstrained)


  Startpoint: Ip[1] (input port)
  Endpoint: Op[0] (output port)
  Path Group: (none)
  Path Type: max

  Des/Clust/Port     Wire Load Model       Library
  ------------------------------------------------
  barrelShifter      5K_hvratio_1_1        NangateOpenCellLibrary

  Point                                                   Incr       Path
  --------------------------------------------------------------------------
  input external delay                                    0.00       0.00 r
  Ip[1] (in)                                              0.00       0.00 r
  U11/Z (MUX2_X1)                                         0.04       0.04 r
  genblk2_layer_1_0__m1_layer/A (MUX2_1)                  0.00       0.04 r
  genblk2_layer_1_0__m1_layer/U1/Z (MUX2_X1)              0.04       0.08 r
  genblk2_layer_1_0__m1_layer/Y (MUX2_1)                  0.00       0.08 r
  Op[0] (out)                                             0.00       0.08 r
  data arrival time                                                  0.08
  --------------------------------------------------------------------------
  (Path is unconstrained)


  Startpoint: shift_mag[3]
              (input port)
  Endpoint: Op[0] (output port)
  Path Group: (none)
  Path Type: max

  Des/Clust/Port     Wire Load Model       Library
  ------------------------------------------------
  barrelShifter      5K_hvratio_1_1        NangateOpenCellLibrary

  Point                                                   Incr       Path
  --------------------------------------------------------------------------
  input external delay                                    0.00       0.00 r
  shift_mag[3] (in)                                       0.00       0.00 r
  U9/ZN (NOR2_X1)                                         0.02       0.02 f
  genblk2_layer_1_0__m1_layer/sel (MUX2_1)                0.00       0.02 f
  genblk2_layer_1_0__m1_layer/U1/Z (MUX2_X1)              0.06       0.08 r
  genblk2_layer_1_0__m1_layer/Y (MUX2_1)                  0.00       0.08 r
  Op[0] (out)                                             0.00       0.08 r
  data arrival time                                                  0.08
  --------------------------------------------------------------------------
  (Path is unconstrained)


  Startpoint: shift_mag[3]
              (input port)
  Endpoint: Op[1] (output port)
  Path Group: (none)
  Path Type: max

  Des/Clust/Port     Wire Load Model       Library
  ------------------------------------------------
  barrelShifter      5K_hvratio_1_1        NangateOpenCellLibrary

  Point                                                   Incr       Path
  --------------------------------------------------------------------------
  input external delay                                    0.00       0.00 r
  shift_mag[3] (in)                                       0.00       0.00 r
  U9/ZN (NOR2_X1)                                         0.02       0.02 f
  genblk2_layer_1_1__m1_layer/sel (MUX2_0)                0.00       0.02 f
  genblk2_layer_1_1__m1_layer/U1/Z (MUX2_X1)              0.06       0.08 r
  genblk2_layer_1_1__m1_layer/Y (MUX2_0)                  0.00       0.08 r
  Op[1] (out)                                             0.00       0.08 r
  data arrival time                                                  0.08
  --------------------------------------------------------------------------
  (Path is unconstrained)


  Startpoint: Ip[0] (input port)
  Endpoint: Op[1] (output port)
  Path Group: (none)
  Path Type: max

  Des/Clust/Port     Wire Load Model       Library
  ------------------------------------------------
  barrelShifter      5K_hvratio_1_1        NangateOpenCellLibrary

  Point                                                   Incr       Path
  --------------------------------------------------------------------------
  input external delay                                    0.00       0.00 r
  Ip[0] (in)                                              0.00       0.00 r
  U10/Z (MUX2_X1)                                         0.04       0.04 r
  genblk2_layer_1_1__m1_layer/B (MUX2_0)                  0.00       0.04 r
  genblk2_layer_1_1__m1_layer/U1/Z (MUX2_X1)              0.04       0.08 r
  genblk2_layer_1_1__m1_layer/Y (MUX2_0)                  0.00       0.08 r
  Op[1] (out)                                             0.00       0.08 r
  data arrival time                                                  0.08
  --------------------------------------------------------------------------
  (Path is unconstrained)


  Startpoint: Ip[0] (input port)
  Endpoint: Op[1] (output port)
  Path Group: (none)
  Path Type: max

  Des/Clust/Port     Wire Load Model       Library
  ------------------------------------------------
  barrelShifter      5K_hvratio_1_1        NangateOpenCellLibrary

  Point                                                   Incr       Path
  --------------------------------------------------------------------------
  input external delay                                    0.00       0.00 r
  Ip[0] (in)                                              0.00       0.00 r
  U10/Z (MUX2_X1)                                         0.04       0.04 r
  genblk2_layer_1_1__m1_layer/B (MUX2_0)                  0.00       0.04 r
  genblk2_layer_1_1__m1_layer/U1/Z (MUX2_X1)              0.04       0.08 r
  genblk2_layer_1_1__m1_layer/Y (MUX2_0)                  0.00       0.08 r
  Op[1] (out)                                             0.00       0.08 r
  data arrival time                                                  0.08
  --------------------------------------------------------------------------
  (Path is unconstrained)


  Startpoint: Ip[0] (input port)
  Endpoint: Op[1] (output port)
  Path Group: (none)
  Path Type: max

  Des/Clust/Port     Wire Load Model       Library
  ------------------------------------------------
  barrelShifter      5K_hvratio_1_1        NangateOpenCellLibrary

  Point                                                   Incr       Path
  --------------------------------------------------------------------------
  input external delay                                    0.00       0.00 r
  Ip[0] (in)                                              0.00       0.00 r
  U10/Z (MUX2_X1)                                         0.04       0.04 r
  genblk2_layer_1_1__m1_layer/B (MUX2_0)                  0.00       0.04 r
  genblk2_layer_1_1__m1_layer/U1/Z (MUX2_X1)              0.04       0.08 r
  genblk2_layer_1_1__m1_layer/Y (MUX2_0)                  0.00       0.08 r
  Op[1] (out)                                             0.00       0.08 r
  data arrival time                                                  0.08
  --------------------------------------------------------------------------
  (Path is unconstrained)


  Startpoint: Ip[0] (input port)
  Endpoint: Op[1] (output port)
  Path Group: (none)
  Path Type: max

  Des/Clust/Port     Wire Load Model       Library
  ------------------------------------------------
  barrelShifter      5K_hvratio_1_1        NangateOpenCellLibrary

  Point                                                   Incr       Path
  --------------------------------------------------------------------------
  input external delay                                    0.00       0.00 r
  Ip[0] (in)                                              0.00       0.00 r
  U10/Z (MUX2_X1)                                         0.04       0.04 r
  genblk2_layer_1_1__m1_layer/B (MUX2_0)                  0.00       0.04 r
  genblk2_layer_1_1__m1_layer/U1/Z (MUX2_X1)              0.04       0.08 r
  genblk2_layer_1_1__m1_layer/Y (MUX2_0)                  0.00       0.08 r
  Op[1] (out)                                             0.00       0.08 r
  data arrival time                                                  0.08
  --------------------------------------------------------------------------
  (Path is unconstrained)


  Startpoint: shift_mag[2]
              (input port)
  Endpoint: Op[0] (output port)
  Path Group: (none)
  Path Type: max

  Des/Clust/Port     Wire Load Model       Library
  ------------------------------------------------
  barrelShifter      5K_hvratio_1_1        NangateOpenCellLibrary

  Point                                                   Incr       Path
  --------------------------------------------------------------------------
  input external delay                                    0.00       0.00 r
  shift_mag[2] (in)                                       0.00       0.00 r
  U9/ZN (NOR2_X1)                                         0.02       0.02 f
  genblk2_layer_1_0__m1_layer/sel (MUX2_1)                0.00       0.02 f
  genblk2_layer_1_0__m1_layer/U1/Z (MUX2_X1)              0.06       0.08 f
  genblk2_layer_1_0__m1_layer/Y (MUX2_1)                  0.00       0.08 f
  Op[0] (out)                                             0.00       0.08 f
  data arrival time                                                  0.08
  --------------------------------------------------------------------------
  (Path is unconstrained)


  Startpoint: shift_mag[2]
              (input port)
  Endpoint: Op[1] (output port)
  Path Group: (none)
  Path Type: max

  Des/Clust/Port     Wire Load Model       Library
  ------------------------------------------------
  barrelShifter      5K_hvratio_1_1        NangateOpenCellLibrary

  Point                                                   Incr       Path
  --------------------------------------------------------------------------
  input external delay                                    0.00       0.00 r
  shift_mag[2] (in)                                       0.00       0.00 r
  U9/ZN (NOR2_X1)                                         0.02       0.02 f
  genblk2_layer_1_1__m1_layer/sel (MUX2_0)                0.00       0.02 f
  genblk2_layer_1_1__m1_layer/U1/Z (MUX2_X1)              0.06       0.08 f
  genblk2_layer_1_1__m1_layer/Y (MUX2_0)                  0.00       0.08 f
  Op[1] (out)                                             0.00       0.08 f
  data arrival time                                                  0.08
  --------------------------------------------------------------------------
  (Path is unconstrained)


  Startpoint: shift_mag[3]
              (input port)
  Endpoint: Op[0] (output port)
  Path Group: (none)
  Path Type: max

  Des/Clust/Port     Wire Load Model       Library
  ------------------------------------------------
  barrelShifter      5K_hvratio_1_1        NangateOpenCellLibrary

  Point                                                   Incr       Path
  --------------------------------------------------------------------------
  input external delay                                    0.00       0.00 r
  shift_mag[3] (in)                                       0.00       0.00 r
  U9/ZN (NOR2_X1)                                         0.02       0.02 f
  genblk2_layer_1_0__m1_layer/sel (MUX2_1)                0.00       0.02 f
  genblk2_layer_1_0__m1_layer/U1/Z (MUX2_X1)              0.06       0.08 f
  genblk2_layer_1_0__m1_layer/Y (MUX2_1)                  0.00       0.08 f
  Op[0] (out)                                             0.00       0.08 f
  data arrival time                                                  0.08
  --------------------------------------------------------------------------
  (Path is unconstrained)


  Startpoint: shift_mag[3]
              (input port)
  Endpoint: Op[1] (output port)
  Path Group: (none)
  Path Type: max

  Des/Clust/Port     Wire Load Model       Library
  ------------------------------------------------
  barrelShifter      5K_hvratio_1_1        NangateOpenCellLibrary

  Point                                                   Incr       Path
  --------------------------------------------------------------------------
  input external delay                                    0.00       0.00 r
  shift_mag[3] (in)                                       0.00       0.00 r
  U9/ZN (NOR2_X1)                                         0.02       0.02 f
  genblk2_layer_1_1__m1_layer/sel (MUX2_0)                0.00       0.02 f
  genblk2_layer_1_1__m1_layer/U1/Z (MUX2_X1)              0.06       0.08 f
  genblk2_layer_1_1__m1_layer/Y (MUX2_0)                  0.00       0.08 f
  Op[1] (out)                                             0.00       0.08 f
  data arrival time                                                  0.08
  --------------------------------------------------------------------------
  (Path is unconstrained)


  Startpoint: Ip[0] (input port)
  Endpoint: Op[0] (output port)
  Path Group: (none)
  Path Type: max

  Des/Clust/Port     Wire Load Model       Library
  ------------------------------------------------
  barrelShifter      5K_hvratio_1_1        NangateOpenCellLibrary

  Point                                                   Incr       Path
  --------------------------------------------------------------------------
  input external delay                                    0.00       0.00 f
  Ip[0] (in)                                              0.00       0.00 f
  genblk2_layer_1_0__m1_layer/B (MUX2_1)                  0.00       0.00 f
  genblk2_layer_1_0__m1_layer/U1/Z (MUX2_X1)              0.06       0.06 f
  genblk2_layer_1_0__m1_layer/Y (MUX2_1)                  0.00       0.06 f
  Op[0] (out)                                             0.00       0.06 f
  data arrival time                                                  0.06
  --------------------------------------------------------------------------
  (Path is unconstrained)


  Startpoint: Ip[0] (input port)
  Endpoint: Op[0] (output port)
  Path Group: (none)
  Path Type: max

  Des/Clust/Port     Wire Load Model       Library
  ------------------------------------------------
  barrelShifter      5K_hvratio_1_1        NangateOpenCellLibrary

  Point                                                   Incr       Path
  --------------------------------------------------------------------------
  input external delay                                    0.00       0.00 f
  Ip[0] (in)                                              0.00       0.00 f
  genblk2_layer_1_0__m1_layer/B (MUX2_1)                  0.00       0.00 f
  genblk2_layer_1_0__m1_layer/U1/Z (MUX2_X1)              0.06       0.06 f
  genblk2_layer_1_0__m1_layer/Y (MUX2_1)                  0.00       0.06 f
  Op[0] (out)                                             0.00       0.06 f
  data arrival time                                                  0.06
  --------------------------------------------------------------------------
  (Path is unconstrained)


  Startpoint: Ip[1] (input port)
  Endpoint: Op[1] (output port)
  Path Group: (none)
  Path Type: max

  Des/Clust/Port     Wire Load Model       Library
  ------------------------------------------------
  barrelShifter      5K_hvratio_1_1        NangateOpenCellLibrary

  Point                                                   Incr       Path
  --------------------------------------------------------------------------
  input external delay                                    0.00       0.00 f
  Ip[1] (in)                                              0.00       0.00 f
  genblk2_layer_1_1__m1_layer/A (MUX2_0)                  0.00       0.00 f
  genblk2_layer_1_1__m1_layer/U1/Z (MUX2_X1)              0.06       0.06 f
  genblk2_layer_1_1__m1_layer/Y (MUX2_0)                  0.00       0.06 f
  Op[1] (out)                                             0.00       0.06 f
  data arrival time                                                  0.06
  --------------------------------------------------------------------------
  (Path is unconstrained)


  Startpoint: Ip[1] (input port)
  Endpoint: Op[1] (output port)
  Path Group: (none)
  Path Type: max

  Des/Clust/Port     Wire Load Model       Library
  ------------------------------------------------
  barrelShifter      5K_hvratio_1_1        NangateOpenCellLibrary

  Point                                                   Incr       Path
  --------------------------------------------------------------------------
  input external delay                                    0.00       0.00 f
  Ip[1] (in)                                              0.00       0.00 f
  genblk2_layer_1_1__m1_layer/A (MUX2_0)                  0.00       0.00 f
  genblk2_layer_1_1__m1_layer/U1/Z (MUX2_X1)              0.06       0.06 f
  genblk2_layer_1_1__m1_layer/Y (MUX2_0)                  0.00       0.06 f
  Op[1] (out)                                             0.00       0.06 f
  data arrival time                                                  0.06
  --------------------------------------------------------------------------
  (Path is unconstrained)


  Startpoint: Ip[1] (input port)
  Endpoint: Op[1] (output port)
  Path Group: (none)
  Path Type: max

  Des/Clust/Port     Wire Load Model       Library
  ------------------------------------------------
  barrelShifter      5K_hvratio_1_1        NangateOpenCellLibrary

  Point                                                   Incr       Path
  --------------------------------------------------------------------------
  input external delay                                    0.00       0.00 r
  Ip[1] (in)                                              0.00       0.00 r
  genblk2_layer_1_1__m1_layer/A (MUX2_0)                  0.00       0.00 r
  genblk2_layer_1_1__m1_layer/U1/Z (MUX2_X1)              0.04       0.04 r
  genblk2_layer_1_1__m1_layer/Y (MUX2_0)                  0.00       0.04 r
  Op[1] (out)                                             0.00       0.04 r
  data arrival time                                                  0.04
  --------------------------------------------------------------------------
  (Path is unconstrained)


  Startpoint: Ip[1] (input port)
  Endpoint: Op[1] (output port)
  Path Group: (none)
  Path Type: max

  Des/Clust/Port     Wire Load Model       Library
  ------------------------------------------------
  barrelShifter      5K_hvratio_1_1        NangateOpenCellLibrary

  Point                                                   Incr       Path
  --------------------------------------------------------------------------
  input external delay                                    0.00       0.00 r
  Ip[1] (in)                                              0.00       0.00 r
  genblk2_layer_1_1__m1_layer/A (MUX2_0)                  0.00       0.00 r
  genblk2_layer_1_1__m1_layer/U1/Z (MUX2_X1)              0.04       0.04 r
  genblk2_layer_1_1__m1_layer/Y (MUX2_0)                  0.00       0.04 r
  Op[1] (out)                                             0.00       0.04 r
  data arrival time                                                  0.04
  --------------------------------------------------------------------------
  (Path is unconstrained)


  Startpoint: Ip[0] (input port)
  Endpoint: Op[0] (output port)
  Path Group: (none)
  Path Type: max

  Des/Clust/Port     Wire Load Model       Library
  ------------------------------------------------
  barrelShifter      5K_hvratio_1_1        NangateOpenCellLibrary

  Point                                                   Incr       Path
  --------------------------------------------------------------------------
  input external delay                                    0.00       0.00 r
  Ip[0] (in)                                              0.00       0.00 r
  genblk2_layer_1_0__m1_layer/B (MUX2_1)                  0.00       0.00 r
  genblk2_layer_1_0__m1_layer/U1/Z (MUX2_X1)              0.04       0.04 r
  genblk2_layer_1_0__m1_layer/Y (MUX2_1)                  0.00       0.04 r
  Op[0] (out)                                             0.00       0.04 r
  data arrival time                                                  0.04
  --------------------------------------------------------------------------
  (Path is unconstrained)


  Startpoint: Ip[0] (input port)
  Endpoint: Op[0] (output port)
  Path Group: (none)
  Path Type: max

  Des/Clust/Port     Wire Load Model       Library
  ------------------------------------------------
  barrelShifter      5K_hvratio_1_1        NangateOpenCellLibrary

  Point                                                   Incr       Path
  --------------------------------------------------------------------------
  input external delay                                    0.00       0.00 r
  Ip[0] (in)                                              0.00       0.00 r
  genblk2_layer_1_0__m1_layer/B (MUX2_1)                  0.00       0.00 r
  genblk2_layer_1_0__m1_layer/U1/Z (MUX2_X1)              0.04       0.04 r
  genblk2_layer_1_0__m1_layer/Y (MUX2_1)                  0.00       0.04 r
  Op[0] (out)                                             0.00       0.04 r
  data arrival time                                                  0.04
  --------------------------------------------------------------------------
  (Path is unconstrained)


1
