 
****************************************
Report : area
Design : regShifter
Version: P-2019.03
Date   : Tue Apr 26 23:39:07 2022
****************************************

Library(s) Used:

    NangateOpenCellLibrary (File: /afs/andrew.cmu.edu/course/18/743/backend/45nm_Nangate/pdk_v1.3_v2010_12/NangateOpenCellLibrary_PDKv1_3_v2010_12/Front_End/Liberty/NLDM/NangateOpenCellLibrary_typical.db)

Number of ports:                          421
Number of nets:                          1750
Number of cells:                         1391
Number of combinational cells:           1324
Number of sequential cells:                64
Number of macros/black boxes:               0
Number of buf/inv:                        351
Number of references:                      25

Combinational area:               1507.688003
Buf/Inv area:                      193.116001
Noncombinational area:             391.552002
Macro/Black Box area:                0.000000
Net Interconnect area:      undefined  (Wire load has zero net area)

Total cell area:                  1899.240005
Total area:                 undefined

Hierarchical area distribution
------------------------------

                                  Global cell area          Local cell area
                                  ------------------  ---------------------------- 
Hierarchical cell                 Absolute   Percent  Combi-     Noncombi-  Black-
                                  Total      Total    national   national   boxes   Design
--------------------------------  ---------  -------  ---------  ---------  ------  -----------------------
regShifter                        1899.2400    100.0  1170.9320   391.5520  0.0000  regShifter
genblk1_OneHot_2_binary            299.7820     15.8   299.7820     0.0000  0.0000  encoder_MAX_SHIFT_MAG64
r311                                36.9740      1.9    36.9740     0.0000  0.0000  regShifter_DW01_sub_0
--------------------------------  ---------  -------  ---------  ---------  ------  -----------------------
Total                                                 1507.6880   391.5520  0.0000

1
