Loading db file '/afs/andrew.cmu.edu/course/18/743/backend/45nm_Nangate/pdk_v1.3_v2010_12/NangateOpenCellLibrary_PDKv1_3_v2010_12/Front_End/Liberty/NLDM/NangateOpenCellLibrary_typical.db'
Information: Propagating switching activity (low effort zero delay simulation). (PWR-6)
Warning: There is no defined clock in the design. (PWR-80)
Warning: Design has unannotated primary inputs. (PWR-414)
Warning: Design has unannotated sequential cell outputs. (PWR-415)
 
****************************************
Report : power
        -analysis_effort low
Design : regShifter
Version: P-2019.03
Date   : Tue Apr 26 23:36:46 2022
****************************************


Library(s) Used:

    NangateOpenCellLibrary (File: /afs/andrew.cmu.edu/course/18/743/backend/45nm_Nangate/pdk_v1.3_v2010_12/NangateOpenCellLibrary_PDKv1_3_v2010_12/Front_End/Liberty/NLDM/NangateOpenCellLibrary_typical.db)


Operating Conditions: typical   Library: NangateOpenCellLibrary
Wire Load Model Mode: top

Design        Wire Load Model            Library
------------------------------------------------
regShifter             5K_hvratio_1_1    NangateOpenCellLibrary


Global Operating Voltage = 1.1  
Power-specific unit information :
    Voltage Units = 1V
    Capacitance Units = 1.000000ff
    Time Units = 1ns
    Dynamic Power Units = 1uW    (derived from V,C,T units)
    Leakage Power Units = 1nW


  Cell Internal Power  =  59.3518 uW   (48%)
  Net Switching Power  =  64.1522 uW   (52%)
                         ---------
Total Dynamic Power    = 123.5039 uW  (100%)

Cell Leakage Power     =   6.9197 uW

Information: report_power power group summary does not include estimated clock tree power. (PWR-789)

                 Internal         Switching           Leakage            Total
Power Group      Power            Power               Power              Power   (   %    )  Attrs
--------------------------------------------------------------------------------------------------
io_pad             0.0000            0.0000            0.0000            0.0000  (   0.00%)
memory             0.0000            0.0000            0.0000            0.0000  (   0.00%)
black_box          0.0000            0.0000            0.0000            0.0000  (   0.00%)
clock_network      0.0000            0.0000            0.0000            0.0000  (   0.00%)
register           0.0000            0.0000            0.0000            0.0000  (   0.00%)
sequential        10.0244        4.2496e-02        1.5193e+03           11.5861  (   8.88%)
combinational     49.3274           64.1097        5.4004e+03          118.8375  (  91.12%)
--------------------------------------------------------------------------------------------------
Total             59.3517 uW        64.1522 uW     6.9197e+03 nW       130.4236 uW
1
