 
****************************************
Report : area
Design : regShifter
Version: P-2019.03
Date   : Tue Apr 26 23:40:20 2022
****************************************

Library(s) Used:

    NangateOpenCellLibrary (File: /afs/andrew.cmu.edu/course/18/743/backend/45nm_Nangate/pdk_v1.3_v2010_12/NangateOpenCellLibrary_PDKv1_3_v2010_12/Front_End/Liberty/NLDM/NangateOpenCellLibrary_typical.db)

Number of ports:                          809
Number of nets:                          4009
Number of cells:                         3325
Number of combinational cells:           3194
Number of sequential cells:               128
Number of macros/black boxes:               0
Number of buf/inv:                       1023
Number of references:                      28

Combinational area:               3544.982008
Buf/Inv area:                      599.298000
Noncombinational area:             783.104004
Macro/Black Box area:                0.000000
Net Interconnect area:      undefined  (Wire load has zero net area)

Total cell area:                  4328.086012
Total area:                 undefined

Hierarchical area distribution
------------------------------

                                  Global cell area          Local cell area
                                  ------------------  ---------------------------- 
Hierarchical cell                 Absolute   Percent  Combi-     Noncombi-  Black-
                                  Total      Total    national   national   boxes   Design
--------------------------------  ---------  -------  ---------  ---------  ------  ------------------------
regShifter                        4328.0860    100.0  2897.2720   783.1040  0.0000  regShifter
genblk1_OneHot_2_binary            603.2880     13.9   603.2880     0.0000  0.0000  encoder_MAX_SHIFT_MAG128
r311                                44.4220      1.0    44.4220     0.0000  0.0000  regShifter_DW01_sub_0
--------------------------------  ---------  -------  ---------  ---------  ------  ------------------------
Total                                                 3544.9820   783.1040  0.0000

1
