 
****************************************
Report : area
Design : regShifter
Version: P-2019.03
Date   : Tue Apr 26 23:35:29 2022
****************************************

Library(s) Used:

    NangateOpenCellLibrary (File: /afs/andrew.cmu.edu/course/18/743/backend/45nm_Nangate/pdk_v1.3_v2010_12/NangateOpenCellLibrary_PDKv1_3_v2010_12/Front_End/Liberty/NLDM/NangateOpenCellLibrary_typical.db)

Number of ports:                           25
Number of nets:                            57
Number of cells:                           41
Number of combinational cells:             32
Number of sequential cells:                 8
Number of macros/black boxes:               0
Number of buf/inv:                         12
Number of references:                       8

Combinational area:                 39.634000
Buf/Inv area:                        6.650000
Noncombinational area:              48.944000
Macro/Black Box area:                0.000000
Net Interconnect area:      undefined  (Wire load has zero net area)

Total cell area:                    88.578000
Total area:                 undefined

Hierarchical area distribution
------------------------------

                                  Global cell area          Local cell area
                                  ------------------  --------------------------- 
Hierarchical cell                 Absolute   Percent  Combi-    Noncombi-  Black-
                                  Total      Total    national  national   boxes   Design
--------------------------------  ---------  -------  --------  ---------  ------  ----------------------
regShifter                          88.5780    100.0   36.4420    48.9440  0.0000  regShifter
genblk1_OneHot_2_binary              3.1920      3.6    3.1920     0.0000  0.0000  encoder_MAX_SHIFT_MAG1
--------------------------------  ---------  -------  --------  ---------  ------  ----------------------
Total                                                  39.6340    48.9440  0.0000

1
