 
****************************************
Report : area
Design : regShifter
Version: P-2019.03
Date   : Tue Apr 26 23:34:51 2022
****************************************

Library(s) Used:

    NangateOpenCellLibrary (File: /afs/andrew.cmu.edu/course/18/743/backend/45nm_Nangate/pdk_v1.3_v2010_12/NangateOpenCellLibrary_PDKv1_3_v2010_12/Front_End/Liberty/NLDM/NangateOpenCellLibrary_typical.db)

Number of ports:                           22
Number of nets:                            61
Number of cells:                           44
Number of combinational cells:             39
Number of sequential cells:                 4
Number of macros/black boxes:               0
Number of buf/inv:                         11
Number of references:                      12

Combinational area:                 37.506000
Buf/Inv area:                        6.118000
Noncombinational area:              18.087999
Macro/Black Box area:                0.000000
Net Interconnect area:      undefined  (Wire load has zero net area)

Total cell area:                    55.593999
Total area:                 undefined

Hierarchical area distribution
------------------------------

                                  Global cell area          Local cell area
                                  ------------------  --------------------------- 
Hierarchical cell                 Absolute   Percent  Combi-    Noncombi-  Black-
                                  Total      Total    national  national   boxes   Design
--------------------------------  ---------  -------  --------  ---------  ------  ----------------------
regShifter                          55.5940    100.0   31.1220    18.0880  0.0000  regShifter
genblk1_OneHot_2_binary              6.3840     11.5    6.3840     0.0000  0.0000  encoder_MAX_SHIFT_MAG2
--------------------------------  ---------  -------  --------  ---------  ------  ----------------------
Total                                                  37.5060    18.0880  0.0000

1
