 
****************************************
Report : area
Design : regShifter
Version: P-2019.03
Date   : Tue Apr 26 23:35:48 2022
****************************************

Library(s) Used:

    NangateOpenCellLibrary (File: /afs/andrew.cmu.edu/course/18/743/backend/45nm_Nangate/pdk_v1.3_v2010_12/NangateOpenCellLibrary_PDKv1_3_v2010_12/Front_End/Liberty/NLDM/NangateOpenCellLibrary_typical.db)

Number of ports:                           39
Number of nets:                           132
Number of cells:                          102
Number of combinational cells:             93
Number of sequential cells:                 8
Number of macros/black boxes:               0
Number of buf/inv:                         21
Number of references:                      17

Combinational area:                 98.154000
Buf/Inv area:                       11.438000
Noncombinational area:              48.944000
Macro/Black Box area:                0.000000
Net Interconnect area:      undefined  (Wire load has zero net area)

Total cell area:                   147.098000
Total area:                 undefined

Hierarchical area distribution
------------------------------

                                  Global cell area          Local cell area
                                  ------------------  --------------------------- 
Hierarchical cell                 Absolute   Percent  Combi-    Noncombi-  Black-
                                  Total      Total    national  national   boxes   Design
--------------------------------  ---------  -------  --------  ---------  ------  ----------------------
regShifter                         147.0980    100.0   83.5240    48.9440  0.0000  regShifter
genblk1_OneHot_2_binary             14.6300      9.9   14.6300     0.0000  0.0000  encoder_MAX_SHIFT_MAG4
--------------------------------  ---------  -------  --------  ---------  ------  ----------------------
Total                                                  98.1540    48.9440  0.0000

1
