 
****************************************
Report : area
Design : regShifter
Version: P-2019.03
Date   : Tue Apr 26 23:36:07 2022
****************************************

Library(s) Used:

    NangateOpenCellLibrary (File: /afs/andrew.cmu.edu/course/18/743/backend/45nm_Nangate/pdk_v1.3_v2010_12/NangateOpenCellLibrary_PDKv1_3_v2010_12/Front_End/Liberty/NLDM/NangateOpenCellLibrary_typical.db)

Number of ports:                           56
Number of nets:                           180
Number of cells:                          133
Number of combinational cells:            124
Number of sequential cells:                 8
Number of macros/black boxes:               0
Number of buf/inv:                         36
Number of references:                      19

Combinational area:                121.030000
Buf/Inv area:                       19.418000
Noncombinational area:              48.944000
Macro/Black Box area:                0.000000
Net Interconnect area:      undefined  (Wire load has zero net area)

Total cell area:                   169.974000
Total area:                 undefined

Hierarchical area distribution
------------------------------

                                  Global cell area          Local cell area
                                  ------------------  --------------------------- 
Hierarchical cell                 Absolute   Percent  Combi-    Noncombi-  Black-
                                  Total      Total    national  national   boxes   Design
--------------------------------  ---------  -------  --------  ---------  ------  ----------------------
regShifter                         169.9740    100.0   88.5780    48.9440  0.0000  regShifter
genblk1_OneHot_2_binary             32.4520     19.1   32.4520     0.0000  0.0000  encoder_MAX_SHIFT_MAG8
--------------------------------  ---------  -------  --------  ---------  ------  ----------------------
Total                                                 121.0300    48.9440  0.0000

1
