Chronologic VCS simulator copyright 1991-2015
Contains Synopsys proprietary information.
Compiler version K-2015.09_Full64; Runtime version K-2015.09_Full64;  Apr 11 16:09 2022
VCD+ Writer K-2015.09_Full64 Copyright (c) 1991-2015 by Synopsys Inc.
The file '/afs/andrew.cmu.edu/usr13/aeega/private/18743/743_final_proj/inter.vpd' was opened successfully.
Ip is 00000001
Op is 00000000
$finish called from file "combShifter_tb.sv", line 45.
$finish at simulation time               335000
Simulation complete, time is 335000 ps.
Chronologic VCS simulator copyright 1991-2015
Contains Synopsys proprietary information.
Compiler version K-2015.09_Full64; Runtime version K-2015.09_Full64;  Apr 11 16:10 2022
VCD+ Writer K-2015.09_Full64 Copyright (c) 1991-2015 by Synopsys Inc.
The file '/afs/andrew.cmu.edu/usr13/aeega/private/18743/743_final_proj/inter.vpd' was opened successfully.
Ip is 00000001
Op is 00000000
$finish called from file "combShifter_tb.sv", line 45.
$finish at simulation time               335000
Simulation complete, time is 335000 ps.
Chronologic VCS simulator copyright 1991-2015
Contains Synopsys proprietary information.
Compiler version K-2015.09_Full64; Runtime version K-2015.09_Full64;  Apr 11 16:13 2022
VCD+ Writer K-2015.09_Full64 Copyright (c) 1991-2015 by Synopsys Inc.
The file '/afs/andrew.cmu.edu/usr13/aeega/private/18743/743_final_proj/inter.vpd' was opened successfully.
Ip is 00000001
Op is 00000000
$finish called from file "combShifter_tb.sv", line 45.
$finish at simulation time               335000
Simulation complete, time is 335000 ps.
Warning: [AD-MD] Missing dump for active drivers
  Missing dump for the following signals when doing active drivers analysis:
      * combShifter_tb.mut.Ip from time 115000
      * combShifter_tb.mut.shift_mag from time 115000
  Some drivers couldn't be analyzed and will be shown as active.
  Please dump the listed signals if you need more precise active drivers 
  analysis.
ui/dve/libraries/syn/generic.sdb'
1 driver (1 possibly active statement) found for signal: combShifter_tb.mut.and_out_msb[2]
Warning: [AD-MD] Missing dump for active drivers
  Missing dump for the following signals when doing active drivers analysis:
      * combShifter_tb.mut.Ip from time 110000
      * combShifter_tb.mut.shift_mag from time 110000
  Some drivers couldn't be analyzed and will be shown as active.
  Please dump the listed signals if you need more precise active drivers 
  analysis.
1 driver (1 possibly active statement) found for signal: combShifter_tb.mut.and_out_msb[2]
Warning: [AD-MD] Missing dump for active drivers
  Missing dump for the following signals when doing active drivers analysis:
      * combShifter_tb.mut.Ip from time 110000
      * combShifter_tb.mut.shift_mag from time 110000
  Some drivers couldn't be analyzed and will be shown as active.
  Please dump the listed signals if you need more precise active drivers 
  analysis.
2 drivers (1 possibly active statement) found for signal: combShifter_tb.mut.and_out_msb[0:4]
           V C S   S i m u l a t i o n   R e p o r t 
Time: 335000 ps
CPU Time:      0.560 seconds;       Data structure size:   0.0Mb
Mon Apr 11 16:23:40 2022
