21:06:47    16 -->                                                             [tcl] ucliGUI::connect -toolargs -ucligui -toolexe ./simv -pid 20730 -toolin /tmp/vcs_20220414010645_20729_aeega..stdin -toolout /tmp/vcs_20220414010645_20729_aeega..stdout  
21:06:47    17 -->                                                                 [tcl] set ucliGUI::state
21:06:47    18 -->                                                                     [tcl] gui_update_simulator_buttons
21:06:48    19 -->                                                                         [tcl] set ucliGUI::state
21:06:48    20 -->                                                                             [tcl] ucliCore::getToolPID
21:06:48    21 -->                                                                                 [tcl] synopsys::env hasTB
21:06:48    22 -->                                                                                     [tcl] trigger_hier_stack_context_switch 0
21:06:48    23 -->                                                                                         [tcl] synUtils::setDVEInitPhase 1
21:06:48    24 -->                                                                                             [tcl] gui_get_env SIMSETUP::SIMVPD
21:06:48    25 --> ...  [tcl] synopsys::dump -type VPD -file /afs/andrew.cmu.edu/usr13/aeega/private/18743/743_final_proj/inter.vpd -locking
21:06:48    26 --> ...      [tcl] synopsys::dump -autoflush on -fid VPD0
21:06:48    27 --> ...          [tcl] set ::dve_fid VPD0
21:06:48    28 --> ...              [tcl] synUtils::setDVEInitPhase 0
21:06:48    29 --> ...                  [tcl] ucliCore::getToolPID
21:06:48    30 --> ...                      [tcl] synUtils::sendTool -active _icl_setToolSocket /tmp/smlnpbOrGkS
21:06:48    31 --> ...                          [tcl] synUtils::sendTool -active {_icl_start_rpc -version "K-2015.09_Full64" -sync_file /tmp/vcs_dve_rpc.aeega.20730}
21:06:48    32 --> ...                              [tcl] synUtils::sendTool -active {_icl_createSharedMemory /tmp/vcs_dve_general.aeega.20730}
21:06:48    33 --> ...                                  [tcl] dveMisc::vbusExpand combShifter_tb
21:06:48    34 --> ...                                      [tcl] config endofsim noexit
21:06:48    35 --> ...                                          [tcl] config onfail enable all
21:06:48    36 --> ...                                              [tcl] config syscaddplainmembers
21:06:48    37 --> ...                                                  [tcl] config syscaddsourcenames
21:06:48    38 --> ...                                                      [tcl] config syscaddstructtypes
21:06:48    39 --> ...                                                          [tcl] synopsys::listing -disable
21:06:52    40 --> ...                                                              [tcl] synopsys::dump -add {combShifter_tb} -scope "." -depth 1 -fid VPD0
21:06:54    41 --> ...                                                                  [tcl] synopsys::run
21:06:54    42 --> ...                                                                      [tcl] set ucliGUI::state
21:06:54    43 --> ...                                                                          [tcl] set ucliGUI::state
21:06:54    44 --> ...                                                                              [tcl] set ucliGUI::state
21:06:54    45 --> ...                                                                                  [tcl] set ucliGUI::state
21:06:54    46 --> ...                                                                                      [tcl] catch {senv activeDomain} dveMisc::result 
21:06:54    47 --> ...                                                                                          [tcl] set dveMisc::result
21:06:54    48 --> ...                                                                                              [tcl] gui_update_simulator_buttons
21:07:45    49 --> ...                                                                                                  [tcl] if [catch {gui_sim_terminate}] {gui_sim_terminate -kill}
21:07:45    50 --> ...  [tcl] synopsys::finish
21:07:45    51 --> ...      [tcl] set ucliGUI::state
21:07:46    52 --> ...          [tcl] set ucliGUI::state
21:07:46    53 --> ...              [tcl] catch {senv activeDomain} dveMisc::result 
21:07:46    54 --> ...                  [tcl] set dveMisc::result
21:07:46    55 --> ...                      [tcl] gui_update_simulator_buttons
21:07:46    56 --> ...                          [tcl] catch {senv activeDomain} dveMisc::result 
21:07:46    57 --> ...                              [tcl] set dveMisc::result
21:07:46    58 --> ...                                  [tcl] ucli_exit
