Loading db file '/afs/andrew.cmu.edu/course/18/743/backend/45nm_Nangate/pdk_v1.3_v2010_12/NangateOpenCellLibrary_PDKv1_3_v2010_12/Front_End/Liberty/NLDM/NangateOpenCellLibrary_typical.db'
Information: Propagating switching activity (low effort zero delay simulation). (PWR-6)
Warning: There is no defined clock in the design. (PWR-80)
Warning: Design has unannotated primary inputs. (PWR-414)
 
****************************************
Report : power
        -analysis_effort low
Design : barrelShifter
Version: P-2019.03
Date   : Tue Apr 26 22:10:17 2022
****************************************


Library(s) Used:

    NangateOpenCellLibrary (File: /afs/andrew.cmu.edu/course/18/743/backend/45nm_Nangate/pdk_v1.3_v2010_12/NangateOpenCellLibrary_PDKv1_3_v2010_12/Front_End/Liberty/NLDM/NangateOpenCellLibrary_typical.db)


Operating Conditions: typical   Library: NangateOpenCellLibrary
Wire Load Model Mode: top

Design        Wire Load Model            Library
------------------------------------------------
barrelShifter          5K_hvratio_1_1    NangateOpenCellLibrary


Global Operating Voltage = 1.1  
Power-specific unit information :
    Voltage Units = 1V
    Capacitance Units = 1.000000ff
    Time Units = 1ns
    Dynamic Power Units = 1uW    (derived from V,C,T units)
    Leakage Power Units = 1nW


  Cell Internal Power  =   1.9913 uW   (72%)
  Net Switching Power  = 790.0708 nW   (28%)
                         ---------
Total Dynamic Power    =   2.7814 uW  (100%)

Cell Leakage Power     = 162.9178 nW

Information: report_power power group summary does not include estimated clock tree power. (PWR-789)

                 Internal         Switching           Leakage            Total
Power Group      Power            Power               Power              Power   (   %    )  Attrs
--------------------------------------------------------------------------------------------------
io_pad             0.0000            0.0000            0.0000            0.0000  (   0.00%)
memory             0.0000            0.0000            0.0000            0.0000  (   0.00%)
black_box          0.0000            0.0000            0.0000            0.0000  (   0.00%)
clock_network      0.0000            0.0000            0.0000            0.0000  (   0.00%)
register           0.0000            0.0000            0.0000            0.0000  (   0.00%)
sequential         0.0000            0.0000            0.0000            0.0000  (   0.00%)
combinational      1.9913            0.7901          162.9178            2.9443  ( 100.00%)
--------------------------------------------------------------------------------------------------
Total              1.9913 uW         0.7901 uW       162.9178 nW         2.9443 uW
1
