 
****************************************
Report : area
Design : barrelShifter
Version: P-2019.03
Date   : Tue Apr 26 22:22:44 2022
****************************************

Library(s) Used:

    NangateOpenCellLibrary (File: /afs/andrew.cmu.edu/course/18/743/backend/45nm_Nangate/pdk_v1.3_v2010_12/NangateOpenCellLibrary_PDKv1_3_v2010_12/Front_End/Liberty/NLDM/NangateOpenCellLibrary_typical.db)

Number of ports:                         1054
Number of nets:                          5620
Number of cells:                         5070
Number of combinational cells:           4940
Number of sequential cells:                 0
Number of macros/black boxes:               0
Number of buf/inv:                        901
Number of references:                     158

Combinational area:               6480.026014
Buf/Inv area:                      575.091995
Noncombinational area:               0.000000
Macro/Black Box area:                0.000000
Net Interconnect area:      undefined  (Wire load has zero net area)

Total cell area:                  6480.026014
Total area:                 undefined

Hierarchical area distribution
------------------------------

                                  Global cell area          Local cell area
                                  ------------------  ---------------------------- 
Hierarchical cell                 Absolute   Percent  Combi-     Noncombi-  Black-
                                  Total      Total    national   national   boxes   Design
--------------------------------  ---------  -------  ---------  ---------  ------  ------------------------
barrelShifter                     6480.0260    100.0  6204.7160     0.0000  0.0000  barrelShifter
genblk2_layer_1_0__m1_layer          1.8620      0.0     1.8620     0.0000  0.0000  MUX2_127
genblk2_layer_1_100__m1_layer        1.8620      0.0     1.8620     0.0000  0.0000  MUX2_27
genblk2_layer_1_101__m1_layer        1.8620      0.0     1.8620     0.0000  0.0000  MUX2_26
genblk2_layer_1_102__m1_layer        1.8620      0.0     1.8620     0.0000  0.0000  MUX2_25
genblk2_layer_1_103__m1_layer        1.8620      0.0     1.8620     0.0000  0.0000  MUX2_24
genblk2_layer_1_104__m1_layer        1.8620      0.0     1.8620     0.0000  0.0000  MUX2_23
genblk2_layer_1_105__m1_layer        1.8620      0.0     1.8620     0.0000  0.0000  MUX2_22
genblk2_layer_1_106__m1_layer        1.8620      0.0     1.8620     0.0000  0.0000  MUX2_21
genblk2_layer_1_107__m1_layer        1.8620      0.0     1.8620     0.0000  0.0000  MUX2_20
genblk2_layer_1_108__m1_layer        1.8620      0.0     1.8620     0.0000  0.0000  MUX2_19
genblk2_layer_1_109__m1_layer        1.8620      0.0     1.8620     0.0000  0.0000  MUX2_18
genblk2_layer_1_10__m1_layer         1.8620      0.0     1.8620     0.0000  0.0000  MUX2_117
genblk2_layer_1_110__m1_layer        1.8620      0.0     1.8620     0.0000  0.0000  MUX2_17
genblk2_layer_1_111__m1_layer        1.8620      0.0     1.8620     0.0000  0.0000  MUX2_16
genblk2_layer_1_112__m1_layer        1.8620      0.0     1.8620     0.0000  0.0000  MUX2_15
genblk2_layer_1_113__m1_layer        1.8620      0.0     1.8620     0.0000  0.0000  MUX2_14
genblk2_layer_1_114__m1_layer        1.8620      0.0     1.8620     0.0000  0.0000  MUX2_13
genblk2_layer_1_115__m1_layer        1.8620      0.0     1.8620     0.0000  0.0000  MUX2_12
genblk2_layer_1_116__m1_layer        1.8620      0.0     1.8620     0.0000  0.0000  MUX2_11
genblk2_layer_1_117__m1_layer        1.8620      0.0     1.8620     0.0000  0.0000  MUX2_10
genblk2_layer_1_118__m1_layer        1.8620      0.0     1.8620     0.0000  0.0000  MUX2_9
genblk2_layer_1_119__m1_layer        1.8620      0.0     1.8620     0.0000  0.0000  MUX2_8
genblk2_layer_1_11__m1_layer         1.8620      0.0     1.8620     0.0000  0.0000  MUX2_116
genblk2_layer_1_120__m1_layer        1.8620      0.0     1.8620     0.0000  0.0000  MUX2_7
genblk2_layer_1_121__m1_layer        1.8620      0.0     1.8620     0.0000  0.0000  MUX2_6
genblk2_layer_1_122__m1_layer        1.8620      0.0     1.8620     0.0000  0.0000  MUX2_5
genblk2_layer_1_123__m1_layer        1.8620      0.0     1.8620     0.0000  0.0000  MUX2_4
genblk2_layer_1_124__m1_layer        1.8620      0.0     1.8620     0.0000  0.0000  MUX2_3
genblk2_layer_1_125__m1_layer        1.8620      0.0     1.8620     0.0000  0.0000  MUX2_2
genblk2_layer_1_126__m1_layer        1.8620      0.0     1.8620     0.0000  0.0000  MUX2_1
genblk2_layer_1_127__m1_layer        1.8620      0.0     1.8620     0.0000  0.0000  MUX2_0
genblk2_layer_1_12__m1_layer         1.8620      0.0     1.8620     0.0000  0.0000  MUX2_115
genblk2_layer_1_13__m1_layer         1.8620      0.0     1.8620     0.0000  0.0000  MUX2_114
genblk2_layer_1_14__m1_layer         1.8620      0.0     1.8620     0.0000  0.0000  MUX2_113
genblk2_layer_1_15__m1_layer         1.8620      0.0     1.8620     0.0000  0.0000  MUX2_112
genblk2_layer_1_16__m1_layer         1.8620      0.0     1.8620     0.0000  0.0000  MUX2_111
genblk2_layer_1_17__m1_layer         1.8620      0.0     1.8620     0.0000  0.0000  MUX2_110
genblk2_layer_1_18__m1_layer         1.8620      0.0     1.8620     0.0000  0.0000  MUX2_109
genblk2_layer_1_19__m1_layer         1.8620      0.0     1.8620     0.0000  0.0000  MUX2_108
genblk2_layer_1_1__m1_layer          1.8620      0.0     1.8620     0.0000  0.0000  MUX2_126
genblk2_layer_1_20__m1_layer         1.8620      0.0     1.8620     0.0000  0.0000  MUX2_107
genblk2_layer_1_21__m1_layer         1.8620      0.0     1.8620     0.0000  0.0000  MUX2_106
genblk2_layer_1_22__m1_layer         1.8620      0.0     1.8620     0.0000  0.0000  MUX2_105
genblk2_layer_1_23__m1_layer         1.8620      0.0     1.8620     0.0000  0.0000  MUX2_104
genblk2_layer_1_24__m1_layer         1.8620      0.0     1.8620     0.0000  0.0000  MUX2_103
genblk2_layer_1_25__m1_layer         1.8620      0.0     1.8620     0.0000  0.0000  MUX2_102
genblk2_layer_1_26__m1_layer         1.8620      0.0     1.8620     0.0000  0.0000  MUX2_101
genblk2_layer_1_27__m1_layer         1.8620      0.0     1.8620     0.0000  0.0000  MUX2_100
genblk2_layer_1_28__m1_layer         1.8620      0.0     1.8620     0.0000  0.0000  MUX2_99
genblk2_layer_1_29__m1_layer         1.8620      0.0     1.8620     0.0000  0.0000  MUX2_98
genblk2_layer_1_2__m1_layer          1.8620      0.0     1.8620     0.0000  0.0000  MUX2_125
genblk2_layer_1_30__m1_layer         1.8620      0.0     1.8620     0.0000  0.0000  MUX2_97
genblk2_layer_1_31__m1_layer         1.8620      0.0     1.8620     0.0000  0.0000  MUX2_96
genblk2_layer_1_32__m1_layer         1.8620      0.0     1.8620     0.0000  0.0000  MUX2_95
genblk2_layer_1_33__m1_layer         1.8620      0.0     1.8620     0.0000  0.0000  MUX2_94
genblk2_layer_1_34__m1_layer         1.8620      0.0     1.8620     0.0000  0.0000  MUX2_93
genblk2_layer_1_35__m1_layer         1.8620      0.0     1.8620     0.0000  0.0000  MUX2_92
genblk2_layer_1_36__m1_layer         1.8620      0.0     1.8620     0.0000  0.0000  MUX2_91
genblk2_layer_1_37__m1_layer         1.8620      0.0     1.8620     0.0000  0.0000  MUX2_90
genblk2_layer_1_38__m1_layer         1.8620      0.0     1.8620     0.0000  0.0000  MUX2_89
genblk2_layer_1_39__m1_layer         1.8620      0.0     1.8620     0.0000  0.0000  MUX2_88
genblk2_layer_1_3__m1_layer          1.8620      0.0     1.8620     0.0000  0.0000  MUX2_124
genblk2_layer_1_40__m1_layer         1.8620      0.0     1.8620     0.0000  0.0000  MUX2_87
genblk2_layer_1_41__m1_layer         1.8620      0.0     1.8620     0.0000  0.0000  MUX2_86
genblk2_layer_1_42__m1_layer         1.8620      0.0     1.8620     0.0000  0.0000  MUX2_85
genblk2_layer_1_43__m1_layer         1.8620      0.0     1.8620     0.0000  0.0000  MUX2_84
genblk2_layer_1_44__m1_layer         1.8620      0.0     1.8620     0.0000  0.0000  MUX2_83
genblk2_layer_1_45__m1_layer         1.8620      0.0     1.8620     0.0000  0.0000  MUX2_82
genblk2_layer_1_46__m1_layer         1.8620      0.0     1.8620     0.0000  0.0000  MUX2_81
genblk2_layer_1_47__m1_layer         1.8620      0.0     1.8620     0.0000  0.0000  MUX2_80
genblk2_layer_1_48__m1_layer         1.8620      0.0     1.8620     0.0000  0.0000  MUX2_79
genblk2_layer_1_49__m1_layer         1.8620      0.0     1.8620     0.0000  0.0000  MUX2_78
genblk2_layer_1_4__m1_layer          1.8620      0.0     1.8620     0.0000  0.0000  MUX2_123
genblk2_layer_1_50__m1_layer         1.8620      0.0     1.8620     0.0000  0.0000  MUX2_77
genblk2_layer_1_51__m1_layer         1.8620      0.0     1.8620     0.0000  0.0000  MUX2_76
genblk2_layer_1_52__m1_layer         1.8620      0.0     1.8620     0.0000  0.0000  MUX2_75
genblk2_layer_1_53__m1_layer         1.8620      0.0     1.8620     0.0000  0.0000  MUX2_74
genblk2_layer_1_54__m1_layer         1.8620      0.0     1.8620     0.0000  0.0000  MUX2_73
genblk2_layer_1_55__m1_layer         1.8620      0.0     1.8620     0.0000  0.0000  MUX2_72
genblk2_layer_1_56__m1_layer         1.8620      0.0     1.8620     0.0000  0.0000  MUX2_71
genblk2_layer_1_57__m1_layer         1.8620      0.0     1.8620     0.0000  0.0000  MUX2_70
genblk2_layer_1_58__m1_layer         1.8620      0.0     1.8620     0.0000  0.0000  MUX2_69
genblk2_layer_1_59__m1_layer         1.8620      0.0     1.8620     0.0000  0.0000  MUX2_68
genblk2_layer_1_5__m1_layer          1.8620      0.0     1.8620     0.0000  0.0000  MUX2_122
genblk2_layer_1_60__m1_layer         1.8620      0.0     1.8620     0.0000  0.0000  MUX2_67
genblk2_layer_1_61__m1_layer         1.8620      0.0     1.8620     0.0000  0.0000  MUX2_66
genblk2_layer_1_62__m1_layer         1.8620      0.0     1.8620     0.0000  0.0000  MUX2_65
genblk2_layer_1_63__m1_layer         1.8620      0.0     1.8620     0.0000  0.0000  MUX2_64
genblk2_layer_1_64__m1_layer         1.8620      0.0     1.8620     0.0000  0.0000  MUX2_63
genblk2_layer_1_65__m1_layer         1.8620      0.0     1.8620     0.0000  0.0000  MUX2_62
genblk2_layer_1_66__m1_layer         1.8620      0.0     1.8620     0.0000  0.0000  MUX2_61
genblk2_layer_1_67__m1_layer         1.8620      0.0     1.8620     0.0000  0.0000  MUX2_60
genblk2_layer_1_68__m1_layer         1.8620      0.0     1.8620     0.0000  0.0000  MUX2_59
genblk2_layer_1_69__m1_layer         1.8620      0.0     1.8620     0.0000  0.0000  MUX2_58
genblk2_layer_1_6__m1_layer          1.8620      0.0     1.8620     0.0000  0.0000  MUX2_121
genblk2_layer_1_70__m1_layer         1.8620      0.0     1.8620     0.0000  0.0000  MUX2_57
genblk2_layer_1_71__m1_layer         1.8620      0.0     1.8620     0.0000  0.0000  MUX2_56
genblk2_layer_1_72__m1_layer         1.8620      0.0     1.8620     0.0000  0.0000  MUX2_55
genblk2_layer_1_73__m1_layer         1.8620      0.0     1.8620     0.0000  0.0000  MUX2_54
genblk2_layer_1_74__m1_layer         1.8620      0.0     1.8620     0.0000  0.0000  MUX2_53
genblk2_layer_1_75__m1_layer         1.8620      0.0     1.8620     0.0000  0.0000  MUX2_52
genblk2_layer_1_76__m1_layer         1.8620      0.0     1.8620     0.0000  0.0000  MUX2_51
genblk2_layer_1_77__m1_layer         1.8620      0.0     1.8620     0.0000  0.0000  MUX2_50
genblk2_layer_1_78__m1_layer         1.8620      0.0     1.8620     0.0000  0.0000  MUX2_49
genblk2_layer_1_79__m1_layer         1.8620      0.0     1.8620     0.0000  0.0000  MUX2_48
genblk2_layer_1_7__m1_layer          1.8620      0.0     1.8620     0.0000  0.0000  MUX2_120
genblk2_layer_1_80__m1_layer         1.8620      0.0     1.8620     0.0000  0.0000  MUX2_47
genblk2_layer_1_81__m1_layer         1.8620      0.0     1.8620     0.0000  0.0000  MUX2_46
genblk2_layer_1_82__m1_layer         1.8620      0.0     1.8620     0.0000  0.0000  MUX2_45
genblk2_layer_1_83__m1_layer         1.8620      0.0     1.8620     0.0000  0.0000  MUX2_44
genblk2_layer_1_84__m1_layer         1.8620      0.0     1.8620     0.0000  0.0000  MUX2_43
genblk2_layer_1_85__m1_layer         1.8620      0.0     1.8620     0.0000  0.0000  MUX2_42
genblk2_layer_1_86__m1_layer         1.8620      0.0     1.8620     0.0000  0.0000  MUX2_41
genblk2_layer_1_87__m1_layer         1.8620      0.0     1.8620     0.0000  0.0000  MUX2_40
genblk2_layer_1_88__m1_layer         1.8620      0.0     1.8620     0.0000  0.0000  MUX2_39
genblk2_layer_1_89__m1_layer         1.8620      0.0     1.8620     0.0000  0.0000  MUX2_38
genblk2_layer_1_8__m1_layer          1.8620      0.0     1.8620     0.0000  0.0000  MUX2_119
genblk2_layer_1_90__m1_layer         1.8620      0.0     1.8620     0.0000  0.0000  MUX2_37
genblk2_layer_1_91__m1_layer         1.8620      0.0     1.8620     0.0000  0.0000  MUX2_36
genblk2_layer_1_92__m1_layer         1.8620      0.0     1.8620     0.0000  0.0000  MUX2_35
genblk2_layer_1_93__m1_layer         1.8620      0.0     1.8620     0.0000  0.0000  MUX2_34
genblk2_layer_1_94__m1_layer         1.8620      0.0     1.8620     0.0000  0.0000  MUX2_33
genblk2_layer_1_95__m1_layer         1.8620      0.0     1.8620     0.0000  0.0000  MUX2_32
genblk2_layer_1_96__m1_layer         1.8620      0.0     1.8620     0.0000  0.0000  MUX2_31
genblk2_layer_1_97__m1_layer         1.8620      0.0     1.8620     0.0000  0.0000  MUX2_30
genblk2_layer_1_98__m1_layer         1.8620      0.0     1.8620     0.0000  0.0000  MUX2_29
genblk2_layer_1_99__m1_layer         1.8620      0.0     1.8620     0.0000  0.0000  MUX2_28
genblk2_layer_1_9__m1_layer          1.8620      0.0     1.8620     0.0000  0.0000  MUX2_118
r570                                36.9740      0.6    36.9740     0.0000  0.0000  barrelShifter_DW01_sub_1
--------------------------------  ---------  -------  ---------  ---------  ------  ------------------------
Total                                                 6480.0260     0.0000  0.0000

1
