 
****************************************
Report : area
Design : barrelShifter
Version: P-2019.03
Date   : Tue Apr 26 22:10:54 2022
****************************************

Library(s) Used:

    NangateOpenCellLibrary (File: /afs/andrew.cmu.edu/course/18/743/backend/45nm_Nangate/pdk_v1.3_v2010_12/NangateOpenCellLibrary_PDKv1_3_v2010_12/Front_End/Liberty/NLDM/NangateOpenCellLibrary_typical.db)

Number of ports:                           27
Number of nets:                            40
Number of cells:                           22
Number of combinational cells:             18
Number of sequential cells:                 0
Number of macros/black boxes:               0
Number of buf/inv:                          0
Number of references:                       7

Combinational area:                 31.654000
Buf/Inv area:                        0.000000
Noncombinational area:               0.000000
Macro/Black Box area:                0.000000
Net Interconnect area:      undefined  (Wire load has zero net area)

Total cell area:                    31.654000
Total area:                 undefined

Hierarchical area distribution
------------------------------

                                  Global cell area          Local cell area
                                  ------------------  --------------------------- 
Hierarchical cell                 Absolute   Percent  Combi-    Noncombi-  Black-
                                  Total      Total    national  national   boxes   Design
--------------------------------  ---------  -------  --------  ---------  ------  ---------
barrelShifter                       31.6540    100.0   24.2060     0.0000  0.0000  barrelShifter
genblk2_layer_1_0__m1_layer          1.8620      5.9    1.8620     0.0000  0.0000  MUX2_3
genblk2_layer_1_1__m1_layer          1.8620      5.9    1.8620     0.0000  0.0000  MUX2_2
genblk2_layer_1_2__m1_layer          1.8620      5.9    1.8620     0.0000  0.0000  MUX2_1
genblk2_layer_1_3__m1_layer          1.8620      5.9    1.8620     0.0000  0.0000  MUX2_0
--------------------------------  ---------  -------  --------  ---------  ------  ---------
Total                                                  31.6540     0.0000  0.0000

1
