 
****************************************
Report : area
Design : combShifter
Version: P-2019.03
Date   : Tue Apr 26 22:04:37 2022
****************************************

Library(s) Used:

    NangateOpenCellLibrary (File: /afs/andrew.cmu.edu/course/18/743/backend/45nm_Nangate/pdk_v1.3_v2010_12/NangateOpenCellLibrary_PDKv1_3_v2010_12/Front_End/Liberty/NLDM/NangateOpenCellLibrary_typical.db)

Number of ports:                          193
Number of nets:                          2791
Number of cells:                         2599
Number of combinational cells:           2598
Number of sequential cells:                 1
Number of macros/black boxes:               0
Number of buf/inv:                        228
Number of references:                       8

Combinational area:               3572.114011
Buf/Inv area:                      147.629999
Noncombinational area:               0.000000
Macro/Black Box area:                0.000000
Net Interconnect area:      undefined  (Wire load has zero net area)

Total cell area:                  3572.114011
Total area:                 undefined

Information: This design contains black box (unknown) components. (RPT-8)

Hierarchical area distribution
------------------------------

                                  Global cell area          Local cell area
                                  ------------------  ---------------------------- 
Hierarchical cell                 Absolute   Percent  Combi-     Noncombi-  Black-
                                  Total      Total    national   national   boxes   Design
--------------------------------  ---------  -------  ---------  ---------  ------  ---------
combShifter                       3572.1140    100.0  3572.1140     0.0000  0.0000  combShifter
--------------------------------  ---------  -------  ---------  ---------  ------  ---------
Total                                                 3572.1140     0.0000  0.0000

1
