 
****************************************
Report : timing
        -path full
        -delay max
        -nworst 100
        -max_paths 100
Design : combShifter
Version: P-2019.03
Date   : Tue Apr 26 22:01:03 2022
****************************************

Operating Conditions: typical   Library: NangateOpenCellLibrary
Wire Load Model Mode: top

  Startpoint: shift_mag[2]
              (input port)
  Endpoint: Op[7] (output port)
  Path Group: (none)
  Path Type: max

  Des/Clust/Port     Wire Load Model       Library
  ------------------------------------------------
  combShifter        5K_hvratio_1_1        NangateOpenCellLibrary

  Point                                                   Incr       Path
  --------------------------------------------------------------------------
  input external delay                                    0.00       0.00 f
  shift_mag[2] (in)                                       0.00       0.00 f
  genblk1_binary_2_OneHot/binary_shift[0] (decoder_MAX_SHIFT_MAG1)
                                                          0.00       0.00 f
  genblk1_binary_2_OneHot/U3/ZN (INV_X1)                  0.03       0.03 r
  genblk1_binary_2_OneHot/U1/ZN (AND2_X1)                 0.04       0.07 r
  genblk1_binary_2_OneHot/one_hot_shift[2] (decoder_MAX_SHIFT_MAG1)
                                                          0.00       0.07 r
  U23/ZN (NAND2_X1)                                       0.02       0.09 f
  U22/ZN (OAI221_X1)                                      0.03       0.12 r
  Op[7] (out)                                             0.00       0.12 r
  data arrival time                                                  0.12
  --------------------------------------------------------------------------
  (Path is unconstrained)


  Startpoint: shift_mag[2]
              (input port)
  Endpoint: Op[7] (output port)
  Path Group: (none)
  Path Type: max

  Des/Clust/Port     Wire Load Model       Library
  ------------------------------------------------
  combShifter        5K_hvratio_1_1        NangateOpenCellLibrary

  Point                                                   Incr       Path
  --------------------------------------------------------------------------
  input external delay                                    0.00       0.00 r
  shift_mag[2] (in)                                       0.00       0.00 r
  genblk1_binary_2_OneHot/binary_shift[0] (decoder_MAX_SHIFT_MAG1)
                                                          0.00       0.00 r
  genblk1_binary_2_OneHot/U3/ZN (INV_X1)                  0.02       0.02 f
  genblk1_binary_2_OneHot/U1/ZN (AND2_X1)                 0.04       0.06 f
  genblk1_binary_2_OneHot/one_hot_shift[2] (decoder_MAX_SHIFT_MAG1)
                                                          0.00       0.06 f
  U23/ZN (NAND2_X1)                                       0.03       0.08 r
  U22/ZN (OAI221_X1)                                      0.04       0.12 f
  Op[7] (out)                                             0.00       0.12 f
  data arrival time                                                  0.12
  --------------------------------------------------------------------------
  (Path is unconstrained)


  Startpoint: shift_mag[2]
              (input port)
  Endpoint: Op[7] (output port)
  Path Group: (none)
  Path Type: max

  Des/Clust/Port     Wire Load Model       Library
  ------------------------------------------------
  combShifter        5K_hvratio_1_1        NangateOpenCellLibrary

  Point                                                   Incr       Path
  --------------------------------------------------------------------------
  input external delay                                    0.00       0.00 f
  shift_mag[2] (in)                                       0.00       0.00 f
  genblk1_binary_2_OneHot/binary_shift[0] (decoder_MAX_SHIFT_MAG1)
                                                          0.00       0.00 f
  genblk1_binary_2_OneHot/U3/ZN (INV_X1)                  0.03       0.03 r
  genblk1_binary_2_OneHot/U1/ZN (AND2_X1)                 0.04       0.07 r
  genblk1_binary_2_OneHot/one_hot_shift[2] (decoder_MAX_SHIFT_MAG1)
                                                          0.00       0.07 r
  U23/ZN (NAND2_X1)                                       0.02       0.09 f
  U22/ZN (OAI221_X1)                                      0.03       0.12 r
  Op[7] (out)                                             0.00       0.12 r
  data arrival time                                                  0.12
  --------------------------------------------------------------------------
  (Path is unconstrained)


  Startpoint: shift_mag[2]
              (input port)
  Endpoint: Op[7] (output port)
  Path Group: (none)
  Path Type: max

  Des/Clust/Port     Wire Load Model       Library
  ------------------------------------------------
  combShifter        5K_hvratio_1_1        NangateOpenCellLibrary

  Point                                                   Incr       Path
  --------------------------------------------------------------------------
  input external delay                                    0.00       0.00 f
  shift_mag[2] (in)                                       0.00       0.00 f
  genblk1_binary_2_OneHot/binary_shift[0] (decoder_MAX_SHIFT_MAG1)
                                                          0.00       0.00 f
  genblk1_binary_2_OneHot/U3/ZN (INV_X1)                  0.03       0.03 r
  genblk1_binary_2_OneHot/U1/ZN (AND2_X1)                 0.04       0.07 r
  genblk1_binary_2_OneHot/one_hot_shift[2] (decoder_MAX_SHIFT_MAG1)
                                                          0.00       0.07 r
  U23/ZN (NAND2_X1)                                       0.02       0.09 f
  U22/ZN (OAI221_X1)                                      0.03       0.12 r
  Op[7] (out)                                             0.00       0.12 r
  data arrival time                                                  0.12
  --------------------------------------------------------------------------
  (Path is unconstrained)


  Startpoint: shift_mag[2]
              (input port)
  Endpoint: Op[7] (output port)
  Path Group: (none)
  Path Type: max

  Des/Clust/Port     Wire Load Model       Library
  ------------------------------------------------
  combShifter        5K_hvratio_1_1        NangateOpenCellLibrary

  Point                                                   Incr       Path
  --------------------------------------------------------------------------
  input external delay                                    0.00       0.00 f
  shift_mag[2] (in)                                       0.00       0.00 f
  genblk1_binary_2_OneHot/binary_shift[0] (decoder_MAX_SHIFT_MAG1)
                                                          0.00       0.00 f
  genblk1_binary_2_OneHot/U3/ZN (INV_X1)                  0.03       0.03 r
  genblk1_binary_2_OneHot/U1/ZN (AND2_X1)                 0.04       0.07 r
  genblk1_binary_2_OneHot/one_hot_shift[2] (decoder_MAX_SHIFT_MAG1)
                                                          0.00       0.07 r
  U23/ZN (NAND2_X1)                                       0.02       0.09 f
  U22/ZN (OAI221_X1)                                      0.03       0.12 r
  Op[7] (out)                                             0.00       0.12 r
  data arrival time                                                  0.12
  --------------------------------------------------------------------------
  (Path is unconstrained)


  Startpoint: shift_mag[2]
              (input port)
  Endpoint: Op[7] (output port)
  Path Group: (none)
  Path Type: max

  Des/Clust/Port     Wire Load Model       Library
  ------------------------------------------------
  combShifter        5K_hvratio_1_1        NangateOpenCellLibrary

  Point                                                   Incr       Path
  --------------------------------------------------------------------------
  input external delay                                    0.00       0.00 f
  shift_mag[2] (in)                                       0.00       0.00 f
  genblk1_binary_2_OneHot/binary_shift[0] (decoder_MAX_SHIFT_MAG1)
                                                          0.00       0.00 f
  genblk1_binary_2_OneHot/U3/ZN (INV_X1)                  0.03       0.03 r
  genblk1_binary_2_OneHot/U1/ZN (AND2_X1)                 0.04       0.07 r
  genblk1_binary_2_OneHot/one_hot_shift[2] (decoder_MAX_SHIFT_MAG1)
                                                          0.00       0.07 r
  U23/ZN (NAND2_X1)                                       0.02       0.09 f
  U22/ZN (OAI221_X1)                                      0.03       0.12 r
  Op[7] (out)                                             0.00       0.12 r
  data arrival time                                                  0.12
  --------------------------------------------------------------------------
  (Path is unconstrained)


  Startpoint: shift_mag[2]
              (input port)
  Endpoint: Op[7] (output port)
  Path Group: (none)
  Path Type: max

  Des/Clust/Port     Wire Load Model       Library
  ------------------------------------------------
  combShifter        5K_hvratio_1_1        NangateOpenCellLibrary

  Point                                                   Incr       Path
  --------------------------------------------------------------------------
  input external delay                                    0.00       0.00 f
  shift_mag[2] (in)                                       0.00       0.00 f
  genblk1_binary_2_OneHot/binary_shift[0] (decoder_MAX_SHIFT_MAG1)
                                                          0.00       0.00 f
  genblk1_binary_2_OneHot/U3/ZN (INV_X1)                  0.03       0.03 r
  genblk1_binary_2_OneHot/U1/ZN (AND2_X1)                 0.04       0.07 r
  genblk1_binary_2_OneHot/one_hot_shift[2] (decoder_MAX_SHIFT_MAG1)
                                                          0.00       0.07 r
  U23/ZN (NAND2_X1)                                       0.02       0.09 f
  U22/ZN (OAI221_X1)                                      0.03       0.12 r
  Op[7] (out)                                             0.00       0.12 r
  data arrival time                                                  0.12
  --------------------------------------------------------------------------
  (Path is unconstrained)


  Startpoint: shift_mag[2]
              (input port)
  Endpoint: Op[7] (output port)
  Path Group: (none)
  Path Type: max

  Des/Clust/Port     Wire Load Model       Library
  ------------------------------------------------
  combShifter        5K_hvratio_1_1        NangateOpenCellLibrary

  Point                                                   Incr       Path
  --------------------------------------------------------------------------
  input external delay                                    0.00       0.00 f
  shift_mag[2] (in)                                       0.00       0.00 f
  genblk1_binary_2_OneHot/binary_shift[0] (decoder_MAX_SHIFT_MAG1)
                                                          0.00       0.00 f
  genblk1_binary_2_OneHot/U3/ZN (INV_X1)                  0.03       0.03 r
  genblk1_binary_2_OneHot/U1/ZN (AND2_X1)                 0.04       0.07 r
  genblk1_binary_2_OneHot/one_hot_shift[2] (decoder_MAX_SHIFT_MAG1)
                                                          0.00       0.07 r
  U23/ZN (NAND2_X1)                                       0.02       0.09 f
  U22/ZN (OAI221_X1)                                      0.03       0.12 r
  Op[7] (out)                                             0.00       0.12 r
  data arrival time                                                  0.12
  --------------------------------------------------------------------------
  (Path is unconstrained)


  Startpoint: shift_mag[2]
              (input port)
  Endpoint: Op[7] (output port)
  Path Group: (none)
  Path Type: max

  Des/Clust/Port     Wire Load Model       Library
  ------------------------------------------------
  combShifter        5K_hvratio_1_1        NangateOpenCellLibrary

  Point                                                   Incr       Path
  --------------------------------------------------------------------------
  input external delay                                    0.00       0.00 f
  shift_mag[2] (in)                                       0.00       0.00 f
  genblk1_binary_2_OneHot/binary_shift[0] (decoder_MAX_SHIFT_MAG1)
                                                          0.00       0.00 f
  genblk1_binary_2_OneHot/U3/ZN (INV_X1)                  0.03       0.03 r
  genblk1_binary_2_OneHot/U1/ZN (AND2_X1)                 0.04       0.07 r
  genblk1_binary_2_OneHot/one_hot_shift[2] (decoder_MAX_SHIFT_MAG1)
                                                          0.00       0.07 r
  U23/ZN (NAND2_X1)                                       0.02       0.09 f
  U22/ZN (OAI221_X1)                                      0.03       0.12 r
  Op[7] (out)                                             0.00       0.12 r
  data arrival time                                                  0.12
  --------------------------------------------------------------------------
  (Path is unconstrained)


  Startpoint: shift_mag[1]
              (input port)
  Endpoint: Op[6] (output port)
  Path Group: (none)
  Path Type: max

  Des/Clust/Port     Wire Load Model       Library
  ------------------------------------------------
  combShifter        5K_hvratio_1_1        NangateOpenCellLibrary

  Point                                    Incr       Path
  -----------------------------------------------------------
  input external delay                     0.00       0.00 f
  shift_mag[1] (in)                        0.00       0.00 f
  U41/ZN (INV_X1)                          0.06       0.06 r
  U24/ZN (OAI222_X1)                       0.06       0.12 f
  Op[6] (out)                              0.00       0.12 f
  data arrival time                                   0.12
  -----------------------------------------------------------
  (Path is unconstrained)


  Startpoint: shift_mag[2]
              (input port)
  Endpoint: Op[7] (output port)
  Path Group: (none)
  Path Type: max

  Des/Clust/Port     Wire Load Model       Library
  ------------------------------------------------
  combShifter        5K_hvratio_1_1        NangateOpenCellLibrary

  Point                                                   Incr       Path
  --------------------------------------------------------------------------
  input external delay                                    0.00       0.00 r
  shift_mag[2] (in)                                       0.00       0.00 r
  genblk1_binary_2_OneHot/binary_shift[0] (decoder_MAX_SHIFT_MAG1)
                                                          0.00       0.00 r
  genblk1_binary_2_OneHot/U3/ZN (INV_X1)                  0.02       0.02 f
  genblk1_binary_2_OneHot/U1/ZN (AND2_X1)                 0.04       0.06 f
  genblk1_binary_2_OneHot/one_hot_shift[2] (decoder_MAX_SHIFT_MAG1)
                                                          0.00       0.06 f
  U23/ZN (NAND2_X1)                                       0.03       0.08 r
  U22/ZN (OAI221_X1)                                      0.03       0.12 f
  Op[7] (out)                                             0.00       0.12 f
  data arrival time                                                  0.12
  --------------------------------------------------------------------------
  (Path is unconstrained)


  Startpoint: shift_mag[1]
              (input port)
  Endpoint: Op[0] (output port)
  Path Group: (none)
  Path Type: max

  Des/Clust/Port     Wire Load Model       Library
  ------------------------------------------------
  combShifter        5K_hvratio_1_1        NangateOpenCellLibrary

  Point                                    Incr       Path
  -----------------------------------------------------------
  input external delay                     0.00       0.00 f
  shift_mag[1] (in)                        0.00       0.00 f
  U41/ZN (INV_X1)                          0.06       0.06 r
  U37/ZN (OAI221_X1)                       0.05       0.12 f
  Op[0] (out)                              0.00       0.12 f
  data arrival time                                   0.12
  -----------------------------------------------------------
  (Path is unconstrained)


  Startpoint: shift_mag[2]
              (input port)
  Endpoint: Op[7] (output port)
  Path Group: (none)
  Path Type: max

  Des/Clust/Port     Wire Load Model       Library
  ------------------------------------------------
  combShifter        5K_hvratio_1_1        NangateOpenCellLibrary

  Point                                                   Incr       Path
  --------------------------------------------------------------------------
  input external delay                                    0.00       0.00 r
  shift_mag[2] (in)                                       0.00       0.00 r
  genblk1_binary_2_OneHot/binary_shift[0] (decoder_MAX_SHIFT_MAG1)
                                                          0.00       0.00 r
  genblk1_binary_2_OneHot/U3/ZN (INV_X1)                  0.02       0.02 f
  genblk1_binary_2_OneHot/U1/ZN (AND2_X1)                 0.04       0.06 f
  genblk1_binary_2_OneHot/one_hot_shift[2] (decoder_MAX_SHIFT_MAG1)
                                                          0.00       0.06 f
  U23/ZN (NAND2_X1)                                       0.03       0.08 r
  U22/ZN (OAI221_X1)                                      0.03       0.11 f
  Op[7] (out)                                             0.00       0.12 f
  data arrival time                                                  0.12
  --------------------------------------------------------------------------
  (Path is unconstrained)


  Startpoint: shift_mag[1]
              (input port)
  Endpoint: Op[1] (output port)
  Path Group: (none)
  Path Type: max

  Des/Clust/Port     Wire Load Model       Library
  ------------------------------------------------
  combShifter        5K_hvratio_1_1        NangateOpenCellLibrary

  Point                                    Incr       Path
  -----------------------------------------------------------
  input external delay                     0.00       0.00 f
  shift_mag[1] (in)                        0.00       0.00 f
  U41/ZN (INV_X1)                          0.06       0.06 r
  U34/ZN (OAI222_X1)                       0.05       0.11 f
  Op[1] (out)                              0.00       0.12 f
  data arrival time                                   0.12
  -----------------------------------------------------------
  (Path is unconstrained)


  Startpoint: shift_mag[1]
              (input port)
  Endpoint: Op[2] (output port)
  Path Group: (none)
  Path Type: max

  Des/Clust/Port     Wire Load Model       Library
  ------------------------------------------------
  combShifter        5K_hvratio_1_1        NangateOpenCellLibrary

  Point                                    Incr       Path
  -----------------------------------------------------------
  input external delay                     0.00       0.00 f
  shift_mag[1] (in)                        0.00       0.00 f
  U41/ZN (INV_X1)                          0.06       0.06 r
  U32/ZN (OAI222_X1)                       0.05       0.11 f
  Op[2] (out)                              0.00       0.12 f
  data arrival time                                   0.12
  -----------------------------------------------------------
  (Path is unconstrained)


  Startpoint: shift_mag[1]
              (input port)
  Endpoint: Op[3] (output port)
  Path Group: (none)
  Path Type: max

  Des/Clust/Port     Wire Load Model       Library
  ------------------------------------------------
  combShifter        5K_hvratio_1_1        NangateOpenCellLibrary

  Point                                    Incr       Path
  -----------------------------------------------------------
  input external delay                     0.00       0.00 f
  shift_mag[1] (in)                        0.00       0.00 f
  U41/ZN (INV_X1)                          0.06       0.06 r
  U30/ZN (OAI222_X1)                       0.05       0.11 f
  Op[3] (out)                              0.00       0.12 f
  data arrival time                                   0.12
  -----------------------------------------------------------
  (Path is unconstrained)


  Startpoint: shift_mag[1]
              (input port)
  Endpoint: Op[4] (output port)
  Path Group: (none)
  Path Type: max

  Des/Clust/Port     Wire Load Model       Library
  ------------------------------------------------
  combShifter        5K_hvratio_1_1        NangateOpenCellLibrary

  Point                                    Incr       Path
  -----------------------------------------------------------
  input external delay                     0.00       0.00 f
  shift_mag[1] (in)                        0.00       0.00 f
  U41/ZN (INV_X1)                          0.06       0.06 r
  U28/ZN (OAI222_X1)                       0.05       0.11 f
  Op[4] (out)                              0.00       0.12 f
  data arrival time                                   0.12
  -----------------------------------------------------------
  (Path is unconstrained)


  Startpoint: shift_mag[1]
              (input port)
  Endpoint: Op[5] (output port)
  Path Group: (none)
  Path Type: max

  Des/Clust/Port     Wire Load Model       Library
  ------------------------------------------------
  combShifter        5K_hvratio_1_1        NangateOpenCellLibrary

  Point                                    Incr       Path
  -----------------------------------------------------------
  input external delay                     0.00       0.00 f
  shift_mag[1] (in)                        0.00       0.00 f
  U41/ZN (INV_X1)                          0.06       0.06 r
  U26/ZN (OAI222_X1)                       0.05       0.11 f
  Op[5] (out)                              0.00       0.12 f
  data arrival time                                   0.12
  -----------------------------------------------------------
  (Path is unconstrained)


  Startpoint: shift_mag[1]
              (input port)
  Endpoint: Op[7] (output port)
  Path Group: (none)
  Path Type: max

  Des/Clust/Port     Wire Load Model       Library
  ------------------------------------------------
  combShifter        5K_hvratio_1_1        NangateOpenCellLibrary

  Point                                    Incr       Path
  -----------------------------------------------------------
  input external delay                     0.00       0.00 f
  shift_mag[1] (in)                        0.00       0.00 f
  U41/ZN (INV_X1)                          0.06       0.06 r
  U22/ZN (OAI221_X1)                       0.05       0.11 f
  Op[7] (out)                              0.00       0.12 f
  data arrival time                                   0.12
  -----------------------------------------------------------
  (Path is unconstrained)


  Startpoint: shift_mag[2]
              (input port)
  Endpoint: Op[7] (output port)
  Path Group: (none)
  Path Type: max

  Des/Clust/Port     Wire Load Model       Library
  ------------------------------------------------
  combShifter        5K_hvratio_1_1        NangateOpenCellLibrary

  Point                                                   Incr       Path
  --------------------------------------------------------------------------
  input external delay                                    0.00       0.00 r
  shift_mag[2] (in)                                       0.00       0.00 r
  genblk1_binary_2_OneHot/binary_shift[0] (decoder_MAX_SHIFT_MAG1)
                                                          0.00       0.00 r
  genblk1_binary_2_OneHot/U3/ZN (INV_X1)                  0.02       0.02 f
  genblk1_binary_2_OneHot/U1/ZN (AND2_X1)                 0.04       0.06 f
  genblk1_binary_2_OneHot/one_hot_shift[2] (decoder_MAX_SHIFT_MAG1)
                                                          0.00       0.06 f
  U23/ZN (NAND2_X1)                                       0.03       0.08 r
  U22/ZN (OAI221_X1)                                      0.03       0.11 f
  Op[7] (out)                                             0.00       0.12 f
  data arrival time                                                  0.12
  --------------------------------------------------------------------------
  (Path is unconstrained)


  Startpoint: shift_mag[1]
              (input port)
  Endpoint: Op[6] (output port)
  Path Group: (none)
  Path Type: max

  Des/Clust/Port     Wire Load Model       Library
  ------------------------------------------------
  combShifter        5K_hvratio_1_1        NangateOpenCellLibrary

  Point                                    Incr       Path
  -----------------------------------------------------------
  input external delay                     0.00       0.00 f
  shift_mag[1] (in)                        0.00       0.00 f
  U41/ZN (INV_X1)                          0.06       0.06 r
  U24/ZN (OAI222_X1)                       0.05       0.11 f
  Op[6] (out)                              0.00       0.12 f
  data arrival time                                   0.12
  -----------------------------------------------------------
  (Path is unconstrained)


  Startpoint: shift_mag[2]
              (input port)
  Endpoint: Op[7] (output port)
  Path Group: (none)
  Path Type: max

  Des/Clust/Port     Wire Load Model       Library
  ------------------------------------------------
  combShifter        5K_hvratio_1_1        NangateOpenCellLibrary

  Point                                                   Incr       Path
  --------------------------------------------------------------------------
  input external delay                                    0.00       0.00 r
  shift_mag[2] (in)                                       0.00       0.00 r
  genblk1_binary_2_OneHot/binary_shift[0] (decoder_MAX_SHIFT_MAG1)
                                                          0.00       0.00 r
  genblk1_binary_2_OneHot/U3/ZN (INV_X1)                  0.02       0.02 f
  genblk1_binary_2_OneHot/U1/ZN (AND2_X1)                 0.04       0.06 f
  genblk1_binary_2_OneHot/one_hot_shift[2] (decoder_MAX_SHIFT_MAG1)
                                                          0.00       0.06 f
  U23/ZN (NAND2_X1)                                       0.03       0.08 r
  U22/ZN (OAI221_X1)                                      0.03       0.11 f
  Op[7] (out)                                             0.00       0.11 f
  data arrival time                                                  0.11
  --------------------------------------------------------------------------
  (Path is unconstrained)


  Startpoint: shift_mag[2]
              (input port)
  Endpoint: Op[4] (output port)
  Path Group: (none)
  Path Type: max

  Des/Clust/Port     Wire Load Model       Library
  ------------------------------------------------
  combShifter        5K_hvratio_1_1        NangateOpenCellLibrary

  Point                                    Incr       Path
  -----------------------------------------------------------
  input external delay                     0.00       0.00 f
  shift_mag[2] (in)                        0.00       0.00 f
  U40/ZN (INV_X1)                          0.05       0.05 r
  U28/ZN (OAI222_X1)                       0.06       0.11 f
  Op[4] (out)                              0.00       0.11 f
  data arrival time                                   0.11
  -----------------------------------------------------------
  (Path is unconstrained)


  Startpoint: shift_mag[2]
              (input port)
  Endpoint: Op[5] (output port)
  Path Group: (none)
  Path Type: max

  Des/Clust/Port     Wire Load Model       Library
  ------------------------------------------------
  combShifter        5K_hvratio_1_1        NangateOpenCellLibrary

  Point                                    Incr       Path
  -----------------------------------------------------------
  input external delay                     0.00       0.00 f
  shift_mag[2] (in)                        0.00       0.00 f
  U40/ZN (INV_X1)                          0.05       0.05 r
  U26/ZN (OAI222_X1)                       0.06       0.11 f
  Op[5] (out)                              0.00       0.11 f
  data arrival time                                   0.11
  -----------------------------------------------------------
  (Path is unconstrained)


  Startpoint: shift_mag[2]
              (input port)
  Endpoint: Op[6] (output port)
  Path Group: (none)
  Path Type: max

  Des/Clust/Port     Wire Load Model       Library
  ------------------------------------------------
  combShifter        5K_hvratio_1_1        NangateOpenCellLibrary

  Point                                    Incr       Path
  -----------------------------------------------------------
  input external delay                     0.00       0.00 f
  shift_mag[2] (in)                        0.00       0.00 f
  U40/ZN (INV_X1)                          0.05       0.05 r
  U24/ZN (OAI222_X1)                       0.06       0.11 f
  Op[6] (out)                              0.00       0.11 f
  data arrival time                                   0.11
  -----------------------------------------------------------
  (Path is unconstrained)


  Startpoint: shift_mag[2]
              (input port)
  Endpoint: Op[7] (output port)
  Path Group: (none)
  Path Type: max

  Des/Clust/Port     Wire Load Model       Library
  ------------------------------------------------
  combShifter        5K_hvratio_1_1        NangateOpenCellLibrary

  Point                                                   Incr       Path
  --------------------------------------------------------------------------
  input external delay                                    0.00       0.00 r
  shift_mag[2] (in)                                       0.00       0.00 r
  genblk1_binary_2_OneHot/binary_shift[0] (decoder_MAX_SHIFT_MAG1)
                                                          0.00       0.00 r
  genblk1_binary_2_OneHot/U3/ZN (INV_X1)                  0.02       0.02 f
  genblk1_binary_2_OneHot/U1/ZN (AND2_X1)                 0.04       0.06 f
  genblk1_binary_2_OneHot/one_hot_shift[2] (decoder_MAX_SHIFT_MAG1)
                                                          0.00       0.06 f
  U23/ZN (NAND2_X1)                                       0.03       0.08 r
  U22/ZN (OAI221_X1)                                      0.03       0.11 f
  Op[7] (out)                                             0.00       0.11 f
  data arrival time                                                  0.11
  --------------------------------------------------------------------------
  (Path is unconstrained)


  Startpoint: shift_mag[1]
              (input port)
  Endpoint: Op[0] (output port)
  Path Group: (none)
  Path Type: max

  Des/Clust/Port     Wire Load Model       Library
  ------------------------------------------------
  combShifter        5K_hvratio_1_1        NangateOpenCellLibrary

  Point                                    Incr       Path
  -----------------------------------------------------------
  input external delay                     0.00       0.00 f
  shift_mag[1] (in)                        0.00       0.00 f
  U41/ZN (INV_X1)                          0.06       0.06 r
  U37/ZN (OAI221_X1)                       0.05       0.11 f
  Op[0] (out)                              0.00       0.11 f
  data arrival time                                   0.11
  -----------------------------------------------------------
  (Path is unconstrained)


  Startpoint: shift_mag[0]
              (input port)
  Endpoint: Op[1] (output port)
  Path Group: (none)
  Path Type: max

  Des/Clust/Port     Wire Load Model       Library
  ------------------------------------------------
  combShifter        5K_hvratio_1_1        NangateOpenCellLibrary

  Point                                    Incr       Path
  -----------------------------------------------------------
  input external delay                     0.00       0.00 f
  shift_mag[0] (in)                        0.00       0.00 f
  U36/ZN (INV_X1)                          0.05       0.05 r
  U34/ZN (OAI222_X1)                       0.06       0.11 f
  Op[1] (out)                              0.00       0.11 f
  data arrival time                                   0.11
  -----------------------------------------------------------
  (Path is unconstrained)


  Startpoint: shift_mag[2]
              (input port)
  Endpoint: Op[7] (output port)
  Path Group: (none)
  Path Type: max

  Des/Clust/Port     Wire Load Model       Library
  ------------------------------------------------
  combShifter        5K_hvratio_1_1        NangateOpenCellLibrary

  Point                                                   Incr       Path
  --------------------------------------------------------------------------
  input external delay                                    0.00       0.00 r
  shift_mag[2] (in)                                       0.00       0.00 r
  genblk1_binary_2_OneHot/binary_shift[0] (decoder_MAX_SHIFT_MAG1)
                                                          0.00       0.00 r
  genblk1_binary_2_OneHot/U3/ZN (INV_X1)                  0.02       0.02 f
  genblk1_binary_2_OneHot/U1/ZN (AND2_X1)                 0.04       0.06 f
  genblk1_binary_2_OneHot/one_hot_shift[2] (decoder_MAX_SHIFT_MAG1)
                                                          0.00       0.06 f
  U23/ZN (NAND2_X1)                                       0.03       0.08 r
  U22/ZN (OAI221_X1)                                      0.03       0.11 f
  Op[7] (out)                                             0.00       0.11 f
  data arrival time                                                  0.11
  --------------------------------------------------------------------------
  (Path is unconstrained)


  Startpoint: shift_mag[1]
              (input port)
  Endpoint: Op[6] (output port)
  Path Group: (none)
  Path Type: max

  Des/Clust/Port     Wire Load Model       Library
  ------------------------------------------------
  combShifter        5K_hvratio_1_1        NangateOpenCellLibrary

  Point                                    Incr       Path
  -----------------------------------------------------------
  input external delay                     0.00       0.00 f
  shift_mag[1] (in)                        0.00       0.00 f
  U41/ZN (INV_X1)                          0.06       0.06 r
  U24/ZN (OAI222_X1)                       0.05       0.11 f
  Op[6] (out)                              0.00       0.11 f
  data arrival time                                   0.11
  -----------------------------------------------------------
  (Path is unconstrained)


  Startpoint: shift_mag[1]
              (input port)
  Endpoint: Op[0] (output port)
  Path Group: (none)
  Path Type: max

  Des/Clust/Port     Wire Load Model       Library
  ------------------------------------------------
  combShifter        5K_hvratio_1_1        NangateOpenCellLibrary

  Point                                    Incr       Path
  -----------------------------------------------------------
  input external delay                     0.00       0.00 f
  shift_mag[1] (in)                        0.00       0.00 f
  U41/ZN (INV_X1)                          0.06       0.06 r
  U37/ZN (OAI221_X1)                       0.05       0.11 f
  Op[0] (out)                              0.00       0.11 f
  data arrival time                                   0.11
  -----------------------------------------------------------
  (Path is unconstrained)


  Startpoint: shift_mag[2]
              (input port)
  Endpoint: Op[7] (output port)
  Path Group: (none)
  Path Type: max

  Des/Clust/Port     Wire Load Model       Library
  ------------------------------------------------
  combShifter        5K_hvratio_1_1        NangateOpenCellLibrary

  Point                                                   Incr       Path
  --------------------------------------------------------------------------
  input external delay                                    0.00       0.00 r
  shift_mag[2] (in)                                       0.00       0.00 r
  genblk1_binary_2_OneHot/binary_shift[0] (decoder_MAX_SHIFT_MAG1)
                                                          0.00       0.00 r
  genblk1_binary_2_OneHot/U3/ZN (INV_X1)                  0.02       0.02 f
  genblk1_binary_2_OneHot/U1/ZN (AND2_X1)                 0.04       0.06 f
  genblk1_binary_2_OneHot/one_hot_shift[2] (decoder_MAX_SHIFT_MAG1)
                                                          0.00       0.06 f
  U23/ZN (NAND2_X1)                                       0.03       0.08 r
  U22/ZN (OAI221_X1)                                      0.03       0.11 f
  Op[7] (out)                                             0.00       0.11 f
  data arrival time                                                  0.11
  --------------------------------------------------------------------------
  (Path is unconstrained)


  Startpoint: shift_mag[2]
              (input port)
  Endpoint: Op[1] (output port)
  Path Group: (none)
  Path Type: max

  Des/Clust/Port     Wire Load Model       Library
  ------------------------------------------------
  combShifter        5K_hvratio_1_1        NangateOpenCellLibrary

  Point                                    Incr       Path
  -----------------------------------------------------------
  input external delay                     0.00       0.00 f
  shift_mag[2] (in)                        0.00       0.00 f
  U40/ZN (INV_X1)                          0.05       0.05 r
  U34/ZN (OAI222_X1)                       0.05       0.11 f
  Op[1] (out)                              0.00       0.11 f
  data arrival time                                   0.11
  -----------------------------------------------------------
  (Path is unconstrained)


  Startpoint: shift_mag[2]
              (input port)
  Endpoint: Op[2] (output port)
  Path Group: (none)
  Path Type: max

  Des/Clust/Port     Wire Load Model       Library
  ------------------------------------------------
  combShifter        5K_hvratio_1_1        NangateOpenCellLibrary

  Point                                    Incr       Path
  -----------------------------------------------------------
  input external delay                     0.00       0.00 f
  shift_mag[2] (in)                        0.00       0.00 f
  U40/ZN (INV_X1)                          0.05       0.05 r
  U32/ZN (OAI222_X1)                       0.05       0.11 f
  Op[2] (out)                              0.00       0.11 f
  data arrival time                                   0.11
  -----------------------------------------------------------
  (Path is unconstrained)


  Startpoint: shift_mag[2]
              (input port)
  Endpoint: Op[3] (output port)
  Path Group: (none)
  Path Type: max

  Des/Clust/Port     Wire Load Model       Library
  ------------------------------------------------
  combShifter        5K_hvratio_1_1        NangateOpenCellLibrary

  Point                                    Incr       Path
  -----------------------------------------------------------
  input external delay                     0.00       0.00 f
  shift_mag[2] (in)                        0.00       0.00 f
  U40/ZN (INV_X1)                          0.05       0.05 r
  U30/ZN (OAI222_X1)                       0.05       0.11 f
  Op[3] (out)                              0.00       0.11 f
  data arrival time                                   0.11
  -----------------------------------------------------------
  (Path is unconstrained)


  Startpoint: shift_mag[1]
              (input port)
  Endpoint: Op[1] (output port)
  Path Group: (none)
  Path Type: max

  Des/Clust/Port     Wire Load Model       Library
  ------------------------------------------------
  combShifter        5K_hvratio_1_1        NangateOpenCellLibrary

  Point                                    Incr       Path
  -----------------------------------------------------------
  input external delay                     0.00       0.00 f
  shift_mag[1] (in)                        0.00       0.00 f
  U41/ZN (INV_X1)                          0.06       0.06 r
  U34/ZN (OAI222_X1)                       0.05       0.11 f
  Op[1] (out)                              0.00       0.11 f
  data arrival time                                   0.11
  -----------------------------------------------------------
  (Path is unconstrained)


  Startpoint: shift_mag[1]
              (input port)
  Endpoint: Op[2] (output port)
  Path Group: (none)
  Path Type: max

  Des/Clust/Port     Wire Load Model       Library
  ------------------------------------------------
  combShifter        5K_hvratio_1_1        NangateOpenCellLibrary

  Point                                    Incr       Path
  -----------------------------------------------------------
  input external delay                     0.00       0.00 f
  shift_mag[1] (in)                        0.00       0.00 f
  U41/ZN (INV_X1)                          0.06       0.06 r
  U32/ZN (OAI222_X1)                       0.05       0.11 f
  Op[2] (out)                              0.00       0.11 f
  data arrival time                                   0.11
  -----------------------------------------------------------
  (Path is unconstrained)


  Startpoint: shift_mag[1]
              (input port)
  Endpoint: Op[3] (output port)
  Path Group: (none)
  Path Type: max

  Des/Clust/Port     Wire Load Model       Library
  ------------------------------------------------
  combShifter        5K_hvratio_1_1        NangateOpenCellLibrary

  Point                                    Incr       Path
  -----------------------------------------------------------
  input external delay                     0.00       0.00 f
  shift_mag[1] (in)                        0.00       0.00 f
  U41/ZN (INV_X1)                          0.06       0.06 r
  U30/ZN (OAI222_X1)                       0.05       0.11 f
  Op[3] (out)                              0.00       0.11 f
  data arrival time                                   0.11
  -----------------------------------------------------------
  (Path is unconstrained)


  Startpoint: shift_mag[1]
              (input port)
  Endpoint: Op[4] (output port)
  Path Group: (none)
  Path Type: max

  Des/Clust/Port     Wire Load Model       Library
  ------------------------------------------------
  combShifter        5K_hvratio_1_1        NangateOpenCellLibrary

  Point                                    Incr       Path
  -----------------------------------------------------------
  input external delay                     0.00       0.00 f
  shift_mag[1] (in)                        0.00       0.00 f
  U41/ZN (INV_X1)                          0.06       0.06 r
  U28/ZN (OAI222_X1)                       0.05       0.11 f
  Op[4] (out)                              0.00       0.11 f
  data arrival time                                   0.11
  -----------------------------------------------------------
  (Path is unconstrained)


  Startpoint: shift_mag[1]
              (input port)
  Endpoint: Op[5] (output port)
  Path Group: (none)
  Path Type: max

  Des/Clust/Port     Wire Load Model       Library
  ------------------------------------------------
  combShifter        5K_hvratio_1_1        NangateOpenCellLibrary

  Point                                    Incr       Path
  -----------------------------------------------------------
  input external delay                     0.00       0.00 f
  shift_mag[1] (in)                        0.00       0.00 f
  U41/ZN (INV_X1)                          0.06       0.06 r
  U26/ZN (OAI222_X1)                       0.05       0.11 f
  Op[5] (out)                              0.00       0.11 f
  data arrival time                                   0.11
  -----------------------------------------------------------
  (Path is unconstrained)


  Startpoint: shift_mag[2]
              (input port)
  Endpoint: Op[4] (output port)
  Path Group: (none)
  Path Type: max

  Des/Clust/Port     Wire Load Model       Library
  ------------------------------------------------
  combShifter        5K_hvratio_1_1        NangateOpenCellLibrary

  Point                                    Incr       Path
  -----------------------------------------------------------
  input external delay                     0.00       0.00 f
  shift_mag[2] (in)                        0.00       0.00 f
  U40/ZN (INV_X1)                          0.05       0.05 r
  U28/ZN (OAI222_X1)                       0.05       0.11 f
  Op[4] (out)                              0.00       0.11 f
  data arrival time                                   0.11
  -----------------------------------------------------------
  (Path is unconstrained)


  Startpoint: shift_mag[2]
              (input port)
  Endpoint: Op[5] (output port)
  Path Group: (none)
  Path Type: max

  Des/Clust/Port     Wire Load Model       Library
  ------------------------------------------------
  combShifter        5K_hvratio_1_1        NangateOpenCellLibrary

  Point                                    Incr       Path
  -----------------------------------------------------------
  input external delay                     0.00       0.00 f
  shift_mag[2] (in)                        0.00       0.00 f
  U40/ZN (INV_X1)                          0.05       0.05 r
  U26/ZN (OAI222_X1)                       0.05       0.11 f
  Op[5] (out)                              0.00       0.11 f
  data arrival time                                   0.11
  -----------------------------------------------------------
  (Path is unconstrained)


  Startpoint: shift_mag[2]
              (input port)
  Endpoint: Op[6] (output port)
  Path Group: (none)
  Path Type: max

  Des/Clust/Port     Wire Load Model       Library
  ------------------------------------------------
  combShifter        5K_hvratio_1_1        NangateOpenCellLibrary

  Point                                    Incr       Path
  -----------------------------------------------------------
  input external delay                     0.00       0.00 f
  shift_mag[2] (in)                        0.00       0.00 f
  U40/ZN (INV_X1)                          0.05       0.05 r
  U24/ZN (OAI222_X1)                       0.05       0.11 f
  Op[6] (out)                              0.00       0.11 f
  data arrival time                                   0.11
  -----------------------------------------------------------
  (Path is unconstrained)


  Startpoint: shift_mag[1]
              (input port)
  Endpoint: Op[7] (output port)
  Path Group: (none)
  Path Type: max

  Des/Clust/Port     Wire Load Model       Library
  ------------------------------------------------
  combShifter        5K_hvratio_1_1        NangateOpenCellLibrary

  Point                                    Incr       Path
  -----------------------------------------------------------
  input external delay                     0.00       0.00 f
  shift_mag[1] (in)                        0.00       0.00 f
  U41/ZN (INV_X1)                          0.06       0.06 r
  U22/ZN (OAI221_X1)                       0.05       0.11 f
  Op[7] (out)                              0.00       0.11 f
  data arrival time                                   0.11
  -----------------------------------------------------------
  (Path is unconstrained)


  Startpoint: shift_mag[1]
              (input port)
  Endpoint: Op[6] (output port)
  Path Group: (none)
  Path Type: max

  Des/Clust/Port     Wire Load Model       Library
  ------------------------------------------------
  combShifter        5K_hvratio_1_1        NangateOpenCellLibrary

  Point                                    Incr       Path
  -----------------------------------------------------------
  input external delay                     0.00       0.00 f
  shift_mag[1] (in)                        0.00       0.00 f
  U41/ZN (INV_X1)                          0.06       0.06 r
  U24/ZN (OAI222_X1)                       0.05       0.11 f
  Op[6] (out)                              0.00       0.11 f
  data arrival time                                   0.11
  -----------------------------------------------------------
  (Path is unconstrained)


  Startpoint: shift_mag[1]
              (input port)
  Endpoint: Op[0] (output port)
  Path Group: (none)
  Path Type: max

  Des/Clust/Port     Wire Load Model       Library
  ------------------------------------------------
  combShifter        5K_hvratio_1_1        NangateOpenCellLibrary

  Point                                    Incr       Path
  -----------------------------------------------------------
  input external delay                     0.00       0.00 r
  shift_mag[1] (in)                        0.00       0.00 r
  U41/ZN (INV_X1)                          0.04       0.04 f
  U37/ZN (OAI221_X1)                       0.07       0.11 r
  Op[0] (out)                              0.00       0.11 r
  data arrival time                                   0.11
  -----------------------------------------------------------
  (Path is unconstrained)


  Startpoint: shift_mag[0]
              (input port)
  Endpoint: Op[2] (output port)
  Path Group: (none)
  Path Type: max

  Des/Clust/Port     Wire Load Model       Library
  ------------------------------------------------
  combShifter        5K_hvratio_1_1        NangateOpenCellLibrary

  Point                                    Incr       Path
  -----------------------------------------------------------
  input external delay                     0.00       0.00 f
  shift_mag[0] (in)                        0.00       0.00 f
  U36/ZN (INV_X1)                          0.05       0.05 r
  U32/ZN (OAI222_X1)                       0.06       0.11 f
  Op[2] (out)                              0.00       0.11 f
  data arrival time                                   0.11
  -----------------------------------------------------------
  (Path is unconstrained)


  Startpoint: shift_mag[0]
              (input port)
  Endpoint: Op[3] (output port)
  Path Group: (none)
  Path Type: max

  Des/Clust/Port     Wire Load Model       Library
  ------------------------------------------------
  combShifter        5K_hvratio_1_1        NangateOpenCellLibrary

  Point                                    Incr       Path
  -----------------------------------------------------------
  input external delay                     0.00       0.00 f
  shift_mag[0] (in)                        0.00       0.00 f
  U36/ZN (INV_X1)                          0.05       0.05 r
  U30/ZN (OAI222_X1)                       0.06       0.11 f
  Op[3] (out)                              0.00       0.11 f
  data arrival time                                   0.11
  -----------------------------------------------------------
  (Path is unconstrained)


  Startpoint: shift_mag[0]
              (input port)
  Endpoint: Op[4] (output port)
  Path Group: (none)
  Path Type: max

  Des/Clust/Port     Wire Load Model       Library
  ------------------------------------------------
  combShifter        5K_hvratio_1_1        NangateOpenCellLibrary

  Point                                    Incr       Path
  -----------------------------------------------------------
  input external delay                     0.00       0.00 f
  shift_mag[0] (in)                        0.00       0.00 f
  U36/ZN (INV_X1)                          0.05       0.05 r
  U28/ZN (OAI222_X1)                       0.06       0.11 f
  Op[4] (out)                              0.00       0.11 f
  data arrival time                                   0.11
  -----------------------------------------------------------
  (Path is unconstrained)


  Startpoint: shift_mag[0]
              (input port)
  Endpoint: Op[5] (output port)
  Path Group: (none)
  Path Type: max

  Des/Clust/Port     Wire Load Model       Library
  ------------------------------------------------
  combShifter        5K_hvratio_1_1        NangateOpenCellLibrary

  Point                                    Incr       Path
  -----------------------------------------------------------
  input external delay                     0.00       0.00 f
  shift_mag[0] (in)                        0.00       0.00 f
  U36/ZN (INV_X1)                          0.05       0.05 r
  U26/ZN (OAI222_X1)                       0.06       0.11 f
  Op[5] (out)                              0.00       0.11 f
  data arrival time                                   0.11
  -----------------------------------------------------------
  (Path is unconstrained)


  Startpoint: shift_mag[0]
              (input port)
  Endpoint: Op[6] (output port)
  Path Group: (none)
  Path Type: max

  Des/Clust/Port     Wire Load Model       Library
  ------------------------------------------------
  combShifter        5K_hvratio_1_1        NangateOpenCellLibrary

  Point                                    Incr       Path
  -----------------------------------------------------------
  input external delay                     0.00       0.00 f
  shift_mag[0] (in)                        0.00       0.00 f
  U36/ZN (INV_X1)                          0.05       0.05 r
  U24/ZN (OAI222_X1)                       0.06       0.11 f
  Op[6] (out)                              0.00       0.11 f
  data arrival time                                   0.11
  -----------------------------------------------------------
  (Path is unconstrained)


  Startpoint: shift_mag[2]
              (input port)
  Endpoint: Op[4] (output port)
  Path Group: (none)
  Path Type: max

  Des/Clust/Port     Wire Load Model       Library
  ------------------------------------------------
  combShifter        5K_hvratio_1_1        NangateOpenCellLibrary

  Point                                    Incr       Path
  -----------------------------------------------------------
  input external delay                     0.00       0.00 f
  shift_mag[2] (in)                        0.00       0.00 f
  U40/ZN (INV_X1)                          0.05       0.05 r
  U28/ZN (OAI222_X1)                       0.05       0.11 f
  Op[4] (out)                              0.00       0.11 f
  data arrival time                                   0.11
  -----------------------------------------------------------
  (Path is unconstrained)


  Startpoint: shift_mag[2]
              (input port)
  Endpoint: Op[5] (output port)
  Path Group: (none)
  Path Type: max

  Des/Clust/Port     Wire Load Model       Library
  ------------------------------------------------
  combShifter        5K_hvratio_1_1        NangateOpenCellLibrary

  Point                                    Incr       Path
  -----------------------------------------------------------
  input external delay                     0.00       0.00 f
  shift_mag[2] (in)                        0.00       0.00 f
  U40/ZN (INV_X1)                          0.05       0.05 r
  U26/ZN (OAI222_X1)                       0.05       0.11 f
  Op[5] (out)                              0.00       0.11 f
  data arrival time                                   0.11
  -----------------------------------------------------------
  (Path is unconstrained)


  Startpoint: shift_mag[2]
              (input port)
  Endpoint: Op[6] (output port)
  Path Group: (none)
  Path Type: max

  Des/Clust/Port     Wire Load Model       Library
  ------------------------------------------------
  combShifter        5K_hvratio_1_1        NangateOpenCellLibrary

  Point                                    Incr       Path
  -----------------------------------------------------------
  input external delay                     0.00       0.00 f
  shift_mag[2] (in)                        0.00       0.00 f
  U40/ZN (INV_X1)                          0.05       0.05 r
  U24/ZN (OAI222_X1)                       0.05       0.11 f
  Op[6] (out)                              0.00       0.11 f
  data arrival time                                   0.11
  -----------------------------------------------------------
  (Path is unconstrained)


  Startpoint: shift_mag[1]
              (input port)
  Endpoint: Op[1] (output port)
  Path Group: (none)
  Path Type: max

  Des/Clust/Port     Wire Load Model       Library
  ------------------------------------------------
  combShifter        5K_hvratio_1_1        NangateOpenCellLibrary

  Point                                    Incr       Path
  -----------------------------------------------------------
  input external delay                     0.00       0.00 f
  shift_mag[1] (in)                        0.00       0.00 f
  U41/ZN (INV_X1)                          0.06       0.06 r
  U34/ZN (OAI222_X1)                       0.04       0.11 f
  Op[1] (out)                              0.00       0.11 f
  data arrival time                                   0.11
  -----------------------------------------------------------
  (Path is unconstrained)


  Startpoint: shift_mag[1]
              (input port)
  Endpoint: Op[2] (output port)
  Path Group: (none)
  Path Type: max

  Des/Clust/Port     Wire Load Model       Library
  ------------------------------------------------
  combShifter        5K_hvratio_1_1        NangateOpenCellLibrary

  Point                                    Incr       Path
  -----------------------------------------------------------
  input external delay                     0.00       0.00 f
  shift_mag[1] (in)                        0.00       0.00 f
  U41/ZN (INV_X1)                          0.06       0.06 r
  U32/ZN (OAI222_X1)                       0.04       0.11 f
  Op[2] (out)                              0.00       0.11 f
  data arrival time                                   0.11
  -----------------------------------------------------------
  (Path is unconstrained)


  Startpoint: shift_mag[1]
              (input port)
  Endpoint: Op[3] (output port)
  Path Group: (none)
  Path Type: max

  Des/Clust/Port     Wire Load Model       Library
  ------------------------------------------------
  combShifter        5K_hvratio_1_1        NangateOpenCellLibrary

  Point                                    Incr       Path
  -----------------------------------------------------------
  input external delay                     0.00       0.00 f
  shift_mag[1] (in)                        0.00       0.00 f
  U41/ZN (INV_X1)                          0.06       0.06 r
  U30/ZN (OAI222_X1)                       0.04       0.11 f
  Op[3] (out)                              0.00       0.11 f
  data arrival time                                   0.11
  -----------------------------------------------------------
  (Path is unconstrained)


  Startpoint: shift_mag[1]
              (input port)
  Endpoint: Op[4] (output port)
  Path Group: (none)
  Path Type: max

  Des/Clust/Port     Wire Load Model       Library
  ------------------------------------------------
  combShifter        5K_hvratio_1_1        NangateOpenCellLibrary

  Point                                    Incr       Path
  -----------------------------------------------------------
  input external delay                     0.00       0.00 f
  shift_mag[1] (in)                        0.00       0.00 f
  U41/ZN (INV_X1)                          0.06       0.06 r
  U28/ZN (OAI222_X1)                       0.04       0.11 f
  Op[4] (out)                              0.00       0.11 f
  data arrival time                                   0.11
  -----------------------------------------------------------
  (Path is unconstrained)


  Startpoint: shift_mag[1]
              (input port)
  Endpoint: Op[5] (output port)
  Path Group: (none)
  Path Type: max

  Des/Clust/Port     Wire Load Model       Library
  ------------------------------------------------
  combShifter        5K_hvratio_1_1        NangateOpenCellLibrary

  Point                                    Incr       Path
  -----------------------------------------------------------
  input external delay                     0.00       0.00 f
  shift_mag[1] (in)                        0.00       0.00 f
  U41/ZN (INV_X1)                          0.06       0.06 r
  U26/ZN (OAI222_X1)                       0.04       0.11 f
  Op[5] (out)                              0.00       0.11 f
  data arrival time                                   0.11
  -----------------------------------------------------------
  (Path is unconstrained)


  Startpoint: shift_mag[0]
              (input port)
  Endpoint: Op[1] (output port)
  Path Group: (none)
  Path Type: max

  Des/Clust/Port     Wire Load Model       Library
  ------------------------------------------------
  combShifter        5K_hvratio_1_1        NangateOpenCellLibrary

  Point                                    Incr       Path
  -----------------------------------------------------------
  input external delay                     0.00       0.00 f
  shift_mag[0] (in)                        0.00       0.00 f
  U36/ZN (INV_X1)                          0.05       0.05 r
  U34/ZN (OAI222_X1)                       0.05       0.11 f
  Op[1] (out)                              0.00       0.11 f
  data arrival time                                   0.11
  -----------------------------------------------------------
  (Path is unconstrained)


  Startpoint: shift_mag[1]
              (input port)
  Endpoint: Op[7] (output port)
  Path Group: (none)
  Path Type: max

  Des/Clust/Port     Wire Load Model       Library
  ------------------------------------------------
  combShifter        5K_hvratio_1_1        NangateOpenCellLibrary

  Point                                    Incr       Path
  -----------------------------------------------------------
  input external delay                     0.00       0.00 f
  shift_mag[1] (in)                        0.00       0.00 f
  U41/ZN (INV_X1)                          0.06       0.06 r
  U22/ZN (OAI221_X1)                       0.04       0.11 f
  Op[7] (out)                              0.00       0.11 f
  data arrival time                                   0.11
  -----------------------------------------------------------
  (Path is unconstrained)


  Startpoint: shift_mag[1]
              (input port)
  Endpoint: Op[6] (output port)
  Path Group: (none)
  Path Type: max

  Des/Clust/Port     Wire Load Model       Library
  ------------------------------------------------
  combShifter        5K_hvratio_1_1        NangateOpenCellLibrary

  Point                                    Incr       Path
  -----------------------------------------------------------
  input external delay                     0.00       0.00 f
  shift_mag[1] (in)                        0.00       0.00 f
  U41/ZN (INV_X1)                          0.06       0.06 r
  U24/ZN (OAI222_X1)                       0.04       0.10 f
  Op[6] (out)                              0.00       0.11 f
  data arrival time                                   0.11
  -----------------------------------------------------------
  (Path is unconstrained)


  Startpoint: shift_mag[1]
              (input port)
  Endpoint: Op[0] (output port)
  Path Group: (none)
  Path Type: max

  Des/Clust/Port     Wire Load Model       Library
  ------------------------------------------------
  combShifter        5K_hvratio_1_1        NangateOpenCellLibrary

  Point                                    Incr       Path
  -----------------------------------------------------------
  input external delay                     0.00       0.00 r
  shift_mag[1] (in)                        0.00       0.00 r
  U41/ZN (INV_X1)                          0.04       0.04 f
  U37/ZN (OAI221_X1)                       0.07       0.10 r
  Op[0] (out)                              0.00       0.11 r
  data arrival time                                   0.11
  -----------------------------------------------------------
  (Path is unconstrained)


  Startpoint: shift_mag[2]
              (input port)
  Endpoint: Op[4] (output port)
  Path Group: (none)
  Path Type: max

  Des/Clust/Port     Wire Load Model       Library
  ------------------------------------------------
  combShifter        5K_hvratio_1_1        NangateOpenCellLibrary

  Point                                    Incr       Path
  -----------------------------------------------------------
  input external delay                     0.00       0.00 r
  shift_mag[2] (in)                        0.00       0.00 r
  U40/ZN (INV_X1)                          0.03       0.03 f
  U28/ZN (OAI222_X1)                       0.07       0.10 r
  Op[4] (out)                              0.00       0.11 r
  data arrival time                                   0.11
  -----------------------------------------------------------
  (Path is unconstrained)


  Startpoint: shift_mag[2]
              (input port)
  Endpoint: Op[5] (output port)
  Path Group: (none)
  Path Type: max

  Des/Clust/Port     Wire Load Model       Library
  ------------------------------------------------
  combShifter        5K_hvratio_1_1        NangateOpenCellLibrary

  Point                                    Incr       Path
  -----------------------------------------------------------
  input external delay                     0.00       0.00 r
  shift_mag[2] (in)                        0.00       0.00 r
  U40/ZN (INV_X1)                          0.03       0.03 f
  U26/ZN (OAI222_X1)                       0.07       0.10 r
  Op[5] (out)                              0.00       0.11 r
  data arrival time                                   0.11
  -----------------------------------------------------------
  (Path is unconstrained)


  Startpoint: shift_mag[2]
              (input port)
  Endpoint: Op[6] (output port)
  Path Group: (none)
  Path Type: max

  Des/Clust/Port     Wire Load Model       Library
  ------------------------------------------------
  combShifter        5K_hvratio_1_1        NangateOpenCellLibrary

  Point                                    Incr       Path
  -----------------------------------------------------------
  input external delay                     0.00       0.00 r
  shift_mag[2] (in)                        0.00       0.00 r
  U40/ZN (INV_X1)                          0.03       0.03 f
  U24/ZN (OAI222_X1)                       0.07       0.10 r
  Op[6] (out)                              0.00       0.11 r
  data arrival time                                   0.11
  -----------------------------------------------------------
  (Path is unconstrained)


  Startpoint: shift_mag[0]
              (input port)
  Endpoint: Op[1] (output port)
  Path Group: (none)
  Path Type: max

  Des/Clust/Port     Wire Load Model       Library
  ------------------------------------------------
  combShifter        5K_hvratio_1_1        NangateOpenCellLibrary

  Point                                    Incr       Path
  -----------------------------------------------------------
  input external delay                     0.00       0.00 f
  shift_mag[0] (in)                        0.00       0.00 f
  U36/ZN (INV_X1)                          0.05       0.05 r
  U34/ZN (OAI222_X1)                       0.05       0.10 f
  Op[1] (out)                              0.00       0.11 f
  data arrival time                                   0.11
  -----------------------------------------------------------
  (Path is unconstrained)


  Startpoint: shift_mag[2]
              (input port)
  Endpoint: Op[1] (output port)
  Path Group: (none)
  Path Type: max

  Des/Clust/Port     Wire Load Model       Library
  ------------------------------------------------
  combShifter        5K_hvratio_1_1        NangateOpenCellLibrary

  Point                                    Incr       Path
  -----------------------------------------------------------
  input external delay                     0.00       0.00 f
  shift_mag[2] (in)                        0.00       0.00 f
  U40/ZN (INV_X1)                          0.05       0.05 r
  U34/ZN (OAI222_X1)                       0.05       0.10 f
  Op[1] (out)                              0.00       0.11 f
  data arrival time                                   0.11
  -----------------------------------------------------------
  (Path is unconstrained)


  Startpoint: shift_mag[2]
              (input port)
  Endpoint: Op[2] (output port)
  Path Group: (none)
  Path Type: max

  Des/Clust/Port     Wire Load Model       Library
  ------------------------------------------------
  combShifter        5K_hvratio_1_1        NangateOpenCellLibrary

  Point                                    Incr       Path
  -----------------------------------------------------------
  input external delay                     0.00       0.00 f
  shift_mag[2] (in)                        0.00       0.00 f
  U40/ZN (INV_X1)                          0.05       0.05 r
  U32/ZN (OAI222_X1)                       0.05       0.10 f
  Op[2] (out)                              0.00       0.11 f
  data arrival time                                   0.11
  -----------------------------------------------------------
  (Path is unconstrained)


  Startpoint: shift_mag[2]
              (input port)
  Endpoint: Op[3] (output port)
  Path Group: (none)
  Path Type: max

  Des/Clust/Port     Wire Load Model       Library
  ------------------------------------------------
  combShifter        5K_hvratio_1_1        NangateOpenCellLibrary

  Point                                    Incr       Path
  -----------------------------------------------------------
  input external delay                     0.00       0.00 f
  shift_mag[2] (in)                        0.00       0.00 f
  U40/ZN (INV_X1)                          0.05       0.05 r
  U30/ZN (OAI222_X1)                       0.05       0.10 f
  Op[3] (out)                              0.00       0.11 f
  data arrival time                                   0.11
  -----------------------------------------------------------
  (Path is unconstrained)


  Startpoint: shift_mag[1]
              (input port)
  Endpoint: Op[0] (output port)
  Path Group: (none)
  Path Type: max

  Des/Clust/Port     Wire Load Model       Library
  ------------------------------------------------
  combShifter        5K_hvratio_1_1        NangateOpenCellLibrary

  Point                                    Incr       Path
  -----------------------------------------------------------
  input external delay                     0.00       0.00 r
  shift_mag[1] (in)                        0.00       0.00 r
  U41/ZN (INV_X1)                          0.04       0.04 f
  U37/ZN (OAI221_X1)                       0.06       0.10 r
  Op[0] (out)                              0.00       0.11 r
  data arrival time                                   0.11
  -----------------------------------------------------------
  (Path is unconstrained)


  Startpoint: shift_mag[0]
              (input port)
  Endpoint: Op[7] (output port)
  Path Group: (none)
  Path Type: max

  Des/Clust/Port     Wire Load Model       Library
  ------------------------------------------------
  combShifter        5K_hvratio_1_1        NangateOpenCellLibrary

  Point                                    Incr       Path
  -----------------------------------------------------------
  input external delay                     0.00       0.00 f
  shift_mag[0] (in)                        0.00       0.00 f
  U36/ZN (INV_X1)                          0.05       0.05 r
  U22/ZN (OAI221_X1)                       0.05       0.10 f
  Op[7] (out)                              0.00       0.11 f
  data arrival time                                   0.11
  -----------------------------------------------------------
  (Path is unconstrained)


  Startpoint: shift_mag[2]
              (input port)
  Endpoint: Op[4] (output port)
  Path Group: (none)
  Path Type: max

  Des/Clust/Port     Wire Load Model       Library
  ------------------------------------------------
  combShifter        5K_hvratio_1_1        NangateOpenCellLibrary

  Point                                    Incr       Path
  -----------------------------------------------------------
  input external delay                     0.00       0.00 f
  shift_mag[2] (in)                        0.00       0.00 f
  U40/ZN (INV_X1)                          0.05       0.05 r
  U28/ZN (OAI222_X1)                       0.05       0.10 f
  Op[4] (out)                              0.00       0.11 f
  data arrival time                                   0.11
  -----------------------------------------------------------
  (Path is unconstrained)


  Startpoint: shift_mag[2]
              (input port)
  Endpoint: Op[5] (output port)
  Path Group: (none)
  Path Type: max

  Des/Clust/Port     Wire Load Model       Library
  ------------------------------------------------
  combShifter        5K_hvratio_1_1        NangateOpenCellLibrary

  Point                                    Incr       Path
  -----------------------------------------------------------
  input external delay                     0.00       0.00 f
  shift_mag[2] (in)                        0.00       0.00 f
  U40/ZN (INV_X1)                          0.05       0.05 r
  U26/ZN (OAI222_X1)                       0.05       0.10 f
  Op[5] (out)                              0.00       0.11 f
  data arrival time                                   0.11
  -----------------------------------------------------------
  (Path is unconstrained)


  Startpoint: shift_mag[2]
              (input port)
  Endpoint: Op[6] (output port)
  Path Group: (none)
  Path Type: max

  Des/Clust/Port     Wire Load Model       Library
  ------------------------------------------------
  combShifter        5K_hvratio_1_1        NangateOpenCellLibrary

  Point                                    Incr       Path
  -----------------------------------------------------------
  input external delay                     0.00       0.00 f
  shift_mag[2] (in)                        0.00       0.00 f
  U40/ZN (INV_X1)                          0.05       0.05 r
  U24/ZN (OAI222_X1)                       0.05       0.10 f
  Op[6] (out)                              0.00       0.11 f
  data arrival time                                   0.11
  -----------------------------------------------------------
  (Path is unconstrained)


  Startpoint: shift_mag[2]
              (input port)
  Endpoint: Op[1] (output port)
  Path Group: (none)
  Path Type: max

  Des/Clust/Port     Wire Load Model       Library
  ------------------------------------------------
  combShifter        5K_hvratio_1_1        NangateOpenCellLibrary

  Point                                    Incr       Path
  -----------------------------------------------------------
  input external delay                     0.00       0.00 f
  shift_mag[2] (in)                        0.00       0.00 f
  U40/ZN (INV_X1)                          0.05       0.05 r
  U34/ZN (OAI222_X1)                       0.05       0.10 f
  Op[1] (out)                              0.00       0.10 f
  data arrival time                                   0.10
  -----------------------------------------------------------
  (Path is unconstrained)


  Startpoint: shift_mag[2]
              (input port)
  Endpoint: Op[2] (output port)
  Path Group: (none)
  Path Type: max

  Des/Clust/Port     Wire Load Model       Library
  ------------------------------------------------
  combShifter        5K_hvratio_1_1        NangateOpenCellLibrary

  Point                                    Incr       Path
  -----------------------------------------------------------
  input external delay                     0.00       0.00 f
  shift_mag[2] (in)                        0.00       0.00 f
  U40/ZN (INV_X1)                          0.05       0.05 r
  U32/ZN (OAI222_X1)                       0.05       0.10 f
  Op[2] (out)                              0.00       0.10 f
  data arrival time                                   0.10
  -----------------------------------------------------------
  (Path is unconstrained)


  Startpoint: shift_mag[2]
              (input port)
  Endpoint: Op[3] (output port)
  Path Group: (none)
  Path Type: max

  Des/Clust/Port     Wire Load Model       Library
  ------------------------------------------------
  combShifter        5K_hvratio_1_1        NangateOpenCellLibrary

  Point                                    Incr       Path
  -----------------------------------------------------------
  input external delay                     0.00       0.00 f
  shift_mag[2] (in)                        0.00       0.00 f
  U40/ZN (INV_X1)                          0.05       0.05 r
  U30/ZN (OAI222_X1)                       0.05       0.10 f
  Op[3] (out)                              0.00       0.10 f
  data arrival time                                   0.10
  -----------------------------------------------------------
  (Path is unconstrained)


  Startpoint: shift_mag[1]
              (input port)
  Endpoint: Op[6] (output port)
  Path Group: (none)
  Path Type: max

  Des/Clust/Port     Wire Load Model       Library
  ------------------------------------------------
  combShifter        5K_hvratio_1_1        NangateOpenCellLibrary

  Point                                    Incr       Path
  -----------------------------------------------------------
  input external delay                     0.00       0.00 f
  shift_mag[1] (in)                        0.00       0.00 f
  U41/ZN (INV_X1)                          0.06       0.06 r
  U24/ZN (OAI222_X1)                       0.04       0.10 f
  Op[6] (out)                              0.00       0.10 f
  data arrival time                                   0.10
  -----------------------------------------------------------
  (Path is unconstrained)


  Startpoint: shift_mag[2]
              (input port)
  Endpoint: Op[4] (output port)
  Path Group: (none)
  Path Type: max

  Des/Clust/Port     Wire Load Model       Library
  ------------------------------------------------
  combShifter        5K_hvratio_1_1        NangateOpenCellLibrary

  Point                                    Incr       Path
  -----------------------------------------------------------
  input external delay                     0.00       0.00 r
  shift_mag[2] (in)                        0.00       0.00 r
  U40/ZN (INV_X1)                          0.03       0.03 f
  U28/ZN (OAI222_X1)                       0.07       0.10 r
  Op[4] (out)                              0.00       0.10 r
  data arrival time                                   0.10
  -----------------------------------------------------------
  (Path is unconstrained)


  Startpoint: shift_mag[2]
              (input port)
  Endpoint: Op[5] (output port)
  Path Group: (none)
  Path Type: max

  Des/Clust/Port     Wire Load Model       Library
  ------------------------------------------------
  combShifter        5K_hvratio_1_1        NangateOpenCellLibrary

  Point                                    Incr       Path
  -----------------------------------------------------------
  input external delay                     0.00       0.00 r
  shift_mag[2] (in)                        0.00       0.00 r
  U40/ZN (INV_X1)                          0.03       0.03 f
  U26/ZN (OAI222_X1)                       0.07       0.10 r
  Op[5] (out)                              0.00       0.10 r
  data arrival time                                   0.10
  -----------------------------------------------------------
  (Path is unconstrained)


  Startpoint: shift_mag[2]
              (input port)
  Endpoint: Op[6] (output port)
  Path Group: (none)
  Path Type: max

  Des/Clust/Port     Wire Load Model       Library
  ------------------------------------------------
  combShifter        5K_hvratio_1_1        NangateOpenCellLibrary

  Point                                    Incr       Path
  -----------------------------------------------------------
  input external delay                     0.00       0.00 r
  shift_mag[2] (in)                        0.00       0.00 r
  U40/ZN (INV_X1)                          0.03       0.03 f
  U24/ZN (OAI222_X1)                       0.07       0.10 r
  Op[6] (out)                              0.00       0.10 r
  data arrival time                                   0.10
  -----------------------------------------------------------
  (Path is unconstrained)


  Startpoint: shift_mag[1]
              (input port)
  Endpoint: Op[1] (output port)
  Path Group: (none)
  Path Type: max

  Des/Clust/Port     Wire Load Model       Library
  ------------------------------------------------
  combShifter        5K_hvratio_1_1        NangateOpenCellLibrary

  Point                                    Incr       Path
  -----------------------------------------------------------
  input external delay                     0.00       0.00 f
  shift_mag[1] (in)                        0.00       0.00 f
  U41/ZN (INV_X1)                          0.06       0.06 r
  U34/ZN (OAI222_X1)                       0.04       0.10 f
  Op[1] (out)                              0.00       0.10 f
  data arrival time                                   0.10
  -----------------------------------------------------------
  (Path is unconstrained)


  Startpoint: shift_mag[1]
              (input port)
  Endpoint: Op[2] (output port)
  Path Group: (none)
  Path Type: max

  Des/Clust/Port     Wire Load Model       Library
  ------------------------------------------------
  combShifter        5K_hvratio_1_1        NangateOpenCellLibrary

  Point                                    Incr       Path
  -----------------------------------------------------------
  input external delay                     0.00       0.00 f
  shift_mag[1] (in)                        0.00       0.00 f
  U41/ZN (INV_X1)                          0.06       0.06 r
  U32/ZN (OAI222_X1)                       0.04       0.10 f
  Op[2] (out)                              0.00       0.10 f
  data arrival time                                   0.10
  -----------------------------------------------------------
  (Path is unconstrained)


  Startpoint: shift_mag[1]
              (input port)
  Endpoint: Op[3] (output port)
  Path Group: (none)
  Path Type: max

  Des/Clust/Port     Wire Load Model       Library
  ------------------------------------------------
  combShifter        5K_hvratio_1_1        NangateOpenCellLibrary

  Point                                    Incr       Path
  -----------------------------------------------------------
  input external delay                     0.00       0.00 f
  shift_mag[1] (in)                        0.00       0.00 f
  U41/ZN (INV_X1)                          0.06       0.06 r
  U30/ZN (OAI222_X1)                       0.04       0.10 f
  Op[3] (out)                              0.00       0.10 f
  data arrival time                                   0.10
  -----------------------------------------------------------
  (Path is unconstrained)


  Startpoint: shift_mag[1]
              (input port)
  Endpoint: Op[4] (output port)
  Path Group: (none)
  Path Type: max

  Des/Clust/Port     Wire Load Model       Library
  ------------------------------------------------
  combShifter        5K_hvratio_1_1        NangateOpenCellLibrary

  Point                                    Incr       Path
  -----------------------------------------------------------
  input external delay                     0.00       0.00 f
  shift_mag[1] (in)                        0.00       0.00 f
  U41/ZN (INV_X1)                          0.06       0.06 r
  U28/ZN (OAI222_X1)                       0.04       0.10 f
  Op[4] (out)                              0.00       0.10 f
  data arrival time                                   0.10
  -----------------------------------------------------------
  (Path is unconstrained)


  Startpoint: shift_mag[1]
              (input port)
  Endpoint: Op[5] (output port)
  Path Group: (none)
  Path Type: max

  Des/Clust/Port     Wire Load Model       Library
  ------------------------------------------------
  combShifter        5K_hvratio_1_1        NangateOpenCellLibrary

  Point                                    Incr       Path
  -----------------------------------------------------------
  input external delay                     0.00       0.00 f
  shift_mag[1] (in)                        0.00       0.00 f
  U41/ZN (INV_X1)                          0.06       0.06 r
  U26/ZN (OAI222_X1)                       0.04       0.10 f
  Op[5] (out)                              0.00       0.10 f
  data arrival time                                   0.10
  -----------------------------------------------------------
  (Path is unconstrained)


  Startpoint: shift_mag[2]
              (input port)
  Endpoint: Op[4] (output port)
  Path Group: (none)
  Path Type: max

  Des/Clust/Port     Wire Load Model       Library
  ------------------------------------------------
  combShifter        5K_hvratio_1_1        NangateOpenCellLibrary

  Point                                    Incr       Path
  -----------------------------------------------------------
  input external delay                     0.00       0.00 f
  shift_mag[2] (in)                        0.00       0.00 f
  U40/ZN (INV_X1)                          0.05       0.05 r
  U28/ZN (OAI222_X1)                       0.05       0.10 f
  Op[4] (out)                              0.00       0.10 f
  data arrival time                                   0.10
  -----------------------------------------------------------
  (Path is unconstrained)


  Startpoint: shift_mag[2]
              (input port)
  Endpoint: Op[5] (output port)
  Path Group: (none)
  Path Type: max

  Des/Clust/Port     Wire Load Model       Library
  ------------------------------------------------
  combShifter        5K_hvratio_1_1        NangateOpenCellLibrary

  Point                                    Incr       Path
  -----------------------------------------------------------
  input external delay                     0.00       0.00 f
  shift_mag[2] (in)                        0.00       0.00 f
  U40/ZN (INV_X1)                          0.05       0.05 r
  U26/ZN (OAI222_X1)                       0.05       0.10 f
  Op[5] (out)                              0.00       0.10 f
  data arrival time                                   0.10
  -----------------------------------------------------------
  (Path is unconstrained)


  Startpoint: shift_mag[2]
              (input port)
  Endpoint: Op[6] (output port)
  Path Group: (none)
  Path Type: max

  Des/Clust/Port     Wire Load Model       Library
  ------------------------------------------------
  combShifter        5K_hvratio_1_1        NangateOpenCellLibrary

  Point                                    Incr       Path
  -----------------------------------------------------------
  input external delay                     0.00       0.00 f
  shift_mag[2] (in)                        0.00       0.00 f
  U40/ZN (INV_X1)                          0.05       0.05 r
  U24/ZN (OAI222_X1)                       0.05       0.10 f
  Op[6] (out)                              0.00       0.10 f
  data arrival time                                   0.10
  -----------------------------------------------------------
  (Path is unconstrained)


  Startpoint: shift_mag[0]
              (input port)
  Endpoint: Op[1] (output port)
  Path Group: (none)
  Path Type: max

  Des/Clust/Port     Wire Load Model       Library
  ------------------------------------------------
  combShifter        5K_hvratio_1_1        NangateOpenCellLibrary

  Point                                    Incr       Path
  -----------------------------------------------------------
  input external delay                     0.00       0.00 f
  shift_mag[0] (in)                        0.00       0.00 f
  U36/ZN (INV_X1)                          0.05       0.05 r
  U34/ZN (OAI222_X1)                       0.05       0.10 f
  Op[1] (out)                              0.00       0.10 f
  data arrival time                                   0.10
  -----------------------------------------------------------
  (Path is unconstrained)


  Startpoint: shift_mag[2]
              (input port)
  Endpoint: Op[4] (output port)
  Path Group: (none)
  Path Type: max

  Des/Clust/Port     Wire Load Model       Library
  ------------------------------------------------
  combShifter        5K_hvratio_1_1        NangateOpenCellLibrary

  Point                                    Incr       Path
  -----------------------------------------------------------
  input external delay                     0.00       0.00 r
  shift_mag[2] (in)                        0.00       0.00 r
  U40/ZN (INV_X1)                          0.03       0.03 f
  U28/ZN (OAI222_X1)                       0.07       0.10 r
  Op[4] (out)                              0.00       0.10 r
  data arrival time                                   0.10
  -----------------------------------------------------------
  (Path is unconstrained)


  Startpoint: shift_mag[2]
              (input port)
  Endpoint: Op[5] (output port)
  Path Group: (none)
  Path Type: max

  Des/Clust/Port     Wire Load Model       Library
  ------------------------------------------------
  combShifter        5K_hvratio_1_1        NangateOpenCellLibrary

  Point                                    Incr       Path
  -----------------------------------------------------------
  input external delay                     0.00       0.00 r
  shift_mag[2] (in)                        0.00       0.00 r
  U40/ZN (INV_X1)                          0.03       0.03 f
  U26/ZN (OAI222_X1)                       0.07       0.10 r
  Op[5] (out)                              0.00       0.10 r
  data arrival time                                   0.10
  -----------------------------------------------------------
  (Path is unconstrained)


  Startpoint: shift_mag[2]
              (input port)
  Endpoint: Op[6] (output port)
  Path Group: (none)
  Path Type: max

  Des/Clust/Port     Wire Load Model       Library
  ------------------------------------------------
  combShifter        5K_hvratio_1_1        NangateOpenCellLibrary

  Point                                    Incr       Path
  -----------------------------------------------------------
  input external delay                     0.00       0.00 r
  shift_mag[2] (in)                        0.00       0.00 r
  U40/ZN (INV_X1)                          0.03       0.03 f
  U24/ZN (OAI222_X1)                       0.07       0.10 r
  Op[6] (out)                              0.00       0.10 r
  data arrival time                                   0.10
  -----------------------------------------------------------
  (Path is unconstrained)


  Startpoint: shift_mag[0]
              (input port)
  Endpoint: Op[2] (output port)
  Path Group: (none)
  Path Type: max

  Des/Clust/Port     Wire Load Model       Library
  ------------------------------------------------
  combShifter        5K_hvratio_1_1        NangateOpenCellLibrary

  Point                                    Incr       Path
  -----------------------------------------------------------
  input external delay                     0.00       0.00 f
  shift_mag[0] (in)                        0.00       0.00 f
  U36/ZN (INV_X1)                          0.05       0.05 r
  U32/ZN (OAI222_X1)                       0.05       0.10 f
  Op[2] (out)                              0.00       0.10 f
  data arrival time                                   0.10
  -----------------------------------------------------------
  (Path is unconstrained)


  Startpoint: shift_mag[0]
              (input port)
  Endpoint: Op[3] (output port)
  Path Group: (none)
  Path Type: max

  Des/Clust/Port     Wire Load Model       Library
  ------------------------------------------------
  combShifter        5K_hvratio_1_1        NangateOpenCellLibrary

  Point                                    Incr       Path
  -----------------------------------------------------------
  input external delay                     0.00       0.00 f
  shift_mag[0] (in)                        0.00       0.00 f
  U36/ZN (INV_X1)                          0.05       0.05 r
  U30/ZN (OAI222_X1)                       0.05       0.10 f
  Op[3] (out)                              0.00       0.10 f
  data arrival time                                   0.10
  -----------------------------------------------------------
  (Path is unconstrained)


  Startpoint: shift_mag[0]
              (input port)
  Endpoint: Op[4] (output port)
  Path Group: (none)
  Path Type: max

  Des/Clust/Port     Wire Load Model       Library
  ------------------------------------------------
  combShifter        5K_hvratio_1_1        NangateOpenCellLibrary

  Point                                    Incr       Path
  -----------------------------------------------------------
  input external delay                     0.00       0.00 f
  shift_mag[0] (in)                        0.00       0.00 f
  U36/ZN (INV_X1)                          0.05       0.05 r
  U28/ZN (OAI222_X1)                       0.05       0.10 f
  Op[4] (out)                              0.00       0.10 f
  data arrival time                                   0.10
  -----------------------------------------------------------
  (Path is unconstrained)


  Startpoint: shift_mag[0]
              (input port)
  Endpoint: Op[5] (output port)
  Path Group: (none)
  Path Type: max

  Des/Clust/Port     Wire Load Model       Library
  ------------------------------------------------
  combShifter        5K_hvratio_1_1        NangateOpenCellLibrary

  Point                                    Incr       Path
  -----------------------------------------------------------
  input external delay                     0.00       0.00 f
  shift_mag[0] (in)                        0.00       0.00 f
  U36/ZN (INV_X1)                          0.05       0.05 r
  U26/ZN (OAI222_X1)                       0.05       0.10 f
  Op[5] (out)                              0.00       0.10 f
  data arrival time                                   0.10
  -----------------------------------------------------------
  (Path is unconstrained)


  Startpoint: shift_mag[0]
              (input port)
  Endpoint: Op[6] (output port)
  Path Group: (none)
  Path Type: max

  Des/Clust/Port     Wire Load Model       Library
  ------------------------------------------------
  combShifter        5K_hvratio_1_1        NangateOpenCellLibrary

  Point                                    Incr       Path
  -----------------------------------------------------------
  input external delay                     0.00       0.00 f
  shift_mag[0] (in)                        0.00       0.00 f
  U36/ZN (INV_X1)                          0.05       0.05 r
  U24/ZN (OAI222_X1)                       0.05       0.10 f
  Op[6] (out)                              0.00       0.10 f
  data arrival time                                   0.10
  -----------------------------------------------------------
  (Path is unconstrained)


  Startpoint: shift_mag[2]
              (input port)
  Endpoint: Op[6] (output port)
  Path Group: (none)
  Path Type: max

  Des/Clust/Port     Wire Load Model       Library
  ------------------------------------------------
  combShifter        5K_hvratio_1_1        NangateOpenCellLibrary

  Point                                    Incr       Path
  -----------------------------------------------------------
  input external delay                     0.00       0.00 r
  shift_mag[2] (in)                        0.00       0.00 r
  U40/ZN (INV_X1)                          0.03       0.03 f
  U24/ZN (OAI222_X1)                       0.07       0.10 r
  Op[6] (out)                              0.00       0.10 r
  data arrival time                                   0.10
  -----------------------------------------------------------
  (Path is unconstrained)


1
