 
****************************************
Report : area
Design : combShifter
Version: P-2019.03
Date   : Tue Apr 26 22:02:20 2022
****************************************

Library(s) Used:

    NangateOpenCellLibrary (File: /afs/andrew.cmu.edu/course/18/743/backend/45nm_Nangate/pdk_v1.3_v2010_12/NangateOpenCellLibrary_PDKv1_3_v2010_12/Front_End/Liberty/NLDM/NangateOpenCellLibrary_typical.db)

Number of ports:                           49
Number of nets:                           235
Number of cells:                          187
Number of combinational cells:            186
Number of sequential cells:                 1
Number of macros/black boxes:               0
Number of buf/inv:                         40
Number of references:                       7

Combinational area:                231.952001
Buf/Inv area:                       21.280000
Noncombinational area:               0.000000
Macro/Black Box area:                0.000000
Net Interconnect area:      undefined  (Wire load has zero net area)

Total cell area:                   231.952001
Total area:                 undefined

Information: This design contains black box (unknown) components. (RPT-8)

Hierarchical area distribution
------------------------------

                                  Global cell area          Local cell area
                                  ------------------  --------------------------- 
Hierarchical cell                 Absolute   Percent  Combi-    Noncombi-  Black-
                                  Total      Total    national  national   boxes   Design
--------------------------------  ---------  -------  --------  ---------  ------  ---------
combShifter                        231.9520    100.0  231.9520     0.0000  0.0000  combShifter
--------------------------------  ---------  -------  --------  ---------  ------  ---------
Total                                                 231.9520     0.0000  0.0000

1
