 
****************************************
Report : area
Design : combShifter
Version: P-2019.03
Date   : Tue Apr 26 22:07:05 2022
****************************************

Library(s) Used:

    NangateOpenCellLibrary (File: /afs/andrew.cmu.edu/course/18/743/backend/45nm_Nangate/pdk_v1.3_v2010_12/NangateOpenCellLibrary_PDKv1_3_v2010_12/Front_End/Liberty/NLDM/NangateOpenCellLibrary_typical.db)

Number of ports:                          385
Number of nets:                         10863
Number of cells:                        10479
Number of combinational cells:          10478
Number of sequential cells:                 1
Number of macros/black boxes:               0
Number of buf/inv:                        876
Number of references:                      13

Combinational area:              14413.476037
Buf/Inv area:                      622.439989
Noncombinational area:               0.000000
Macro/Black Box area:                0.000000
Net Interconnect area:      undefined  (Wire load has zero net area)

Total cell area:                 14413.476037
Total area:                 undefined

Information: This design contains black box (unknown) components. (RPT-8)

Hierarchical area distribution
------------------------------

                                  Global cell area            Local cell area
                                  -------------------  ----------------------------- 
Hierarchical cell                 Absolute    Percent  Combi-      Noncombi-  Black-
                                  Total       Total    national    national   boxes   Design
--------------------------------  ----------  -------  ----------  ---------  ------  ---------
combShifter                       14413.4760    100.0  14413.4760     0.0000  0.0000  combShifter
--------------------------------  ----------  -------  ----------  ---------  ------  ---------
Total                                                  14413.4760     0.0000  0.0000

1
