 
****************************************
Report : area
Design : combShifter
Version: P-2019.03
Date   : Tue Apr 26 22:00:26 2022
****************************************

Library(s) Used:

    NangateOpenCellLibrary (File: /afs/andrew.cmu.edu/course/18/743/backend/45nm_Nangate/pdk_v1.3_v2010_12/NangateOpenCellLibrary_PDKv1_3_v2010_12/Front_End/Liberty/NLDM/NangateOpenCellLibrary_typical.db)

Number of ports:                           21
Number of nets:                            40
Number of cells:                           25
Number of combinational cells:             24
Number of sequential cells:                 0
Number of macros/black boxes:               0
Number of buf/inv:                          9
Number of references:                       5

Combinational area:                 23.674000
Buf/Inv area:                        4.788000
Noncombinational area:               0.000000
Macro/Black Box area:                0.000000
Net Interconnect area:      undefined  (Wire load has zero net area)

Total cell area:                    23.674000
Total area:                 undefined

Hierarchical area distribution
------------------------------

                                  Global cell area          Local cell area
                                  ------------------  --------------------------- 
Hierarchical cell                 Absolute   Percent  Combi-    Noncombi-  Black-
                                  Total      Total    national  national   boxes   Design
--------------------------------  ---------  -------  --------  ---------  ------  ----------------------
combShifter                         23.6740    100.0   17.0240     0.0000  0.0000  combShifter
genblk1_binary_2_OneHot              6.6500     28.1    6.6500     0.0000  0.0000  decoder_MAX_SHIFT_MAG2
--------------------------------  ---------  -------  --------  ---------  ------  ----------------------
Total                                                  23.6740     0.0000  0.0000

1
