 
****************************************
Report : area
Design : combShifter
Version: P-2019.03
Date   : Tue Apr 26 21:59:49 2022
****************************************

Library(s) Used:

    NangateOpenCellLibrary (File: /afs/andrew.cmu.edu/course/18/743/backend/45nm_Nangate/pdk_v1.3_v2010_12/NangateOpenCellLibrary_PDKv1_3_v2010_12/Front_End/Liberty/NLDM/NangateOpenCellLibrary_typical.db)

Number of ports:                           17
Number of nets:                            27
Number of cells:                           15
Number of combinational cells:             14
Number of sequential cells:                 0
Number of macros/black boxes:               0
Number of buf/inv:                          4
Number of references:                       4

Combinational area:                 13.034000
Buf/Inv area:                        2.128000
Noncombinational area:               0.000000
Macro/Black Box area:                0.000000
Net Interconnect area:      undefined  (Wire load has zero net area)

Total cell area:                    13.034000
Total area:                 undefined

Hierarchical area distribution
------------------------------

                                  Global cell area          Local cell area
                                  ------------------  --------------------------- 
Hierarchical cell                 Absolute   Percent  Combi-    Noncombi-  Black-
                                  Total      Total    national  national   boxes   Design
--------------------------------  ---------  -------  --------  ---------  ------  ----------------------
combShifter                         13.0340    100.0    6.3840     0.0000  0.0000  combShifter
genblk1_binary_2_OneHot              6.6500     51.0    6.6500     0.0000  0.0000  decoder_MAX_SHIFT_MAG2
--------------------------------  ---------  -------  --------  ---------  ------  ----------------------
Total                                                  13.0340     0.0000  0.0000

1
