 
****************************************
Report : area
Design : combShifter
Version: P-2019.03
Date   : Tue Apr 26 22:05:21 2022
****************************************

Library(s) Used:

    NangateOpenCellLibrary (File: /afs/andrew.cmu.edu/course/18/743/backend/45nm_Nangate/pdk_v1.3_v2010_12/NangateOpenCellLibrary_PDKv1_3_v2010_12/Front_End/Liberty/NLDM/NangateOpenCellLibrary_typical.db)

Number of ports:                          257
Number of nets:                          3004
Number of cells:                         2685
Number of combinational cells:           2684
Number of sequential cells:                 1
Number of macros/black boxes:               0
Number of buf/inv:                        189
Number of references:                      14

Combinational area:               3699.262013
Buf/Inv area:                      124.221999
Noncombinational area:               0.000000
Macro/Black Box area:                0.000000
Net Interconnect area:      undefined  (Wire load has zero net area)

Total cell area:                  3699.262013
Total area:                 undefined

Information: This design contains black box (unknown) components. (RPT-8)

Hierarchical area distribution
------------------------------

                                  Global cell area          Local cell area
                                  ------------------  ---------------------------- 
Hierarchical cell                 Absolute   Percent  Combi-     Noncombi-  Black-
                                  Total      Total    national   national   boxes   Design
--------------------------------  ---------  -------  ---------  ---------  ------  ---------
combShifter                       3699.2620    100.0  3699.2620     0.0000  0.0000  combShifter
--------------------------------  ---------  -------  ---------  ---------  ------  ---------
Total                                                 3699.2620     0.0000  0.0000

1
