 
****************************************
Report : area
Design : combShifter
Version: P-2019.03
Date   : Tue Apr 26 22:02:00 2022
****************************************

Library(s) Used:

    NangateOpenCellLibrary (File: /afs/andrew.cmu.edu/course/18/743/backend/45nm_Nangate/pdk_v1.3_v2010_12/NangateOpenCellLibrary_PDKv1_3_v2010_12/Front_End/Liberty/NLDM/NangateOpenCellLibrary_typical.db)

Number of ports:                           40
Number of nets:                            64
Number of cells:                           42
Number of combinational cells:             41
Number of sequential cells:                 0
Number of macros/black boxes:               0
Number of buf/inv:                         20
Number of references:                       5

Combinational area:                 47.880000
Buf/Inv area:                       10.640000
Noncombinational area:               0.000000
Macro/Black Box area:                0.000000
Net Interconnect area:      undefined  (Wire load has zero net area)

Total cell area:                    47.880000
Total area:                 undefined

Hierarchical area distribution
------------------------------

                                  Global cell area          Local cell area
                                  ------------------  --------------------------- 
Hierarchical cell                 Absolute   Percent  Combi-    Noncombi-  Black-
                                  Total      Total    national  national   boxes   Design
--------------------------------  ---------  -------  --------  ---------  ------  ----------------------
combShifter                         47.8800    100.0   44.6880     0.0000  0.0000  combShifter
genblk1_binary_2_OneHot              3.1920      6.7    3.1920     0.0000  0.0000  decoder_MAX_SHIFT_MAG1
--------------------------------  ---------  -------  --------  ---------  ------  ----------------------
Total                                                  47.8800     0.0000  0.0000

1
