 
****************************************
Report : timing
        -path full
        -delay max
        -nworst 100
        -max_paths 100
Design : combShifter
Version: P-2019.03
Date   : Tue Apr 26 22:05:41 2022
****************************************

Operating Conditions: typical   Library: NangateOpenCellLibrary
Wire Load Model Mode: top

  Startpoint: shift_mag[1]
              (input port)
  Endpoint: Op[10] (output port)
  Path Group: (none)
  Path Type: max

  Des/Clust/Port     Wire Load Model       Library
  ------------------------------------------------
  combShifter        5K_hvratio_1_1        NangateOpenCellLibrary

  Point                                    Incr       Path
  -----------------------------------------------------------
  input external delay                     0.00       0.00 f
  shift_mag[1] (in)                        0.00       0.00 f
  U263/ZN (INV_X2)                         0.16       0.16 r
  U500/ZN (OAI222_X1)                      0.09       0.25 f
  Op[10] (out)                             0.00       0.25 f
  data arrival time                                   0.25
  -----------------------------------------------------------
  (Path is unconstrained)


  Startpoint: shift_mag[0]
              (input port)
  Endpoint: Op[11] (output port)
  Path Group: (none)
  Path Type: max

  Des/Clust/Port     Wire Load Model       Library
  ------------------------------------------------
  combShifter        5K_hvratio_1_1        NangateOpenCellLibrary

  Point                                    Incr       Path
  -----------------------------------------------------------
  input external delay                     0.00       0.00 f
  shift_mag[0] (in)                        0.00       0.00 f
  U269/ZN (INV_X2)                         0.15       0.15 r
  U478/ZN (OAI222_X1)                      0.09       0.24 f
  Op[11] (out)                             0.00       0.25 f
  data arrival time                                   0.25
  -----------------------------------------------------------
  (Path is unconstrained)


  Startpoint: shift_mag[2]
              (input port)
  Endpoint: Op[9] (output port)
  Path Group: (none)
  Path Type: max

  Des/Clust/Port     Wire Load Model       Library
  ------------------------------------------------
  combShifter        5K_hvratio_1_1        NangateOpenCellLibrary

  Point                                    Incr       Path
  -----------------------------------------------------------
  input external delay                     0.00       0.00 f
  shift_mag[2] (in)                        0.00       0.00 f
  U267/ZN (INV_X2)                         0.15       0.15 r
  U271/ZN (OAI222_X1)                      0.09       0.24 f
  Op[9] (out)                              0.00       0.25 f
  data arrival time                                   0.25
  -----------------------------------------------------------
  (Path is unconstrained)


  Startpoint: shift_mag[1]
              (input port)
  Endpoint: Op[9] (output port)
  Path Group: (none)
  Path Type: max

  Des/Clust/Port     Wire Load Model       Library
  ------------------------------------------------
  combShifter        5K_hvratio_1_1        NangateOpenCellLibrary

  Point                                    Incr       Path
  -----------------------------------------------------------
  input external delay                     0.00       0.00 f
  shift_mag[1] (in)                        0.00       0.00 f
  U264/ZN (INV_X2)                         0.16       0.16 r
  U271/ZN (OAI222_X1)                      0.08       0.24 f
  Op[9] (out)                              0.00       0.24 f
  data arrival time                                   0.24
  -----------------------------------------------------------
  (Path is unconstrained)


  Startpoint: shift_mag[1]
              (input port)
  Endpoint: Op[100] (output port)
  Path Group: (none)
  Path Type: max

  Des/Clust/Port     Wire Load Model       Library
  ------------------------------------------------
  combShifter        5K_hvratio_1_1        NangateOpenCellLibrary

  Point                                    Incr       Path
  -----------------------------------------------------------
  input external delay                     0.00       0.00 f
  shift_mag[1] (in)                        0.00       0.00 f
  U264/ZN (INV_X2)                         0.16       0.16 r
  U522/ZN (OAI222_X1)                      0.08       0.24 f
  Op[100] (out)                            0.00       0.24 f
  data arrival time                                   0.24
  -----------------------------------------------------------
  (Path is unconstrained)


  Startpoint: shift_mag[1]
              (input port)
  Endpoint: Op[8] (output port)
  Path Group: (none)
  Path Type: max

  Des/Clust/Port     Wire Load Model       Library
  ------------------------------------------------
  combShifter        5K_hvratio_1_1        NangateOpenCellLibrary

  Point                                    Incr       Path
  -----------------------------------------------------------
  input external delay                     0.00       0.00 f
  shift_mag[1] (in)                        0.00       0.00 f
  U263/ZN (INV_X2)                         0.16       0.16 r
  U290/ZN (OAI222_X1)                      0.08       0.24 f
  Op[8] (out)                              0.00       0.24 f
  data arrival time                                   0.24
  -----------------------------------------------------------
  (Path is unconstrained)


  Startpoint: shift_mag[2]
              (input port)
  Endpoint: Op[99] (output port)
  Path Group: (none)
  Path Type: max

  Des/Clust/Port     Wire Load Model       Library
  ------------------------------------------------
  combShifter        5K_hvratio_1_1        NangateOpenCellLibrary

  Point                                    Incr       Path
  -----------------------------------------------------------
  input external delay                     0.00       0.00 f
  shift_mag[2] (in)                        0.00       0.00 f
  U265/ZN (INV_X2)                         0.16       0.16 r
  U272/ZN (OAI222_X1)                      0.08       0.24 f
  Op[99] (out)                             0.00       0.24 f
  data arrival time                                   0.24
  -----------------------------------------------------------
  (Path is unconstrained)


  Startpoint: shift_mag[1]
              (input port)
  Endpoint: Op[10] (output port)
  Path Group: (none)
  Path Type: max

  Des/Clust/Port     Wire Load Model       Library
  ------------------------------------------------
  combShifter        5K_hvratio_1_1        NangateOpenCellLibrary

  Point                                    Incr       Path
  -----------------------------------------------------------
  input external delay                     0.00       0.00 f
  shift_mag[1] (in)                        0.00       0.00 f
  U263/ZN (INV_X2)                         0.16       0.16 r
  U500/ZN (OAI222_X1)                      0.08       0.24 f
  Op[10] (out)                             0.00       0.24 f
  data arrival time                                   0.24
  -----------------------------------------------------------
  (Path is unconstrained)


  Startpoint: shift_mag[0]
              (input port)
  Endpoint: Op[9] (output port)
  Path Group: (none)
  Path Type: max

  Des/Clust/Port     Wire Load Model       Library
  ------------------------------------------------
  combShifter        5K_hvratio_1_1        NangateOpenCellLibrary

  Point                                    Incr       Path
  -----------------------------------------------------------
  input external delay                     0.00       0.00 f
  shift_mag[0] (in)                        0.00       0.00 f
  U268/ZN (INV_X2)                         0.15       0.15 r
  U271/ZN (OAI222_X1)                      0.09       0.24 f
  Op[9] (out)                              0.00       0.24 f
  data arrival time                                   0.24
  -----------------------------------------------------------
  (Path is unconstrained)


  Startpoint: shift_mag[1]
              (input port)
  Endpoint: Op[99] (output port)
  Path Group: (none)
  Path Type: max

  Des/Clust/Port     Wire Load Model       Library
  ------------------------------------------------
  combShifter        5K_hvratio_1_1        NangateOpenCellLibrary

  Point                                    Incr       Path
  -----------------------------------------------------------
  input external delay                     0.00       0.00 f
  shift_mag[1] (in)                        0.00       0.00 f
  U264/ZN (INV_X2)                         0.16       0.16 r
  U272/ZN (OAI222_X1)                      0.08       0.24 f
  Op[99] (out)                             0.00       0.24 f
  data arrival time                                   0.24
  -----------------------------------------------------------
  (Path is unconstrained)


  Startpoint: shift_mag[1]
              (input port)
  Endpoint: Op[10] (output port)
  Path Group: (none)
  Path Type: max

  Des/Clust/Port     Wire Load Model       Library
  ------------------------------------------------
  combShifter        5K_hvratio_1_1        NangateOpenCellLibrary

  Point                                    Incr       Path
  -----------------------------------------------------------
  input external delay                     0.00       0.00 f
  shift_mag[1] (in)                        0.00       0.00 f
  U263/ZN (INV_X2)                         0.16       0.16 r
  U500/ZN (OAI222_X1)                      0.08       0.24 f
  Op[10] (out)                             0.00       0.24 f
  data arrival time                                   0.24
  -----------------------------------------------------------
  (Path is unconstrained)


  Startpoint: shift_mag[1]
              (input port)
  Endpoint: Op[9] (output port)
  Path Group: (none)
  Path Type: max

  Des/Clust/Port     Wire Load Model       Library
  ------------------------------------------------
  combShifter        5K_hvratio_1_1        NangateOpenCellLibrary

  Point                                    Incr       Path
  -----------------------------------------------------------
  input external delay                     0.00       0.00 f
  shift_mag[1] (in)                        0.00       0.00 f
  U264/ZN (INV_X2)                         0.16       0.16 r
  U271/ZN (OAI222_X1)                      0.08       0.24 f
  Op[9] (out)                              0.00       0.24 f
  data arrival time                                   0.24
  -----------------------------------------------------------
  (Path is unconstrained)


  Startpoint: shift_mag[0]
              (input port)
  Endpoint: Op[1] (output port)
  Path Group: (none)
  Path Type: max

  Des/Clust/Port     Wire Load Model       Library
  ------------------------------------------------
  combShifter        5K_hvratio_1_1        NangateOpenCellLibrary

  Point                                    Incr       Path
  -----------------------------------------------------------
  input external delay                     0.00       0.00 f
  shift_mag[0] (in)                        0.00       0.00 f
  U269/ZN (INV_X2)                         0.15       0.15 r
  U443/ZN (OAI222_X1)                      0.08       0.24 f
  Op[1] (out)                              0.00       0.24 f
  data arrival time                                   0.24
  -----------------------------------------------------------
  (Path is unconstrained)


  Startpoint: shift_mag[0]
              (input port)
  Endpoint: Op[4] (output port)
  Path Group: (none)
  Path Type: max

  Des/Clust/Port     Wire Load Model       Library
  ------------------------------------------------
  combShifter        5K_hvratio_1_1        NangateOpenCellLibrary

  Point                                    Incr       Path
  -----------------------------------------------------------
  input external delay                     0.00       0.00 f
  shift_mag[0] (in)                        0.00       0.00 f
  U269/ZN (INV_X2)                         0.15       0.15 r
  U377/ZN (OAI222_X1)                      0.08       0.24 f
  Op[4] (out)                              0.00       0.24 f
  data arrival time                                   0.24
  -----------------------------------------------------------
  (Path is unconstrained)


  Startpoint: shift_mag[0]
              (input port)
  Endpoint: Op[7] (output port)
  Path Group: (none)
  Path Type: max

  Des/Clust/Port     Wire Load Model       Library
  ------------------------------------------------
  combShifter        5K_hvratio_1_1        NangateOpenCellLibrary

  Point                                    Incr       Path
  -----------------------------------------------------------
  input external delay                     0.00       0.00 f
  shift_mag[0] (in)                        0.00       0.00 f
  U269/ZN (INV_X2)                         0.15       0.15 r
  U311/ZN (OAI222_X1)                      0.08       0.24 f
  Op[7] (out)                              0.00       0.24 f
  data arrival time                                   0.24
  -----------------------------------------------------------
  (Path is unconstrained)


  Startpoint: shift_mag[0]
              (input port)
  Endpoint: Op[14] (output port)
  Path Group: (none)
  Path Type: max

  Des/Clust/Port     Wire Load Model       Library
  ------------------------------------------------
  combShifter        5K_hvratio_1_1        NangateOpenCellLibrary

  Point                                    Incr       Path
  -----------------------------------------------------------
  input external delay                     0.00       0.00 f
  shift_mag[0] (in)                        0.00       0.00 f
  U269/ZN (INV_X2)                         0.15       0.15 r
  U456/ZN (OAI222_X1)                      0.08       0.24 f
  Op[14] (out)                             0.00       0.24 f
  data arrival time                                   0.24
  -----------------------------------------------------------
  (Path is unconstrained)


  Startpoint: shift_mag[0]
              (input port)
  Endpoint: Op[17] (output port)
  Path Group: (none)
  Path Type: max

  Des/Clust/Port     Wire Load Model       Library
  ------------------------------------------------
  combShifter        5K_hvratio_1_1        NangateOpenCellLibrary

  Point                                    Incr       Path
  -----------------------------------------------------------
  input external delay                     0.00       0.00 f
  shift_mag[0] (in)                        0.00       0.00 f
  U269/ZN (INV_X2)                         0.15       0.15 r
  U450/ZN (OAI222_X1)                      0.08       0.24 f
  Op[17] (out)                             0.00       0.24 f
  data arrival time                                   0.24
  -----------------------------------------------------------
  (Path is unconstrained)


  Startpoint: shift_mag[0]
              (input port)
  Endpoint: Op[22] (output port)
  Path Group: (none)
  Path Type: max

  Des/Clust/Port     Wire Load Model       Library
  ------------------------------------------------
  combShifter        5K_hvratio_1_1        NangateOpenCellLibrary

  Point                                    Incr       Path
  -----------------------------------------------------------
  input external delay                     0.00       0.00 f
  shift_mag[0] (in)                        0.00       0.00 f
  U269/ZN (INV_X2)                         0.15       0.15 r
  U437/ZN (OAI222_X1)                      0.08       0.24 f
  Op[22] (out)                             0.00       0.24 f
  data arrival time                                   0.24
  -----------------------------------------------------------
  (Path is unconstrained)


  Startpoint: shift_mag[0]
              (input port)
  Endpoint: Op[25] (output port)
  Path Group: (none)
  Path Type: max

  Des/Clust/Port     Wire Load Model       Library
  ------------------------------------------------
  combShifter        5K_hvratio_1_1        NangateOpenCellLibrary

  Point                                    Incr       Path
  -----------------------------------------------------------
  input external delay                     0.00       0.00 f
  shift_mag[0] (in)                        0.00       0.00 f
  U269/ZN (INV_X2)                         0.15       0.15 r
  U431/ZN (OAI222_X1)                      0.08       0.24 f
  Op[25] (out)                             0.00       0.24 f
  data arrival time                                   0.24
  -----------------------------------------------------------
  (Path is unconstrained)


  Startpoint: shift_mag[0]
              (input port)
  Endpoint: Op[28] (output port)
  Path Group: (none)
  Path Type: max

  Des/Clust/Port     Wire Load Model       Library
  ------------------------------------------------
  combShifter        5K_hvratio_1_1        NangateOpenCellLibrary

  Point                                    Incr       Path
  -----------------------------------------------------------
  input external delay                     0.00       0.00 f
  shift_mag[0] (in)                        0.00       0.00 f
  U269/ZN (INV_X2)                         0.15       0.15 r
  U425/ZN (OAI222_X1)                      0.08       0.24 f
  Op[28] (out)                             0.00       0.24 f
  data arrival time                                   0.24
  -----------------------------------------------------------
  (Path is unconstrained)


  Startpoint: shift_mag[0]
              (input port)
  Endpoint: Op[30] (output port)
  Path Group: (none)
  Path Type: max

  Des/Clust/Port     Wire Load Model       Library
  ------------------------------------------------
  combShifter        5K_hvratio_1_1        NangateOpenCellLibrary

  Point                                    Incr       Path
  -----------------------------------------------------------
  input external delay                     0.00       0.00 f
  shift_mag[0] (in)                        0.00       0.00 f
  U269/ZN (INV_X2)                         0.15       0.15 r
  U419/ZN (OAI222_X1)                      0.08       0.24 f
  Op[30] (out)                             0.00       0.24 f
  data arrival time                                   0.24
  -----------------------------------------------------------
  (Path is unconstrained)


  Startpoint: shift_mag[0]
              (input port)
  Endpoint: Op[33] (output port)
  Path Group: (none)
  Path Type: max

  Des/Clust/Port     Wire Load Model       Library
  ------------------------------------------------
  combShifter        5K_hvratio_1_1        NangateOpenCellLibrary

  Point                                    Incr       Path
  -----------------------------------------------------------
  input external delay                     0.00       0.00 f
  shift_mag[0] (in)                        0.00       0.00 f
  U269/ZN (INV_X2)                         0.15       0.15 r
  U413/ZN (OAI222_X1)                      0.08       0.24 f
  Op[33] (out)                             0.00       0.24 f
  data arrival time                                   0.24
  -----------------------------------------------------------
  (Path is unconstrained)


  Startpoint: shift_mag[0]
              (input port)
  Endpoint: Op[36] (output port)
  Path Group: (none)
  Path Type: max

  Des/Clust/Port     Wire Load Model       Library
  ------------------------------------------------
  combShifter        5K_hvratio_1_1        NangateOpenCellLibrary

  Point                                    Incr       Path
  -----------------------------------------------------------
  input external delay                     0.00       0.00 f
  shift_mag[0] (in)                        0.00       0.00 f
  U269/ZN (INV_X2)                         0.15       0.15 r
  U407/ZN (OAI222_X1)                      0.08       0.24 f
  Op[36] (out)                             0.00       0.24 f
  data arrival time                                   0.24
  -----------------------------------------------------------
  (Path is unconstrained)


  Startpoint: shift_mag[0]
              (input port)
  Endpoint: Op[39] (output port)
  Path Group: (none)
  Path Type: max

  Des/Clust/Port     Wire Load Model       Library
  ------------------------------------------------
  combShifter        5K_hvratio_1_1        NangateOpenCellLibrary

  Point                                    Incr       Path
  -----------------------------------------------------------
  input external delay                     0.00       0.00 f
  shift_mag[0] (in)                        0.00       0.00 f
  U269/ZN (INV_X2)                         0.15       0.15 r
  U401/ZN (OAI222_X1)                      0.08       0.24 f
  Op[39] (out)                             0.00       0.24 f
  data arrival time                                   0.24
  -----------------------------------------------------------
  (Path is unconstrained)


  Startpoint: shift_mag[0]
              (input port)
  Endpoint: Op[41] (output port)
  Path Group: (none)
  Path Type: max

  Des/Clust/Port     Wire Load Model       Library
  ------------------------------------------------
  combShifter        5K_hvratio_1_1        NangateOpenCellLibrary

  Point                                    Incr       Path
  -----------------------------------------------------------
  input external delay                     0.00       0.00 f
  shift_mag[0] (in)                        0.00       0.00 f
  U269/ZN (INV_X2)                         0.15       0.15 r
  U395/ZN (OAI222_X1)                      0.08       0.24 f
  Op[41] (out)                             0.00       0.24 f
  data arrival time                                   0.24
  -----------------------------------------------------------
  (Path is unconstrained)


  Startpoint: shift_mag[0]
              (input port)
  Endpoint: Op[44] (output port)
  Path Group: (none)
  Path Type: max

  Des/Clust/Port     Wire Load Model       Library
  ------------------------------------------------
  combShifter        5K_hvratio_1_1        NangateOpenCellLibrary

  Point                                    Incr       Path
  -----------------------------------------------------------
  input external delay                     0.00       0.00 f
  shift_mag[0] (in)                        0.00       0.00 f
  U269/ZN (INV_X2)                         0.15       0.15 r
  U389/ZN (OAI222_X1)                      0.08       0.24 f
  Op[44] (out)                             0.00       0.24 f
  data arrival time                                   0.24
  -----------------------------------------------------------
  (Path is unconstrained)


  Startpoint: shift_mag[0]
              (input port)
  Endpoint: Op[47] (output port)
  Path Group: (none)
  Path Type: max

  Des/Clust/Port     Wire Load Model       Library
  ------------------------------------------------
  combShifter        5K_hvratio_1_1        NangateOpenCellLibrary

  Point                                    Incr       Path
  -----------------------------------------------------------
  input external delay                     0.00       0.00 f
  shift_mag[0] (in)                        0.00       0.00 f
  U269/ZN (INV_X2)                         0.15       0.15 r
  U383/ZN (OAI222_X1)                      0.08       0.24 f
  Op[47] (out)                             0.00       0.24 f
  data arrival time                                   0.24
  -----------------------------------------------------------
  (Path is unconstrained)


  Startpoint: shift_mag[0]
              (input port)
  Endpoint: Op[52] (output port)
  Path Group: (none)
  Path Type: max

  Des/Clust/Port     Wire Load Model       Library
  ------------------------------------------------
  combShifter        5K_hvratio_1_1        NangateOpenCellLibrary

  Point                                    Incr       Path
  -----------------------------------------------------------
  input external delay                     0.00       0.00 f
  shift_mag[0] (in)                        0.00       0.00 f
  U269/ZN (INV_X2)                         0.15       0.15 r
  U371/ZN (OAI222_X1)                      0.08       0.24 f
  Op[52] (out)                             0.00       0.24 f
  data arrival time                                   0.24
  -----------------------------------------------------------
  (Path is unconstrained)


  Startpoint: shift_mag[0]
              (input port)
  Endpoint: Op[55] (output port)
  Path Group: (none)
  Path Type: max

  Des/Clust/Port     Wire Load Model       Library
  ------------------------------------------------
  combShifter        5K_hvratio_1_1        NangateOpenCellLibrary

  Point                                    Incr       Path
  -----------------------------------------------------------
  input external delay                     0.00       0.00 f
  shift_mag[0] (in)                        0.00       0.00 f
  U269/ZN (INV_X2)                         0.15       0.15 r
  U365/ZN (OAI222_X1)                      0.08       0.24 f
  Op[55] (out)                             0.00       0.24 f
  data arrival time                                   0.24
  -----------------------------------------------------------
  (Path is unconstrained)


  Startpoint: shift_mag[0]
              (input port)
  Endpoint: Op[58] (output port)
  Path Group: (none)
  Path Type: max

  Des/Clust/Port     Wire Load Model       Library
  ------------------------------------------------
  combShifter        5K_hvratio_1_1        NangateOpenCellLibrary

  Point                                    Incr       Path
  -----------------------------------------------------------
  input external delay                     0.00       0.00 f
  shift_mag[0] (in)                        0.00       0.00 f
  U269/ZN (INV_X2)                         0.15       0.15 r
  U359/ZN (OAI222_X1)                      0.08       0.24 f
  Op[58] (out)                             0.00       0.24 f
  data arrival time                                   0.24
  -----------------------------------------------------------
  (Path is unconstrained)


  Startpoint: shift_mag[0]
              (input port)
  Endpoint: Op[60] (output port)
  Path Group: (none)
  Path Type: max

  Des/Clust/Port     Wire Load Model       Library
  ------------------------------------------------
  combShifter        5K_hvratio_1_1        NangateOpenCellLibrary

  Point                                    Incr       Path
  -----------------------------------------------------------
  input external delay                     0.00       0.00 f
  shift_mag[0] (in)                        0.00       0.00 f
  U269/ZN (INV_X2)                         0.15       0.15 r
  U353/ZN (OAI222_X1)                      0.08       0.24 f
  Op[60] (out)                             0.00       0.24 f
  data arrival time                                   0.24
  -----------------------------------------------------------
  (Path is unconstrained)


  Startpoint: shift_mag[0]
              (input port)
  Endpoint: Op[63] (output port)
  Path Group: (none)
  Path Type: max

  Des/Clust/Port     Wire Load Model       Library
  ------------------------------------------------
  combShifter        5K_hvratio_1_1        NangateOpenCellLibrary

  Point                                    Incr       Path
  -----------------------------------------------------------
  input external delay                     0.00       0.00 f
  shift_mag[0] (in)                        0.00       0.00 f
  U269/ZN (INV_X2)                         0.15       0.15 r
  U347/ZN (OAI222_X1)                      0.08       0.24 f
  Op[63] (out)                             0.00       0.24 f
  data arrival time                                   0.24
  -----------------------------------------------------------
  (Path is unconstrained)


  Startpoint: shift_mag[0]
              (input port)
  Endpoint: Op[66] (output port)
  Path Group: (none)
  Path Type: max

  Des/Clust/Port     Wire Load Model       Library
  ------------------------------------------------
  combShifter        5K_hvratio_1_1        NangateOpenCellLibrary

  Point                                    Incr       Path
  -----------------------------------------------------------
  input external delay                     0.00       0.00 f
  shift_mag[0] (in)                        0.00       0.00 f
  U269/ZN (INV_X2)                         0.15       0.15 r
  U341/ZN (OAI222_X1)                      0.08       0.24 f
  Op[66] (out)                             0.00       0.24 f
  data arrival time                                   0.24
  -----------------------------------------------------------
  (Path is unconstrained)


  Startpoint: shift_mag[0]
              (input port)
  Endpoint: Op[69] (output port)
  Path Group: (none)
  Path Type: max

  Des/Clust/Port     Wire Load Model       Library
  ------------------------------------------------
  combShifter        5K_hvratio_1_1        NangateOpenCellLibrary

  Point                                    Incr       Path
  -----------------------------------------------------------
  input external delay                     0.00       0.00 f
  shift_mag[0] (in)                        0.00       0.00 f
  U269/ZN (INV_X2)                         0.15       0.15 r
  U335/ZN (OAI222_X1)                      0.08       0.24 f
  Op[69] (out)                             0.00       0.24 f
  data arrival time                                   0.24
  -----------------------------------------------------------
  (Path is unconstrained)


  Startpoint: shift_mag[0]
              (input port)
  Endpoint: Op[71] (output port)
  Path Group: (none)
  Path Type: max

  Des/Clust/Port     Wire Load Model       Library
  ------------------------------------------------
  combShifter        5K_hvratio_1_1        NangateOpenCellLibrary

  Point                                    Incr       Path
  -----------------------------------------------------------
  input external delay                     0.00       0.00 f
  shift_mag[0] (in)                        0.00       0.00 f
  U269/ZN (INV_X2)                         0.15       0.15 r
  U329/ZN (OAI222_X1)                      0.08       0.24 f
  Op[71] (out)                             0.00       0.24 f
  data arrival time                                   0.24
  -----------------------------------------------------------
  (Path is unconstrained)


  Startpoint: shift_mag[0]
              (input port)
  Endpoint: Op[74] (output port)
  Path Group: (none)
  Path Type: max

  Des/Clust/Port     Wire Load Model       Library
  ------------------------------------------------
  combShifter        5K_hvratio_1_1        NangateOpenCellLibrary

  Point                                    Incr       Path
  -----------------------------------------------------------
  input external delay                     0.00       0.00 f
  shift_mag[0] (in)                        0.00       0.00 f
  U269/ZN (INV_X2)                         0.15       0.15 r
  U323/ZN (OAI222_X1)                      0.08       0.24 f
  Op[74] (out)                             0.00       0.24 f
  data arrival time                                   0.24
  -----------------------------------------------------------
  (Path is unconstrained)


  Startpoint: shift_mag[0]
              (input port)
  Endpoint: Op[77] (output port)
  Path Group: (none)
  Path Type: max

  Des/Clust/Port     Wire Load Model       Library
  ------------------------------------------------
  combShifter        5K_hvratio_1_1        NangateOpenCellLibrary

  Point                                    Incr       Path
  -----------------------------------------------------------
  input external delay                     0.00       0.00 f
  shift_mag[0] (in)                        0.00       0.00 f
  U269/ZN (INV_X2)                         0.15       0.15 r
  U317/ZN (OAI222_X1)                      0.08       0.24 f
  Op[77] (out)                             0.00       0.24 f
  data arrival time                                   0.24
  -----------------------------------------------------------
  (Path is unconstrained)


  Startpoint: shift_mag[0]
              (input port)
  Endpoint: Op[82] (output port)
  Path Group: (none)
  Path Type: max

  Des/Clust/Port     Wire Load Model       Library
  ------------------------------------------------
  combShifter        5K_hvratio_1_1        NangateOpenCellLibrary

  Point                                    Incr       Path
  -----------------------------------------------------------
  input external delay                     0.00       0.00 f
  shift_mag[0] (in)                        0.00       0.00 f
  U269/ZN (INV_X2)                         0.15       0.15 r
  U305/ZN (OAI222_X1)                      0.08       0.24 f
  Op[82] (out)                             0.00       0.24 f
  data arrival time                                   0.24
  -----------------------------------------------------------
  (Path is unconstrained)


  Startpoint: shift_mag[0]
              (input port)
  Endpoint: Op[85] (output port)
  Path Group: (none)
  Path Type: max

  Des/Clust/Port     Wire Load Model       Library
  ------------------------------------------------
  combShifter        5K_hvratio_1_1        NangateOpenCellLibrary

  Point                                    Incr       Path
  -----------------------------------------------------------
  input external delay                     0.00       0.00 f
  shift_mag[0] (in)                        0.00       0.00 f
  U269/ZN (INV_X2)                         0.15       0.15 r
  U299/ZN (OAI222_X1)                      0.08       0.24 f
  Op[85] (out)                             0.00       0.24 f
  data arrival time                                   0.24
  -----------------------------------------------------------
  (Path is unconstrained)


  Startpoint: shift_mag[0]
              (input port)
  Endpoint: Op[88] (output port)
  Path Group: (none)
  Path Type: max

  Des/Clust/Port     Wire Load Model       Library
  ------------------------------------------------
  combShifter        5K_hvratio_1_1        NangateOpenCellLibrary

  Point                                    Incr       Path
  -----------------------------------------------------------
  input external delay                     0.00       0.00 f
  shift_mag[0] (in)                        0.00       0.00 f
  U269/ZN (INV_X2)                         0.15       0.15 r
  U293/ZN (OAI222_X1)                      0.08       0.24 f
  Op[88] (out)                             0.00       0.24 f
  data arrival time                                   0.24
  -----------------------------------------------------------
  (Path is unconstrained)


  Startpoint: shift_mag[0]
              (input port)
  Endpoint: Op[90] (output port)
  Path Group: (none)
  Path Type: max

  Des/Clust/Port     Wire Load Model       Library
  ------------------------------------------------
  combShifter        5K_hvratio_1_1        NangateOpenCellLibrary

  Point                                    Incr       Path
  -----------------------------------------------------------
  input external delay                     0.00       0.00 f
  shift_mag[0] (in)                        0.00       0.00 f
  U269/ZN (INV_X2)                         0.15       0.15 r
  U288/ZN (OAI222_X1)                      0.08       0.24 f
  Op[90] (out)                             0.00       0.24 f
  data arrival time                                   0.24
  -----------------------------------------------------------
  (Path is unconstrained)


  Startpoint: shift_mag[0]
              (input port)
  Endpoint: Op[93] (output port)
  Path Group: (none)
  Path Type: max

  Des/Clust/Port     Wire Load Model       Library
  ------------------------------------------------
  combShifter        5K_hvratio_1_1        NangateOpenCellLibrary

  Point                                    Incr       Path
  -----------------------------------------------------------
  input external delay                     0.00       0.00 f
  shift_mag[0] (in)                        0.00       0.00 f
  U269/ZN (INV_X2)                         0.15       0.15 r
  U282/ZN (OAI222_X1)                      0.08       0.24 f
  Op[93] (out)                             0.00       0.24 f
  data arrival time                                   0.24
  -----------------------------------------------------------
  (Path is unconstrained)


  Startpoint: shift_mag[0]
              (input port)
  Endpoint: Op[96] (output port)
  Path Group: (none)
  Path Type: max

  Des/Clust/Port     Wire Load Model       Library
  ------------------------------------------------
  combShifter        5K_hvratio_1_1        NangateOpenCellLibrary

  Point                                    Incr       Path
  -----------------------------------------------------------
  input external delay                     0.00       0.00 f
  shift_mag[0] (in)                        0.00       0.00 f
  U269/ZN (INV_X2)                         0.15       0.15 r
  U276/ZN (OAI222_X1)                      0.08       0.24 f
  Op[96] (out)                             0.00       0.24 f
  data arrival time                                   0.24
  -----------------------------------------------------------
  (Path is unconstrained)


  Startpoint: shift_mag[0]
              (input port)
  Endpoint: Op[105] (output port)
  Path Group: (none)
  Path Type: max

  Des/Clust/Port     Wire Load Model       Library
  ------------------------------------------------
  combShifter        5K_hvratio_1_1        NangateOpenCellLibrary

  Point                                    Incr       Path
  -----------------------------------------------------------
  input external delay                     0.00       0.00 f
  shift_mag[0] (in)                        0.00       0.00 f
  U269/ZN (INV_X2)                         0.15       0.15 r
  U512/ZN (OAI222_X1)                      0.08       0.24 f
  Op[105] (out)                            0.00       0.24 f
  data arrival time                                   0.24
  -----------------------------------------------------------
  (Path is unconstrained)


  Startpoint: shift_mag[0]
              (input port)
  Endpoint: Op[108] (output port)
  Path Group: (none)
  Path Type: max

  Des/Clust/Port     Wire Load Model       Library
  ------------------------------------------------
  combShifter        5K_hvratio_1_1        NangateOpenCellLibrary

  Point                                    Incr       Path
  -----------------------------------------------------------
  input external delay                     0.00       0.00 f
  shift_mag[0] (in)                        0.00       0.00 f
  U269/ZN (INV_X2)                         0.15       0.15 r
  U506/ZN (OAI222_X1)                      0.08       0.24 f
  Op[108] (out)                            0.00       0.24 f
  data arrival time                                   0.24
  -----------------------------------------------------------
  (Path is unconstrained)


  Startpoint: shift_mag[0]
              (input port)
  Endpoint: Op[111] (output port)
  Path Group: (none)
  Path Type: max

  Des/Clust/Port     Wire Load Model       Library
  ------------------------------------------------
  combShifter        5K_hvratio_1_1        NangateOpenCellLibrary

  Point                                    Incr       Path
  -----------------------------------------------------------
  input external delay                     0.00       0.00 f
  shift_mag[0] (in)                        0.00       0.00 f
  U269/ZN (INV_X2)                         0.15       0.15 r
  U496/ZN (OAI222_X1)                      0.08       0.24 f
  Op[111] (out)                            0.00       0.24 f
  data arrival time                                   0.24
  -----------------------------------------------------------
  (Path is unconstrained)


  Startpoint: shift_mag[0]
              (input port)
  Endpoint: Op[114] (output port)
  Path Group: (none)
  Path Type: max

  Des/Clust/Port     Wire Load Model       Library
  ------------------------------------------------
  combShifter        5K_hvratio_1_1        NangateOpenCellLibrary

  Point                                    Incr       Path
  -----------------------------------------------------------
  input external delay                     0.00       0.00 f
  shift_mag[0] (in)                        0.00       0.00 f
  U269/ZN (INV_X2)                         0.15       0.15 r
  U490/ZN (OAI222_X1)                      0.08       0.24 f
  Op[114] (out)                            0.00       0.24 f
  data arrival time                                   0.24
  -----------------------------------------------------------
  (Path is unconstrained)


  Startpoint: shift_mag[0]
              (input port)
  Endpoint: Op[117] (output port)
  Path Group: (none)
  Path Type: max

  Des/Clust/Port     Wire Load Model       Library
  ------------------------------------------------
  combShifter        5K_hvratio_1_1        NangateOpenCellLibrary

  Point                                    Incr       Path
  -----------------------------------------------------------
  input external delay                     0.00       0.00 f
  shift_mag[0] (in)                        0.00       0.00 f
  U269/ZN (INV_X2)                         0.15       0.15 r
  U484/ZN (OAI222_X1)                      0.08       0.24 f
  Op[117] (out)                            0.00       0.24 f
  data arrival time                                   0.24
  -----------------------------------------------------------
  (Path is unconstrained)


  Startpoint: shift_mag[0]
              (input port)
  Endpoint: Op[120] (output port)
  Path Group: (none)
  Path Type: max

  Des/Clust/Port     Wire Load Model       Library
  ------------------------------------------------
  combShifter        5K_hvratio_1_1        NangateOpenCellLibrary

  Point                                    Incr       Path
  -----------------------------------------------------------
  input external delay                     0.00       0.00 f
  shift_mag[0] (in)                        0.00       0.00 f
  U269/ZN (INV_X2)                         0.15       0.15 r
  U476/ZN (OAI222_X1)                      0.08       0.24 f
  Op[120] (out)                            0.00       0.24 f
  data arrival time                                   0.24
  -----------------------------------------------------------
  (Path is unconstrained)


  Startpoint: shift_mag[0]
              (input port)
  Endpoint: Op[123] (output port)
  Path Group: (none)
  Path Type: max

  Des/Clust/Port     Wire Load Model       Library
  ------------------------------------------------
  combShifter        5K_hvratio_1_1        NangateOpenCellLibrary

  Point                                    Incr       Path
  -----------------------------------------------------------
  input external delay                     0.00       0.00 f
  shift_mag[0] (in)                        0.00       0.00 f
  U269/ZN (INV_X2)                         0.15       0.15 r
  U470/ZN (OAI222_X1)                      0.08       0.24 f
  Op[123] (out)                            0.00       0.24 f
  data arrival time                                   0.24
  -----------------------------------------------------------
  (Path is unconstrained)


  Startpoint: shift_mag[0]
              (input port)
  Endpoint: Op[126] (output port)
  Path Group: (none)
  Path Type: max

  Des/Clust/Port     Wire Load Model       Library
  ------------------------------------------------
  combShifter        5K_hvratio_1_1        NangateOpenCellLibrary

  Point                                    Incr       Path
  -----------------------------------------------------------
  input external delay                     0.00       0.00 f
  shift_mag[0] (in)                        0.00       0.00 f
  U269/ZN (INV_X2)                         0.15       0.15 r
  U464/ZN (OAI222_X1)                      0.08       0.24 f
  Op[126] (out)                            0.00       0.24 f
  data arrival time                                   0.24
  -----------------------------------------------------------
  (Path is unconstrained)


  Startpoint: shift_mag[0]
              (input port)
  Endpoint: Op[2] (output port)
  Path Group: (none)
  Path Type: max

  Des/Clust/Port     Wire Load Model       Library
  ------------------------------------------------
  combShifter        5K_hvratio_1_1        NangateOpenCellLibrary

  Point                                    Incr       Path
  -----------------------------------------------------------
  input external delay                     0.00       0.00 f
  shift_mag[0] (in)                        0.00       0.00 f
  U270/ZN (INV_X2)                         0.15       0.15 r
  U421/ZN (OAI222_X1)                      0.08       0.24 f
  Op[2] (out)                              0.00       0.24 f
  data arrival time                                   0.24
  -----------------------------------------------------------
  (Path is unconstrained)


  Startpoint: shift_mag[0]
              (input port)
  Endpoint: Op[5] (output port)
  Path Group: (none)
  Path Type: max

  Des/Clust/Port     Wire Load Model       Library
  ------------------------------------------------
  combShifter        5K_hvratio_1_1        NangateOpenCellLibrary

  Point                                    Incr       Path
  -----------------------------------------------------------
  input external delay                     0.00       0.00 f
  shift_mag[0] (in)                        0.00       0.00 f
  U270/ZN (INV_X2)                         0.15       0.15 r
  U355/ZN (OAI222_X1)                      0.08       0.24 f
  Op[5] (out)                              0.00       0.24 f
  data arrival time                                   0.24
  -----------------------------------------------------------
  (Path is unconstrained)


  Startpoint: shift_mag[0]
              (input port)
  Endpoint: Op[8] (output port)
  Path Group: (none)
  Path Type: max

  Des/Clust/Port     Wire Load Model       Library
  ------------------------------------------------
  combShifter        5K_hvratio_1_1        NangateOpenCellLibrary

  Point                                    Incr       Path
  -----------------------------------------------------------
  input external delay                     0.00       0.00 f
  shift_mag[0] (in)                        0.00       0.00 f
  U270/ZN (INV_X2)                         0.15       0.15 r
  U290/ZN (OAI222_X1)                      0.08       0.24 f
  Op[8] (out)                              0.00       0.24 f
  data arrival time                                   0.24
  -----------------------------------------------------------
  (Path is unconstrained)


  Startpoint: shift_mag[0]
              (input port)
  Endpoint: Op[13] (output port)
  Path Group: (none)
  Path Type: max

  Des/Clust/Port     Wire Load Model       Library
  ------------------------------------------------
  combShifter        5K_hvratio_1_1        NangateOpenCellLibrary

  Point                                    Incr       Path
  -----------------------------------------------------------
  input external delay                     0.00       0.00 f
  shift_mag[0] (in)                        0.00       0.00 f
  U270/ZN (INV_X2)                         0.15       0.15 r
  U458/ZN (OAI222_X1)                      0.08       0.24 f
  Op[13] (out)                             0.00       0.24 f
  data arrival time                                   0.24
  -----------------------------------------------------------
  (Path is unconstrained)


  Startpoint: shift_mag[0]
              (input port)
  Endpoint: Op[15] (output port)
  Path Group: (none)
  Path Type: max

  Des/Clust/Port     Wire Load Model       Library
  ------------------------------------------------
  combShifter        5K_hvratio_1_1        NangateOpenCellLibrary

  Point                                    Incr       Path
  -----------------------------------------------------------
  input external delay                     0.00       0.00 f
  shift_mag[0] (in)                        0.00       0.00 f
  U270/ZN (INV_X2)                         0.15       0.15 r
  U454/ZN (OAI222_X1)                      0.08       0.24 f
  Op[15] (out)                             0.00       0.24 f
  data arrival time                                   0.24
  -----------------------------------------------------------
  (Path is unconstrained)


  Startpoint: shift_mag[0]
              (input port)
  Endpoint: Op[18] (output port)
  Path Group: (none)
  Path Type: max

  Des/Clust/Port     Wire Load Model       Library
  ------------------------------------------------
  combShifter        5K_hvratio_1_1        NangateOpenCellLibrary

  Point                                    Incr       Path
  -----------------------------------------------------------
  input external delay                     0.00       0.00 f
  shift_mag[0] (in)                        0.00       0.00 f
  U270/ZN (INV_X2)                         0.15       0.15 r
  U448/ZN (OAI222_X1)                      0.08       0.24 f
  Op[18] (out)                             0.00       0.24 f
  data arrival time                                   0.24
  -----------------------------------------------------------
  (Path is unconstrained)


  Startpoint: shift_mag[0]
              (input port)
  Endpoint: Op[20] (output port)
  Path Group: (none)
  Path Type: max

  Des/Clust/Port     Wire Load Model       Library
  ------------------------------------------------
  combShifter        5K_hvratio_1_1        NangateOpenCellLibrary

  Point                                    Incr       Path
  -----------------------------------------------------------
  input external delay                     0.00       0.00 f
  shift_mag[0] (in)                        0.00       0.00 f
  U270/ZN (INV_X2)                         0.15       0.15 r
  U441/ZN (OAI222_X1)                      0.08       0.24 f
  Op[20] (out)                             0.00       0.24 f
  data arrival time                                   0.24
  -----------------------------------------------------------
  (Path is unconstrained)


  Startpoint: shift_mag[0]
              (input port)
  Endpoint: Op[23] (output port)
  Path Group: (none)
  Path Type: max

  Des/Clust/Port     Wire Load Model       Library
  ------------------------------------------------
  combShifter        5K_hvratio_1_1        NangateOpenCellLibrary

  Point                                    Incr       Path
  -----------------------------------------------------------
  input external delay                     0.00       0.00 f
  shift_mag[0] (in)                        0.00       0.00 f
  U270/ZN (INV_X2)                         0.15       0.15 r
  U435/ZN (OAI222_X1)                      0.08       0.24 f
  Op[23] (out)                             0.00       0.24 f
  data arrival time                                   0.24
  -----------------------------------------------------------
  (Path is unconstrained)


  Startpoint: shift_mag[0]
              (input port)
  Endpoint: Op[27] (output port)
  Path Group: (none)
  Path Type: max

  Des/Clust/Port     Wire Load Model       Library
  ------------------------------------------------
  combShifter        5K_hvratio_1_1        NangateOpenCellLibrary

  Point                                    Incr       Path
  -----------------------------------------------------------
  input external delay                     0.00       0.00 f
  shift_mag[0] (in)                        0.00       0.00 f
  U270/ZN (INV_X2)                         0.15       0.15 r
  U427/ZN (OAI222_X1)                      0.08       0.24 f
  Op[27] (out)                             0.00       0.24 f
  data arrival time                                   0.24
  -----------------------------------------------------------
  (Path is unconstrained)


  Startpoint: shift_mag[0]
              (input port)
  Endpoint: Op[32] (output port)
  Path Group: (none)
  Path Type: max

  Des/Clust/Port     Wire Load Model       Library
  ------------------------------------------------
  combShifter        5K_hvratio_1_1        NangateOpenCellLibrary

  Point                                    Incr       Path
  -----------------------------------------------------------
  input external delay                     0.00       0.00 f
  shift_mag[0] (in)                        0.00       0.00 f
  U270/ZN (INV_X2)                         0.15       0.15 r
  U415/ZN (OAI222_X1)                      0.08       0.24 f
  Op[32] (out)                             0.00       0.24 f
  data arrival time                                   0.24
  -----------------------------------------------------------
  (Path is unconstrained)


  Startpoint: shift_mag[0]
              (input port)
  Endpoint: Op[35] (output port)
  Path Group: (none)
  Path Type: max

  Des/Clust/Port     Wire Load Model       Library
  ------------------------------------------------
  combShifter        5K_hvratio_1_1        NangateOpenCellLibrary

  Point                                    Incr       Path
  -----------------------------------------------------------
  input external delay                     0.00       0.00 f
  shift_mag[0] (in)                        0.00       0.00 f
  U270/ZN (INV_X2)                         0.15       0.15 r
  U409/ZN (OAI222_X1)                      0.08       0.24 f
  Op[35] (out)                             0.00       0.24 f
  data arrival time                                   0.24
  -----------------------------------------------------------
  (Path is unconstrained)


  Startpoint: shift_mag[0]
              (input port)
  Endpoint: Op[38] (output port)
  Path Group: (none)
  Path Type: max

  Des/Clust/Port     Wire Load Model       Library
  ------------------------------------------------
  combShifter        5K_hvratio_1_1        NangateOpenCellLibrary

  Point                                    Incr       Path
  -----------------------------------------------------------
  input external delay                     0.00       0.00 f
  shift_mag[0] (in)                        0.00       0.00 f
  U270/ZN (INV_X2)                         0.15       0.15 r
  U403/ZN (OAI222_X1)                      0.08       0.24 f
  Op[38] (out)                             0.00       0.24 f
  data arrival time                                   0.24
  -----------------------------------------------------------
  (Path is unconstrained)


  Startpoint: shift_mag[0]
              (input port)
  Endpoint: Op[40] (output port)
  Path Group: (none)
  Path Type: max

  Des/Clust/Port     Wire Load Model       Library
  ------------------------------------------------
  combShifter        5K_hvratio_1_1        NangateOpenCellLibrary

  Point                                    Incr       Path
  -----------------------------------------------------------
  input external delay                     0.00       0.00 f
  shift_mag[0] (in)                        0.00       0.00 f
  U270/ZN (INV_X2)                         0.15       0.15 r
  U397/ZN (OAI222_X1)                      0.08       0.24 f
  Op[40] (out)                             0.00       0.24 f
  data arrival time                                   0.24
  -----------------------------------------------------------
  (Path is unconstrained)


  Startpoint: shift_mag[0]
              (input port)
  Endpoint: Op[43] (output port)
  Path Group: (none)
  Path Type: max

  Des/Clust/Port     Wire Load Model       Library
  ------------------------------------------------
  combShifter        5K_hvratio_1_1        NangateOpenCellLibrary

  Point                                    Incr       Path
  -----------------------------------------------------------
  input external delay                     0.00       0.00 f
  shift_mag[0] (in)                        0.00       0.00 f
  U270/ZN (INV_X2)                         0.15       0.15 r
  U391/ZN (OAI222_X1)                      0.08       0.24 f
  Op[43] (out)                             0.00       0.24 f
  data arrival time                                   0.24
  -----------------------------------------------------------
  (Path is unconstrained)


  Startpoint: shift_mag[0]
              (input port)
  Endpoint: Op[46] (output port)
  Path Group: (none)
  Path Type: max

  Des/Clust/Port     Wire Load Model       Library
  ------------------------------------------------
  combShifter        5K_hvratio_1_1        NangateOpenCellLibrary

  Point                                    Incr       Path
  -----------------------------------------------------------
  input external delay                     0.00       0.00 f
  shift_mag[0] (in)                        0.00       0.00 f
  U270/ZN (INV_X2)                         0.15       0.15 r
  U385/ZN (OAI222_X1)                      0.08       0.24 f
  Op[46] (out)                             0.00       0.24 f
  data arrival time                                   0.24
  -----------------------------------------------------------
  (Path is unconstrained)


  Startpoint: shift_mag[0]
              (input port)
  Endpoint: Op[49] (output port)
  Path Group: (none)
  Path Type: max

  Des/Clust/Port     Wire Load Model       Library
  ------------------------------------------------
  combShifter        5K_hvratio_1_1        NangateOpenCellLibrary

  Point                                    Incr       Path
  -----------------------------------------------------------
  input external delay                     0.00       0.00 f
  shift_mag[0] (in)                        0.00       0.00 f
  U270/ZN (INV_X2)                         0.15       0.15 r
  U379/ZN (OAI222_X1)                      0.08       0.24 f
  Op[49] (out)                             0.00       0.24 f
  data arrival time                                   0.24
  -----------------------------------------------------------
  (Path is unconstrained)


  Startpoint: shift_mag[0]
              (input port)
  Endpoint: Op[51] (output port)
  Path Group: (none)
  Path Type: max

  Des/Clust/Port     Wire Load Model       Library
  ------------------------------------------------
  combShifter        5K_hvratio_1_1        NangateOpenCellLibrary

  Point                                    Incr       Path
  -----------------------------------------------------------
  input external delay                     0.00       0.00 f
  shift_mag[0] (in)                        0.00       0.00 f
  U270/ZN (INV_X2)                         0.15       0.15 r
  U373/ZN (OAI222_X1)                      0.08       0.24 f
  Op[51] (out)                             0.00       0.24 f
  data arrival time                                   0.24
  -----------------------------------------------------------
  (Path is unconstrained)


  Startpoint: shift_mag[0]
              (input port)
  Endpoint: Op[54] (output port)
  Path Group: (none)
  Path Type: max

  Des/Clust/Port     Wire Load Model       Library
  ------------------------------------------------
  combShifter        5K_hvratio_1_1        NangateOpenCellLibrary

  Point                                    Incr       Path
  -----------------------------------------------------------
  input external delay                     0.00       0.00 f
  shift_mag[0] (in)                        0.00       0.00 f
  U270/ZN (INV_X2)                         0.15       0.15 r
  U367/ZN (OAI222_X1)                      0.08       0.24 f
  Op[54] (out)                             0.00       0.24 f
  data arrival time                                   0.24
  -----------------------------------------------------------
  (Path is unconstrained)


  Startpoint: shift_mag[0]
              (input port)
  Endpoint: Op[57] (output port)
  Path Group: (none)
  Path Type: max

  Des/Clust/Port     Wire Load Model       Library
  ------------------------------------------------
  combShifter        5K_hvratio_1_1        NangateOpenCellLibrary

  Point                                    Incr       Path
  -----------------------------------------------------------
  input external delay                     0.00       0.00 f
  shift_mag[0] (in)                        0.00       0.00 f
  U270/ZN (INV_X2)                         0.15       0.15 r
  U361/ZN (OAI222_X1)                      0.08       0.24 f
  Op[57] (out)                             0.00       0.24 f
  data arrival time                                   0.24
  -----------------------------------------------------------
  (Path is unconstrained)


  Startpoint: shift_mag[0]
              (input port)
  Endpoint: Op[62] (output port)
  Path Group: (none)
  Path Type: max

  Des/Clust/Port     Wire Load Model       Library
  ------------------------------------------------
  combShifter        5K_hvratio_1_1        NangateOpenCellLibrary

  Point                                    Incr       Path
  -----------------------------------------------------------
  input external delay                     0.00       0.00 f
  shift_mag[0] (in)                        0.00       0.00 f
  U270/ZN (INV_X2)                         0.15       0.15 r
  U349/ZN (OAI222_X1)                      0.08       0.24 f
  Op[62] (out)                             0.00       0.24 f
  data arrival time                                   0.24
  -----------------------------------------------------------
  (Path is unconstrained)


  Startpoint: shift_mag[0]
              (input port)
  Endpoint: Op[65] (output port)
  Path Group: (none)
  Path Type: max

  Des/Clust/Port     Wire Load Model       Library
  ------------------------------------------------
  combShifter        5K_hvratio_1_1        NangateOpenCellLibrary

  Point                                    Incr       Path
  -----------------------------------------------------------
  input external delay                     0.00       0.00 f
  shift_mag[0] (in)                        0.00       0.00 f
  U270/ZN (INV_X2)                         0.15       0.15 r
  U343/ZN (OAI222_X1)                      0.08       0.24 f
  Op[65] (out)                             0.00       0.24 f
  data arrival time                                   0.24
  -----------------------------------------------------------
  (Path is unconstrained)


  Startpoint: shift_mag[0]
              (input port)
  Endpoint: Op[68] (output port)
  Path Group: (none)
  Path Type: max

  Des/Clust/Port     Wire Load Model       Library
  ------------------------------------------------
  combShifter        5K_hvratio_1_1        NangateOpenCellLibrary

  Point                                    Incr       Path
  -----------------------------------------------------------
  input external delay                     0.00       0.00 f
  shift_mag[0] (in)                        0.00       0.00 f
  U270/ZN (INV_X2)                         0.15       0.15 r
  U337/ZN (OAI222_X1)                      0.08       0.24 f
  Op[68] (out)                             0.00       0.24 f
  data arrival time                                   0.24
  -----------------------------------------------------------
  (Path is unconstrained)


  Startpoint: shift_mag[0]
              (input port)
  Endpoint: Op[70] (output port)
  Path Group: (none)
  Path Type: max

  Des/Clust/Port     Wire Load Model       Library
  ------------------------------------------------
  combShifter        5K_hvratio_1_1        NangateOpenCellLibrary

  Point                                    Incr       Path
  -----------------------------------------------------------
  input external delay                     0.00       0.00 f
  shift_mag[0] (in)                        0.00       0.00 f
  U270/ZN (INV_X2)                         0.15       0.15 r
  U331/ZN (OAI222_X1)                      0.08       0.24 f
  Op[70] (out)                             0.00       0.24 f
  data arrival time                                   0.24
  -----------------------------------------------------------
  (Path is unconstrained)


  Startpoint: shift_mag[0]
              (input port)
  Endpoint: Op[73] (output port)
  Path Group: (none)
  Path Type: max

  Des/Clust/Port     Wire Load Model       Library
  ------------------------------------------------
  combShifter        5K_hvratio_1_1        NangateOpenCellLibrary

  Point                                    Incr       Path
  -----------------------------------------------------------
  input external delay                     0.00       0.00 f
  shift_mag[0] (in)                        0.00       0.00 f
  U270/ZN (INV_X2)                         0.15       0.15 r
  U325/ZN (OAI222_X1)                      0.08       0.24 f
  Op[73] (out)                             0.00       0.24 f
  data arrival time                                   0.24
  -----------------------------------------------------------
  (Path is unconstrained)


  Startpoint: shift_mag[0]
              (input port)
  Endpoint: Op[76] (output port)
  Path Group: (none)
  Path Type: max

  Des/Clust/Port     Wire Load Model       Library
  ------------------------------------------------
  combShifter        5K_hvratio_1_1        NangateOpenCellLibrary

  Point                                    Incr       Path
  -----------------------------------------------------------
  input external delay                     0.00       0.00 f
  shift_mag[0] (in)                        0.00       0.00 f
  U270/ZN (INV_X2)                         0.15       0.15 r
  U319/ZN (OAI222_X1)                      0.08       0.24 f
  Op[76] (out)                             0.00       0.24 f
  data arrival time                                   0.24
  -----------------------------------------------------------
  (Path is unconstrained)


  Startpoint: shift_mag[0]
              (input port)
  Endpoint: Op[79] (output port)
  Path Group: (none)
  Path Type: max

  Des/Clust/Port     Wire Load Model       Library
  ------------------------------------------------
  combShifter        5K_hvratio_1_1        NangateOpenCellLibrary

  Point                                    Incr       Path
  -----------------------------------------------------------
  input external delay                     0.00       0.00 f
  shift_mag[0] (in)                        0.00       0.00 f
  U270/ZN (INV_X2)                         0.15       0.15 r
  U313/ZN (OAI222_X1)                      0.08       0.24 f
  Op[79] (out)                             0.00       0.24 f
  data arrival time                                   0.24
  -----------------------------------------------------------
  (Path is unconstrained)


  Startpoint: shift_mag[0]
              (input port)
  Endpoint: Op[81] (output port)
  Path Group: (none)
  Path Type: max

  Des/Clust/Port     Wire Load Model       Library
  ------------------------------------------------
  combShifter        5K_hvratio_1_1        NangateOpenCellLibrary

  Point                                    Incr       Path
  -----------------------------------------------------------
  input external delay                     0.00       0.00 f
  shift_mag[0] (in)                        0.00       0.00 f
  U270/ZN (INV_X2)                         0.15       0.15 r
  U307/ZN (OAI222_X1)                      0.08       0.24 f
  Op[81] (out)                             0.00       0.24 f
  data arrival time                                   0.24
  -----------------------------------------------------------
  (Path is unconstrained)


  Startpoint: shift_mag[0]
              (input port)
  Endpoint: Op[84] (output port)
  Path Group: (none)
  Path Type: max

  Des/Clust/Port     Wire Load Model       Library
  ------------------------------------------------
  combShifter        5K_hvratio_1_1        NangateOpenCellLibrary

  Point                                    Incr       Path
  -----------------------------------------------------------
  input external delay                     0.00       0.00 f
  shift_mag[0] (in)                        0.00       0.00 f
  U270/ZN (INV_X2)                         0.15       0.15 r
  U301/ZN (OAI222_X1)                      0.08       0.24 f
  Op[84] (out)                             0.00       0.24 f
  data arrival time                                   0.24
  -----------------------------------------------------------
  (Path is unconstrained)


  Startpoint: shift_mag[0]
              (input port)
  Endpoint: Op[87] (output port)
  Path Group: (none)
  Path Type: max

  Des/Clust/Port     Wire Load Model       Library
  ------------------------------------------------
  combShifter        5K_hvratio_1_1        NangateOpenCellLibrary

  Point                                    Incr       Path
  -----------------------------------------------------------
  input external delay                     0.00       0.00 f
  shift_mag[0] (in)                        0.00       0.00 f
  U270/ZN (INV_X2)                         0.15       0.15 r
  U295/ZN (OAI222_X1)                      0.08       0.24 f
  Op[87] (out)                             0.00       0.24 f
  data arrival time                                   0.24
  -----------------------------------------------------------
  (Path is unconstrained)


  Startpoint: shift_mag[0]
              (input port)
  Endpoint: Op[92] (output port)
  Path Group: (none)
  Path Type: max

  Des/Clust/Port     Wire Load Model       Library
  ------------------------------------------------
  combShifter        5K_hvratio_1_1        NangateOpenCellLibrary

  Point                                    Incr       Path
  -----------------------------------------------------------
  input external delay                     0.00       0.00 f
  shift_mag[0] (in)                        0.00       0.00 f
  U270/ZN (INV_X2)                         0.15       0.15 r
  U284/ZN (OAI222_X1)                      0.08       0.24 f
  Op[92] (out)                             0.00       0.24 f
  data arrival time                                   0.24
  -----------------------------------------------------------
  (Path is unconstrained)


  Startpoint: shift_mag[0]
              (input port)
  Endpoint: Op[95] (output port)
  Path Group: (none)
  Path Type: max

  Des/Clust/Port     Wire Load Model       Library
  ------------------------------------------------
  combShifter        5K_hvratio_1_1        NangateOpenCellLibrary

  Point                                    Incr       Path
  -----------------------------------------------------------
  input external delay                     0.00       0.00 f
  shift_mag[0] (in)                        0.00       0.00 f
  U270/ZN (INV_X2)                         0.15       0.15 r
  U278/ZN (OAI222_X1)                      0.08       0.24 f
  Op[95] (out)                             0.00       0.24 f
  data arrival time                                   0.24
  -----------------------------------------------------------
  (Path is unconstrained)


  Startpoint: shift_mag[0]
              (input port)
  Endpoint: Op[98] (output port)
  Path Group: (none)
  Path Type: max

  Des/Clust/Port     Wire Load Model       Library
  ------------------------------------------------
  combShifter        5K_hvratio_1_1        NangateOpenCellLibrary

  Point                                    Incr       Path
  -----------------------------------------------------------
  input external delay                     0.00       0.00 f
  shift_mag[0] (in)                        0.00       0.00 f
  U270/ZN (INV_X2)                         0.15       0.15 r
  U273/ZN (OAI222_X1)                      0.08       0.24 f
  Op[98] (out)                             0.00       0.24 f
  data arrival time                                   0.24
  -----------------------------------------------------------
  (Path is unconstrained)


  Startpoint: shift_mag[0]
              (input port)
  Endpoint: Op[101] (output port)
  Path Group: (none)
  Path Type: max

  Des/Clust/Port     Wire Load Model       Library
  ------------------------------------------------
  combShifter        5K_hvratio_1_1        NangateOpenCellLibrary

  Point                                    Incr       Path
  -----------------------------------------------------------
  input external delay                     0.00       0.00 f
  shift_mag[0] (in)                        0.00       0.00 f
  U270/ZN (INV_X2)                         0.15       0.15 r
  U520/ZN (OAI222_X1)                      0.08       0.24 f
  Op[101] (out)                            0.00       0.24 f
  data arrival time                                   0.24
  -----------------------------------------------------------
  (Path is unconstrained)


  Startpoint: shift_mag[0]
              (input port)
  Endpoint: Op[103] (output port)
  Path Group: (none)
  Path Type: max

  Des/Clust/Port     Wire Load Model       Library
  ------------------------------------------------
  combShifter        5K_hvratio_1_1        NangateOpenCellLibrary

  Point                                    Incr       Path
  -----------------------------------------------------------
  input external delay                     0.00       0.00 f
  shift_mag[0] (in)                        0.00       0.00 f
  U270/ZN (INV_X2)                         0.15       0.15 r
  U516/ZN (OAI222_X1)                      0.08       0.24 f
  Op[103] (out)                            0.00       0.24 f
  data arrival time                                   0.24
  -----------------------------------------------------------
  (Path is unconstrained)


  Startpoint: shift_mag[0]
              (input port)
  Endpoint: Op[106] (output port)
  Path Group: (none)
  Path Type: max

  Des/Clust/Port     Wire Load Model       Library
  ------------------------------------------------
  combShifter        5K_hvratio_1_1        NangateOpenCellLibrary

  Point                                    Incr       Path
  -----------------------------------------------------------
  input external delay                     0.00       0.00 f
  shift_mag[0] (in)                        0.00       0.00 f
  U270/ZN (INV_X2)                         0.15       0.15 r
  U510/ZN (OAI222_X1)                      0.08       0.24 f
  Op[106] (out)                            0.00       0.24 f
  data arrival time                                   0.24
  -----------------------------------------------------------
  (Path is unconstrained)


  Startpoint: shift_mag[0]
              (input port)
  Endpoint: Op[109] (output port)
  Path Group: (none)
  Path Type: max

  Des/Clust/Port     Wire Load Model       Library
  ------------------------------------------------
  combShifter        5K_hvratio_1_1        NangateOpenCellLibrary

  Point                                    Incr       Path
  -----------------------------------------------------------
  input external delay                     0.00       0.00 f
  shift_mag[0] (in)                        0.00       0.00 f
  U270/ZN (INV_X2)                         0.15       0.15 r
  U504/ZN (OAI222_X1)                      0.08       0.24 f
  Op[109] (out)                            0.00       0.24 f
  data arrival time                                   0.24
  -----------------------------------------------------------
  (Path is unconstrained)


  Startpoint: shift_mag[0]
              (input port)
  Endpoint: Op[112] (output port)
  Path Group: (none)
  Path Type: max

  Des/Clust/Port     Wire Load Model       Library
  ------------------------------------------------
  combShifter        5K_hvratio_1_1        NangateOpenCellLibrary

  Point                                    Incr       Path
  -----------------------------------------------------------
  input external delay                     0.00       0.00 f
  shift_mag[0] (in)                        0.00       0.00 f
  U270/ZN (INV_X2)                         0.15       0.15 r
  U494/ZN (OAI222_X1)                      0.08       0.24 f
  Op[112] (out)                            0.00       0.24 f
  data arrival time                                   0.24
  -----------------------------------------------------------
  (Path is unconstrained)


  Startpoint: shift_mag[0]
              (input port)
  Endpoint: Op[115] (output port)
  Path Group: (none)
  Path Type: max

  Des/Clust/Port     Wire Load Model       Library
  ------------------------------------------------
  combShifter        5K_hvratio_1_1        NangateOpenCellLibrary

  Point                                    Incr       Path
  -----------------------------------------------------------
  input external delay                     0.00       0.00 f
  shift_mag[0] (in)                        0.00       0.00 f
  U270/ZN (INV_X2)                         0.15       0.15 r
  U488/ZN (OAI222_X1)                      0.08       0.24 f
  Op[115] (out)                            0.00       0.24 f
  data arrival time                                   0.24
  -----------------------------------------------------------
  (Path is unconstrained)


  Startpoint: shift_mag[0]
              (input port)
  Endpoint: Op[118] (output port)
  Path Group: (none)
  Path Type: max

  Des/Clust/Port     Wire Load Model       Library
  ------------------------------------------------
  combShifter        5K_hvratio_1_1        NangateOpenCellLibrary

  Point                                    Incr       Path
  -----------------------------------------------------------
  input external delay                     0.00       0.00 f
  shift_mag[0] (in)                        0.00       0.00 f
  U270/ZN (INV_X2)                         0.15       0.15 r
  U482/ZN (OAI222_X1)                      0.08       0.24 f
  Op[118] (out)                            0.00       0.24 f
  data arrival time                                   0.24
  -----------------------------------------------------------
  (Path is unconstrained)


  Startpoint: shift_mag[0]
              (input port)
  Endpoint: Op[121] (output port)
  Path Group: (none)
  Path Type: max

  Des/Clust/Port     Wire Load Model       Library
  ------------------------------------------------
  combShifter        5K_hvratio_1_1        NangateOpenCellLibrary

  Point                                    Incr       Path
  -----------------------------------------------------------
  input external delay                     0.00       0.00 f
  shift_mag[0] (in)                        0.00       0.00 f
  U270/ZN (INV_X2)                         0.15       0.15 r
  U474/ZN (OAI222_X1)                      0.08       0.24 f
  Op[121] (out)                            0.00       0.24 f
  data arrival time                                   0.24
  -----------------------------------------------------------
  (Path is unconstrained)


  Startpoint: shift_mag[0]
              (input port)
  Endpoint: Op[124] (output port)
  Path Group: (none)
  Path Type: max

  Des/Clust/Port     Wire Load Model       Library
  ------------------------------------------------
  combShifter        5K_hvratio_1_1        NangateOpenCellLibrary

  Point                                    Incr       Path
  -----------------------------------------------------------
  input external delay                     0.00       0.00 f
  shift_mag[0] (in)                        0.00       0.00 f
  U270/ZN (INV_X2)                         0.15       0.15 r
  U468/ZN (OAI222_X1)                      0.08       0.24 f
  Op[124] (out)                            0.00       0.24 f
  data arrival time                                   0.24
  -----------------------------------------------------------
  (Path is unconstrained)


  Startpoint: shift_mag[0]
              (input port)
  Endpoint: Op[12] (output port)
  Path Group: (none)
  Path Type: max

  Des/Clust/Port     Wire Load Model       Library
  ------------------------------------------------
  combShifter        5K_hvratio_1_1        NangateOpenCellLibrary

  Point                                    Incr       Path
  -----------------------------------------------------------
  input external delay                     0.00       0.00 f
  shift_mag[0] (in)                        0.00       0.00 f
  U268/ZN (INV_X2)                         0.15       0.15 r
  U460/ZN (OAI222_X1)                      0.08       0.24 f
  Op[12] (out)                             0.00       0.24 f
  data arrival time                                   0.24
  -----------------------------------------------------------
  (Path is unconstrained)


  Startpoint: shift_mag[0]
              (input port)
  Endpoint: Op[16] (output port)
  Path Group: (none)
  Path Type: max

  Des/Clust/Port     Wire Load Model       Library
  ------------------------------------------------
  combShifter        5K_hvratio_1_1        NangateOpenCellLibrary

  Point                                    Incr       Path
  -----------------------------------------------------------
  input external delay                     0.00       0.00 f
  shift_mag[0] (in)                        0.00       0.00 f
  U268/ZN (INV_X2)                         0.15       0.15 r
  U452/ZN (OAI222_X1)                      0.08       0.24 f
  Op[16] (out)                             0.00       0.24 f
  data arrival time                                   0.24
  -----------------------------------------------------------
  (Path is unconstrained)


  Startpoint: shift_mag[0]
              (input port)
  Endpoint: Op[19] (output port)
  Path Group: (none)
  Path Type: max

  Des/Clust/Port     Wire Load Model       Library
  ------------------------------------------------
  combShifter        5K_hvratio_1_1        NangateOpenCellLibrary

  Point                                    Incr       Path
  -----------------------------------------------------------
  input external delay                     0.00       0.00 f
  shift_mag[0] (in)                        0.00       0.00 f
  U268/ZN (INV_X2)                         0.15       0.15 r
  U446/ZN (OAI222_X1)                      0.08       0.24 f
  Op[19] (out)                             0.00       0.24 f
  data arrival time                                   0.24
  -----------------------------------------------------------
  (Path is unconstrained)


  Startpoint: shift_mag[0]
              (input port)
  Endpoint: Op[21] (output port)
  Path Group: (none)
  Path Type: max

  Des/Clust/Port     Wire Load Model       Library
  ------------------------------------------------
  combShifter        5K_hvratio_1_1        NangateOpenCellLibrary

  Point                                    Incr       Path
  -----------------------------------------------------------
  input external delay                     0.00       0.00 f
  shift_mag[0] (in)                        0.00       0.00 f
  U268/ZN (INV_X2)                         0.15       0.15 r
  U439/ZN (OAI222_X1)                      0.08       0.24 f
  Op[21] (out)                             0.00       0.24 f
  data arrival time                                   0.24
  -----------------------------------------------------------
  (Path is unconstrained)


  Startpoint: shift_mag[0]
              (input port)
  Endpoint: Op[24] (output port)
  Path Group: (none)
  Path Type: max

  Des/Clust/Port     Wire Load Model       Library
  ------------------------------------------------
  combShifter        5K_hvratio_1_1        NangateOpenCellLibrary

  Point                                    Incr       Path
  -----------------------------------------------------------
  input external delay                     0.00       0.00 f
  shift_mag[0] (in)                        0.00       0.00 f
  U268/ZN (INV_X2)                         0.15       0.15 r
  U433/ZN (OAI222_X1)                      0.08       0.24 f
  Op[24] (out)                             0.00       0.24 f
  data arrival time                                   0.24
  -----------------------------------------------------------
  (Path is unconstrained)


  Startpoint: shift_mag[0]
              (input port)
  Endpoint: Op[26] (output port)
  Path Group: (none)
  Path Type: max

  Des/Clust/Port     Wire Load Model       Library
  ------------------------------------------------
  combShifter        5K_hvratio_1_1        NangateOpenCellLibrary

  Point                                    Incr       Path
  -----------------------------------------------------------
  input external delay                     0.00       0.00 f
  shift_mag[0] (in)                        0.00       0.00 f
  U268/ZN (INV_X2)                         0.15       0.15 r
  U429/ZN (OAI222_X1)                      0.08       0.24 f
  Op[26] (out)                             0.00       0.24 f
  data arrival time                                   0.24
  -----------------------------------------------------------
  (Path is unconstrained)


  Startpoint: shift_mag[0]
              (input port)
  Endpoint: Op[29] (output port)
  Path Group: (none)
  Path Type: max

  Des/Clust/Port     Wire Load Model       Library
  ------------------------------------------------
  combShifter        5K_hvratio_1_1        NangateOpenCellLibrary

  Point                                    Incr       Path
  -----------------------------------------------------------
  input external delay                     0.00       0.00 f
  shift_mag[0] (in)                        0.00       0.00 f
  U268/ZN (INV_X2)                         0.15       0.15 r
  U423/ZN (OAI222_X1)                      0.08       0.24 f
  Op[29] (out)                             0.00       0.24 f
  data arrival time                                   0.24
  -----------------------------------------------------------
  (Path is unconstrained)


  Startpoint: shift_mag[0]
              (input port)
  Endpoint: Op[31] (output port)
  Path Group: (none)
  Path Type: max

  Des/Clust/Port     Wire Load Model       Library
  ------------------------------------------------
  combShifter        5K_hvratio_1_1        NangateOpenCellLibrary

  Point                                    Incr       Path
  -----------------------------------------------------------
  input external delay                     0.00       0.00 f
  shift_mag[0] (in)                        0.00       0.00 f
  U268/ZN (INV_X2)                         0.15       0.15 r
  U417/ZN (OAI222_X1)                      0.08       0.24 f
  Op[31] (out)                             0.00       0.24 f
  data arrival time                                   0.24
  -----------------------------------------------------------
  (Path is unconstrained)


1
